<?xml version="1.0" encoding="UTF-8"?>
<testsuite xmlns:xsi="http://www.w3.org/2001/XMLSchema-instance" xsi:noNamespaceSchemaLocation="https://maven.apache.org/surefire/maven-surefire-plugin/xsd/surefire-test-report.xsd" name="za.ac.nwu.ac.logic.flow.impl.FetchAccountTypeFLowImplTest" time="0" tests="1" errors="0" skipped="0" failures="0">
  <properties>
    <property name="sun.desktop" value="windows"/>
    <property name="awt.toolkit" value="sun.awt.windows.WToolkit"/>
    <property name="file.encoding.pkg" value="sun.io"/>
    <property name="java.specification.version" value="1.8"/>
    <property name="sun.cpu.isalist" value="amd64"/>
    <property name="sun.jnu.encoding" value="Cp1252"/>
    <property name="java.class.path" value="D:\Documents\BscIT\ThirdYear\Semester 2\CMPG323\Project 1\Software\AccountSystemLogic\target\test-classes;D:\Documents\BscIT\ThirdYear\Semester 2\CMPG323\Project 1\Software\AccountSystemLogic\target\classes;D:\Documents\BscIT\ThirdYear\Semester 2\CMPG323\Project 1\Software\AccountSystemDomain\target\AccountSystemDomain-1.0-SNAPSHOT.jar;D:\Documents\BscIT\ThirdYear\Semester 2\CMPG323\Project 1\MavenRepo\io\swagger\swagger-annotations\1.5.20\swagger-annotations-1.5.20.jar;D:\Documents\BscIT\ThirdYear\Semester 2\CMPG323\Project 1\MavenRepo\com\fasterxml\jackson\core\jackson-annotations\2.9.0\jackson-annotations-2.9.0.jar;D:\Documents\BscIT\ThirdYear\Semester 2\CMPG323\Project 1\Software\AccountSystemTranslator\target\AccountSystemTranslator-1.0-SNAPSHOT.jar;D:\Documents\BscIT\ThirdYear\Semester 2\CMPG323\Project 1\Software\AccountSystemRepository\target\AccountSystemRepository-1.0-SNAPSHOT.jar;D:\Documents\BscIT\ThirdYear\Semester 2\CMPG323\Project 1\MavenRepo\org\springframework\boot\spring-boot-starter-data-jpa\2.1.6.RELEASE\spring-boot-starter-data-jpa-2.1.6.RELEASE.jar;D:\Documents\BscIT\ThirdYear\Semester 2\CMPG323\Project 1\MavenRepo\org\springframework\boot\spring-boot-starter-aop\2.1.6.RELEASE\spring-boot-starter-aop-2.1.6.RELEASE.jar;D:\Documents\BscIT\ThirdYear\Semester 2\CMPG323\Project 1\MavenRepo\org\aspectj\aspectjweaver\1.9.4\aspectjweaver-1.9.4.jar;D:\Documents\BscIT\ThirdYear\Semester 2\CMPG323\Project 1\MavenRepo\org\springframework\boot\spring-boot-starter-jdbc\2.1.6.RELEASE\spring-boot-starter-jdbc-2.1.6.RELEASE.jar;D:\Documents\BscIT\ThirdYear\Semester 2\CMPG323\Project 1\MavenRepo\com\zaxxer\HikariCP\3.2.0\HikariCP-3.2.0.jar;D:\Documents\BscIT\ThirdYear\Semester 2\CMPG323\Project 1\MavenRepo\org\springframework\spring-jdbc\5.1.8.RELEASE\spring-jdbc-5.1.8.RELEASE.jar;D:\Documents\BscIT\ThirdYear\Semester 2\CMPG323\Project 1\MavenRepo\javax\transaction\javax.transaction-api\1.3\javax.transaction-api-1.3.jar;D:\Documents\BscIT\ThirdYear\Semester 2\CMPG323\Project 1\MavenRepo\javax\xml\bind\jaxb-api\2.3.1\jaxb-api-2.3.1.jar;D:\Documents\BscIT\ThirdYear\Semester 2\CMPG323\Project 1\MavenRepo\javax\activation\javax.activation-api\1.2.0\javax.activation-api-1.2.0.jar;D:\Documents\BscIT\ThirdYear\Semester 2\CMPG323\Project 1\MavenRepo\org\hibernate\hibernate-core\5.3.10.Final\hibernate-core-5.3.10.Final.jar;D:\Documents\BscIT\ThirdYear\Semester 2\CMPG323\Project 1\MavenRepo\org\jboss\logging\jboss-logging\3.3.2.Final\jboss-logging-3.3.2.Final.jar;D:\Documents\BscIT\ThirdYear\Semester 2\CMPG323\Project 1\MavenRepo\javax\persistence\javax.persistence-api\2.2\javax.persistence-api-2.2.jar;D:\Documents\BscIT\ThirdYear\Semester 2\CMPG323\Project 1\MavenRepo\org\javassist\javassist\3.23.2-GA\javassist-3.23.2-GA.jar;D:\Documents\BscIT\ThirdYear\Semester 2\CMPG323\Project 1\MavenRepo\antlr\antlr\2.7.7\antlr-2.7.7.jar;D:\Documents\BscIT\ThirdYear\Semester 2\CMPG323\Project 1\MavenRepo\org\jboss\jandex\2.0.5.Final\jandex-2.0.5.Final.jar;D:\Documents\BscIT\ThirdYear\Semester 2\CMPG323\Project 1\MavenRepo\com\fasterxml\classmate\1.4.0\classmate-1.4.0.jar;D:\Documents\BscIT\ThirdYear\Semester 2\CMPG323\Project 1\MavenRepo\org\dom4j\dom4j\2.1.1\dom4j-2.1.1.jar;D:\Documents\BscIT\ThirdYear\Semester 2\CMPG323\Project 1\MavenRepo\org\hibernate\common\hibernate-commons-annotations\5.0.4.Final\hibernate-commons-annotations-5.0.4.Final.jar;D:\Documents\BscIT\ThirdYear\Semester 2\CMPG323\Project 1\MavenRepo\org\springframework\data\spring-data-jpa\2.1.9.RELEASE\spring-data-jpa-2.1.9.RELEASE.jar;D:\Documents\BscIT\ThirdYear\Semester 2\CMPG323\Project 1\MavenRepo\org\springframework\data\spring-data-commons\2.1.9.RELEASE\spring-data-commons-2.1.9.RELEASE.jar;D:\Documents\BscIT\ThirdYear\Semester 2\CMPG323\Project 1\MavenRepo\org\springframework\spring-orm\5.1.8.RELEASE\spring-orm-5.1.8.RELEASE.jar;D:\Documents\BscIT\ThirdYear\Semester 2\CMPG323\Project 1\MavenRepo\org\springframework\spring-tx\5.1.8.RELEASE\spring-tx-5.1.8.RELEASE.jar;D:\Documents\BscIT\ThirdYear\Semester 2\CMPG323\Project 1\MavenRepo\org\springframework\spring-aspects\5.1.8.RELEASE\spring-aspects-5.1.8.RELEASE.jar;D:\Documents\BscIT\ThirdYear\Semester 2\CMPG323\Project 1\MavenRepo\com\oracle\ojdbc\ojdbc8\19.3.0.0\ojdbc8-19.3.0.0.jar;D:\Documents\BscIT\ThirdYear\Semester 2\CMPG323\Project 1\MavenRepo\com\oracle\ojdbc\ucp\19.3.0.0\ucp-19.3.0.0.jar;D:\Documents\BscIT\ThirdYear\Semester 2\CMPG323\Project 1\MavenRepo\com\oracle\ojdbc\oraclepki\19.3.0.0\oraclepki-19.3.0.0.jar;D:\Documents\BscIT\ThirdYear\Semester 2\CMPG323\Project 1\MavenRepo\com\oracle\ojdbc\osdt_cert\19.3.0.0\osdt_cert-19.3.0.0.jar;D:\Documents\BscIT\ThirdYear\Semester 2\CMPG323\Project 1\MavenRepo\com\oracle\ojdbc\osdt_core\19.3.0.0\osdt_core-19.3.0.0.jar;D:\Documents\BscIT\ThirdYear\Semester 2\CMPG323\Project 1\MavenRepo\com\oracle\ojdbc\simplefan\19.3.0.0\simplefan-19.3.0.0.jar;D:\Documents\BscIT\ThirdYear\Semester 2\CMPG323\Project 1\MavenRepo\com\oracle\ojdbc\ons\19.3.0.0\ons-19.3.0.0.jar;D:\Documents\BscIT\ThirdYear\Semester 2\CMPG323\Project 1\MavenRepo\org\springframework\spring-context\5.1.8.RELEASE\spring-context-5.1.8.RELEASE.jar;D:\Documents\BscIT\ThirdYear\Semester 2\CMPG323\Project 1\MavenRepo\org\springframework\spring-aop\5.1.8.RELEASE\spring-aop-5.1.8.RELEASE.jar;D:\Documents\BscIT\ThirdYear\Semester 2\CMPG323\Project 1\MavenRepo\org\springframework\spring-beans\5.1.8.RELEASE\spring-beans-5.1.8.RELEASE.jar;D:\Documents\BscIT\ThirdYear\Semester 2\CMPG323\Project 1\MavenRepo\org\springframework\spring-expression\5.1.8.RELEASE\spring-expression-5.1.8.RELEASE.jar;D:\Documents\BscIT\ThirdYear\Semester 2\CMPG323\Project 1\MavenRepo\org\springframework\boot\spring-boot-starter-test\2.1.6.RELEASE\spring-boot-starter-test-2.1.6.RELEASE.jar;D:\Documents\BscIT\ThirdYear\Semester 2\CMPG323\Project 1\MavenRepo\org\springframework\boot\spring-boot-starter\2.1.6.RELEASE\spring-boot-starter-2.1.6.RELEASE.jar;D:\Documents\BscIT\ThirdYear\Semester 2\CMPG323\Project 1\MavenRepo\org\springframework\boot\spring-boot\2.1.6.RELEASE\spring-boot-2.1.6.RELEASE.jar;D:\Documents\BscIT\ThirdYear\Semester 2\CMPG323\Project 1\MavenRepo\org\springframework\boot\spring-boot-autoconfigure\2.1.6.RELEASE\spring-boot-autoconfigure-2.1.6.RELEASE.jar;D:\Documents\BscIT\ThirdYear\Semester 2\CMPG323\Project 1\MavenRepo\org\springframework\boot\spring-boot-starter-logging\2.1.6.RELEASE\spring-boot-starter-logging-2.1.6.RELEASE.jar;D:\Documents\BscIT\ThirdYear\Semester 2\CMPG323\Project 1\MavenRepo\ch\qos\logback\logback-classic\1.2.3\logback-classic-1.2.3.jar;D:\Documents\BscIT\ThirdYear\Semester 2\CMPG323\Project 1\MavenRepo\ch\qos\logback\logback-core\1.2.3\logback-core-1.2.3.jar;D:\Documents\BscIT\ThirdYear\Semester 2\CMPG323\Project 1\MavenRepo\org\apache\logging\log4j\log4j-to-slf4j\2.11.2\log4j-to-slf4j-2.11.2.jar;D:\Documents\BscIT\ThirdYear\Semester 2\CMPG323\Project 1\MavenRepo\org\apache\logging\log4j\log4j-api\2.11.2\log4j-api-2.11.2.jar;D:\Documents\BscIT\ThirdYear\Semester 2\CMPG323\Project 1\MavenRepo\org\slf4j\jul-to-slf4j\1.7.26\jul-to-slf4j-1.7.26.jar;D:\Documents\BscIT\ThirdYear\Semester 2\CMPG323\Project 1\MavenRepo\javax\annotation\javax.annotation-api\1.3.2\javax.annotation-api-1.3.2.jar;D:\Documents\BscIT\ThirdYear\Semester 2\CMPG323\Project 1\MavenRepo\org\yaml\snakeyaml\1.23\snakeyaml-1.23.jar;D:\Documents\BscIT\ThirdYear\Semester 2\CMPG323\Project 1\MavenRepo\org\springframework\boot\spring-boot-test\2.1.6.RELEASE\spring-boot-test-2.1.6.RELEASE.jar;D:\Documents\BscIT\ThirdYear\Semester 2\CMPG323\Project 1\MavenRepo\org\springframework\boot\spring-boot-test-autoconfigure\2.1.6.RELEASE\spring-boot-test-autoconfigure-2.1.6.RELEASE.jar;D:\Documents\BscIT\ThirdYear\Semester 2\CMPG323\Project 1\MavenRepo\com\jayway\jsonpath\json-path\2.4.0\json-path-2.4.0.jar;D:\Documents\BscIT\ThirdYear\Semester 2\CMPG323\Project 1\MavenRepo\net\minidev\json-smart\2.3\json-smart-2.3.jar;D:\Documents\BscIT\ThirdYear\Semester 2\CMPG323\Project 1\MavenRepo\net\minidev\accessors-smart\1.2\accessors-smart-1.2.jar;D:\Documents\BscIT\ThirdYear\Semester 2\CMPG323\Project 1\MavenRepo\org\ow2\asm\asm\5.0.4\asm-5.0.4.jar;D:\Documents\BscIT\ThirdYear\Semester 2\CMPG323\Project 1\MavenRepo\org\slf4j\slf4j-api\1.7.26\slf4j-api-1.7.26.jar;D:\Documents\BscIT\ThirdYear\Semester 2\CMPG323\Project 1\MavenRepo\junit\junit\4.12\junit-4.12.jar;D:\Documents\BscIT\ThirdYear\Semester 2\CMPG323\Project 1\MavenRepo\org\assertj\assertj-core\3.11.1\assertj-core-3.11.1.jar;D:\Documents\BscIT\ThirdYear\Semester 2\CMPG323\Project 1\MavenRepo\org\mockito\mockito-core\2.23.4\mockito-core-2.23.4.jar;D:\Documents\BscIT\ThirdYear\Semester 2\CMPG323\Project 1\MavenRepo\net\bytebuddy\byte-buddy\1.9.13\byte-buddy-1.9.13.jar;D:\Documents\BscIT\ThirdYear\Semester 2\CMPG323\Project 1\MavenRepo\net\bytebuddy\byte-buddy-agent\1.9.13\byte-buddy-agent-1.9.13.jar;D:\Documents\BscIT\ThirdYear\Semester 2\CMPG323\Project 1\MavenRepo\org\objenesis\objenesis\2.6\objenesis-2.6.jar;D:\Documents\BscIT\ThirdYear\Semester 2\CMPG323\Project 1\MavenRepo\org\hamcrest\hamcrest-core\1.3\hamcrest-core-1.3.jar;D:\Documents\BscIT\ThirdYear\Semester 2\CMPG323\Project 1\MavenRepo\org\hamcrest\hamcrest-library\1.3\hamcrest-library-1.3.jar;D:\Documents\BscIT\ThirdYear\Semester 2\CMPG323\Project 1\MavenRepo\org\skyscreamer\jsonassert\1.5.0\jsonassert-1.5.0.jar;D:\Documents\BscIT\ThirdYear\Semester 2\CMPG323\Project 1\MavenRepo\com\vaadin\external\google\android-json\0.0.20131108.vaadin1\android-json-0.0.20131108.vaadin1.jar;D:\Documents\BscIT\ThirdYear\Semester 2\CMPG323\Project 1\MavenRepo\org\springframework\spring-core\5.1.8.RELEASE\spring-core-5.1.8.RELEASE.jar;D:\Documents\BscIT\ThirdYear\Semester 2\CMPG323\Project 1\MavenRepo\org\springframework\spring-jcl\5.1.8.RELEASE\spring-jcl-5.1.8.RELEASE.jar;D:\Documents\BscIT\ThirdYear\Semester 2\CMPG323\Project 1\MavenRepo\org\springframework\spring-test\5.1.8.RELEASE\spring-test-5.1.8.RELEASE.jar;D:\Documents\BscIT\ThirdYear\Semester 2\CMPG323\Project 1\MavenRepo\org\xmlunit\xmlunit-core\2.6.2\xmlunit-core-2.6.2.jar;"/>
    <property name="java.vm.vendor" value="Oracle Corporation"/>
    <property name="sun.arch.data.model" value="64"/>
    <property name="user.variant" value=""/>
    <property name="java.vendor.url" value="http://java.oracle.com/"/>
    <property name="user.timezone" value="Africa/Harare"/>
    <property name="java.vm.specification.version" value="1.8"/>
    <property name="os.name" value="Windows 10"/>
    <property name="user.country" value="ZA"/>
    <property name="sun.java.launcher" value="SUN_STANDARD"/>
    <property name="sun.boot.library.path" value="D:\Java\jre\bin"/>
    <property name="sun.java.command" value="C:\Users\blpie\AppData\Local\Temp\surefire3393206507388093772\surefirebooter3639284764558492482.jar C:\Users\blpie\AppData\Local\Temp\surefire3393206507388093772 2021-10-08T08-08-41_399-jvmRun1 surefire1827475532992558554tmp surefire_0872997876996834311tmp"/>
    <property name="surefire.test.class.path" value="D:\Documents\BscIT\ThirdYear\Semester 2\CMPG323\Project 1\Software\AccountSystemLogic\target\test-classes;D:\Documents\BscIT\ThirdYear\Semester 2\CMPG323\Project 1\Software\AccountSystemLogic\target\classes;D:\Documents\BscIT\ThirdYear\Semester 2\CMPG323\Project 1\Software\AccountSystemDomain\target\AccountSystemDomain-1.0-SNAPSHOT.jar;D:\Documents\BscIT\ThirdYear\Semester 2\CMPG323\Project 1\MavenRepo\io\swagger\swagger-annotations\1.5.20\swagger-annotations-1.5.20.jar;D:\Documents\BscIT\ThirdYear\Semester 2\CMPG323\Project 1\MavenRepo\com\fasterxml\jackson\core\jackson-annotations\2.9.0\jackson-annotations-2.9.0.jar;D:\Documents\BscIT\ThirdYear\Semester 2\CMPG323\Project 1\Software\AccountSystemTranslator\target\AccountSystemTranslator-1.0-SNAPSHOT.jar;D:\Documents\BscIT\ThirdYear\Semester 2\CMPG323\Project 1\Software\AccountSystemRepository\target\AccountSystemRepository-1.0-SNAPSHOT.jar;D:\Documents\BscIT\ThirdYear\Semester 2\CMPG323\Project 1\MavenRepo\org\springframework\boot\spring-boot-starter-data-jpa\2.1.6.RELEASE\spring-boot-starter-data-jpa-2.1.6.RELEASE.jar;D:\Documents\BscIT\ThirdYear\Semester 2\CMPG323\Project 1\MavenRepo\org\springframework\boot\spring-boot-starter-aop\2.1.6.RELEASE\spring-boot-starter-aop-2.1.6.RELEASE.jar;D:\Documents\BscIT\ThirdYear\Semester 2\CMPG323\Project 1\MavenRepo\org\aspectj\aspectjweaver\1.9.4\aspectjweaver-1.9.4.jar;D:\Documents\BscIT\ThirdYear\Semester 2\CMPG323\Project 1\MavenRepo\org\springframework\boot\spring-boot-starter-jdbc\2.1.6.RELEASE\spring-boot-starter-jdbc-2.1.6.RELEASE.jar;D:\Documents\BscIT\ThirdYear\Semester 2\CMPG323\Project 1\MavenRepo\com\zaxxer\HikariCP\3.2.0\HikariCP-3.2.0.jar;D:\Documents\BscIT\ThirdYear\Semester 2\CMPG323\Project 1\MavenRepo\org\springframework\spring-jdbc\5.1.8.RELEASE\spring-jdbc-5.1.8.RELEASE.jar;D:\Documents\BscIT\ThirdYear\Semester 2\CMPG323\Project 1\MavenRepo\javax\transaction\javax.transaction-api\1.3\javax.transaction-api-1.3.jar;D:\Documents\BscIT\ThirdYear\Semester 2\CMPG323\Project 1\MavenRepo\javax\xml\bind\jaxb-api\2.3.1\jaxb-api-2.3.1.jar;D:\Documents\BscIT\ThirdYear\Semester 2\CMPG323\Project 1\MavenRepo\javax\activation\javax.activation-api\1.2.0\javax.activation-api-1.2.0.jar;D:\Documents\BscIT\ThirdYear\Semester 2\CMPG323\Project 1\MavenRepo\org\hibernate\hibernate-core\5.3.10.Final\hibernate-core-5.3.10.Final.jar;D:\Documents\BscIT\ThirdYear\Semester 2\CMPG323\Project 1\MavenRepo\org\jboss\logging\jboss-logging\3.3.2.Final\jboss-logging-3.3.2.Final.jar;D:\Documents\BscIT\ThirdYear\Semester 2\CMPG323\Project 1\MavenRepo\javax\persistence\javax.persistence-api\2.2\javax.persistence-api-2.2.jar;D:\Documents\BscIT\ThirdYear\Semester 2\CMPG323\Project 1\MavenRepo\org\javassist\javassist\3.23.2-GA\javassist-3.23.2-GA.jar;D:\Documents\BscIT\ThirdYear\Semester 2\CMPG323\Project 1\MavenRepo\antlr\antlr\2.7.7\antlr-2.7.7.jar;D:\Documents\BscIT\ThirdYear\Semester 2\CMPG323\Project 1\MavenRepo\org\jboss\jandex\2.0.5.Final\jandex-2.0.5.Final.jar;D:\Documents\BscIT\ThirdYear\Semester 2\CMPG323\Project 1\MavenRepo\com\fasterxml\classmate\1.4.0\classmate-1.4.0.jar;D:\Documents\BscIT\ThirdYear\Semester 2\CMPG323\Project 1\MavenRepo\org\dom4j\dom4j\2.1.1\dom4j-2.1.1.jar;D:\Documents\BscIT\ThirdYear\Semester 2\CMPG323\Project 1\MavenRepo\org\hibernate\common\hibernate-commons-annotations\5.0.4.Final\hibernate-commons-annotations-5.0.4.Final.jar;D:\Documents\BscIT\ThirdYear\Semester 2\CMPG323\Project 1\MavenRepo\org\springframework\data\spring-data-jpa\2.1.9.RELEASE\spring-data-jpa-2.1.9.RELEASE.jar;D:\Documents\BscIT\ThirdYear\Semester 2\CMPG323\Project 1\MavenRepo\org\springframework\data\spring-data-commons\2.1.9.RELEASE\spring-data-commons-2.1.9.RELEASE.jar;D:\Documents\BscIT\ThirdYear\Semester 2\CMPG323\Project 1\MavenRepo\org\springframework\spring-orm\5.1.8.RELEASE\spring-orm-5.1.8.RELEASE.jar;D:\Documents\BscIT\ThirdYear\Semester 2\CMPG323\Project 1\MavenRepo\org\springframework\spring-tx\5.1.8.RELEASE\spring-tx-5.1.8.RELEASE.jar;D:\Documents\BscIT\ThirdYear\Semester 2\CMPG323\Project 1\MavenRepo\org\springframework\spring-aspects\5.1.8.RELEASE\spring-aspects-5.1.8.RELEASE.jar;D:\Documents\BscIT\ThirdYear\Semester 2\CMPG323\Project 1\MavenRepo\com\oracle\ojdbc\ojdbc8\19.3.0.0\ojdbc8-19.3.0.0.jar;D:\Documents\BscIT\ThirdYear\Semester 2\CMPG323\Project 1\MavenRepo\com\oracle\ojdbc\ucp\19.3.0.0\ucp-19.3.0.0.jar;D:\Documents\BscIT\ThirdYear\Semester 2\CMPG323\Project 1\MavenRepo\com\oracle\ojdbc\oraclepki\19.3.0.0\oraclepki-19.3.0.0.jar;D:\Documents\BscIT\ThirdYear\Semester 2\CMPG323\Project 1\MavenRepo\com\oracle\ojdbc\osdt_cert\19.3.0.0\osdt_cert-19.3.0.0.jar;D:\Documents\BscIT\ThirdYear\Semester 2\CMPG323\Project 1\MavenRepo\com\oracle\ojdbc\osdt_core\19.3.0.0\osdt_core-19.3.0.0.jar;D:\Documents\BscIT\ThirdYear\Semester 2\CMPG323\Project 1\MavenRepo\com\oracle\ojdbc\simplefan\19.3.0.0\simplefan-19.3.0.0.jar;D:\Documents\BscIT\ThirdYear\Semester 2\CMPG323\Project 1\MavenRepo\com\oracle\ojdbc\ons\19.3.0.0\ons-19.3.0.0.jar;D:\Documents\BscIT\ThirdYear\Semester 2\CMPG323\Project 1\MavenRepo\org\springframework\spring-context\5.1.8.RELEASE\spring-context-5.1.8.RELEASE.jar;D:\Documents\BscIT\ThirdYear\Semester 2\CMPG323\Project 1\MavenRepo\org\springframework\spring-aop\5.1.8.RELEASE\spring-aop-5.1.8.RELEASE.jar;D:\Documents\BscIT\ThirdYear\Semester 2\CMPG323\Project 1\MavenRepo\org\springframework\spring-beans\5.1.8.RELEASE\spring-beans-5.1.8.RELEASE.jar;D:\Documents\BscIT\ThirdYear\Semester 2\CMPG323\Project 1\MavenRepo\org\springframework\spring-expression\5.1.8.RELEASE\spring-expression-5.1.8.RELEASE.jar;D:\Documents\BscIT\ThirdYear\Semester 2\CMPG323\Project 1\MavenRepo\org\springframework\boot\spring-boot-starter-test\2.1.6.RELEASE\spring-boot-starter-test-2.1.6.RELEASE.jar;D:\Documents\BscIT\ThirdYear\Semester 2\CMPG323\Project 1\MavenRepo\org\springframework\boot\spring-boot-starter\2.1.6.RELEASE\spring-boot-starter-2.1.6.RELEASE.jar;D:\Documents\BscIT\ThirdYear\Semester 2\CMPG323\Project 1\MavenRepo\org\springframework\boot\spring-boot\2.1.6.RELEASE\spring-boot-2.1.6.RELEASE.jar;D:\Documents\BscIT\ThirdYear\Semester 2\CMPG323\Project 1\MavenRepo\org\springframework\boot\spring-boot-autoconfigure\2.1.6.RELEASE\spring-boot-autoconfigure-2.1.6.RELEASE.jar;D:\Documents\BscIT\ThirdYear\Semester 2\CMPG323\Project 1\MavenRepo\org\springframework\boot\spring-boot-starter-logging\2.1.6.RELEASE\spring-boot-starter-logging-2.1.6.RELEASE.jar;D:\Documents\BscIT\ThirdYear\Semester 2\CMPG323\Project 1\MavenRepo\ch\qos\logback\logback-classic\1.2.3\logback-classic-1.2.3.jar;D:\Documents\BscIT\ThirdYear\Semester 2\CMPG323\Project 1\MavenRepo\ch\qos\logback\logback-core\1.2.3\logback-core-1.2.3.jar;D:\Documents\BscIT\ThirdYear\Semester 2\CMPG323\Project 1\MavenRepo\org\apache\logging\log4j\log4j-to-slf4j\2.11.2\log4j-to-slf4j-2.11.2.jar;D:\Documents\BscIT\ThirdYear\Semester 2\CMPG323\Project 1\MavenRepo\org\apache\logging\log4j\log4j-api\2.11.2\log4j-api-2.11.2.jar;D:\Documents\BscIT\ThirdYear\Semester 2\CMPG323\Project 1\MavenRepo\org\slf4j\jul-to-slf4j\1.7.26\jul-to-slf4j-1.7.26.jar;D:\Documents\BscIT\ThirdYear\Semester 2\CMPG323\Project 1\MavenRepo\javax\annotation\javax.annotation-api\1.3.2\javax.annotation-api-1.3.2.jar;D:\Documents\BscIT\ThirdYear\Semester 2\CMPG323\Project 1\MavenRepo\org\yaml\snakeyaml\1.23\snakeyaml-1.23.jar;D:\Documents\BscIT\ThirdYear\Semester 2\CMPG323\Project 1\MavenRepo\org\springframework\boot\spring-boot-test\2.1.6.RELEASE\spring-boot-test-2.1.6.RELEASE.jar;D:\Documents\BscIT\ThirdYear\Semester 2\CMPG323\Project 1\MavenRepo\org\springframework\boot\spring-boot-test-autoconfigure\2.1.6.RELEASE\spring-boot-test-autoconfigure-2.1.6.RELEASE.jar;D:\Documents\BscIT\ThirdYear\Semester 2\CMPG323\Project 1\MavenRepo\com\jayway\jsonpath\json-path\2.4.0\json-path-2.4.0.jar;D:\Documents\BscIT\ThirdYear\Semester 2\CMPG323\Project 1\MavenRepo\net\minidev\json-smart\2.3\json-smart-2.3.jar;D:\Documents\BscIT\ThirdYear\Semester 2\CMPG323\Project 1\MavenRepo\net\minidev\accessors-smart\1.2\accessors-smart-1.2.jar;D:\Documents\BscIT\ThirdYear\Semester 2\CMPG323\Project 1\MavenRepo\org\ow2\asm\asm\5.0.4\asm-5.0.4.jar;D:\Documents\BscIT\ThirdYear\Semester 2\CMPG323\Project 1\MavenRepo\org\slf4j\slf4j-api\1.7.26\slf4j-api-1.7.26.jar;D:\Documents\BscIT\ThirdYear\Semester 2\CMPG323\Project 1\MavenRepo\junit\junit\4.12\junit-4.12.jar;D:\Documents\BscIT\ThirdYear\Semester 2\CMPG323\Project 1\MavenRepo\org\assertj\assertj-core\3.11.1\assertj-core-3.11.1.jar;D:\Documents\BscIT\ThirdYear\Semester 2\CMPG323\Project 1\MavenRepo\org\mockito\mockito-core\2.23.4\mockito-core-2.23.4.jar;D:\Documents\BscIT\ThirdYear\Semester 2\CMPG323\Project 1\MavenRepo\net\bytebuddy\byte-buddy\1.9.13\byte-buddy-1.9.13.jar;D:\Documents\BscIT\ThirdYear\Semester 2\CMPG323\Project 1\MavenRepo\net\bytebuddy\byte-buddy-agent\1.9.13\byte-buddy-agent-1.9.13.jar;D:\Documents\BscIT\ThirdYear\Semester 2\CMPG323\Project 1\MavenRepo\org\objenesis\objenesis\2.6\objenesis-2.6.jar;D:\Documents\BscIT\ThirdYear\Semester 2\CMPG323\Project 1\MavenRepo\org\hamcrest\hamcrest-core\1.3\hamcrest-core-1.3.jar;D:\Documents\BscIT\ThirdYear\Semester 2\CMPG323\Project 1\MavenRepo\org\hamcrest\hamcrest-library\1.3\hamcrest-library-1.3.jar;D:\Documents\BscIT\ThirdYear\Semester 2\CMPG323\Project 1\MavenRepo\org\skyscreamer\jsonassert\1.5.0\jsonassert-1.5.0.jar;D:\Documents\BscIT\ThirdYear\Semester 2\CMPG323\Project 1\MavenRepo\com\vaadin\external\google\android-json\0.0.20131108.vaadin1\android-json-0.0.20131108.vaadin1.jar;D:\Documents\BscIT\ThirdYear\Semester 2\CMPG323\Project 1\MavenRepo\org\springframework\spring-core\5.1.8.RELEASE\spring-core-5.1.8.RELEASE.jar;D:\Documents\BscIT\ThirdYear\Semester 2\CMPG323\Project 1\MavenRepo\org\springframework\spring-jcl\5.1.8.RELEASE\spring-jcl-5.1.8.RELEASE.jar;D:\Documents\BscIT\ThirdYear\Semester 2\CMPG323\Project 1\MavenRepo\org\springframework\spring-test\5.1.8.RELEASE\spring-test-5.1.8.RELEASE.jar;D:\Documents\BscIT\ThirdYear\Semester 2\CMPG323\Project 1\MavenRepo\org\xmlunit\xmlunit-core\2.6.2\xmlunit-core-2.6.2.jar;"/>
    <property name="sun.cpu.endian" value="little"/>
    <property name="user.home" value="C:\Users\blpie"/>
    <property name="user.language" value="en"/>
    <property name="java.specification.vendor" value="Oracle Corporation"/>
    <property name="java.home" value="D:\Java\jre"/>
    <property name="basedir" value="D:\Documents\BscIT\ThirdYear\Semester 2\CMPG323\Project 1\Software\AccountSystemLogic"/>
    <property name="file.separator" value="\"/>
    <property name="line.separator" value="&#10;"/>
    <property name="java.vm.specification.vendor" value="Oracle Corporation"/>
    <property name="java.specification.name" value="Java Platform API Specification"/>
    <property name="java.awt.graphicsenv" value="sun.awt.Win32GraphicsEnvironment"/>
    <property name="surefire.real.class.path" value="C:\Users\blpie\AppData\Local\Temp\surefire3393206507388093772\surefirebooter3639284764558492482.jar"/>
    <property name="sun.boot.class.path" value="D:\Java\jre\lib\resources.jar;D:\Java\jre\lib\rt.jar;D:\Java\jre\lib\sunrsasign.jar;D:\Java\jre\lib\jsse.jar;D:\Java\jre\lib\jce.jar;D:\Java\jre\lib\charsets.jar;D:\Java\jre\lib\jfr.jar;D:\Java\jre\classes"/>
    <property name="user.script" value=""/>
    <property name="sun.management.compiler" value="HotSpot 64-Bit Tiered Compilers"/>
    <property name="java.runtime.version" value="1.8.0_301-b09"/>
    <property name="user.name" value="Bianca Piek"/>
    <property name="path.separator" value=";"/>
    <property name="os.version" value="10.0"/>
    <property name="java.endorsed.dirs" value="D:\Java\jre\lib\endorsed"/>
    <property name="java.runtime.name" value="Java(TM) SE Runtime Environment"/>
    <property name="file.encoding" value="Cp1252"/>
    <property name="java.vm.name" value="Java HotSpot(TM) 64-Bit Server VM"/>
    <property name="localRepository" value="D:\Documents\BscIT\ThirdYear\Semester 2\CMPG323\Project 1\MavenRepo"/>
    <property name="java.vendor.url.bug" value="http://bugreport.sun.com/bugreport/"/>
    <property name="java.io.tmpdir" value="C:\Users\blpie\AppData\Local\Temp\"/>
    <property name="idea.version" value="2021.2.2"/>
    <property name="java.version" value="1.8.0_301"/>
    <property name="user.dir" value="D:\Documents\BscIT\ThirdYear\Semester 2\CMPG323\Project 1\Software\AccountSystemLogic"/>
    <property name="os.arch" value="amd64"/>
    <property name="java.vm.specification.name" value="Java Virtual Machine Specification"/>
    <property name="java.awt.printerjob" value="sun.awt.windows.WPrinterJob"/>
    <property name="sun.os.patch.level" value=""/>
    <property name="java.library.path" value="D:\Java\jre\bin;C:\Windows\Sun\Java\bin;C:\Windows\system32;C:\Windows;C:\Program Files (x86)\Common Files\Oracle\Java\javapath;C:\oraclexe\app\oracle\product\11.2.0\server\bin;C:\Windows\system32;C:\Windows;C:\Windows\System32\Wbem;C:\Windows\System32\WindowsPowerShell\v1.0\;C:\Windows\System32\OpenSSH\;C:\Program Files (x86)\NVIDIA Corporation\PhysX\Common;C:\Program Files\NVIDIA Corporation\NVIDIA NvDLISR;C:\Windows\system32;C:\Windows;C:\Windows\System32\Wbem;C:\Windows\System32\WindowsPowerShell\v1.0\;C:\Windows\System32\OpenSSH\;D:\Git\cmd;D:\Java\Java Install\bin;D:\Maven\apache-maven-3.8.2-bin\apache-maven-3.8.2\bin;C:\Users\blpie\AppData\Local\Microsoft\WindowsApps;D:\IntelliJ\IntelliJ IDEA Community Edition 2021.2.1\bin;;C:\Users\blpie\AppData\Local\GitHubDesktop\bin;."/>
    <property name="java.vm.info" value="mixed mode"/>
    <property name="java.vendor" value="Oracle Corporation"/>
    <property name="java.vm.version" value="25.301-b09"/>
    <property name="java.ext.dirs" value="D:\Java\jre\lib\ext;C:\Windows\Sun\Java\lib\ext"/>
    <property name="sun.io.unicode.encoding" value="UnicodeLittle"/>
    <property name="maven.repo.local" value="D:\Documents\BscIT\ThirdYear\Semester 2\CMPG323\Project 1\MavenRepo"/>
    <property name="java.class.version" value="52.0"/>
  </properties>
  <testcase name="methodToTest" classname="za.ac.nwu.ac.logic.flow.impl.FetchAccountTypeFLowImplTest" time="0"/>
</testsuite>