<?xml version="1.0" encoding="UTF-8"?>
<testsuite xmlns:xsi="http://www.w3.org/2001/XMLSchema-instance" xsi:noNamespaceSchemaLocation="https://maven.apache.org/surefire/maven-surefire-plugin/xsd/surefire-test-report.xsd" name="za.ac.nwu.ac.repo.persistence.AccountTypeRepositoryTest" time="3.15" tests="8" errors="8" skipped="0" failures="0">
  <properties>
    <property name="sun.desktop" value="windows"/>
    <property name="awt.toolkit" value="sun.awt.windows.WToolkit"/>
    <property name="file.encoding.pkg" value="sun.io"/>
    <property name="java.specification.version" value="1.8"/>
    <property name="sun.cpu.isalist" value="amd64"/>
    <property name="sun.jnu.encoding" value="Cp1252"/>
    <property name="java.class.path" value="D:\Documents\BscIT\ThirdYear\Semester 2\CMPG323\Project 1\Software\AccountSystemRepository\target\test-classes;D:\Documents\BscIT\ThirdYear\Semester 2\CMPG323\Project 1\Software\AccountSystemRepository\target\classes;D:\Documents\BscIT\ThirdYear\Semester 2\CMPG323\Project 1\Software\AccountSystemDomain\target\AccountSystemDomain-1.0-SNAPSHOT.jar;D:\Documents\BscIT\ThirdYear\Semester 2\CMPG323\Project 1\MavenRepo\io\swagger\swagger-annotations\1.5.20\swagger-annotations-1.5.20.jar;D:\Documents\BscIT\ThirdYear\Semester 2\CMPG323\Project 1\MavenRepo\com\fasterxml\jackson\core\jackson-annotations\2.9.0\jackson-annotations-2.9.0.jar;D:\Documents\BscIT\ThirdYear\Semester 2\CMPG323\Project 1\MavenRepo\org\hibernate\hibernate-java8\5.3.10.Final\hibernate-java8-5.3.10.Final.jar;D:\Documents\BscIT\ThirdYear\Semester 2\CMPG323\Project 1\MavenRepo\org\jboss\logging\jboss-logging\3.3.2.Final\jboss-logging-3.3.2.Final.jar;D:\Documents\BscIT\ThirdYear\Semester 2\CMPG323\Project 1\MavenRepo\org\hibernate\hibernate-core\5.3.10.Final\hibernate-core-5.3.10.Final.jar;D:\Documents\BscIT\ThirdYear\Semester 2\CMPG323\Project 1\MavenRepo\javax\persistence\javax.persistence-api\2.2\javax.persistence-api-2.2.jar;D:\Documents\BscIT\ThirdYear\Semester 2\CMPG323\Project 1\MavenRepo\org\javassist\javassist\3.23.2-GA\javassist-3.23.2-GA.jar;D:\Documents\BscIT\ThirdYear\Semester 2\CMPG323\Project 1\MavenRepo\net\bytebuddy\byte-buddy\1.9.13\byte-buddy-1.9.13.jar;D:\Documents\BscIT\ThirdYear\Semester 2\CMPG323\Project 1\MavenRepo\antlr\antlr\2.7.7\antlr-2.7.7.jar;D:\Documents\BscIT\ThirdYear\Semester 2\CMPG323\Project 1\MavenRepo\org\jboss\spec\javax\transaction\jboss-transaction-api_1.2_spec\1.1.1.Final\jboss-transaction-api_1.2_spec-1.1.1.Final.jar;D:\Documents\BscIT\ThirdYear\Semester 2\CMPG323\Project 1\MavenRepo\org\jboss\jandex\2.0.5.Final\jandex-2.0.5.Final.jar;D:\Documents\BscIT\ThirdYear\Semester 2\CMPG323\Project 1\MavenRepo\com\fasterxml\classmate\1.4.0\classmate-1.4.0.jar;D:\Documents\BscIT\ThirdYear\Semester 2\CMPG323\Project 1\MavenRepo\javax\activation\javax.activation-api\1.2.0\javax.activation-api-1.2.0.jar;D:\Documents\BscIT\ThirdYear\Semester 2\CMPG323\Project 1\MavenRepo\org\dom4j\dom4j\2.1.1\dom4j-2.1.1.jar;D:\Documents\BscIT\ThirdYear\Semester 2\CMPG323\Project 1\MavenRepo\org\hibernate\common\hibernate-commons-annotations\5.0.4.Final\hibernate-commons-annotations-5.0.4.Final.jar;D:\Documents\BscIT\ThirdYear\Semester 2\CMPG323\Project 1\MavenRepo\org\springframework\boot\spring-boot-starter\2.1.6.RELEASE\spring-boot-starter-2.1.6.RELEASE.jar;D:\Documents\BscIT\ThirdYear\Semester 2\CMPG323\Project 1\MavenRepo\org\springframework\boot\spring-boot\2.1.6.RELEASE\spring-boot-2.1.6.RELEASE.jar;D:\Documents\BscIT\ThirdYear\Semester 2\CMPG323\Project 1\MavenRepo\org\springframework\spring-context\5.1.8.RELEASE\spring-context-5.1.8.RELEASE.jar;D:\Documents\BscIT\ThirdYear\Semester 2\CMPG323\Project 1\MavenRepo\org\springframework\spring-expression\5.1.8.RELEASE\spring-expression-5.1.8.RELEASE.jar;D:\Documents\BscIT\ThirdYear\Semester 2\CMPG323\Project 1\MavenRepo\org\springframework\boot\spring-boot-autoconfigure\2.1.6.RELEASE\spring-boot-autoconfigure-2.1.6.RELEASE.jar;D:\Documents\BscIT\ThirdYear\Semester 2\CMPG323\Project 1\MavenRepo\org\springframework\boot\spring-boot-starter-logging\2.1.6.RELEASE\spring-boot-starter-logging-2.1.6.RELEASE.jar;D:\Documents\BscIT\ThirdYear\Semester 2\CMPG323\Project 1\MavenRepo\ch\qos\logback\logback-classic\1.2.3\logback-classic-1.2.3.jar;D:\Documents\BscIT\ThirdYear\Semester 2\CMPG323\Project 1\MavenRepo\ch\qos\logback\logback-core\1.2.3\logback-core-1.2.3.jar;D:\Documents\BscIT\ThirdYear\Semester 2\CMPG323\Project 1\MavenRepo\org\apache\logging\log4j\log4j-to-slf4j\2.11.2\log4j-to-slf4j-2.11.2.jar;D:\Documents\BscIT\ThirdYear\Semester 2\CMPG323\Project 1\MavenRepo\org\apache\logging\log4j\log4j-api\2.11.2\log4j-api-2.11.2.jar;D:\Documents\BscIT\ThirdYear\Semester 2\CMPG323\Project 1\MavenRepo\org\slf4j\jul-to-slf4j\1.7.26\jul-to-slf4j-1.7.26.jar;D:\Documents\BscIT\ThirdYear\Semester 2\CMPG323\Project 1\MavenRepo\javax\annotation\javax.annotation-api\1.3.2\javax.annotation-api-1.3.2.jar;D:\Documents\BscIT\ThirdYear\Semester 2\CMPG323\Project 1\MavenRepo\org\springframework\spring-core\5.1.8.RELEASE\spring-core-5.1.8.RELEASE.jar;D:\Documents\BscIT\ThirdYear\Semester 2\CMPG323\Project 1\MavenRepo\org\springframework\spring-jcl\5.1.8.RELEASE\spring-jcl-5.1.8.RELEASE.jar;D:\Documents\BscIT\ThirdYear\Semester 2\CMPG323\Project 1\MavenRepo\org\yaml\snakeyaml\1.23\snakeyaml-1.23.jar;D:\Documents\BscIT\ThirdYear\Semester 2\CMPG323\Project 1\MavenRepo\org\springframework\boot\spring-boot-starter-data-jpa\2.1.6.RELEASE\spring-boot-starter-data-jpa-2.1.6.RELEASE.jar;D:\Documents\BscIT\ThirdYear\Semester 2\CMPG323\Project 1\MavenRepo\org\springframework\boot\spring-boot-starter-aop\2.1.6.RELEASE\spring-boot-starter-aop-2.1.6.RELEASE.jar;D:\Documents\BscIT\ThirdYear\Semester 2\CMPG323\Project 1\MavenRepo\org\springframework\spring-aop\5.1.8.RELEASE\spring-aop-5.1.8.RELEASE.jar;D:\Documents\BscIT\ThirdYear\Semester 2\CMPG323\Project 1\MavenRepo\org\aspectj\aspectjweaver\1.9.4\aspectjweaver-1.9.4.jar;D:\Documents\BscIT\ThirdYear\Semester 2\CMPG323\Project 1\MavenRepo\org\springframework\boot\spring-boot-starter-jdbc\2.1.6.RELEASE\spring-boot-starter-jdbc-2.1.6.RELEASE.jar;D:\Documents\BscIT\ThirdYear\Semester 2\CMPG323\Project 1\MavenRepo\com\zaxxer\HikariCP\3.2.0\HikariCP-3.2.0.jar;D:\Documents\BscIT\ThirdYear\Semester 2\CMPG323\Project 1\MavenRepo\org\springframework\spring-jdbc\5.1.8.RELEASE\spring-jdbc-5.1.8.RELEASE.jar;D:\Documents\BscIT\ThirdYear\Semester 2\CMPG323\Project 1\MavenRepo\javax\transaction\javax.transaction-api\1.3\javax.transaction-api-1.3.jar;D:\Documents\BscIT\ThirdYear\Semester 2\CMPG323\Project 1\MavenRepo\javax\xml\bind\jaxb-api\2.3.1\jaxb-api-2.3.1.jar;D:\Documents\BscIT\ThirdYear\Semester 2\CMPG323\Project 1\MavenRepo\org\springframework\data\spring-data-jpa\2.1.9.RELEASE\spring-data-jpa-2.1.9.RELEASE.jar;D:\Documents\BscIT\ThirdYear\Semester 2\CMPG323\Project 1\MavenRepo\org\springframework\data\spring-data-commons\2.1.9.RELEASE\spring-data-commons-2.1.9.RELEASE.jar;D:\Documents\BscIT\ThirdYear\Semester 2\CMPG323\Project 1\MavenRepo\org\springframework\spring-orm\5.1.8.RELEASE\spring-orm-5.1.8.RELEASE.jar;D:\Documents\BscIT\ThirdYear\Semester 2\CMPG323\Project 1\MavenRepo\org\springframework\spring-tx\5.1.8.RELEASE\spring-tx-5.1.8.RELEASE.jar;D:\Documents\BscIT\ThirdYear\Semester 2\CMPG323\Project 1\MavenRepo\org\springframework\spring-beans\5.1.8.RELEASE\spring-beans-5.1.8.RELEASE.jar;D:\Documents\BscIT\ThirdYear\Semester 2\CMPG323\Project 1\MavenRepo\org\slf4j\slf4j-api\1.7.26\slf4j-api-1.7.26.jar;D:\Documents\BscIT\ThirdYear\Semester 2\CMPG323\Project 1\MavenRepo\org\springframework\spring-aspects\5.1.8.RELEASE\spring-aspects-5.1.8.RELEASE.jar;D:\Documents\BscIT\ThirdYear\Semester 2\CMPG323\Project 1\MavenRepo\com\oracle\ojdbc\ojdbc8\19.3.0.0\ojdbc8-19.3.0.0.jar;D:\Documents\BscIT\ThirdYear\Semester 2\CMPG323\Project 1\MavenRepo\com\oracle\ojdbc\ucp\19.3.0.0\ucp-19.3.0.0.jar;D:\Documents\BscIT\ThirdYear\Semester 2\CMPG323\Project 1\MavenRepo\com\oracle\ojdbc\oraclepki\19.3.0.0\oraclepki-19.3.0.0.jar;D:\Documents\BscIT\ThirdYear\Semester 2\CMPG323\Project 1\MavenRepo\com\oracle\ojdbc\osdt_cert\19.3.0.0\osdt_cert-19.3.0.0.jar;D:\Documents\BscIT\ThirdYear\Semester 2\CMPG323\Project 1\MavenRepo\com\oracle\ojdbc\osdt_core\19.3.0.0\osdt_core-19.3.0.0.jar;D:\Documents\BscIT\ThirdYear\Semester 2\CMPG323\Project 1\MavenRepo\com\oracle\ojdbc\simplefan\19.3.0.0\simplefan-19.3.0.0.jar;D:\Documents\BscIT\ThirdYear\Semester 2\CMPG323\Project 1\MavenRepo\com\oracle\ojdbc\ons\19.3.0.0\ons-19.3.0.0.jar;D:\Documents\BscIT\ThirdYear\Semester 2\CMPG323\Project 1\MavenRepo\com\h2database\h2\1.4.199\h2-1.4.199.jar;D:\Documents\BscIT\ThirdYear\Semester 2\CMPG323\Project 1\MavenRepo\org\springframework\boot\spring-boot-starter-test\2.1.6.RELEASE\spring-boot-starter-test-2.1.6.RELEASE.jar;D:\Documents\BscIT\ThirdYear\Semester 2\CMPG323\Project 1\MavenRepo\org\springframework\boot\spring-boot-test\2.1.6.RELEASE\spring-boot-test-2.1.6.RELEASE.jar;D:\Documents\BscIT\ThirdYear\Semester 2\CMPG323\Project 1\MavenRepo\org\springframework\boot\spring-boot-test-autoconfigure\2.1.6.RELEASE\spring-boot-test-autoconfigure-2.1.6.RELEASE.jar;D:\Documents\BscIT\ThirdYear\Semester 2\CMPG323\Project 1\MavenRepo\com\jayway\jsonpath\json-path\2.4.0\json-path-2.4.0.jar;D:\Documents\BscIT\ThirdYear\Semester 2\CMPG323\Project 1\MavenRepo\net\minidev\json-smart\2.3\json-smart-2.3.jar;D:\Documents\BscIT\ThirdYear\Semester 2\CMPG323\Project 1\MavenRepo\net\minidev\accessors-smart\1.2\accessors-smart-1.2.jar;D:\Documents\BscIT\ThirdYear\Semester 2\CMPG323\Project 1\MavenRepo\org\ow2\asm\asm\5.0.4\asm-5.0.4.jar;D:\Documents\BscIT\ThirdYear\Semester 2\CMPG323\Project 1\MavenRepo\junit\junit\4.12\junit-4.12.jar;D:\Documents\BscIT\ThirdYear\Semester 2\CMPG323\Project 1\MavenRepo\org\assertj\assertj-core\3.11.1\assertj-core-3.11.1.jar;D:\Documents\BscIT\ThirdYear\Semester 2\CMPG323\Project 1\MavenRepo\org\mockito\mockito-core\2.23.4\mockito-core-2.23.4.jar;D:\Documents\BscIT\ThirdYear\Semester 2\CMPG323\Project 1\MavenRepo\net\bytebuddy\byte-buddy-agent\1.9.13\byte-buddy-agent-1.9.13.jar;D:\Documents\BscIT\ThirdYear\Semester 2\CMPG323\Project 1\MavenRepo\org\objenesis\objenesis\2.6\objenesis-2.6.jar;D:\Documents\BscIT\ThirdYear\Semester 2\CMPG323\Project 1\MavenRepo\org\hamcrest\hamcrest-core\1.3\hamcrest-core-1.3.jar;D:\Documents\BscIT\ThirdYear\Semester 2\CMPG323\Project 1\MavenRepo\org\hamcrest\hamcrest-library\1.3\hamcrest-library-1.3.jar;D:\Documents\BscIT\ThirdYear\Semester 2\CMPG323\Project 1\MavenRepo\org\skyscreamer\jsonassert\1.5.0\jsonassert-1.5.0.jar;D:\Documents\BscIT\ThirdYear\Semester 2\CMPG323\Project 1\MavenRepo\com\vaadin\external\google\android-json\0.0.20131108.vaadin1\android-json-0.0.20131108.vaadin1.jar;D:\Documents\BscIT\ThirdYear\Semester 2\CMPG323\Project 1\MavenRepo\org\springframework\spring-test\5.1.8.RELEASE\spring-test-5.1.8.RELEASE.jar;D:\Documents\BscIT\ThirdYear\Semester 2\CMPG323\Project 1\MavenRepo\org\xmlunit\xmlunit-core\2.6.2\xmlunit-core-2.6.2.jar;"/>
    <property name="java.vm.vendor" value="Oracle Corporation"/>
    <property name="sun.arch.data.model" value="64"/>
    <property name="user.variant" value=""/>
    <property name="java.vendor.url" value="http://java.oracle.com/"/>
    <property name="user.timezone" value="Africa/Harare"/>
    <property name="java.vm.specification.version" value="1.8"/>
    <property name="os.name" value="Windows 10"/>
    <property name="user.country" value="ZA"/>
    <property name="sun.java.launcher" value="SUN_STANDARD"/>
    <property name="sun.boot.library.path" value="D:\Java\jre\bin"/>
    <property name="sun.java.command" value="C:\Users\blpie\AppData\Local\Temp\surefire2362231527558307072\surefirebooter8062762970847898772.jar C:\Users\blpie\AppData\Local\Temp\surefire2362231527558307072 2021-10-09T07-34-58_379-jvmRun1 surefire3464925977394062011tmp surefire_08881127752157722223tmp"/>
    <property name="surefire.test.class.path" value="D:\Documents\BscIT\ThirdYear\Semester 2\CMPG323\Project 1\Software\AccountSystemRepository\target\test-classes;D:\Documents\BscIT\ThirdYear\Semester 2\CMPG323\Project 1\Software\AccountSystemRepository\target\classes;D:\Documents\BscIT\ThirdYear\Semester 2\CMPG323\Project 1\Software\AccountSystemDomain\target\AccountSystemDomain-1.0-SNAPSHOT.jar;D:\Documents\BscIT\ThirdYear\Semester 2\CMPG323\Project 1\MavenRepo\io\swagger\swagger-annotations\1.5.20\swagger-annotations-1.5.20.jar;D:\Documents\BscIT\ThirdYear\Semester 2\CMPG323\Project 1\MavenRepo\com\fasterxml\jackson\core\jackson-annotations\2.9.0\jackson-annotations-2.9.0.jar;D:\Documents\BscIT\ThirdYear\Semester 2\CMPG323\Project 1\MavenRepo\org\hibernate\hibernate-java8\5.3.10.Final\hibernate-java8-5.3.10.Final.jar;D:\Documents\BscIT\ThirdYear\Semester 2\CMPG323\Project 1\MavenRepo\org\jboss\logging\jboss-logging\3.3.2.Final\jboss-logging-3.3.2.Final.jar;D:\Documents\BscIT\ThirdYear\Semester 2\CMPG323\Project 1\MavenRepo\org\hibernate\hibernate-core\5.3.10.Final\hibernate-core-5.3.10.Final.jar;D:\Documents\BscIT\ThirdYear\Semester 2\CMPG323\Project 1\MavenRepo\javax\persistence\javax.persistence-api\2.2\javax.persistence-api-2.2.jar;D:\Documents\BscIT\ThirdYear\Semester 2\CMPG323\Project 1\MavenRepo\org\javassist\javassist\3.23.2-GA\javassist-3.23.2-GA.jar;D:\Documents\BscIT\ThirdYear\Semester 2\CMPG323\Project 1\MavenRepo\net\bytebuddy\byte-buddy\1.9.13\byte-buddy-1.9.13.jar;D:\Documents\BscIT\ThirdYear\Semester 2\CMPG323\Project 1\MavenRepo\antlr\antlr\2.7.7\antlr-2.7.7.jar;D:\Documents\BscIT\ThirdYear\Semester 2\CMPG323\Project 1\MavenRepo\org\jboss\spec\javax\transaction\jboss-transaction-api_1.2_spec\1.1.1.Final\jboss-transaction-api_1.2_spec-1.1.1.Final.jar;D:\Documents\BscIT\ThirdYear\Semester 2\CMPG323\Project 1\MavenRepo\org\jboss\jandex\2.0.5.Final\jandex-2.0.5.Final.jar;D:\Documents\BscIT\ThirdYear\Semester 2\CMPG323\Project 1\MavenRepo\com\fasterxml\classmate\1.4.0\classmate-1.4.0.jar;D:\Documents\BscIT\ThirdYear\Semester 2\CMPG323\Project 1\MavenRepo\javax\activation\javax.activation-api\1.2.0\javax.activation-api-1.2.0.jar;D:\Documents\BscIT\ThirdYear\Semester 2\CMPG323\Project 1\MavenRepo\org\dom4j\dom4j\2.1.1\dom4j-2.1.1.jar;D:\Documents\BscIT\ThirdYear\Semester 2\CMPG323\Project 1\MavenRepo\org\hibernate\common\hibernate-commons-annotations\5.0.4.Final\hibernate-commons-annotations-5.0.4.Final.jar;D:\Documents\BscIT\ThirdYear\Semester 2\CMPG323\Project 1\MavenRepo\org\springframework\boot\spring-boot-starter\2.1.6.RELEASE\spring-boot-starter-2.1.6.RELEASE.jar;D:\Documents\BscIT\ThirdYear\Semester 2\CMPG323\Project 1\MavenRepo\org\springframework\boot\spring-boot\2.1.6.RELEASE\spring-boot-2.1.6.RELEASE.jar;D:\Documents\BscIT\ThirdYear\Semester 2\CMPG323\Project 1\MavenRepo\org\springframework\spring-context\5.1.8.RELEASE\spring-context-5.1.8.RELEASE.jar;D:\Documents\BscIT\ThirdYear\Semester 2\CMPG323\Project 1\MavenRepo\org\springframework\spring-expression\5.1.8.RELEASE\spring-expression-5.1.8.RELEASE.jar;D:\Documents\BscIT\ThirdYear\Semester 2\CMPG323\Project 1\MavenRepo\org\springframework\boot\spring-boot-autoconfigure\2.1.6.RELEASE\spring-boot-autoconfigure-2.1.6.RELEASE.jar;D:\Documents\BscIT\ThirdYear\Semester 2\CMPG323\Project 1\MavenRepo\org\springframework\boot\spring-boot-starter-logging\2.1.6.RELEASE\spring-boot-starter-logging-2.1.6.RELEASE.jar;D:\Documents\BscIT\ThirdYear\Semester 2\CMPG323\Project 1\MavenRepo\ch\qos\logback\logback-classic\1.2.3\logback-classic-1.2.3.jar;D:\Documents\BscIT\ThirdYear\Semester 2\CMPG323\Project 1\MavenRepo\ch\qos\logback\logback-core\1.2.3\logback-core-1.2.3.jar;D:\Documents\BscIT\ThirdYear\Semester 2\CMPG323\Project 1\MavenRepo\org\apache\logging\log4j\log4j-to-slf4j\2.11.2\log4j-to-slf4j-2.11.2.jar;D:\Documents\BscIT\ThirdYear\Semester 2\CMPG323\Project 1\MavenRepo\org\apache\logging\log4j\log4j-api\2.11.2\log4j-api-2.11.2.jar;D:\Documents\BscIT\ThirdYear\Semester 2\CMPG323\Project 1\MavenRepo\org\slf4j\jul-to-slf4j\1.7.26\jul-to-slf4j-1.7.26.jar;D:\Documents\BscIT\ThirdYear\Semester 2\CMPG323\Project 1\MavenRepo\javax\annotation\javax.annotation-api\1.3.2\javax.annotation-api-1.3.2.jar;D:\Documents\BscIT\ThirdYear\Semester 2\CMPG323\Project 1\MavenRepo\org\springframework\spring-core\5.1.8.RELEASE\spring-core-5.1.8.RELEASE.jar;D:\Documents\BscIT\ThirdYear\Semester 2\CMPG323\Project 1\MavenRepo\org\springframework\spring-jcl\5.1.8.RELEASE\spring-jcl-5.1.8.RELEASE.jar;D:\Documents\BscIT\ThirdYear\Semester 2\CMPG323\Project 1\MavenRepo\org\yaml\snakeyaml\1.23\snakeyaml-1.23.jar;D:\Documents\BscIT\ThirdYear\Semester 2\CMPG323\Project 1\MavenRepo\org\springframework\boot\spring-boot-starter-data-jpa\2.1.6.RELEASE\spring-boot-starter-data-jpa-2.1.6.RELEASE.jar;D:\Documents\BscIT\ThirdYear\Semester 2\CMPG323\Project 1\MavenRepo\org\springframework\boot\spring-boot-starter-aop\2.1.6.RELEASE\spring-boot-starter-aop-2.1.6.RELEASE.jar;D:\Documents\BscIT\ThirdYear\Semester 2\CMPG323\Project 1\MavenRepo\org\springframework\spring-aop\5.1.8.RELEASE\spring-aop-5.1.8.RELEASE.jar;D:\Documents\BscIT\ThirdYear\Semester 2\CMPG323\Project 1\MavenRepo\org\aspectj\aspectjweaver\1.9.4\aspectjweaver-1.9.4.jar;D:\Documents\BscIT\ThirdYear\Semester 2\CMPG323\Project 1\MavenRepo\org\springframework\boot\spring-boot-starter-jdbc\2.1.6.RELEASE\spring-boot-starter-jdbc-2.1.6.RELEASE.jar;D:\Documents\BscIT\ThirdYear\Semester 2\CMPG323\Project 1\MavenRepo\com\zaxxer\HikariCP\3.2.0\HikariCP-3.2.0.jar;D:\Documents\BscIT\ThirdYear\Semester 2\CMPG323\Project 1\MavenRepo\org\springframework\spring-jdbc\5.1.8.RELEASE\spring-jdbc-5.1.8.RELEASE.jar;D:\Documents\BscIT\ThirdYear\Semester 2\CMPG323\Project 1\MavenRepo\javax\transaction\javax.transaction-api\1.3\javax.transaction-api-1.3.jar;D:\Documents\BscIT\ThirdYear\Semester 2\CMPG323\Project 1\MavenRepo\javax\xml\bind\jaxb-api\2.3.1\jaxb-api-2.3.1.jar;D:\Documents\BscIT\ThirdYear\Semester 2\CMPG323\Project 1\MavenRepo\org\springframework\data\spring-data-jpa\2.1.9.RELEASE\spring-data-jpa-2.1.9.RELEASE.jar;D:\Documents\BscIT\ThirdYear\Semester 2\CMPG323\Project 1\MavenRepo\org\springframework\data\spring-data-commons\2.1.9.RELEASE\spring-data-commons-2.1.9.RELEASE.jar;D:\Documents\BscIT\ThirdYear\Semester 2\CMPG323\Project 1\MavenRepo\org\springframework\spring-orm\5.1.8.RELEASE\spring-orm-5.1.8.RELEASE.jar;D:\Documents\BscIT\ThirdYear\Semester 2\CMPG323\Project 1\MavenRepo\org\springframework\spring-tx\5.1.8.RELEASE\spring-tx-5.1.8.RELEASE.jar;D:\Documents\BscIT\ThirdYear\Semester 2\CMPG323\Project 1\MavenRepo\org\springframework\spring-beans\5.1.8.RELEASE\spring-beans-5.1.8.RELEASE.jar;D:\Documents\BscIT\ThirdYear\Semester 2\CMPG323\Project 1\MavenRepo\org\slf4j\slf4j-api\1.7.26\slf4j-api-1.7.26.jar;D:\Documents\BscIT\ThirdYear\Semester 2\CMPG323\Project 1\MavenRepo\org\springframework\spring-aspects\5.1.8.RELEASE\spring-aspects-5.1.8.RELEASE.jar;D:\Documents\BscIT\ThirdYear\Semester 2\CMPG323\Project 1\MavenRepo\com\oracle\ojdbc\ojdbc8\19.3.0.0\ojdbc8-19.3.0.0.jar;D:\Documents\BscIT\ThirdYear\Semester 2\CMPG323\Project 1\MavenRepo\com\oracle\ojdbc\ucp\19.3.0.0\ucp-19.3.0.0.jar;D:\Documents\BscIT\ThirdYear\Semester 2\CMPG323\Project 1\MavenRepo\com\oracle\ojdbc\oraclepki\19.3.0.0\oraclepki-19.3.0.0.jar;D:\Documents\BscIT\ThirdYear\Semester 2\CMPG323\Project 1\MavenRepo\com\oracle\ojdbc\osdt_cert\19.3.0.0\osdt_cert-19.3.0.0.jar;D:\Documents\BscIT\ThirdYear\Semester 2\CMPG323\Project 1\MavenRepo\com\oracle\ojdbc\osdt_core\19.3.0.0\osdt_core-19.3.0.0.jar;D:\Documents\BscIT\ThirdYear\Semester 2\CMPG323\Project 1\MavenRepo\com\oracle\ojdbc\simplefan\19.3.0.0\simplefan-19.3.0.0.jar;D:\Documents\BscIT\ThirdYear\Semester 2\CMPG323\Project 1\MavenRepo\com\oracle\ojdbc\ons\19.3.0.0\ons-19.3.0.0.jar;D:\Documents\BscIT\ThirdYear\Semester 2\CMPG323\Project 1\MavenRepo\com\h2database\h2\1.4.199\h2-1.4.199.jar;D:\Documents\BscIT\ThirdYear\Semester 2\CMPG323\Project 1\MavenRepo\org\springframework\boot\spring-boot-starter-test\2.1.6.RELEASE\spring-boot-starter-test-2.1.6.RELEASE.jar;D:\Documents\BscIT\ThirdYear\Semester 2\CMPG323\Project 1\MavenRepo\org\springframework\boot\spring-boot-test\2.1.6.RELEASE\spring-boot-test-2.1.6.RELEASE.jar;D:\Documents\BscIT\ThirdYear\Semester 2\CMPG323\Project 1\MavenRepo\org\springframework\boot\spring-boot-test-autoconfigure\2.1.6.RELEASE\spring-boot-test-autoconfigure-2.1.6.RELEASE.jar;D:\Documents\BscIT\ThirdYear\Semester 2\CMPG323\Project 1\MavenRepo\com\jayway\jsonpath\json-path\2.4.0\json-path-2.4.0.jar;D:\Documents\BscIT\ThirdYear\Semester 2\CMPG323\Project 1\MavenRepo\net\minidev\json-smart\2.3\json-smart-2.3.jar;D:\Documents\BscIT\ThirdYear\Semester 2\CMPG323\Project 1\MavenRepo\net\minidev\accessors-smart\1.2\accessors-smart-1.2.jar;D:\Documents\BscIT\ThirdYear\Semester 2\CMPG323\Project 1\MavenRepo\org\ow2\asm\asm\5.0.4\asm-5.0.4.jar;D:\Documents\BscIT\ThirdYear\Semester 2\CMPG323\Project 1\MavenRepo\junit\junit\4.12\junit-4.12.jar;D:\Documents\BscIT\ThirdYear\Semester 2\CMPG323\Project 1\MavenRepo\org\assertj\assertj-core\3.11.1\assertj-core-3.11.1.jar;D:\Documents\BscIT\ThirdYear\Semester 2\CMPG323\Project 1\MavenRepo\org\mockito\mockito-core\2.23.4\mockito-core-2.23.4.jar;D:\Documents\BscIT\ThirdYear\Semester 2\CMPG323\Project 1\MavenRepo\net\bytebuddy\byte-buddy-agent\1.9.13\byte-buddy-agent-1.9.13.jar;D:\Documents\BscIT\ThirdYear\Semester 2\CMPG323\Project 1\MavenRepo\org\objenesis\objenesis\2.6\objenesis-2.6.jar;D:\Documents\BscIT\ThirdYear\Semester 2\CMPG323\Project 1\MavenRepo\org\hamcrest\hamcrest-core\1.3\hamcrest-core-1.3.jar;D:\Documents\BscIT\ThirdYear\Semester 2\CMPG323\Project 1\MavenRepo\org\hamcrest\hamcrest-library\1.3\hamcrest-library-1.3.jar;D:\Documents\BscIT\ThirdYear\Semester 2\CMPG323\Project 1\MavenRepo\org\skyscreamer\jsonassert\1.5.0\jsonassert-1.5.0.jar;D:\Documents\BscIT\ThirdYear\Semester 2\CMPG323\Project 1\MavenRepo\com\vaadin\external\google\android-json\0.0.20131108.vaadin1\android-json-0.0.20131108.vaadin1.jar;D:\Documents\BscIT\ThirdYear\Semester 2\CMPG323\Project 1\MavenRepo\org\springframework\spring-test\5.1.8.RELEASE\spring-test-5.1.8.RELEASE.jar;D:\Documents\BscIT\ThirdYear\Semester 2\CMPG323\Project 1\MavenRepo\org\xmlunit\xmlunit-core\2.6.2\xmlunit-core-2.6.2.jar;"/>
    <property name="sun.cpu.endian" value="little"/>
    <property name="user.home" value="C:\Users\blpie"/>
    <property name="user.language" value="en"/>
    <property name="java.specification.vendor" value="Oracle Corporation"/>
    <property name="java.home" value="D:\Java\jre"/>
    <property name="basedir" value="D:\Documents\BscIT\ThirdYear\Semester 2\CMPG323\Project 1\Software\AccountSystemRepository"/>
    <property name="file.separator" value="\"/>
    <property name="line.separator" value="&#10;"/>
    <property name="java.vm.specification.vendor" value="Oracle Corporation"/>
    <property name="java.specification.name" value="Java Platform API Specification"/>
    <property name="java.awt.graphicsenv" value="sun.awt.Win32GraphicsEnvironment"/>
    <property name="surefire.real.class.path" value="C:\Users\blpie\AppData\Local\Temp\surefire2362231527558307072\surefirebooter8062762970847898772.jar"/>
    <property name="sun.boot.class.path" value="D:\Java\jre\lib\resources.jar;D:\Java\jre\lib\rt.jar;D:\Java\jre\lib\sunrsasign.jar;D:\Java\jre\lib\jsse.jar;D:\Java\jre\lib\jce.jar;D:\Java\jre\lib\charsets.jar;D:\Java\jre\lib\jfr.jar;D:\Java\jre\classes"/>
    <property name="user.script" value=""/>
    <property name="sun.management.compiler" value="HotSpot 64-Bit Tiered Compilers"/>
    <property name="java.runtime.version" value="1.8.0_301-b09"/>
    <property name="user.name" value="Bianca Piek"/>
    <property name="path.separator" value=";"/>
    <property name="os.version" value="10.0"/>
    <property name="java.endorsed.dirs" value="D:\Java\jre\lib\endorsed"/>
    <property name="java.runtime.name" value="Java(TM) SE Runtime Environment"/>
    <property name="file.encoding" value="Cp1252"/>
    <property name="java.vm.name" value="Java HotSpot(TM) 64-Bit Server VM"/>
    <property name="localRepository" value="D:\Documents\BscIT\ThirdYear\Semester 2\CMPG323\Project 1\MavenRepo"/>
    <property name="java.vendor.url.bug" value="http://bugreport.sun.com/bugreport/"/>
    <property name="java.io.tmpdir" value="C:\Users\blpie\AppData\Local\Temp\"/>
    <property name="idea.version" value="2021.2.2"/>
    <property name="java.version" value="1.8.0_301"/>
    <property name="user.dir" value="D:\Documents\BscIT\ThirdYear\Semester 2\CMPG323\Project 1\Software\AccountSystemRepository"/>
    <property name="os.arch" value="amd64"/>
    <property name="java.vm.specification.name" value="Java Virtual Machine Specification"/>
    <property name="java.awt.printerjob" value="sun.awt.windows.WPrinterJob"/>
    <property name="sun.os.patch.level" value=""/>
    <property name="java.library.path" value="D:\Java\jre\bin;C:\Windows\Sun\Java\bin;C:\Windows\system32;C:\Windows;C:\Program Files (x86)\Common Files\Oracle\Java\javapath;C:\oraclexe\app\oracle\product\11.2.0\server\bin;C:\Windows\system32;C:\Windows;C:\Windows\System32\Wbem;C:\Windows\System32\WindowsPowerShell\v1.0\;C:\Windows\System32\OpenSSH\;C:\Program Files (x86)\NVIDIA Corporation\PhysX\Common;C:\Program Files\NVIDIA Corporation\NVIDIA NvDLISR;C:\Windows\system32;C:\Windows;C:\Windows\System32\Wbem;C:\Windows\System32\WindowsPowerShell\v1.0\;C:\Windows\System32\OpenSSH\;D:\Git\cmd;D:\Java\Java Install\bin;D:\Maven\apache-maven-3.8.2-bin\apache-maven-3.8.2\bin;C:\Users\blpie\AppData\Local\Microsoft\WindowsApps;D:\IntelliJ\IntelliJ IDEA Community Edition 2021.2.1\bin;;C:\Users\blpie\AppData\Local\GitHubDesktop\bin;."/>
    <property name="java.vm.info" value="mixed mode"/>
    <property name="java.vendor" value="Oracle Corporation"/>
    <property name="java.vm.version" value="25.301-b09"/>
    <property name="java.ext.dirs" value="D:\Java\jre\lib\ext;C:\Windows\Sun\Java\lib\ext"/>
    <property name="sun.io.unicode.encoding" value="UnicodeLittle"/>
    <property name="maven.repo.local" value="D:\Documents\BscIT\ThirdYear\Semester 2\CMPG323\Project 1\MavenRepo"/>
    <property name="java.class.version" value="52.0"/>
  </properties>
  <testcase name="getAccountTypeDtoByMnemonicPlay" classname="za.ac.nwu.ac.repo.persistence.AccountTypeRepositoryTest" time="0">
    <error message="Failed to load ApplicationContext" type="java.lang.IllegalStateException">java.lang.IllegalStateException: Failed to load ApplicationContext
Caused by: org.springframework.beans.factory.UnsatisfiedDependencyException: 
Error creating bean with name 'org.springframework.boot.autoconfigure.orm.jpa.HibernateJpaConfiguration': Unsatisfied dependency expressed through constructor parameter 0; nested exception is org.springframework.beans.factory.BeanCreationException: Error creating bean with name 'dataSource': Post-processing of FactoryBean's singleton object failed; nested exception is org.springframework.beans.factory.BeanCreationException: Error creating bean with name 'org.springframework.boot.autoconfigure.jdbc.DataSourceInitializerInvoker': Invocation of init method failed; nested exception is org.springframework.jdbc.datasource.init.ScriptStatementFailedException: Failed to execute SQL script statement #5 of URL [file:/D:/Documents/BscIT/ThirdYear/Semester%202/CMPG323/Project%201/Software/AccountSystemRepository/target/test-classes/schema.sql]: CREATE TABLE CMPG323.ACCOUNT_TX_DETAILS ( ACCOUNT_TX_DETAILS_ID BIGINT NOT NULL, TX_ID BIGINT NOT NULL, PARTNER_NAME VARCHAR(255) NOT NULL, NUMBER_OF_ITEMS BIGINT NOT NULL, PRIMARY KEY (ACCOUNT_TX_DETAILS_ID), CONSTRAINT FK_ACCOUNT_TYPE_IDL FOREIGN KEY (ACCOUNT_TYPE_ID) REFERENCES CMPG323.DEMO_ACCOUNT_TYPE (ACCOUNT_TYPE_ID), ); nested exception is org.h2.jdbc.JdbcSQLSyntaxErrorException: Constraint "FK_ACCOUNT_TYPE_IDL" already exists; SQL statement:
CREATE TABLE CMPG323.ACCOUNT_TX_DETAILS ( ACCOUNT_TX_DETAILS_ID BIGINT NOT NULL, TX_ID BIGINT NOT NULL, PARTNER_NAME VARCHAR(255) NOT NULL, NUMBER_OF_ITEMS BIGINT NOT NULL, PRIMARY KEY (ACCOUNT_TX_DETAILS_ID), CONSTRAINT FK_ACCOUNT_TYPE_IDL FOREIGN KEY (ACCOUNT_TYPE_ID) REFERENCES CMPG323.DEMO_ACCOUNT_TYPE (ACCOUNT_TYPE_ID), ) [90045-199]
Caused by: org.springframework.beans.factory.BeanCreationException: 
Error creating bean with name 'dataSource': Post-processing of FactoryBean's singleton object failed; nested exception is org.springframework.beans.factory.BeanCreationException: Error creating bean with name 'org.springframework.boot.autoconfigure.jdbc.DataSourceInitializerInvoker': Invocation of init method failed; nested exception is org.springframework.jdbc.datasource.init.ScriptStatementFailedException: Failed to execute SQL script statement #5 of URL [file:/D:/Documents/BscIT/ThirdYear/Semester%202/CMPG323/Project%201/Software/AccountSystemRepository/target/test-classes/schema.sql]: CREATE TABLE CMPG323.ACCOUNT_TX_DETAILS ( ACCOUNT_TX_DETAILS_ID BIGINT NOT NULL, TX_ID BIGINT NOT NULL, PARTNER_NAME VARCHAR(255) NOT NULL, NUMBER_OF_ITEMS BIGINT NOT NULL, PRIMARY KEY (ACCOUNT_TX_DETAILS_ID), CONSTRAINT FK_ACCOUNT_TYPE_IDL FOREIGN KEY (ACCOUNT_TYPE_ID) REFERENCES CMPG323.DEMO_ACCOUNT_TYPE (ACCOUNT_TYPE_ID), ); nested exception is org.h2.jdbc.JdbcSQLSyntaxErrorException: Constraint "FK_ACCOUNT_TYPE_IDL" already exists; SQL statement:
CREATE TABLE CMPG323.ACCOUNT_TX_DETAILS ( ACCOUNT_TX_DETAILS_ID BIGINT NOT NULL, TX_ID BIGINT NOT NULL, PARTNER_NAME VARCHAR(255) NOT NULL, NUMBER_OF_ITEMS BIGINT NOT NULL, PRIMARY KEY (ACCOUNT_TX_DETAILS_ID), CONSTRAINT FK_ACCOUNT_TYPE_IDL FOREIGN KEY (ACCOUNT_TYPE_ID) REFERENCES CMPG323.DEMO_ACCOUNT_TYPE (ACCOUNT_TYPE_ID), ) [90045-199]
Caused by: org.springframework.beans.factory.BeanCreationException: 
Error creating bean with name 'org.springframework.boot.autoconfigure.jdbc.DataSourceInitializerInvoker': Invocation of init method failed; nested exception is org.springframework.jdbc.datasource.init.ScriptStatementFailedException: Failed to execute SQL script statement #5 of URL [file:/D:/Documents/BscIT/ThirdYear/Semester%202/CMPG323/Project%201/Software/AccountSystemRepository/target/test-classes/schema.sql]: CREATE TABLE CMPG323.ACCOUNT_TX_DETAILS ( ACCOUNT_TX_DETAILS_ID BIGINT NOT NULL, TX_ID BIGINT NOT NULL, PARTNER_NAME VARCHAR(255) NOT NULL, NUMBER_OF_ITEMS BIGINT NOT NULL, PRIMARY KEY (ACCOUNT_TX_DETAILS_ID), CONSTRAINT FK_ACCOUNT_TYPE_IDL FOREIGN KEY (ACCOUNT_TYPE_ID) REFERENCES CMPG323.DEMO_ACCOUNT_TYPE (ACCOUNT_TYPE_ID), ); nested exception is org.h2.jdbc.JdbcSQLSyntaxErrorException: Constraint "FK_ACCOUNT_TYPE_IDL" already exists; SQL statement:
CREATE TABLE CMPG323.ACCOUNT_TX_DETAILS ( ACCOUNT_TX_DETAILS_ID BIGINT NOT NULL, TX_ID BIGINT NOT NULL, PARTNER_NAME VARCHAR(255) NOT NULL, NUMBER_OF_ITEMS BIGINT NOT NULL, PRIMARY KEY (ACCOUNT_TX_DETAILS_ID), CONSTRAINT FK_ACCOUNT_TYPE_IDL FOREIGN KEY (ACCOUNT_TYPE_ID) REFERENCES CMPG323.DEMO_ACCOUNT_TYPE (ACCOUNT_TYPE_ID), ) [90045-199]
Caused by: org.springframework.jdbc.datasource.init.ScriptStatementFailedException: 
Failed to execute SQL script statement #5 of URL [file:/D:/Documents/BscIT/ThirdYear/Semester%202/CMPG323/Project%201/Software/AccountSystemRepository/target/test-classes/schema.sql]: CREATE TABLE CMPG323.ACCOUNT_TX_DETAILS ( ACCOUNT_TX_DETAILS_ID BIGINT NOT NULL, TX_ID BIGINT NOT NULL, PARTNER_NAME VARCHAR(255) NOT NULL, NUMBER_OF_ITEMS BIGINT NOT NULL, PRIMARY KEY (ACCOUNT_TX_DETAILS_ID), CONSTRAINT FK_ACCOUNT_TYPE_IDL FOREIGN KEY (ACCOUNT_TYPE_ID) REFERENCES CMPG323.DEMO_ACCOUNT_TYPE (ACCOUNT_TYPE_ID), ); nested exception is org.h2.jdbc.JdbcSQLSyntaxErrorException: Constraint "FK_ACCOUNT_TYPE_IDL" already exists; SQL statement:
CREATE TABLE CMPG323.ACCOUNT_TX_DETAILS ( ACCOUNT_TX_DETAILS_ID BIGINT NOT NULL, TX_ID BIGINT NOT NULL, PARTNER_NAME VARCHAR(255) NOT NULL, NUMBER_OF_ITEMS BIGINT NOT NULL, PRIMARY KEY (ACCOUNT_TX_DETAILS_ID), CONSTRAINT FK_ACCOUNT_TYPE_IDL FOREIGN KEY (ACCOUNT_TYPE_ID) REFERENCES CMPG323.DEMO_ACCOUNT_TYPE (ACCOUNT_TYPE_ID), ) [90045-199]
Caused by: org.h2.jdbc.JdbcSQLSyntaxErrorException: 
Constraint "FK_ACCOUNT_TYPE_IDL" already exists; SQL statement:
CREATE TABLE CMPG323.ACCOUNT_TX_DETAILS ( ACCOUNT_TX_DETAILS_ID BIGINT NOT NULL, TX_ID BIGINT NOT NULL, PARTNER_NAME VARCHAR(255) NOT NULL, NUMBER_OF_ITEMS BIGINT NOT NULL, PRIMARY KEY (ACCOUNT_TX_DETAILS_ID), CONSTRAINT FK_ACCOUNT_TYPE_IDL FOREIGN KEY (ACCOUNT_TYPE_ID) REFERENCES CMPG323.DEMO_ACCOUNT_TYPE (ACCOUNT_TYPE_ID), ) [90045-199]
</error>
    <system-out><![CDATA[07:34:59.792 [main] DEBUG org.springframework.test.context.junit4.SpringJUnit4ClassRunner - SpringJUnit4ClassRunner constructor called with [class za.ac.nwu.ac.repo.persistence.AccountTypeRepositoryTest]
07:34:59.797 [main] DEBUG org.springframework.test.context.BootstrapUtils - Instantiating CacheAwareContextLoaderDelegate from class [org.springframework.test.context.cache.DefaultCacheAwareContextLoaderDelegate]
07:34:59.802 [main] DEBUG org.springframework.test.context.BootstrapUtils - Instantiating BootstrapContext using constructor [public org.springframework.test.context.support.DefaultBootstrapContext(java.lang.Class,org.springframework.test.context.CacheAwareContextLoaderDelegate)]
07:34:59.816 [main] DEBUG org.springframework.test.context.BootstrapUtils - Instantiating TestContextBootstrapper for test class [za.ac.nwu.ac.repo.persistence.AccountTypeRepositoryTest] from class [org.springframework.boot.test.autoconfigure.orm.jpa.DataJpaTestContextBootstrapper]
07:34:59.836 [main] DEBUG org.springframework.test.context.support.AbstractContextLoader - Did not detect default resource location for test class [za.ac.nwu.ac.repo.persistence.AccountTypeRepositoryTest]: class path resource [za/ac/nwu/ac/repo/persistence/AccountTypeRepositoryTest-context.xml] does not exist
07:34:59.836 [main] DEBUG org.springframework.test.context.support.AbstractContextLoader - Did not detect default resource location for test class [za.ac.nwu.ac.repo.persistence.AccountTypeRepositoryTest]: class path resource [za/ac/nwu/ac/repo/persistence/AccountTypeRepositoryTestContext.groovy] does not exist
07:34:59.836 [main] INFO org.springframework.test.context.support.AbstractContextLoader - Could not detect default resource locations for test class [za.ac.nwu.ac.repo.persistence.AccountTypeRepositoryTest]: no resource found for suffixes {-context.xml, Context.groovy}.
07:34:59.879 [main] DEBUG org.springframework.test.context.support.ActiveProfilesUtils - Could not find an 'annotation declaring class' for annotation type [org.springframework.test.context.ActiveProfiles] and class [za.ac.nwu.ac.repo.persistence.AccountTypeRepositoryTest]
07:34:59.897 [main] DEBUG org.springframework.boot.test.autoconfigure.orm.jpa.DataJpaTestContextBootstrapper - @TestExecutionListeners is not present for class [za.ac.nwu.ac.repo.persistence.AccountTypeRepositoryTest]: using defaults.
07:34:59.897 [main] INFO org.springframework.boot.test.autoconfigure.orm.jpa.DataJpaTestContextBootstrapper - Loaded default TestExecutionListener class names from location [META-INF/spring.factories]: [org.springframework.boot.test.mock.mockito.MockitoTestExecutionListener, org.springframework.boot.test.mock.mockito.ResetMocksTestExecutionListener, org.springframework.boot.test.autoconfigure.restdocs.RestDocsTestExecutionListener, org.springframework.boot.test.autoconfigure.web.client.MockRestServiceServerResetTestExecutionListener, org.springframework.boot.test.autoconfigure.web.servlet.MockMvcPrintOnlyOnFailureTestExecutionListener, org.springframework.boot.test.autoconfigure.web.servlet.WebDriverTestExecutionListener, org.springframework.test.context.web.ServletTestExecutionListener, org.springframework.test.context.support.DirtiesContextBeforeModesTestExecutionListener, org.springframework.test.context.support.DependencyInjectionTestExecutionListener, org.springframework.test.context.support.DirtiesContextTestExecutionListener, org.springframework.test.context.transaction.TransactionalTestExecutionListener, org.springframework.test.context.jdbc.SqlScriptsTestExecutionListener]
07:34:59.902 [main] DEBUG org.springframework.boot.test.autoconfigure.orm.jpa.DataJpaTestContextBootstrapper - Skipping candidate TestExecutionListener [org.springframework.test.context.web.ServletTestExecutionListener] due to a missing dependency. Specify custom listener classes or make the default listener classes and their required dependencies available. Offending class: [javax/servlet/ServletContext]
07:34:59.912 [main] INFO org.springframework.boot.test.autoconfigure.orm.jpa.DataJpaTestContextBootstrapper - Using TestExecutionListeners: [org.springframework.test.context.support.DirtiesContextBeforeModesTestExecutionListener@1f1c7bf6, org.springframework.boot.test.mock.mockito.MockitoTestExecutionListener@25b485ba, org.springframework.boot.test.autoconfigure.SpringBootDependencyInjectionTestExecutionListener@2b546384, org.springframework.test.context.support.DirtiesContextTestExecutionListener@5d740a0f, org.springframework.test.context.transaction.TransactionalTestExecutionListener@214b199c, org.springframework.test.context.jdbc.SqlScriptsTestExecutionListener@20d3d15a, org.springframework.boot.test.mock.mockito.ResetMocksTestExecutionListener@2893de87, org.springframework.boot.test.autoconfigure.restdocs.RestDocsTestExecutionListener@55ca8de8, org.springframework.boot.test.autoconfigure.web.client.MockRestServiceServerResetTestExecutionListener@2c34f934, org.springframework.boot.test.autoconfigure.web.servlet.MockMvcPrintOnlyOnFailureTestExecutionListener@12d3a4e9, org.springframework.boot.test.autoconfigure.web.servlet.WebDriverTestExecutionListener@240237d2]
07:34:59.914 [main] DEBUG org.springframework.test.annotation.ProfileValueUtils - Retrieved @ProfileValueSourceConfiguration [null] for test class [za.ac.nwu.ac.repo.persistence.AccountTypeRepositoryTest]
07:34:59.914 [main] DEBUG org.springframework.test.annotation.ProfileValueUtils - Retrieved ProfileValueSource type [class org.springframework.test.annotation.SystemProfileValueSource] for class [za.ac.nwu.ac.repo.persistence.AccountTypeRepositoryTest]
07:34:59.914 [main] DEBUG org.springframework.test.annotation.ProfileValueUtils - Retrieved @ProfileValueSourceConfiguration [null] for test class [za.ac.nwu.ac.repo.persistence.AccountTypeRepositoryTest]
07:34:59.914 [main] DEBUG org.springframework.test.annotation.ProfileValueUtils - Retrieved ProfileValueSource type [class org.springframework.test.annotation.SystemProfileValueSource] for class [za.ac.nwu.ac.repo.persistence.AccountTypeRepositoryTest]
07:34:59.914 [main] DEBUG org.springframework.test.annotation.ProfileValueUtils - Retrieved @ProfileValueSourceConfiguration [null] for test class [za.ac.nwu.ac.repo.persistence.AccountTypeRepositoryTest]
07:34:59.914 [main] DEBUG org.springframework.test.annotation.ProfileValueUtils - Retrieved ProfileValueSource type [class org.springframework.test.annotation.SystemProfileValueSource] for class [za.ac.nwu.ac.repo.persistence.AccountTypeRepositoryTest]
07:34:59.917 [main] DEBUG org.springframework.test.context.support.AbstractDirtiesContextTestExecutionListener - Before test class: context [DefaultTestContext@6f3b5d16 testClass = AccountTypeRepositoryTest, testInstance = [null], testMethod = [null], testException = [null], mergedContextConfiguration = [MergedContextConfiguration@78b1cc93 testClass = AccountTypeRepositoryTest, locations = '{}', classes = '{class za.ac.nwu.ac.repo.config.RepositoryTestConfig}', contextInitializerClasses = '[]', activeProfiles = '{}', propertySourceLocations = '{}', propertySourceProperties = '{org.springframework.boot.test.autoconfigure.orm.jpa.DataJpaTestContextBootstrapper=true}', contextCustomizers = set[[ImportsContextCustomizer@6646153 key = [org.springframework.boot.autoconfigure.cache.CacheAutoConfiguration, org.springframework.boot.autoconfigure.data.jpa.JpaRepositoriesAutoConfiguration, org.springframework.boot.autoconfigure.flyway.FlywayAutoConfiguration, org.springframework.boot.autoconfigure.jdbc.DataSourceAutoConfiguration, org.springframework.boot.autoconfigure.jdbc.DataSourceTransactionManagerAutoConfiguration, org.springframework.boot.autoconfigure.jdbc.JdbcTemplateAutoConfiguration, org.springframework.boot.autoconfigure.liquibase.LiquibaseAutoConfiguration, org.springframework.boot.autoconfigure.orm.jpa.HibernateJpaAutoConfiguration, org.springframework.boot.autoconfigure.transaction.TransactionAutoConfiguration, org.springframework.boot.test.autoconfigure.jdbc.TestDatabaseAutoConfiguration, org.springframework.boot.test.autoconfigure.orm.jpa.TestEntityManagerAutoConfiguration]], org.springframework.boot.test.context.filter.ExcludeFilterContextCustomizer@73d4cc9e, org.springframework.boot.test.json.DuplicateJsonObjectContextCustomizerFactory$DuplicateJsonObjectContextCustomizer@15bfd87, org.springframework.boot.test.mock.mockito.MockitoContextCustomizer@0, org.springframework.boot.test.autoconfigure.OverrideAutoConfigurationContextCustomizerFactory$DisableAutoConfigurationContextCustomizer@dbd940d, org.springframework.boot.test.autoconfigure.filter.TypeExcludeFiltersContextCustomizer@351584c0, org.springframework.boot.test.autoconfigure.properties.PropertyMappingContextCustomizer@587e2552, org.springframework.boot.test.autoconfigure.web.servlet.WebDriverContextCustomizerFactory$Customizer@32cf48b7], contextLoader = 'org.springframework.boot.test.context.SpringBootContextLoader', parent = [null]], attributes = map[[empty]]], class annotated with @DirtiesContext [false] with mode [null].
07:34:59.917 [main] DEBUG org.springframework.test.annotation.ProfileValueUtils - Retrieved @ProfileValueSourceConfiguration [null] for test class [za.ac.nwu.ac.repo.persistence.AccountTypeRepositoryTest]
07:34:59.917 [main] DEBUG org.springframework.test.annotation.ProfileValueUtils - Retrieved ProfileValueSource type [class org.springframework.test.annotation.SystemProfileValueSource] for class [za.ac.nwu.ac.repo.persistence.AccountTypeRepositoryTest]
07:34:59.922 [main] DEBUG org.springframework.test.context.support.DependencyInjectionTestExecutionListener - Performing dependency injection for test context [[DefaultTestContext@6f3b5d16 testClass = AccountTypeRepositoryTest, testInstance = za.ac.nwu.ac.repo.persistence.AccountTypeRepositoryTest@45dd4eda, testMethod = [null], testException = [null], mergedContextConfiguration = [MergedContextConfiguration@78b1cc93 testClass = AccountTypeRepositoryTest, locations = '{}', classes = '{class za.ac.nwu.ac.repo.config.RepositoryTestConfig}', contextInitializerClasses = '[]', activeProfiles = '{}', propertySourceLocations = '{}', propertySourceProperties = '{org.springframework.boot.test.autoconfigure.orm.jpa.DataJpaTestContextBootstrapper=true}', contextCustomizers = set[[ImportsContextCustomizer@6646153 key = [org.springframework.boot.autoconfigure.cache.CacheAutoConfiguration, org.springframework.boot.autoconfigure.data.jpa.JpaRepositoriesAutoConfiguration, org.springframework.boot.autoconfigure.flyway.FlywayAutoConfiguration, org.springframework.boot.autoconfigure.jdbc.DataSourceAutoConfiguration, org.springframework.boot.autoconfigure.jdbc.DataSourceTransactionManagerAutoConfiguration, org.springframework.boot.autoconfigure.jdbc.JdbcTemplateAutoConfiguration, org.springframework.boot.autoconfigure.liquibase.LiquibaseAutoConfiguration, org.springframework.boot.autoconfigure.orm.jpa.HibernateJpaAutoConfiguration, org.springframework.boot.autoconfigure.transaction.TransactionAutoConfiguration, org.springframework.boot.test.autoconfigure.jdbc.TestDatabaseAutoConfiguration, org.springframework.boot.test.autoconfigure.orm.jpa.TestEntityManagerAutoConfiguration]], org.springframework.boot.test.context.filter.ExcludeFilterContextCustomizer@73d4cc9e, org.springframework.boot.test.json.DuplicateJsonObjectContextCustomizerFactory$DuplicateJsonObjectContextCustomizer@15bfd87, org.springframework.boot.test.mock.mockito.MockitoContextCustomizer@0, org.springframework.boot.test.autoconfigure.OverrideAutoConfigurationContextCustomizerFactory$DisableAutoConfigurationContextCustomizer@dbd940d, org.springframework.boot.test.autoconfigure.filter.TypeExcludeFiltersContextCustomizer@351584c0, org.springframework.boot.test.autoconfigure.properties.PropertyMappingContextCustomizer@587e2552, org.springframework.boot.test.autoconfigure.web.servlet.WebDriverContextCustomizerFactory$Customizer@32cf48b7], contextLoader = 'org.springframework.boot.test.context.SpringBootContextLoader', parent = [null]], attributes = map[[empty]]]].
07:35:00.007 [main] DEBUG org.springframework.test.context.support.TestPropertySourceUtils - Adding inlined properties to environment: {spring.jmx.enabled=false, org.springframework.boot.test.autoconfigure.orm.jpa.DataJpaTestContextBootstrapper=true, server.port=-1}

  .   ____          _            __ _ _
 /\\ / ___'_ __ _ _(_)_ __  __ _ \ \ \ \
( ( )\___ | '_ | '_| | '_ \/ _` | \ \ \ \
 \\/  ___)| |_)| | | | | || (_| |  ) ) ) )
  '  |____| .__|_| |_|_| |_\__, | / / / /
 =========|_|==============|___/=/_/_/_/
 :: Spring Boot ::        (v2.1.6.RELEASE)

2021-10-09 07:35:00.182  INFO 13704 --- [           main] z.a.n.a.r.p.AccountTypeRepositoryTest    : Starting AccountTypeRepositoryTest on DESKTOP-88F48D2 with PID 13704 (started by Bianca Piek in D:\Documents\BscIT\ThirdYear\Semester 2\CMPG323\Project 1\Software\AccountSystemRepository)
2021-10-09 07:35:00.187  INFO 13704 --- [           main] z.a.n.a.r.p.AccountTypeRepositoryTest    : No active profile set, falling back to default profiles: default
2021-10-09 07:35:00.382  INFO 13704 --- [           main] .s.d.r.c.RepositoryConfigurationDelegate : Bootstrapping Spring Data repositories in DEFAULT mode.
2021-10-09 07:35:00.441  INFO 13704 --- [           main] .s.d.r.c.RepositoryConfigurationDelegate : Finished Spring Data repository scanning in 49ms. Found 3 repository interfaces.
2021-10-09 07:35:00.497  INFO 13704 --- [           main] beddedDataSourceBeanFactoryPostProcessor : Replacing 'dataSource' DataSource bean with embedded version
2021-10-09 07:35:00.827  INFO 13704 --- [           main] o.s.j.d.e.EmbeddedDatabaseFactory        : Starting embedded database: url='jdbc:h2:mem:7ede0ce5-f794-487f-955b-64cd54f79220;DB_CLOSE_DELAY=-1;DB_CLOSE_ON_EXIT=false', username='sa'
2021-10-09 07:35:01.017  WARN 13704 --- [           main] s.c.a.AnnotationConfigApplicationContext : Exception encountered during context initialization - cancelling refresh attempt: org.springframework.beans.factory.UnsatisfiedDependencyException: Error creating bean with name 'org.springframework.boot.autoconfigure.orm.jpa.HibernateJpaConfiguration': Unsatisfied dependency expressed through constructor parameter 0; nested exception is org.springframework.beans.factory.BeanCreationException: Error creating bean with name 'dataSource': Post-processing of FactoryBean's singleton object failed; nested exception is org.springframework.beans.factory.BeanCreationException: Error creating bean with name 'org.springframework.boot.autoconfigure.jdbc.DataSourceInitializerInvoker': Invocation of init method failed; nested exception is org.springframework.jdbc.datasource.init.ScriptStatementFailedException: Failed to execute SQL script statement #5 of URL [file:/D:/Documents/BscIT/ThirdYear/Semester%202/CMPG323/Project%201/Software/AccountSystemRepository/target/test-classes/schema.sql]: CREATE TABLE CMPG323.ACCOUNT_TX_DETAILS ( ACCOUNT_TX_DETAILS_ID BIGINT NOT NULL, TX_ID BIGINT NOT NULL, PARTNER_NAME VARCHAR(255) NOT NULL, NUMBER_OF_ITEMS BIGINT NOT NULL, PRIMARY KEY (ACCOUNT_TX_DETAILS_ID), CONSTRAINT FK_ACCOUNT_TYPE_IDL FOREIGN KEY (ACCOUNT_TYPE_ID) REFERENCES CMPG323.DEMO_ACCOUNT_TYPE (ACCOUNT_TYPE_ID), ); nested exception is org.h2.jdbc.JdbcSQLSyntaxErrorException: Constraint "FK_ACCOUNT_TYPE_IDL" already exists; SQL statement:
CREATE TABLE CMPG323.ACCOUNT_TX_DETAILS ( ACCOUNT_TX_DETAILS_ID BIGINT NOT NULL, TX_ID BIGINT NOT NULL, PARTNER_NAME VARCHAR(255) NOT NULL, NUMBER_OF_ITEMS BIGINT NOT NULL, PRIMARY KEY (ACCOUNT_TX_DETAILS_ID), CONSTRAINT FK_ACCOUNT_TYPE_IDL FOREIGN KEY (ACCOUNT_TYPE_ID) REFERENCES CMPG323.DEMO_ACCOUNT_TYPE (ACCOUNT_TYPE_ID), ) [90045-199]
2021-10-09 07:35:01.022  INFO 13704 --- [           main] ConditionEvaluationReportLoggingListener : 

Error starting ApplicationContext. To display the conditions report re-run your application with 'debug' enabled.
2021-10-09 07:35:01.027 ERROR 13704 --- [           main] o.s.boot.SpringApplication               : Application run failed

org.springframework.beans.factory.UnsatisfiedDependencyException: Error creating bean with name 'org.springframework.boot.autoconfigure.orm.jpa.HibernateJpaConfiguration': Unsatisfied dependency expressed through constructor parameter 0; nested exception is org.springframework.beans.factory.BeanCreationException: Error creating bean with name 'dataSource': Post-processing of FactoryBean's singleton object failed; nested exception is org.springframework.beans.factory.BeanCreationException: Error creating bean with name 'org.springframework.boot.autoconfigure.jdbc.DataSourceInitializerInvoker': Invocation of init method failed; nested exception is org.springframework.jdbc.datasource.init.ScriptStatementFailedException: Failed to execute SQL script statement #5 of URL [file:/D:/Documents/BscIT/ThirdYear/Semester%202/CMPG323/Project%201/Software/AccountSystemRepository/target/test-classes/schema.sql]: CREATE TABLE CMPG323.ACCOUNT_TX_DETAILS ( ACCOUNT_TX_DETAILS_ID BIGINT NOT NULL, TX_ID BIGINT NOT NULL, PARTNER_NAME VARCHAR(255) NOT NULL, NUMBER_OF_ITEMS BIGINT NOT NULL, PRIMARY KEY (ACCOUNT_TX_DETAILS_ID), CONSTRAINT FK_ACCOUNT_TYPE_IDL FOREIGN KEY (ACCOUNT_TYPE_ID) REFERENCES CMPG323.DEMO_ACCOUNT_TYPE (ACCOUNT_TYPE_ID), ); nested exception is org.h2.jdbc.JdbcSQLSyntaxErrorException: Constraint "FK_ACCOUNT_TYPE_IDL" already exists; SQL statement:
CREATE TABLE CMPG323.ACCOUNT_TX_DETAILS ( ACCOUNT_TX_DETAILS_ID BIGINT NOT NULL, TX_ID BIGINT NOT NULL, PARTNER_NAME VARCHAR(255) NOT NULL, NUMBER_OF_ITEMS BIGINT NOT NULL, PRIMARY KEY (ACCOUNT_TX_DETAILS_ID), CONSTRAINT FK_ACCOUNT_TYPE_IDL FOREIGN KEY (ACCOUNT_TYPE_ID) REFERENCES CMPG323.DEMO_ACCOUNT_TYPE (ACCOUNT_TYPE_ID), ) [90045-199]
	at org.springframework.beans.factory.support.ConstructorResolver.createArgumentArray(ConstructorResolver.java:769) ~[spring-beans-5.1.8.RELEASE.jar:5.1.8.RELEASE]
	at org.springframework.beans.factory.support.ConstructorResolver.autowireConstructor(ConstructorResolver.java:218) ~[spring-beans-5.1.8.RELEASE.jar:5.1.8.RELEASE]
	at org.springframework.beans.factory.support.AbstractAutowireCapableBeanFactory.autowireConstructor(AbstractAutowireCapableBeanFactory.java:1341) ~[spring-beans-5.1.8.RELEASE.jar:5.1.8.RELEASE]
	at org.springframework.beans.factory.support.AbstractAutowireCapableBeanFactory.createBeanInstance(AbstractAutowireCapableBeanFactory.java:1187) ~[spring-beans-5.1.8.RELEASE.jar:5.1.8.RELEASE]
	at org.springframework.beans.factory.support.AbstractAutowireCapableBeanFactory.doCreateBean(AbstractAutowireCapableBeanFactory.java:555) ~[spring-beans-5.1.8.RELEASE.jar:5.1.8.RELEASE]
	at org.springframework.beans.factory.support.AbstractAutowireCapableBeanFactory.createBean(AbstractAutowireCapableBeanFactory.java:515) ~[spring-beans-5.1.8.RELEASE.jar:5.1.8.RELEASE]
	at org.springframework.beans.factory.support.AbstractBeanFactory.lambda$doGetBean$0(AbstractBeanFactory.java:320) ~[spring-beans-5.1.8.RELEASE.jar:5.1.8.RELEASE]
	at org.springframework.beans.factory.support.DefaultSingletonBeanRegistry.getSingleton(DefaultSingletonBeanRegistry.java:222) ~[spring-beans-5.1.8.RELEASE.jar:5.1.8.RELEASE]
	at org.springframework.beans.factory.support.AbstractBeanFactory.doGetBean(AbstractBeanFactory.java:318) ~[spring-beans-5.1.8.RELEASE.jar:5.1.8.RELEASE]
	at org.springframework.beans.factory.support.AbstractBeanFactory.getBean(AbstractBeanFactory.java:199) ~[spring-beans-5.1.8.RELEASE.jar:5.1.8.RELEASE]
	at org.springframework.beans.factory.support.ConstructorResolver.instantiateUsingFactoryMethod(ConstructorResolver.java:392) ~[spring-beans-5.1.8.RELEASE.jar:5.1.8.RELEASE]
	at org.springframework.beans.factory.support.AbstractAutowireCapableBeanFactory.instantiateUsingFactoryMethod(AbstractAutowireCapableBeanFactory.java:1321) ~[spring-beans-5.1.8.RELEASE.jar:5.1.8.RELEASE]
	at org.springframework.beans.factory.support.AbstractAutowireCapableBeanFactory.createBeanInstance(AbstractAutowireCapableBeanFactory.java:1160) ~[spring-beans-5.1.8.RELEASE.jar:5.1.8.RELEASE]
	at org.springframework.beans.factory.support.AbstractAutowireCapableBeanFactory.doCreateBean(AbstractAutowireCapableBeanFactory.java:555) ~[spring-beans-5.1.8.RELEASE.jar:5.1.8.RELEASE]
	at org.springframework.beans.factory.support.AbstractAutowireCapableBeanFactory.createBean(AbstractAutowireCapableBeanFactory.java:515) ~[spring-beans-5.1.8.RELEASE.jar:5.1.8.RELEASE]
	at org.springframework.beans.factory.support.AbstractBeanFactory.lambda$doGetBean$0(AbstractBeanFactory.java:320) ~[spring-beans-5.1.8.RELEASE.jar:5.1.8.RELEASE]
	at org.springframework.beans.factory.support.DefaultSingletonBeanRegistry.getSingleton(DefaultSingletonBeanRegistry.java:222) ~[spring-beans-5.1.8.RELEASE.jar:5.1.8.RELEASE]
	at org.springframework.beans.factory.support.AbstractBeanFactory.doGetBean(AbstractBeanFactory.java:318) ~[spring-beans-5.1.8.RELEASE.jar:5.1.8.RELEASE]
	at org.springframework.beans.factory.support.AbstractBeanFactory.getBean(AbstractBeanFactory.java:199) ~[spring-beans-5.1.8.RELEASE.jar:5.1.8.RELEASE]
	at org.springframework.context.support.AbstractApplicationContext.getBean(AbstractApplicationContext.java:1105) ~[spring-context-5.1.8.RELEASE.jar:5.1.8.RELEASE]
	at org.springframework.context.support.AbstractApplicationContext.finishBeanFactoryInitialization(AbstractApplicationContext.java:867) ~[spring-context-5.1.8.RELEASE.jar:5.1.8.RELEASE]
	at org.springframework.context.support.AbstractApplicationContext.refresh(AbstractApplicationContext.java:549) ~[spring-context-5.1.8.RELEASE.jar:5.1.8.RELEASE]
	at org.springframework.boot.SpringApplication.refresh(SpringApplication.java:742) ~[spring-boot-2.1.6.RELEASE.jar:2.1.6.RELEASE]
	at org.springframework.boot.SpringApplication.refreshContext(SpringApplication.java:389) ~[spring-boot-2.1.6.RELEASE.jar:2.1.6.RELEASE]
	at org.springframework.boot.SpringApplication.run(SpringApplication.java:311) ~[spring-boot-2.1.6.RELEASE.jar:2.1.6.RELEASE]
	at org.springframework.boot.test.context.SpringBootContextLoader.loadContext(SpringBootContextLoader.java:119) [spring-boot-test-2.1.6.RELEASE.jar:2.1.6.RELEASE]
	at org.springframework.test.context.cache.DefaultCacheAwareContextLoaderDelegate.loadContextInternal(DefaultCacheAwareContextLoaderDelegate.java:99) [spring-test-5.1.8.RELEASE.jar:5.1.8.RELEASE]
	at org.springframework.test.context.cache.DefaultCacheAwareContextLoaderDelegate.loadContext(DefaultCacheAwareContextLoaderDelegate.java:117) [spring-test-5.1.8.RELEASE.jar:5.1.8.RELEASE]
	at org.springframework.test.context.support.DefaultTestContext.getApplicationContext(DefaultTestContext.java:108) [spring-test-5.1.8.RELEASE.jar:5.1.8.RELEASE]
	at org.springframework.test.context.support.DependencyInjectionTestExecutionListener.injectDependencies(DependencyInjectionTestExecutionListener.java:118) [spring-test-5.1.8.RELEASE.jar:5.1.8.RELEASE]
	at org.springframework.test.context.support.DependencyInjectionTestExecutionListener.prepareTestInstance(DependencyInjectionTestExecutionListener.java:83) [spring-test-5.1.8.RELEASE.jar:5.1.8.RELEASE]
	at org.springframework.boot.test.autoconfigure.SpringBootDependencyInjectionTestExecutionListener.prepareTestInstance(SpringBootDependencyInjectionTestExecutionListener.java:43) [spring-boot-test-autoconfigure-2.1.6.RELEASE.jar:2.1.6.RELEASE]
	at org.springframework.test.context.TestContextManager.prepareTestInstance(TestContextManager.java:246) [spring-test-5.1.8.RELEASE.jar:5.1.8.RELEASE]
	at org.springframework.test.context.junit4.SpringJUnit4ClassRunner.createTest(SpringJUnit4ClassRunner.java:227) [spring-test-5.1.8.RELEASE.jar:5.1.8.RELEASE]
	at org.springframework.test.context.junit4.SpringJUnit4ClassRunner$1.runReflectiveCall(SpringJUnit4ClassRunner.java:289) [spring-test-5.1.8.RELEASE.jar:5.1.8.RELEASE]
	at org.junit.internal.runners.model.ReflectiveCallable.run(ReflectiveCallable.java:12) [junit-4.12.jar:4.12]
	at org.springframework.test.context.junit4.SpringJUnit4ClassRunner.methodBlock(SpringJUnit4ClassRunner.java:291) [spring-test-5.1.8.RELEASE.jar:5.1.8.RELEASE]
	at org.springframework.test.context.junit4.SpringJUnit4ClassRunner.runChild(SpringJUnit4ClassRunner.java:246) [spring-test-5.1.8.RELEASE.jar:5.1.8.RELEASE]
	at org.springframework.test.context.junit4.SpringJUnit4ClassRunner.runChild(SpringJUnit4ClassRunner.java:97) [spring-test-5.1.8.RELEASE.jar:5.1.8.RELEASE]
	at org.junit.runners.ParentRunner$3.run(ParentRunner.java:290) [junit-4.12.jar:4.12]
	at org.junit.runners.ParentRunner$1.schedule(ParentRunner.java:71) [junit-4.12.jar:4.12]
	at org.junit.runners.ParentRunner.runChildren(ParentRunner.java:288) [junit-4.12.jar:4.12]
	at org.junit.runners.ParentRunner.access$000(ParentRunner.java:58) [junit-4.12.jar:4.12]
	at org.junit.runners.ParentRunner$2.evaluate(ParentRunner.java:268) [junit-4.12.jar:4.12]
	at org.springframework.test.context.junit4.statements.RunBeforeTestClassCallbacks.evaluate(RunBeforeTestClassCallbacks.java:61) [spring-test-5.1.8.RELEASE.jar:5.1.8.RELEASE]
	at org.springframework.test.context.junit4.statements.RunAfterTestClassCallbacks.evaluate(RunAfterTestClassCallbacks.java:70) [spring-test-5.1.8.RELEASE.jar:5.1.8.RELEASE]
	at org.junit.runners.ParentRunner.run(ParentRunner.java:363) [junit-4.12.jar:4.12]
	at org.springframework.test.context.junit4.SpringJUnit4ClassRunner.run(SpringJUnit4ClassRunner.java:190) [spring-test-5.1.8.RELEASE.jar:5.1.8.RELEASE]
	at org.apache.maven.surefire.junit4.JUnit4Provider.execute(JUnit4Provider.java:365) [surefire-junit4-2.22.2.jar:2.22.2]
	at org.apache.maven.surefire.junit4.JUnit4Provider.executeWithRerun(JUnit4Provider.java:273) [surefire-junit4-2.22.2.jar:2.22.2]
	at org.apache.maven.surefire.junit4.JUnit4Provider.executeTestSet(JUnit4Provider.java:238) [surefire-junit4-2.22.2.jar:2.22.2]
	at org.apache.maven.surefire.junit4.JUnit4Provider.invoke(JUnit4Provider.java:159) [surefire-junit4-2.22.2.jar:2.22.2]
	at org.apache.maven.surefire.booter.ForkedBooter.invokeProviderInSameClassLoader(ForkedBooter.java:384) [surefire-booter-2.22.2.jar:2.22.2]
	at org.apache.maven.surefire.booter.ForkedBooter.runSuitesInProcess(ForkedBooter.java:345) [surefire-booter-2.22.2.jar:2.22.2]
	at org.apache.maven.surefire.booter.ForkedBooter.execute(ForkedBooter.java:126) [surefire-booter-2.22.2.jar:2.22.2]
	at org.apache.maven.surefire.booter.ForkedBooter.main(ForkedBooter.java:418) [surefire-booter-2.22.2.jar:2.22.2]
Caused by: org.springframework.beans.factory.BeanCreationException: Error creating bean with name 'dataSource': Post-processing of FactoryBean's singleton object failed; nested exception is org.springframework.beans.factory.BeanCreationException: Error creating bean with name 'org.springframework.boot.autoconfigure.jdbc.DataSourceInitializerInvoker': Invocation of init method failed; nested exception is org.springframework.jdbc.datasource.init.ScriptStatementFailedException: Failed to execute SQL script statement #5 of URL [file:/D:/Documents/BscIT/ThirdYear/Semester%202/CMPG323/Project%201/Software/AccountSystemRepository/target/test-classes/schema.sql]: CREATE TABLE CMPG323.ACCOUNT_TX_DETAILS ( ACCOUNT_TX_DETAILS_ID BIGINT NOT NULL, TX_ID BIGINT NOT NULL, PARTNER_NAME VARCHAR(255) NOT NULL, NUMBER_OF_ITEMS BIGINT NOT NULL, PRIMARY KEY (ACCOUNT_TX_DETAILS_ID), CONSTRAINT FK_ACCOUNT_TYPE_IDL FOREIGN KEY (ACCOUNT_TYPE_ID) REFERENCES CMPG323.DEMO_ACCOUNT_TYPE (ACCOUNT_TYPE_ID), ); nested exception is org.h2.jdbc.JdbcSQLSyntaxErrorException: Constraint "FK_ACCOUNT_TYPE_IDL" already exists; SQL statement:
CREATE TABLE CMPG323.ACCOUNT_TX_DETAILS ( ACCOUNT_TX_DETAILS_ID BIGINT NOT NULL, TX_ID BIGINT NOT NULL, PARTNER_NAME VARCHAR(255) NOT NULL, NUMBER_OF_ITEMS BIGINT NOT NULL, PRIMARY KEY (ACCOUNT_TX_DETAILS_ID), CONSTRAINT FK_ACCOUNT_TYPE_IDL FOREIGN KEY (ACCOUNT_TYPE_ID) REFERENCES CMPG323.DEMO_ACCOUNT_TYPE (ACCOUNT_TYPE_ID), ) [90045-199]
	at org.springframework.beans.factory.support.FactoryBeanRegistrySupport.getObjectFromFactoryBean(FactoryBeanRegistrySupport.java:119) ~[spring-beans-5.1.8.RELEASE.jar:5.1.8.RELEASE]
	at org.springframework.beans.factory.support.AbstractBeanFactory.getObjectForBeanInstance(AbstractBeanFactory.java:1674) ~[spring-beans-5.1.8.RELEASE.jar:5.1.8.RELEASE]
	at org.springframework.beans.factory.support.AbstractAutowireCapableBeanFactory.getObjectForBeanInstance(AbstractAutowireCapableBeanFactory.java:1249) ~[spring-beans-5.1.8.RELEASE.jar:5.1.8.RELEASE]
	at org.springframework.beans.factory.support.AbstractBeanFactory.doGetBean(AbstractBeanFactory.java:330) ~[spring-beans-5.1.8.RELEASE.jar:5.1.8.RELEASE]
	at org.springframework.beans.factory.support.AbstractBeanFactory.getBean(AbstractBeanFactory.java:199) ~[spring-beans-5.1.8.RELEASE.jar:5.1.8.RELEASE]
	at org.springframework.beans.factory.config.DependencyDescriptor.resolveCandidate(DependencyDescriptor.java:277) ~[spring-beans-5.1.8.RELEASE.jar:5.1.8.RELEASE]
	at org.springframework.beans.factory.support.DefaultListableBeanFactory.doResolveDependency(DefaultListableBeanFactory.java:1251) ~[spring-beans-5.1.8.RELEASE.jar:5.1.8.RELEASE]
	at org.springframework.beans.factory.support.DefaultListableBeanFactory.resolveDependency(DefaultListableBeanFactory.java:1171) ~[spring-beans-5.1.8.RELEASE.jar:5.1.8.RELEASE]
	at org.springframework.beans.factory.support.ConstructorResolver.resolveAutowiredArgument(ConstructorResolver.java:857) ~[spring-beans-5.1.8.RELEASE.jar:5.1.8.RELEASE]
	at org.springframework.beans.factory.support.ConstructorResolver.createArgumentArray(ConstructorResolver.java:760) ~[spring-beans-5.1.8.RELEASE.jar:5.1.8.RELEASE]
	... 55 common frames omitted
Caused by: org.springframework.beans.factory.BeanCreationException: Error creating bean with name 'org.springframework.boot.autoconfigure.jdbc.DataSourceInitializerInvoker': Invocation of init method failed; nested exception is org.springframework.jdbc.datasource.init.ScriptStatementFailedException: Failed to execute SQL script statement #5 of URL [file:/D:/Documents/BscIT/ThirdYear/Semester%202/CMPG323/Project%201/Software/AccountSystemRepository/target/test-classes/schema.sql]: CREATE TABLE CMPG323.ACCOUNT_TX_DETAILS ( ACCOUNT_TX_DETAILS_ID BIGINT NOT NULL, TX_ID BIGINT NOT NULL, PARTNER_NAME VARCHAR(255) NOT NULL, NUMBER_OF_ITEMS BIGINT NOT NULL, PRIMARY KEY (ACCOUNT_TX_DETAILS_ID), CONSTRAINT FK_ACCOUNT_TYPE_IDL FOREIGN KEY (ACCOUNT_TYPE_ID) REFERENCES CMPG323.DEMO_ACCOUNT_TYPE (ACCOUNT_TYPE_ID), ); nested exception is org.h2.jdbc.JdbcSQLSyntaxErrorException: Constraint "FK_ACCOUNT_TYPE_IDL" already exists; SQL statement:
CREATE TABLE CMPG323.ACCOUNT_TX_DETAILS ( ACCOUNT_TX_DETAILS_ID BIGINT NOT NULL, TX_ID BIGINT NOT NULL, PARTNER_NAME VARCHAR(255) NOT NULL, NUMBER_OF_ITEMS BIGINT NOT NULL, PRIMARY KEY (ACCOUNT_TX_DETAILS_ID), CONSTRAINT FK_ACCOUNT_TYPE_IDL FOREIGN KEY (ACCOUNT_TYPE_ID) REFERENCES CMPG323.DEMO_ACCOUNT_TYPE (ACCOUNT_TYPE_ID), ) [90045-199]
	at org.springframework.beans.factory.support.AbstractAutowireCapableBeanFactory.initializeBean(AbstractAutowireCapableBeanFactory.java:1778) ~[spring-beans-5.1.8.RELEASE.jar:5.1.8.RELEASE]
	at org.springframework.beans.factory.support.AbstractAutowireCapableBeanFactory.doCreateBean(AbstractAutowireCapableBeanFactory.java:593) ~[spring-beans-5.1.8.RELEASE.jar:5.1.8.RELEASE]
	at org.springframework.beans.factory.support.AbstractAutowireCapableBeanFactory.createBean(AbstractAutowireCapableBeanFactory.java:515) ~[spring-beans-5.1.8.RELEASE.jar:5.1.8.RELEASE]
	at org.springframework.beans.factory.support.AbstractBeanFactory.lambda$doGetBean$0(AbstractBeanFactory.java:320) ~[spring-beans-5.1.8.RELEASE.jar:5.1.8.RELEASE]
	at org.springframework.beans.factory.support.DefaultSingletonBeanRegistry.getSingleton(DefaultSingletonBeanRegistry.java:222) ~[spring-beans-5.1.8.RELEASE.jar:5.1.8.RELEASE]
	at org.springframework.beans.factory.support.AbstractBeanFactory.doGetBean(AbstractBeanFactory.java:318) ~[spring-beans-5.1.8.RELEASE.jar:5.1.8.RELEASE]
	at org.springframework.beans.factory.support.AbstractBeanFactory.getBean(AbstractBeanFactory.java:224) ~[spring-beans-5.1.8.RELEASE.jar:5.1.8.RELEASE]
	at org.springframework.beans.factory.support.DefaultListableBeanFactory.resolveNamedBean(DefaultListableBeanFactory.java:1119) ~[spring-beans-5.1.8.RELEASE.jar:5.1.8.RELEASE]
	at org.springframework.beans.factory.support.DefaultListableBeanFactory.resolveBean(DefaultListableBeanFactory.java:411) ~[spring-beans-5.1.8.RELEASE.jar:5.1.8.RELEASE]
	at org.springframework.beans.factory.support.DefaultListableBeanFactory.getBean(DefaultListableBeanFactory.java:344) ~[spring-beans-5.1.8.RELEASE.jar:5.1.8.RELEASE]
	at org.springframework.beans.factory.support.DefaultListableBeanFactory.getBean(DefaultListableBeanFactory.java:337) ~[spring-beans-5.1.8.RELEASE.jar:5.1.8.RELEASE]
	at org.springframework.boot.autoconfigure.jdbc.DataSourceInitializerPostProcessor.postProcessAfterInitialization(DataSourceInitializerPostProcessor.java:53) ~[spring-boot-autoconfigure-2.1.6.RELEASE.jar:2.1.6.RELEASE]
	at org.springframework.beans.factory.support.AbstractAutowireCapableBeanFactory.applyBeanPostProcessorsAfterInitialization(AbstractAutowireCapableBeanFactory.java:429) ~[spring-beans-5.1.8.RELEASE.jar:5.1.8.RELEASE]
	at org.springframework.beans.factory.support.AbstractAutowireCapableBeanFactory.postProcessObjectFromFactoryBean(AbstractAutowireCapableBeanFactory.java:1921) ~[spring-beans-5.1.8.RELEASE.jar:5.1.8.RELEASE]
	at org.springframework.beans.factory.support.FactoryBeanRegistrySupport.getObjectFromFactoryBean(FactoryBeanRegistrySupport.java:116) ~[spring-beans-5.1.8.RELEASE.jar:5.1.8.RELEASE]
	... 64 common frames omitted
Caused by: org.springframework.jdbc.datasource.init.ScriptStatementFailedException: Failed to execute SQL script statement #5 of URL [file:/D:/Documents/BscIT/ThirdYear/Semester%202/CMPG323/Project%201/Software/AccountSystemRepository/target/test-classes/schema.sql]: CREATE TABLE CMPG323.ACCOUNT_TX_DETAILS ( ACCOUNT_TX_DETAILS_ID BIGINT NOT NULL, TX_ID BIGINT NOT NULL, PARTNER_NAME VARCHAR(255) NOT NULL, NUMBER_OF_ITEMS BIGINT NOT NULL, PRIMARY KEY (ACCOUNT_TX_DETAILS_ID), CONSTRAINT FK_ACCOUNT_TYPE_IDL FOREIGN KEY (ACCOUNT_TYPE_ID) REFERENCES CMPG323.DEMO_ACCOUNT_TYPE (ACCOUNT_TYPE_ID), ); nested exception is org.h2.jdbc.JdbcSQLSyntaxErrorException: Constraint "FK_ACCOUNT_TYPE_IDL" already exists; SQL statement:
CREATE TABLE CMPG323.ACCOUNT_TX_DETAILS ( ACCOUNT_TX_DETAILS_ID BIGINT NOT NULL, TX_ID BIGINT NOT NULL, PARTNER_NAME VARCHAR(255) NOT NULL, NUMBER_OF_ITEMS BIGINT NOT NULL, PRIMARY KEY (ACCOUNT_TX_DETAILS_ID), CONSTRAINT FK_ACCOUNT_TYPE_IDL FOREIGN KEY (ACCOUNT_TYPE_ID) REFERENCES CMPG323.DEMO_ACCOUNT_TYPE (ACCOUNT_TYPE_ID), ) [90045-199]
	at org.springframework.jdbc.datasource.init.ScriptUtils.executeSqlScript(ScriptUtils.java:509) ~[spring-jdbc-5.1.8.RELEASE.jar:5.1.8.RELEASE]
	at org.springframework.jdbc.datasource.init.ResourceDatabasePopulator.populate(ResourceDatabasePopulator.java:238) ~[spring-jdbc-5.1.8.RELEASE.jar:5.1.8.RELEASE]
	at org.springframework.jdbc.datasource.init.DatabasePopulatorUtils.execute(DatabasePopulatorUtils.java:48) ~[spring-jdbc-5.1.8.RELEASE.jar:5.1.8.RELEASE]
	at org.springframework.boot.autoconfigure.jdbc.DataSourceInitializer.runScripts(DataSourceInitializer.java:202) ~[spring-boot-autoconfigure-2.1.6.RELEASE.jar:2.1.6.RELEASE]
	at org.springframework.boot.autoconfigure.jdbc.DataSourceInitializer.createSchema(DataSourceInitializer.java:101) ~[spring-boot-autoconfigure-2.1.6.RELEASE.jar:2.1.6.RELEASE]
	at org.springframework.boot.autoconfigure.jdbc.DataSourceInitializerInvoker.afterPropertiesSet(DataSourceInitializerInvoker.java:62) ~[spring-boot-autoconfigure-2.1.6.RELEASE.jar:2.1.6.RELEASE]
	at org.springframework.beans.factory.support.AbstractAutowireCapableBeanFactory.invokeInitMethods(AbstractAutowireCapableBeanFactory.java:1837) ~[spring-beans-5.1.8.RELEASE.jar:5.1.8.RELEASE]
	at org.springframework.beans.factory.support.AbstractAutowireCapableBeanFactory.initializeBean(AbstractAutowireCapableBeanFactory.java:1774) ~[spring-beans-5.1.8.RELEASE.jar:5.1.8.RELEASE]
	... 78 common frames omitted
Caused by: org.h2.jdbc.JdbcSQLSyntaxErrorException: Constraint "FK_ACCOUNT_TYPE_IDL" already exists; SQL statement:
CREATE TABLE CMPG323.ACCOUNT_TX_DETAILS ( ACCOUNT_TX_DETAILS_ID BIGINT NOT NULL, TX_ID BIGINT NOT NULL, PARTNER_NAME VARCHAR(255) NOT NULL, NUMBER_OF_ITEMS BIGINT NOT NULL, PRIMARY KEY (ACCOUNT_TX_DETAILS_ID), CONSTRAINT FK_ACCOUNT_TYPE_IDL FOREIGN KEY (ACCOUNT_TYPE_ID) REFERENCES CMPG323.DEMO_ACCOUNT_TYPE (ACCOUNT_TYPE_ID), ) [90045-199]
	at org.h2.message.DbException.getJdbcSQLException(DbException.java:573) ~[h2-1.4.199.jar:1.4.199]
	at org.h2.message.DbException.getJdbcSQLException(DbException.java:427) ~[h2-1.4.199.jar:1.4.199]
	at org.h2.message.DbException.get(DbException.java:205) ~[h2-1.4.199.jar:1.4.199]
	at org.h2.message.DbException.get(DbException.java:181) ~[h2-1.4.199.jar:1.4.199]
	at org.h2.command.ddl.AlterTableAddConstraint.tryUpdate(AlterTableAddConstraint.java:114) ~[h2-1.4.199.jar:1.4.199]
	at org.h2.command.ddl.AlterTableAddConstraint.update(AlterTableAddConstraint.java:78) ~[h2-1.4.199.jar:1.4.199]
	at org.h2.command.ddl.CommandWithColumns.createConstraints(CommandWithColumns.java:83) ~[h2-1.4.199.jar:1.4.199]
	at org.h2.command.ddl.CreateTable.update(CreateTable.java:129) ~[h2-1.4.199.jar:1.4.199]
	at org.h2.command.CommandContainer.update(CommandContainer.java:133) ~[h2-1.4.199.jar:1.4.199]
	at org.h2.command.Command.executeUpdate(Command.java:267) ~[h2-1.4.199.jar:1.4.199]
	at org.h2.jdbc.JdbcStatement.executeInternal(JdbcStatement.java:233) ~[h2-1.4.199.jar:1.4.199]
	at org.h2.jdbc.JdbcStatement.execute(JdbcStatement.java:205) ~[h2-1.4.199.jar:1.4.199]
	at org.springframework.jdbc.datasource.init.ScriptUtils.executeSqlScript(ScriptUtils.java:488) ~[spring-jdbc-5.1.8.RELEASE.jar:5.1.8.RELEASE]
	... 85 common frames omitted


  .   ____          _            __ _ _
 /\\ / ___'_ __ _ _(_)_ __  __ _ \ \ \ \
( ( )\___ | '_ | '_| | '_ \/ _` | \ \ \ \
 \\/  ___)| |_)| | | | | || (_| |  ) ) ) )
  '  |____| .__|_| |_|_| |_\__, | / / / /
 =========|_|==============|___/=/_/_/_/
 :: Spring Boot ::        (v2.1.6.RELEASE)

2021-10-09 07:35:01.042  INFO 13704 --- [           main] z.a.n.a.r.p.AccountTypeRepositoryTest    : Starting AccountTypeRepositoryTest on DESKTOP-88F48D2 with PID 13704 (started by Bianca Piek in D:\Documents\BscIT\ThirdYear\Semester 2\CMPG323\Project 1\Software\AccountSystemRepository)
2021-10-09 07:35:01.042  INFO 13704 --- [           main] z.a.n.a.r.p.AccountTypeRepositoryTest    : No active profile set, falling back to default profiles: default
2021-10-09 07:35:01.100  INFO 13704 --- [           main] .s.d.r.c.RepositoryConfigurationDelegate : Bootstrapping Spring Data repositories in DEFAULT mode.
2021-10-09 07:35:01.117  INFO 13704 --- [           main] .s.d.r.c.RepositoryConfigurationDelegate : Finished Spring Data repository scanning in 17ms. Found 3 repository interfaces.
2021-10-09 07:35:01.127  INFO 13704 --- [           main] beddedDataSourceBeanFactoryPostProcessor : Replacing 'dataSource' DataSource bean with embedded version
2021-10-09 07:35:01.144  INFO 13704 --- [           main] o.s.j.d.e.EmbeddedDatabaseFactory        : Starting embedded database: url='jdbc:h2:mem:63a73919-e38f-42b0-b922-49977488ec3f;DB_CLOSE_DELAY=-1;DB_CLOSE_ON_EXIT=false', username='sa'
2021-10-09 07:35:01.172  WARN 13704 --- [           main] s.c.a.AnnotationConfigApplicationContext : Exception encountered during context initialization - cancelling refresh attempt: org.springframework.beans.factory.UnsatisfiedDependencyException: Error creating bean with name 'org.springframework.boot.autoconfigure.orm.jpa.HibernateJpaConfiguration': Unsatisfied dependency expressed through constructor parameter 0; nested exception is org.springframework.beans.factory.BeanCreationException: Error creating bean with name 'dataSource': Post-processing of FactoryBean's singleton object failed; nested exception is org.springframework.beans.factory.BeanCreationException: Error creating bean with name 'org.springframework.boot.autoconfigure.jdbc.DataSourceInitializerInvoker': Invocation of init method failed; nested exception is org.springframework.jdbc.datasource.init.ScriptStatementFailedException: Failed to execute SQL script statement #5 of URL [file:/D:/Documents/BscIT/ThirdYear/Semester%202/CMPG323/Project%201/Software/AccountSystemRepository/target/test-classes/schema.sql]: CREATE TABLE CMPG323.ACCOUNT_TX_DETAILS ( ACCOUNT_TX_DETAILS_ID BIGINT NOT NULL, TX_ID BIGINT NOT NULL, PARTNER_NAME VARCHAR(255) NOT NULL, NUMBER_OF_ITEMS BIGINT NOT NULL, PRIMARY KEY (ACCOUNT_TX_DETAILS_ID), CONSTRAINT FK_ACCOUNT_TYPE_IDL FOREIGN KEY (ACCOUNT_TYPE_ID) REFERENCES CMPG323.DEMO_ACCOUNT_TYPE (ACCOUNT_TYPE_ID), ); nested exception is org.h2.jdbc.JdbcSQLSyntaxErrorException: Constraint "FK_ACCOUNT_TYPE_IDL" already exists; SQL statement:
CREATE TABLE CMPG323.ACCOUNT_TX_DETAILS ( ACCOUNT_TX_DETAILS_ID BIGINT NOT NULL, TX_ID BIGINT NOT NULL, PARTNER_NAME VARCHAR(255) NOT NULL, NUMBER_OF_ITEMS BIGINT NOT NULL, PRIMARY KEY (ACCOUNT_TX_DETAILS_ID), CONSTRAINT FK_ACCOUNT_TYPE_IDL FOREIGN KEY (ACCOUNT_TYPE_ID) REFERENCES CMPG323.DEMO_ACCOUNT_TYPE (ACCOUNT_TYPE_ID), ) [90045-199]
2021-10-09 07:35:01.177  INFO 13704 --- [           main] ConditionEvaluationReportLoggingListener : 

Error starting ApplicationContext. To display the conditions report re-run your application with 'debug' enabled.
2021-10-09 07:35:01.177 ERROR 13704 --- [           main] o.s.boot.SpringApplication               : Application run failed

org.springframework.beans.factory.UnsatisfiedDependencyException: Error creating bean with name 'org.springframework.boot.autoconfigure.orm.jpa.HibernateJpaConfiguration': Unsatisfied dependency expressed through constructor parameter 0; nested exception is org.springframework.beans.factory.BeanCreationException: Error creating bean with name 'dataSource': Post-processing of FactoryBean's singleton object failed; nested exception is org.springframework.beans.factory.BeanCreationException: Error creating bean with name 'org.springframework.boot.autoconfigure.jdbc.DataSourceInitializerInvoker': Invocation of init method failed; nested exception is org.springframework.jdbc.datasource.init.ScriptStatementFailedException: Failed to execute SQL script statement #5 of URL [file:/D:/Documents/BscIT/ThirdYear/Semester%202/CMPG323/Project%201/Software/AccountSystemRepository/target/test-classes/schema.sql]: CREATE TABLE CMPG323.ACCOUNT_TX_DETAILS ( ACCOUNT_TX_DETAILS_ID BIGINT NOT NULL, TX_ID BIGINT NOT NULL, PARTNER_NAME VARCHAR(255) NOT NULL, NUMBER_OF_ITEMS BIGINT NOT NULL, PRIMARY KEY (ACCOUNT_TX_DETAILS_ID), CONSTRAINT FK_ACCOUNT_TYPE_IDL FOREIGN KEY (ACCOUNT_TYPE_ID) REFERENCES CMPG323.DEMO_ACCOUNT_TYPE (ACCOUNT_TYPE_ID), ); nested exception is org.h2.jdbc.JdbcSQLSyntaxErrorException: Constraint "FK_ACCOUNT_TYPE_IDL" already exists; SQL statement:
CREATE TABLE CMPG323.ACCOUNT_TX_DETAILS ( ACCOUNT_TX_DETAILS_ID BIGINT NOT NULL, TX_ID BIGINT NOT NULL, PARTNER_NAME VARCHAR(255) NOT NULL, NUMBER_OF_ITEMS BIGINT NOT NULL, PRIMARY KEY (ACCOUNT_TX_DETAILS_ID), CONSTRAINT FK_ACCOUNT_TYPE_IDL FOREIGN KEY (ACCOUNT_TYPE_ID) REFERENCES CMPG323.DEMO_ACCOUNT_TYPE (ACCOUNT_TYPE_ID), ) [90045-199]
	at org.springframework.beans.factory.support.ConstructorResolver.createArgumentArray(ConstructorResolver.java:769) ~[spring-beans-5.1.8.RELEASE.jar:5.1.8.RELEASE]
	at org.springframework.beans.factory.support.ConstructorResolver.autowireConstructor(ConstructorResolver.java:218) ~[spring-beans-5.1.8.RELEASE.jar:5.1.8.RELEASE]
	at org.springframework.beans.factory.support.AbstractAutowireCapableBeanFactory.autowireConstructor(AbstractAutowireCapableBeanFactory.java:1341) ~[spring-beans-5.1.8.RELEASE.jar:5.1.8.RELEASE]
	at org.springframework.beans.factory.support.AbstractAutowireCapableBeanFactory.createBeanInstance(AbstractAutowireCapableBeanFactory.java:1187) ~[spring-beans-5.1.8.RELEASE.jar:5.1.8.RELEASE]
	at org.springframework.beans.factory.support.AbstractAutowireCapableBeanFactory.doCreateBean(AbstractAutowireCapableBeanFactory.java:555) ~[spring-beans-5.1.8.RELEASE.jar:5.1.8.RELEASE]
	at org.springframework.beans.factory.support.AbstractAutowireCapableBeanFactory.createBean(AbstractAutowireCapableBeanFactory.java:515) ~[spring-beans-5.1.8.RELEASE.jar:5.1.8.RELEASE]
	at org.springframework.beans.factory.support.AbstractBeanFactory.lambda$doGetBean$0(AbstractBeanFactory.java:320) ~[spring-beans-5.1.8.RELEASE.jar:5.1.8.RELEASE]
	at org.springframework.beans.factory.support.DefaultSingletonBeanRegistry.getSingleton(DefaultSingletonBeanRegistry.java:222) ~[spring-beans-5.1.8.RELEASE.jar:5.1.8.RELEASE]
	at org.springframework.beans.factory.support.AbstractBeanFactory.doGetBean(AbstractBeanFactory.java:318) ~[spring-beans-5.1.8.RELEASE.jar:5.1.8.RELEASE]
	at org.springframework.beans.factory.support.AbstractBeanFactory.getBean(AbstractBeanFactory.java:199) ~[spring-beans-5.1.8.RELEASE.jar:5.1.8.RELEASE]
	at org.springframework.beans.factory.support.ConstructorResolver.instantiateUsingFactoryMethod(ConstructorResolver.java:392) ~[spring-beans-5.1.8.RELEASE.jar:5.1.8.RELEASE]
	at org.springframework.beans.factory.support.AbstractAutowireCapableBeanFactory.instantiateUsingFactoryMethod(AbstractAutowireCapableBeanFactory.java:1321) ~[spring-beans-5.1.8.RELEASE.jar:5.1.8.RELEASE]
	at org.springframework.beans.factory.support.AbstractAutowireCapableBeanFactory.createBeanInstance(AbstractAutowireCapableBeanFactory.java:1160) ~[spring-beans-5.1.8.RELEASE.jar:5.1.8.RELEASE]
	at org.springframework.beans.factory.support.AbstractAutowireCapableBeanFactory.doCreateBean(AbstractAutowireCapableBeanFactory.java:555) ~[spring-beans-5.1.8.RELEASE.jar:5.1.8.RELEASE]
	at org.springframework.beans.factory.support.AbstractAutowireCapableBeanFactory.createBean(AbstractAutowireCapableBeanFactory.java:515) ~[spring-beans-5.1.8.RELEASE.jar:5.1.8.RELEASE]
	at org.springframework.beans.factory.support.AbstractBeanFactory.lambda$doGetBean$0(AbstractBeanFactory.java:320) ~[spring-beans-5.1.8.RELEASE.jar:5.1.8.RELEASE]
	at org.springframework.beans.factory.support.DefaultSingletonBeanRegistry.getSingleton(DefaultSingletonBeanRegistry.java:222) ~[spring-beans-5.1.8.RELEASE.jar:5.1.8.RELEASE]
	at org.springframework.beans.factory.support.AbstractBeanFactory.doGetBean(AbstractBeanFactory.java:318) ~[spring-beans-5.1.8.RELEASE.jar:5.1.8.RELEASE]
	at org.springframework.beans.factory.support.AbstractBeanFactory.getBean(AbstractBeanFactory.java:199) ~[spring-beans-5.1.8.RELEASE.jar:5.1.8.RELEASE]
	at org.springframework.context.support.AbstractApplicationContext.getBean(AbstractApplicationContext.java:1105) ~[spring-context-5.1.8.RELEASE.jar:5.1.8.RELEASE]
	at org.springframework.context.support.AbstractApplicationContext.finishBeanFactoryInitialization(AbstractApplicationContext.java:867) ~[spring-context-5.1.8.RELEASE.jar:5.1.8.RELEASE]
	at org.springframework.context.support.AbstractApplicationContext.refresh(AbstractApplicationContext.java:549) ~[spring-context-5.1.8.RELEASE.jar:5.1.8.RELEASE]
	at org.springframework.boot.SpringApplication.refresh(SpringApplication.java:742) ~[spring-boot-2.1.6.RELEASE.jar:2.1.6.RELEASE]
	at org.springframework.boot.SpringApplication.refreshContext(SpringApplication.java:389) ~[spring-boot-2.1.6.RELEASE.jar:2.1.6.RELEASE]
	at org.springframework.boot.SpringApplication.run(SpringApplication.java:311) ~[spring-boot-2.1.6.RELEASE.jar:2.1.6.RELEASE]
	at org.springframework.boot.test.context.SpringBootContextLoader.loadContext(SpringBootContextLoader.java:119) [spring-boot-test-2.1.6.RELEASE.jar:2.1.6.RELEASE]
	at org.springframework.test.context.cache.DefaultCacheAwareContextLoaderDelegate.loadContextInternal(DefaultCacheAwareContextLoaderDelegate.java:99) [spring-test-5.1.8.RELEASE.jar:5.1.8.RELEASE]
	at org.springframework.test.context.cache.DefaultCacheAwareContextLoaderDelegate.loadContext(DefaultCacheAwareContextLoaderDelegate.java:117) [spring-test-5.1.8.RELEASE.jar:5.1.8.RELEASE]
	at org.springframework.test.context.support.DefaultTestContext.getApplicationContext(DefaultTestContext.java:108) [spring-test-5.1.8.RELEASE.jar:5.1.8.RELEASE]
	at org.springframework.boot.test.autoconfigure.SpringBootDependencyInjectionTestExecutionListener.outputConditionEvaluationReport(SpringBootDependencyInjectionTestExecutionListener.java:53) [spring-boot-test-autoconfigure-2.1.6.RELEASE.jar:2.1.6.RELEASE]
	at org.springframework.boot.test.autoconfigure.SpringBootDependencyInjectionTestExecutionListener.prepareTestInstance(SpringBootDependencyInjectionTestExecutionListener.java:46) [spring-boot-test-autoconfigure-2.1.6.RELEASE.jar:2.1.6.RELEASE]
	at org.springframework.test.context.TestContextManager.prepareTestInstance(TestContextManager.java:246) [spring-test-5.1.8.RELEASE.jar:5.1.8.RELEASE]
	at org.springframework.test.context.junit4.SpringJUnit4ClassRunner.createTest(SpringJUnit4ClassRunner.java:227) [spring-test-5.1.8.RELEASE.jar:5.1.8.RELEASE]
	at org.springframework.test.context.junit4.SpringJUnit4ClassRunner$1.runReflectiveCall(SpringJUnit4ClassRunner.java:289) [spring-test-5.1.8.RELEASE.jar:5.1.8.RELEASE]
	at org.junit.internal.runners.model.ReflectiveCallable.run(ReflectiveCallable.java:12) [junit-4.12.jar:4.12]
	at org.springframework.test.context.junit4.SpringJUnit4ClassRunner.methodBlock(SpringJUnit4ClassRunner.java:291) [spring-test-5.1.8.RELEASE.jar:5.1.8.RELEASE]
	at org.springframework.test.context.junit4.SpringJUnit4ClassRunner.runChild(SpringJUnit4ClassRunner.java:246) [spring-test-5.1.8.RELEASE.jar:5.1.8.RELEASE]
	at org.springframework.test.context.junit4.SpringJUnit4ClassRunner.runChild(SpringJUnit4ClassRunner.java:97) [spring-test-5.1.8.RELEASE.jar:5.1.8.RELEASE]
	at org.junit.runners.ParentRunner$3.run(ParentRunner.java:290) [junit-4.12.jar:4.12]
	at org.junit.runners.ParentRunner$1.schedule(ParentRunner.java:71) [junit-4.12.jar:4.12]
	at org.junit.runners.ParentRunner.runChildren(ParentRunner.java:288) [junit-4.12.jar:4.12]
	at org.junit.runners.ParentRunner.access$000(ParentRunner.java:58) [junit-4.12.jar:4.12]
	at org.junit.runners.ParentRunner$2.evaluate(ParentRunner.java:268) [junit-4.12.jar:4.12]
	at org.springframework.test.context.junit4.statements.RunBeforeTestClassCallbacks.evaluate(RunBeforeTestClassCallbacks.java:61) [spring-test-5.1.8.RELEASE.jar:5.1.8.RELEASE]
	at org.springframework.test.context.junit4.statements.RunAfterTestClassCallbacks.evaluate(RunAfterTestClassCallbacks.java:70) [spring-test-5.1.8.RELEASE.jar:5.1.8.RELEASE]
	at org.junit.runners.ParentRunner.run(ParentRunner.java:363) [junit-4.12.jar:4.12]
	at org.springframework.test.context.junit4.SpringJUnit4ClassRunner.run(SpringJUnit4ClassRunner.java:190) [spring-test-5.1.8.RELEASE.jar:5.1.8.RELEASE]
	at org.apache.maven.surefire.junit4.JUnit4Provider.execute(JUnit4Provider.java:365) [surefire-junit4-2.22.2.jar:2.22.2]
	at org.apache.maven.surefire.junit4.JUnit4Provider.executeWithRerun(JUnit4Provider.java:273) [surefire-junit4-2.22.2.jar:2.22.2]
	at org.apache.maven.surefire.junit4.JUnit4Provider.executeTestSet(JUnit4Provider.java:238) [surefire-junit4-2.22.2.jar:2.22.2]
	at org.apache.maven.surefire.junit4.JUnit4Provider.invoke(JUnit4Provider.java:159) [surefire-junit4-2.22.2.jar:2.22.2]
	at org.apache.maven.surefire.booter.ForkedBooter.invokeProviderInSameClassLoader(ForkedBooter.java:384) [surefire-booter-2.22.2.jar:2.22.2]
	at org.apache.maven.surefire.booter.ForkedBooter.runSuitesInProcess(ForkedBooter.java:345) [surefire-booter-2.22.2.jar:2.22.2]
	at org.apache.maven.surefire.booter.ForkedBooter.execute(ForkedBooter.java:126) [surefire-booter-2.22.2.jar:2.22.2]
	at org.apache.maven.surefire.booter.ForkedBooter.main(ForkedBooter.java:418) [surefire-booter-2.22.2.jar:2.22.2]
Caused by: org.springframework.beans.factory.BeanCreationException: Error creating bean with name 'dataSource': Post-processing of FactoryBean's singleton object failed; nested exception is org.springframework.beans.factory.BeanCreationException: Error creating bean with name 'org.springframework.boot.autoconfigure.jdbc.DataSourceInitializerInvoker': Invocation of init method failed; nested exception is org.springframework.jdbc.datasource.init.ScriptStatementFailedException: Failed to execute SQL script statement #5 of URL [file:/D:/Documents/BscIT/ThirdYear/Semester%202/CMPG323/Project%201/Software/AccountSystemRepository/target/test-classes/schema.sql]: CREATE TABLE CMPG323.ACCOUNT_TX_DETAILS ( ACCOUNT_TX_DETAILS_ID BIGINT NOT NULL, TX_ID BIGINT NOT NULL, PARTNER_NAME VARCHAR(255) NOT NULL, NUMBER_OF_ITEMS BIGINT NOT NULL, PRIMARY KEY (ACCOUNT_TX_DETAILS_ID), CONSTRAINT FK_ACCOUNT_TYPE_IDL FOREIGN KEY (ACCOUNT_TYPE_ID) REFERENCES CMPG323.DEMO_ACCOUNT_TYPE (ACCOUNT_TYPE_ID), ); nested exception is org.h2.jdbc.JdbcSQLSyntaxErrorException: Constraint "FK_ACCOUNT_TYPE_IDL" already exists; SQL statement:
CREATE TABLE CMPG323.ACCOUNT_TX_DETAILS ( ACCOUNT_TX_DETAILS_ID BIGINT NOT NULL, TX_ID BIGINT NOT NULL, PARTNER_NAME VARCHAR(255) NOT NULL, NUMBER_OF_ITEMS BIGINT NOT NULL, PRIMARY KEY (ACCOUNT_TX_DETAILS_ID), CONSTRAINT FK_ACCOUNT_TYPE_IDL FOREIGN KEY (ACCOUNT_TYPE_ID) REFERENCES CMPG323.DEMO_ACCOUNT_TYPE (ACCOUNT_TYPE_ID), ) [90045-199]
	at org.springframework.beans.factory.support.FactoryBeanRegistrySupport.getObjectFromFactoryBean(FactoryBeanRegistrySupport.java:119) ~[spring-beans-5.1.8.RELEASE.jar:5.1.8.RELEASE]
	at org.springframework.beans.factory.support.AbstractBeanFactory.getObjectForBeanInstance(AbstractBeanFactory.java:1674) ~[spring-beans-5.1.8.RELEASE.jar:5.1.8.RELEASE]
	at org.springframework.beans.factory.support.AbstractAutowireCapableBeanFactory.getObjectForBeanInstance(AbstractAutowireCapableBeanFactory.java:1249) ~[spring-beans-5.1.8.RELEASE.jar:5.1.8.RELEASE]
	at org.springframework.beans.factory.support.AbstractBeanFactory.doGetBean(AbstractBeanFactory.java:330) ~[spring-beans-5.1.8.RELEASE.jar:5.1.8.RELEASE]
	at org.springframework.beans.factory.support.AbstractBeanFactory.getBean(AbstractBeanFactory.java:199) ~[spring-beans-5.1.8.RELEASE.jar:5.1.8.RELEASE]
	at org.springframework.beans.factory.config.DependencyDescriptor.resolveCandidate(DependencyDescriptor.java:277) ~[spring-beans-5.1.8.RELEASE.jar:5.1.8.RELEASE]
	at org.springframework.beans.factory.support.DefaultListableBeanFactory.doResolveDependency(DefaultListableBeanFactory.java:1251) ~[spring-beans-5.1.8.RELEASE.jar:5.1.8.RELEASE]
	at org.springframework.beans.factory.support.DefaultListableBeanFactory.resolveDependency(DefaultListableBeanFactory.java:1171) ~[spring-beans-5.1.8.RELEASE.jar:5.1.8.RELEASE]
	at org.springframework.beans.factory.support.ConstructorResolver.resolveAutowiredArgument(ConstructorResolver.java:857) ~[spring-beans-5.1.8.RELEASE.jar:5.1.8.RELEASE]
	at org.springframework.beans.factory.support.ConstructorResolver.createArgumentArray(ConstructorResolver.java:760) ~[spring-beans-5.1.8.RELEASE.jar:5.1.8.RELEASE]
	... 54 common frames omitted
Caused by: org.springframework.beans.factory.BeanCreationException: Error creating bean with name 'org.springframework.boot.autoconfigure.jdbc.DataSourceInitializerInvoker': Invocation of init method failed; nested exception is org.springframework.jdbc.datasource.init.ScriptStatementFailedException: Failed to execute SQL script statement #5 of URL [file:/D:/Documents/BscIT/ThirdYear/Semester%202/CMPG323/Project%201/Software/AccountSystemRepository/target/test-classes/schema.sql]: CREATE TABLE CMPG323.ACCOUNT_TX_DETAILS ( ACCOUNT_TX_DETAILS_ID BIGINT NOT NULL, TX_ID BIGINT NOT NULL, PARTNER_NAME VARCHAR(255) NOT NULL, NUMBER_OF_ITEMS BIGINT NOT NULL, PRIMARY KEY (ACCOUNT_TX_DETAILS_ID), CONSTRAINT FK_ACCOUNT_TYPE_IDL FOREIGN KEY (ACCOUNT_TYPE_ID) REFERENCES CMPG323.DEMO_ACCOUNT_TYPE (ACCOUNT_TYPE_ID), ); nested exception is org.h2.jdbc.JdbcSQLSyntaxErrorException: Constraint "FK_ACCOUNT_TYPE_IDL" already exists; SQL statement:
CREATE TABLE CMPG323.ACCOUNT_TX_DETAILS ( ACCOUNT_TX_DETAILS_ID BIGINT NOT NULL, TX_ID BIGINT NOT NULL, PARTNER_NAME VARCHAR(255) NOT NULL, NUMBER_OF_ITEMS BIGINT NOT NULL, PRIMARY KEY (ACCOUNT_TX_DETAILS_ID), CONSTRAINT FK_ACCOUNT_TYPE_IDL FOREIGN KEY (ACCOUNT_TYPE_ID) REFERENCES CMPG323.DEMO_ACCOUNT_TYPE (ACCOUNT_TYPE_ID), ) [90045-199]
	at org.springframework.beans.factory.support.AbstractAutowireCapableBeanFactory.initializeBean(AbstractAutowireCapableBeanFactory.java:1778) ~[spring-beans-5.1.8.RELEASE.jar:5.1.8.RELEASE]
	at org.springframework.beans.factory.support.AbstractAutowireCapableBeanFactory.doCreateBean(AbstractAutowireCapableBeanFactory.java:593) ~[spring-beans-5.1.8.RELEASE.jar:5.1.8.RELEASE]
	at org.springframework.beans.factory.support.AbstractAutowireCapableBeanFactory.createBean(AbstractAutowireCapableBeanFactory.java:515) ~[spring-beans-5.1.8.RELEASE.jar:5.1.8.RELEASE]
	at org.springframework.beans.factory.support.AbstractBeanFactory.lambda$doGetBean$0(AbstractBeanFactory.java:320) ~[spring-beans-5.1.8.RELEASE.jar:5.1.8.RELEASE]
	at org.springframework.beans.factory.support.DefaultSingletonBeanRegistry.getSingleton(DefaultSingletonBeanRegistry.java:222) ~[spring-beans-5.1.8.RELEASE.jar:5.1.8.RELEASE]
	at org.springframework.beans.factory.support.AbstractBeanFactory.doGetBean(AbstractBeanFactory.java:318) ~[spring-beans-5.1.8.RELEASE.jar:5.1.8.RELEASE]
	at org.springframework.beans.factory.support.AbstractBeanFactory.getBean(AbstractBeanFactory.java:224) ~[spring-beans-5.1.8.RELEASE.jar:5.1.8.RELEASE]
	at org.springframework.beans.factory.support.DefaultListableBeanFactory.resolveNamedBean(DefaultListableBeanFactory.java:1119) ~[spring-beans-5.1.8.RELEASE.jar:5.1.8.RELEASE]
	at org.springframework.beans.factory.support.DefaultListableBeanFactory.resolveBean(DefaultListableBeanFactory.java:411) ~[spring-beans-5.1.8.RELEASE.jar:5.1.8.RELEASE]
	at org.springframework.beans.factory.support.DefaultListableBeanFactory.getBean(DefaultListableBeanFactory.java:344) ~[spring-beans-5.1.8.RELEASE.jar:5.1.8.RELEASE]
	at org.springframework.beans.factory.support.DefaultListableBeanFactory.getBean(DefaultListableBeanFactory.java:337) ~[spring-beans-5.1.8.RELEASE.jar:5.1.8.RELEASE]
	at org.springframework.boot.autoconfigure.jdbc.DataSourceInitializerPostProcessor.postProcessAfterInitialization(DataSourceInitializerPostProcessor.java:53) ~[spring-boot-autoconfigure-2.1.6.RELEASE.jar:2.1.6.RELEASE]
	at org.springframework.beans.factory.support.AbstractAutowireCapableBeanFactory.applyBeanPostProcessorsAfterInitialization(AbstractAutowireCapableBeanFactory.java:429) ~[spring-beans-5.1.8.RELEASE.jar:5.1.8.RELEASE]
	at org.springframework.beans.factory.support.AbstractAutowireCapableBeanFactory.postProcessObjectFromFactoryBean(AbstractAutowireCapableBeanFactory.java:1921) ~[spring-beans-5.1.8.RELEASE.jar:5.1.8.RELEASE]
	at org.springframework.beans.factory.support.FactoryBeanRegistrySupport.getObjectFromFactoryBean(FactoryBeanRegistrySupport.java:116) ~[spring-beans-5.1.8.RELEASE.jar:5.1.8.RELEASE]
	... 63 common frames omitted
Caused by: org.springframework.jdbc.datasource.init.ScriptStatementFailedException: Failed to execute SQL script statement #5 of URL [file:/D:/Documents/BscIT/ThirdYear/Semester%202/CMPG323/Project%201/Software/AccountSystemRepository/target/test-classes/schema.sql]: CREATE TABLE CMPG323.ACCOUNT_TX_DETAILS ( ACCOUNT_TX_DETAILS_ID BIGINT NOT NULL, TX_ID BIGINT NOT NULL, PARTNER_NAME VARCHAR(255) NOT NULL, NUMBER_OF_ITEMS BIGINT NOT NULL, PRIMARY KEY (ACCOUNT_TX_DETAILS_ID), CONSTRAINT FK_ACCOUNT_TYPE_IDL FOREIGN KEY (ACCOUNT_TYPE_ID) REFERENCES CMPG323.DEMO_ACCOUNT_TYPE (ACCOUNT_TYPE_ID), ); nested exception is org.h2.jdbc.JdbcSQLSyntaxErrorException: Constraint "FK_ACCOUNT_TYPE_IDL" already exists; SQL statement:
CREATE TABLE CMPG323.ACCOUNT_TX_DETAILS ( ACCOUNT_TX_DETAILS_ID BIGINT NOT NULL, TX_ID BIGINT NOT NULL, PARTNER_NAME VARCHAR(255) NOT NULL, NUMBER_OF_ITEMS BIGINT NOT NULL, PRIMARY KEY (ACCOUNT_TX_DETAILS_ID), CONSTRAINT FK_ACCOUNT_TYPE_IDL FOREIGN KEY (ACCOUNT_TYPE_ID) REFERENCES CMPG323.DEMO_ACCOUNT_TYPE (ACCOUNT_TYPE_ID), ) [90045-199]
	at org.springframework.jdbc.datasource.init.ScriptUtils.executeSqlScript(ScriptUtils.java:509) ~[spring-jdbc-5.1.8.RELEASE.jar:5.1.8.RELEASE]
	at org.springframework.jdbc.datasource.init.ResourceDatabasePopulator.populate(ResourceDatabasePopulator.java:238) ~[spring-jdbc-5.1.8.RELEASE.jar:5.1.8.RELEASE]
	at org.springframework.jdbc.datasource.init.DatabasePopulatorUtils.execute(DatabasePopulatorUtils.java:48) ~[spring-jdbc-5.1.8.RELEASE.jar:5.1.8.RELEASE]
	at org.springframework.boot.autoconfigure.jdbc.DataSourceInitializer.runScripts(DataSourceInitializer.java:202) ~[spring-boot-autoconfigure-2.1.6.RELEASE.jar:2.1.6.RELEASE]
	at org.springframework.boot.autoconfigure.jdbc.DataSourceInitializer.createSchema(DataSourceInitializer.java:101) ~[spring-boot-autoconfigure-2.1.6.RELEASE.jar:2.1.6.RELEASE]
	at org.springframework.boot.autoconfigure.jdbc.DataSourceInitializerInvoker.afterPropertiesSet(DataSourceInitializerInvoker.java:62) ~[spring-boot-autoconfigure-2.1.6.RELEASE.jar:2.1.6.RELEASE]
	at org.springframework.beans.factory.support.AbstractAutowireCapableBeanFactory.invokeInitMethods(AbstractAutowireCapableBeanFactory.java:1837) ~[spring-beans-5.1.8.RELEASE.jar:5.1.8.RELEASE]
	at org.springframework.beans.factory.support.AbstractAutowireCapableBeanFactory.initializeBean(AbstractAutowireCapableBeanFactory.java:1774) ~[spring-beans-5.1.8.RELEASE.jar:5.1.8.RELEASE]
	... 77 common frames omitted
Caused by: org.h2.jdbc.JdbcSQLSyntaxErrorException: Constraint "FK_ACCOUNT_TYPE_IDL" already exists; SQL statement:
CREATE TABLE CMPG323.ACCOUNT_TX_DETAILS ( ACCOUNT_TX_DETAILS_ID BIGINT NOT NULL, TX_ID BIGINT NOT NULL, PARTNER_NAME VARCHAR(255) NOT NULL, NUMBER_OF_ITEMS BIGINT NOT NULL, PRIMARY KEY (ACCOUNT_TX_DETAILS_ID), CONSTRAINT FK_ACCOUNT_TYPE_IDL FOREIGN KEY (ACCOUNT_TYPE_ID) REFERENCES CMPG323.DEMO_ACCOUNT_TYPE (ACCOUNT_TYPE_ID), ) [90045-199]
	at org.h2.message.DbException.getJdbcSQLException(DbException.java:573) ~[h2-1.4.199.jar:1.4.199]
	at org.h2.message.DbException.getJdbcSQLException(DbException.java:427) ~[h2-1.4.199.jar:1.4.199]
	at org.h2.message.DbException.get(DbException.java:205) ~[h2-1.4.199.jar:1.4.199]
	at org.h2.message.DbException.get(DbException.java:181) ~[h2-1.4.199.jar:1.4.199]
	at org.h2.command.ddl.AlterTableAddConstraint.tryUpdate(AlterTableAddConstraint.java:114) ~[h2-1.4.199.jar:1.4.199]
	at org.h2.command.ddl.AlterTableAddConstraint.update(AlterTableAddConstraint.java:78) ~[h2-1.4.199.jar:1.4.199]
	at org.h2.command.ddl.CommandWithColumns.createConstraints(CommandWithColumns.java:83) ~[h2-1.4.199.jar:1.4.199]
	at org.h2.command.ddl.CreateTable.update(CreateTable.java:129) ~[h2-1.4.199.jar:1.4.199]
	at org.h2.command.CommandContainer.update(CommandContainer.java:133) ~[h2-1.4.199.jar:1.4.199]
	at org.h2.command.Command.executeUpdate(Command.java:267) ~[h2-1.4.199.jar:1.4.199]
	at org.h2.jdbc.JdbcStatement.executeInternal(JdbcStatement.java:233) ~[h2-1.4.199.jar:1.4.199]
	at org.h2.jdbc.JdbcStatement.execute(JdbcStatement.java:205) ~[h2-1.4.199.jar:1.4.199]
	at org.springframework.jdbc.datasource.init.ScriptUtils.executeSqlScript(ScriptUtils.java:488) ~[spring-jdbc-5.1.8.RELEASE.jar:5.1.8.RELEASE]
	... 84 common frames omitted

2021-10-09 07:35:01.177 ERROR 13704 --- [           main] o.s.test.context.TestContextManager      : Caught exception while allowing TestExecutionListener [org.springframework.boot.test.autoconfigure.SpringBootDependencyInjectionTestExecutionListener@2b546384] to prepare test instance [za.ac.nwu.ac.repo.persistence.AccountTypeRepositoryTest@45dd4eda]

java.lang.IllegalStateException: Failed to load ApplicationContext
	at org.springframework.test.context.cache.DefaultCacheAwareContextLoaderDelegate.loadContext(DefaultCacheAwareContextLoaderDelegate.java:125) ~[spring-test-5.1.8.RELEASE.jar:5.1.8.RELEASE]
	at org.springframework.test.context.support.DefaultTestContext.getApplicationContext(DefaultTestContext.java:108) ~[spring-test-5.1.8.RELEASE.jar:5.1.8.RELEASE]
	at org.springframework.test.context.support.DependencyInjectionTestExecutionListener.injectDependencies(DependencyInjectionTestExecutionListener.java:118) ~[spring-test-5.1.8.RELEASE.jar:5.1.8.RELEASE]
	at org.springframework.test.context.support.DependencyInjectionTestExecutionListener.prepareTestInstance(DependencyInjectionTestExecutionListener.java:83) ~[spring-test-5.1.8.RELEASE.jar:5.1.8.RELEASE]
	at org.springframework.boot.test.autoconfigure.SpringBootDependencyInjectionTestExecutionListener.prepareTestInstance(SpringBootDependencyInjectionTestExecutionListener.java:43) ~[spring-boot-test-autoconfigure-2.1.6.RELEASE.jar:2.1.6.RELEASE]
	at org.springframework.test.context.TestContextManager.prepareTestInstance(TestContextManager.java:246) ~[spring-test-5.1.8.RELEASE.jar:5.1.8.RELEASE]
	at org.springframework.test.context.junit4.SpringJUnit4ClassRunner.createTest(SpringJUnit4ClassRunner.java:227) [spring-test-5.1.8.RELEASE.jar:5.1.8.RELEASE]
	at org.springframework.test.context.junit4.SpringJUnit4ClassRunner$1.runReflectiveCall(SpringJUnit4ClassRunner.java:289) [spring-test-5.1.8.RELEASE.jar:5.1.8.RELEASE]
	at org.junit.internal.runners.model.ReflectiveCallable.run(ReflectiveCallable.java:12) [junit-4.12.jar:4.12]
	at org.springframework.test.context.junit4.SpringJUnit4ClassRunner.methodBlock(SpringJUnit4ClassRunner.java:291) [spring-test-5.1.8.RELEASE.jar:5.1.8.RELEASE]
	at org.springframework.test.context.junit4.SpringJUnit4ClassRunner.runChild(SpringJUnit4ClassRunner.java:246) [spring-test-5.1.8.RELEASE.jar:5.1.8.RELEASE]
	at org.springframework.test.context.junit4.SpringJUnit4ClassRunner.runChild(SpringJUnit4ClassRunner.java:97) [spring-test-5.1.8.RELEASE.jar:5.1.8.RELEASE]
	at org.junit.runners.ParentRunner$3.run(ParentRunner.java:290) [junit-4.12.jar:4.12]
	at org.junit.runners.ParentRunner$1.schedule(ParentRunner.java:71) [junit-4.12.jar:4.12]
	at org.junit.runners.ParentRunner.runChildren(ParentRunner.java:288) [junit-4.12.jar:4.12]
	at org.junit.runners.ParentRunner.access$000(ParentRunner.java:58) [junit-4.12.jar:4.12]
	at org.junit.runners.ParentRunner$2.evaluate(ParentRunner.java:268) [junit-4.12.jar:4.12]
	at org.springframework.test.context.junit4.statements.RunBeforeTestClassCallbacks.evaluate(RunBeforeTestClassCallbacks.java:61) [spring-test-5.1.8.RELEASE.jar:5.1.8.RELEASE]
	at org.springframework.test.context.junit4.statements.RunAfterTestClassCallbacks.evaluate(RunAfterTestClassCallbacks.java:70) [spring-test-5.1.8.RELEASE.jar:5.1.8.RELEASE]
	at org.junit.runners.ParentRunner.run(ParentRunner.java:363) [junit-4.12.jar:4.12]
	at org.springframework.test.context.junit4.SpringJUnit4ClassRunner.run(SpringJUnit4ClassRunner.java:190) [spring-test-5.1.8.RELEASE.jar:5.1.8.RELEASE]
	at org.apache.maven.surefire.junit4.JUnit4Provider.execute(JUnit4Provider.java:365) [surefire-junit4-2.22.2.jar:2.22.2]
	at org.apache.maven.surefire.junit4.JUnit4Provider.executeWithRerun(JUnit4Provider.java:273) [surefire-junit4-2.22.2.jar:2.22.2]
	at org.apache.maven.surefire.junit4.JUnit4Provider.executeTestSet(JUnit4Provider.java:238) [surefire-junit4-2.22.2.jar:2.22.2]
	at org.apache.maven.surefire.junit4.JUnit4Provider.invoke(JUnit4Provider.java:159) [surefire-junit4-2.22.2.jar:2.22.2]
	at org.apache.maven.surefire.booter.ForkedBooter.invokeProviderInSameClassLoader(ForkedBooter.java:384) [surefire-booter-2.22.2.jar:2.22.2]
	at org.apache.maven.surefire.booter.ForkedBooter.runSuitesInProcess(ForkedBooter.java:345) [surefire-booter-2.22.2.jar:2.22.2]
	at org.apache.maven.surefire.booter.ForkedBooter.execute(ForkedBooter.java:126) [surefire-booter-2.22.2.jar:2.22.2]
	at org.apache.maven.surefire.booter.ForkedBooter.main(ForkedBooter.java:418) [surefire-booter-2.22.2.jar:2.22.2]
Caused by: org.springframework.beans.factory.UnsatisfiedDependencyException: Error creating bean with name 'org.springframework.boot.autoconfigure.orm.jpa.HibernateJpaConfiguration': Unsatisfied dependency expressed through constructor parameter 0; nested exception is org.springframework.beans.factory.BeanCreationException: Error creating bean with name 'dataSource': Post-processing of FactoryBean's singleton object failed; nested exception is org.springframework.beans.factory.BeanCreationException: Error creating bean with name 'org.springframework.boot.autoconfigure.jdbc.DataSourceInitializerInvoker': Invocation of init method failed; nested exception is org.springframework.jdbc.datasource.init.ScriptStatementFailedException: Failed to execute SQL script statement #5 of URL [file:/D:/Documents/BscIT/ThirdYear/Semester%202/CMPG323/Project%201/Software/AccountSystemRepository/target/test-classes/schema.sql]: CREATE TABLE CMPG323.ACCOUNT_TX_DETAILS ( ACCOUNT_TX_DETAILS_ID BIGINT NOT NULL, TX_ID BIGINT NOT NULL, PARTNER_NAME VARCHAR(255) NOT NULL, NUMBER_OF_ITEMS BIGINT NOT NULL, PRIMARY KEY (ACCOUNT_TX_DETAILS_ID), CONSTRAINT FK_ACCOUNT_TYPE_IDL FOREIGN KEY (ACCOUNT_TYPE_ID) REFERENCES CMPG323.DEMO_ACCOUNT_TYPE (ACCOUNT_TYPE_ID), ); nested exception is org.h2.jdbc.JdbcSQLSyntaxErrorException: Constraint "FK_ACCOUNT_TYPE_IDL" already exists; SQL statement:
CREATE TABLE CMPG323.ACCOUNT_TX_DETAILS ( ACCOUNT_TX_DETAILS_ID BIGINT NOT NULL, TX_ID BIGINT NOT NULL, PARTNER_NAME VARCHAR(255) NOT NULL, NUMBER_OF_ITEMS BIGINT NOT NULL, PRIMARY KEY (ACCOUNT_TX_DETAILS_ID), CONSTRAINT FK_ACCOUNT_TYPE_IDL FOREIGN KEY (ACCOUNT_TYPE_ID) REFERENCES CMPG323.DEMO_ACCOUNT_TYPE (ACCOUNT_TYPE_ID), ) [90045-199]
	at org.springframework.beans.factory.support.ConstructorResolver.createArgumentArray(ConstructorResolver.java:769) ~[spring-beans-5.1.8.RELEASE.jar:5.1.8.RELEASE]
	at org.springframework.beans.factory.support.ConstructorResolver.autowireConstructor(ConstructorResolver.java:218) ~[spring-beans-5.1.8.RELEASE.jar:5.1.8.RELEASE]
	at org.springframework.beans.factory.support.AbstractAutowireCapableBeanFactory.autowireConstructor(AbstractAutowireCapableBeanFactory.java:1341) ~[spring-beans-5.1.8.RELEASE.jar:5.1.8.RELEASE]
	at org.springframework.beans.factory.support.AbstractAutowireCapableBeanFactory.createBeanInstance(AbstractAutowireCapableBeanFactory.java:1187) ~[spring-beans-5.1.8.RELEASE.jar:5.1.8.RELEASE]
	at org.springframework.beans.factory.support.AbstractAutowireCapableBeanFactory.doCreateBean(AbstractAutowireCapableBeanFactory.java:555) ~[spring-beans-5.1.8.RELEASE.jar:5.1.8.RELEASE]
	at org.springframework.beans.factory.support.AbstractAutowireCapableBeanFactory.createBean(AbstractAutowireCapableBeanFactory.java:515) ~[spring-beans-5.1.8.RELEASE.jar:5.1.8.RELEASE]
	at org.springframework.beans.factory.support.AbstractBeanFactory.lambda$doGetBean$0(AbstractBeanFactory.java:320) ~[spring-beans-5.1.8.RELEASE.jar:5.1.8.RELEASE]
	at org.springframework.beans.factory.support.DefaultSingletonBeanRegistry.getSingleton(DefaultSingletonBeanRegistry.java:222) ~[spring-beans-5.1.8.RELEASE.jar:5.1.8.RELEASE]
	at org.springframework.beans.factory.support.AbstractBeanFactory.doGetBean(AbstractBeanFactory.java:318) ~[spring-beans-5.1.8.RELEASE.jar:5.1.8.RELEASE]
	at org.springframework.beans.factory.support.AbstractBeanFactory.getBean(AbstractBeanFactory.java:199) ~[spring-beans-5.1.8.RELEASE.jar:5.1.8.RELEASE]
	at org.springframework.beans.factory.support.ConstructorResolver.instantiateUsingFactoryMethod(ConstructorResolver.java:392) ~[spring-beans-5.1.8.RELEASE.jar:5.1.8.RELEASE]
	at org.springframework.beans.factory.support.AbstractAutowireCapableBeanFactory.instantiateUsingFactoryMethod(AbstractAutowireCapableBeanFactory.java:1321) ~[spring-beans-5.1.8.RELEASE.jar:5.1.8.RELEASE]
	at org.springframework.beans.factory.support.AbstractAutowireCapableBeanFactory.createBeanInstance(AbstractAutowireCapableBeanFactory.java:1160) ~[spring-beans-5.1.8.RELEASE.jar:5.1.8.RELEASE]
	at org.springframework.beans.factory.support.AbstractAutowireCapableBeanFactory.doCreateBean(AbstractAutowireCapableBeanFactory.java:555) ~[spring-beans-5.1.8.RELEASE.jar:5.1.8.RELEASE]
	at org.springframework.beans.factory.support.AbstractAutowireCapableBeanFactory.createBean(AbstractAutowireCapableBeanFactory.java:515) ~[spring-beans-5.1.8.RELEASE.jar:5.1.8.RELEASE]
	at org.springframework.beans.factory.support.AbstractBeanFactory.lambda$doGetBean$0(AbstractBeanFactory.java:320) ~[spring-beans-5.1.8.RELEASE.jar:5.1.8.RELEASE]
	at org.springframework.beans.factory.support.DefaultSingletonBeanRegistry.getSingleton(DefaultSingletonBeanRegistry.java:222) ~[spring-beans-5.1.8.RELEASE.jar:5.1.8.RELEASE]
	at org.springframework.beans.factory.support.AbstractBeanFactory.doGetBean(AbstractBeanFactory.java:318) ~[spring-beans-5.1.8.RELEASE.jar:5.1.8.RELEASE]
	at org.springframework.beans.factory.support.AbstractBeanFactory.getBean(AbstractBeanFactory.java:199) ~[spring-beans-5.1.8.RELEASE.jar:5.1.8.RELEASE]
	at org.springframework.context.support.AbstractApplicationContext.getBean(AbstractApplicationContext.java:1105) ~[spring-context-5.1.8.RELEASE.jar:5.1.8.RELEASE]
	at org.springframework.context.support.AbstractApplicationContext.finishBeanFactoryInitialization(AbstractApplicationContext.java:867) ~[spring-context-5.1.8.RELEASE.jar:5.1.8.RELEASE]
	at org.springframework.context.support.AbstractApplicationContext.refresh(AbstractApplicationContext.java:549) ~[spring-context-5.1.8.RELEASE.jar:5.1.8.RELEASE]
	at org.springframework.boot.SpringApplication.refresh(SpringApplication.java:742) ~[spring-boot-2.1.6.RELEASE.jar:2.1.6.RELEASE]
	at org.springframework.boot.SpringApplication.refreshContext(SpringApplication.java:389) ~[spring-boot-2.1.6.RELEASE.jar:2.1.6.RELEASE]
	at org.springframework.boot.SpringApplication.run(SpringApplication.java:311) ~[spring-boot-2.1.6.RELEASE.jar:2.1.6.RELEASE]
	at org.springframework.boot.test.context.SpringBootContextLoader.loadContext(SpringBootContextLoader.java:119) ~[spring-boot-test-2.1.6.RELEASE.jar:2.1.6.RELEASE]
	at org.springframework.test.context.cache.DefaultCacheAwareContextLoaderDelegate.loadContextInternal(DefaultCacheAwareContextLoaderDelegate.java:99) ~[spring-test-5.1.8.RELEASE.jar:5.1.8.RELEASE]
	at org.springframework.test.context.cache.DefaultCacheAwareContextLoaderDelegate.loadContext(DefaultCacheAwareContextLoaderDelegate.java:117) ~[spring-test-5.1.8.RELEASE.jar:5.1.8.RELEASE]
	... 28 common frames omitted
Caused by: org.springframework.beans.factory.BeanCreationException: Error creating bean with name 'dataSource': Post-processing of FactoryBean's singleton object failed; nested exception is org.springframework.beans.factory.BeanCreationException: Error creating bean with name 'org.springframework.boot.autoconfigure.jdbc.DataSourceInitializerInvoker': Invocation of init method failed; nested exception is org.springframework.jdbc.datasource.init.ScriptStatementFailedException: Failed to execute SQL script statement #5 of URL [file:/D:/Documents/BscIT/ThirdYear/Semester%202/CMPG323/Project%201/Software/AccountSystemRepository/target/test-classes/schema.sql]: CREATE TABLE CMPG323.ACCOUNT_TX_DETAILS ( ACCOUNT_TX_DETAILS_ID BIGINT NOT NULL, TX_ID BIGINT NOT NULL, PARTNER_NAME VARCHAR(255) NOT NULL, NUMBER_OF_ITEMS BIGINT NOT NULL, PRIMARY KEY (ACCOUNT_TX_DETAILS_ID), CONSTRAINT FK_ACCOUNT_TYPE_IDL FOREIGN KEY (ACCOUNT_TYPE_ID) REFERENCES CMPG323.DEMO_ACCOUNT_TYPE (ACCOUNT_TYPE_ID), ); nested exception is org.h2.jdbc.JdbcSQLSyntaxErrorException: Constraint "FK_ACCOUNT_TYPE_IDL" already exists; SQL statement:
CREATE TABLE CMPG323.ACCOUNT_TX_DETAILS ( ACCOUNT_TX_DETAILS_ID BIGINT NOT NULL, TX_ID BIGINT NOT NULL, PARTNER_NAME VARCHAR(255) NOT NULL, NUMBER_OF_ITEMS BIGINT NOT NULL, PRIMARY KEY (ACCOUNT_TX_DETAILS_ID), CONSTRAINT FK_ACCOUNT_TYPE_IDL FOREIGN KEY (ACCOUNT_TYPE_ID) REFERENCES CMPG323.DEMO_ACCOUNT_TYPE (ACCOUNT_TYPE_ID), ) [90045-199]
	at org.springframework.beans.factory.support.FactoryBeanRegistrySupport.getObjectFromFactoryBean(FactoryBeanRegistrySupport.java:119) ~[spring-beans-5.1.8.RELEASE.jar:5.1.8.RELEASE]
	at org.springframework.beans.factory.support.AbstractBeanFactory.getObjectForBeanInstance(AbstractBeanFactory.java:1674) ~[spring-beans-5.1.8.RELEASE.jar:5.1.8.RELEASE]
	at org.springframework.beans.factory.support.AbstractAutowireCapableBeanFactory.getObjectForBeanInstance(AbstractAutowireCapableBeanFactory.java:1249) ~[spring-beans-5.1.8.RELEASE.jar:5.1.8.RELEASE]
	at org.springframework.beans.factory.support.AbstractBeanFactory.doGetBean(AbstractBeanFactory.java:330) ~[spring-beans-5.1.8.RELEASE.jar:5.1.8.RELEASE]
	at org.springframework.beans.factory.support.AbstractBeanFactory.getBean(AbstractBeanFactory.java:199) ~[spring-beans-5.1.8.RELEASE.jar:5.1.8.RELEASE]
	at org.springframework.beans.factory.config.DependencyDescriptor.resolveCandidate(DependencyDescriptor.java:277) ~[spring-beans-5.1.8.RELEASE.jar:5.1.8.RELEASE]
	at org.springframework.beans.factory.support.DefaultListableBeanFactory.doResolveDependency(DefaultListableBeanFactory.java:1251) ~[spring-beans-5.1.8.RELEASE.jar:5.1.8.RELEASE]
	at org.springframework.beans.factory.support.DefaultListableBeanFactory.resolveDependency(DefaultListableBeanFactory.java:1171) ~[spring-beans-5.1.8.RELEASE.jar:5.1.8.RELEASE]
	at org.springframework.beans.factory.support.ConstructorResolver.resolveAutowiredArgument(ConstructorResolver.java:857) ~[spring-beans-5.1.8.RELEASE.jar:5.1.8.RELEASE]
	at org.springframework.beans.factory.support.ConstructorResolver.createArgumentArray(ConstructorResolver.java:760) ~[spring-beans-5.1.8.RELEASE.jar:5.1.8.RELEASE]
	... 55 common frames omitted
Caused by: org.springframework.beans.factory.BeanCreationException: Error creating bean with name 'org.springframework.boot.autoconfigure.jdbc.DataSourceInitializerInvoker': Invocation of init method failed; nested exception is org.springframework.jdbc.datasource.init.ScriptStatementFailedException: Failed to execute SQL script statement #5 of URL [file:/D:/Documents/BscIT/ThirdYear/Semester%202/CMPG323/Project%201/Software/AccountSystemRepository/target/test-classes/schema.sql]: CREATE TABLE CMPG323.ACCOUNT_TX_DETAILS ( ACCOUNT_TX_DETAILS_ID BIGINT NOT NULL, TX_ID BIGINT NOT NULL, PARTNER_NAME VARCHAR(255) NOT NULL, NUMBER_OF_ITEMS BIGINT NOT NULL, PRIMARY KEY (ACCOUNT_TX_DETAILS_ID), CONSTRAINT FK_ACCOUNT_TYPE_IDL FOREIGN KEY (ACCOUNT_TYPE_ID) REFERENCES CMPG323.DEMO_ACCOUNT_TYPE (ACCOUNT_TYPE_ID), ); nested exception is org.h2.jdbc.JdbcSQLSyntaxErrorException: Constraint "FK_ACCOUNT_TYPE_IDL" already exists; SQL statement:
CREATE TABLE CMPG323.ACCOUNT_TX_DETAILS ( ACCOUNT_TX_DETAILS_ID BIGINT NOT NULL, TX_ID BIGINT NOT NULL, PARTNER_NAME VARCHAR(255) NOT NULL, NUMBER_OF_ITEMS BIGINT NOT NULL, PRIMARY KEY (ACCOUNT_TX_DETAILS_ID), CONSTRAINT FK_ACCOUNT_TYPE_IDL FOREIGN KEY (ACCOUNT_TYPE_ID) REFERENCES CMPG323.DEMO_ACCOUNT_TYPE (ACCOUNT_TYPE_ID), ) [90045-199]
	at org.springframework.beans.factory.support.AbstractAutowireCapableBeanFactory.initializeBean(AbstractAutowireCapableBeanFactory.java:1778) ~[spring-beans-5.1.8.RELEASE.jar:5.1.8.RELEASE]
	at org.springframework.beans.factory.support.AbstractAutowireCapableBeanFactory.doCreateBean(AbstractAutowireCapableBeanFactory.java:593) ~[spring-beans-5.1.8.RELEASE.jar:5.1.8.RELEASE]
	at org.springframework.beans.factory.support.AbstractAutowireCapableBeanFactory.createBean(AbstractAutowireCapableBeanFactory.java:515) ~[spring-beans-5.1.8.RELEASE.jar:5.1.8.RELEASE]
	at org.springframework.beans.factory.support.AbstractBeanFactory.lambda$doGetBean$0(AbstractBeanFactory.java:320) ~[spring-beans-5.1.8.RELEASE.jar:5.1.8.RELEASE]
	at org.springframework.beans.factory.support.DefaultSingletonBeanRegistry.getSingleton(DefaultSingletonBeanRegistry.java:222) ~[spring-beans-5.1.8.RELEASE.jar:5.1.8.RELEASE]
	at org.springframework.beans.factory.support.AbstractBeanFactory.doGetBean(AbstractBeanFactory.java:318) ~[spring-beans-5.1.8.RELEASE.jar:5.1.8.RELEASE]
	at org.springframework.beans.factory.support.AbstractBeanFactory.getBean(AbstractBeanFactory.java:224) ~[spring-beans-5.1.8.RELEASE.jar:5.1.8.RELEASE]
	at org.springframework.beans.factory.support.DefaultListableBeanFactory.resolveNamedBean(DefaultListableBeanFactory.java:1119) ~[spring-beans-5.1.8.RELEASE.jar:5.1.8.RELEASE]
	at org.springframework.beans.factory.support.DefaultListableBeanFactory.resolveBean(DefaultListableBeanFactory.java:411) ~[spring-beans-5.1.8.RELEASE.jar:5.1.8.RELEASE]
	at org.springframework.beans.factory.support.DefaultListableBeanFactory.getBean(DefaultListableBeanFactory.java:344) ~[spring-beans-5.1.8.RELEASE.jar:5.1.8.RELEASE]
	at org.springframework.beans.factory.support.DefaultListableBeanFactory.getBean(DefaultListableBeanFactory.java:337) ~[spring-beans-5.1.8.RELEASE.jar:5.1.8.RELEASE]
	at org.springframework.boot.autoconfigure.jdbc.DataSourceInitializerPostProcessor.postProcessAfterInitialization(DataSourceInitializerPostProcessor.java:53) ~[spring-boot-autoconfigure-2.1.6.RELEASE.jar:2.1.6.RELEASE]
	at org.springframework.beans.factory.support.AbstractAutowireCapableBeanFactory.applyBeanPostProcessorsAfterInitialization(AbstractAutowireCapableBeanFactory.java:429) ~[spring-beans-5.1.8.RELEASE.jar:5.1.8.RELEASE]
	at org.springframework.beans.factory.support.AbstractAutowireCapableBeanFactory.postProcessObjectFromFactoryBean(AbstractAutowireCapableBeanFactory.java:1921) ~[spring-beans-5.1.8.RELEASE.jar:5.1.8.RELEASE]
	at org.springframework.beans.factory.support.FactoryBeanRegistrySupport.getObjectFromFactoryBean(FactoryBeanRegistrySupport.java:116) ~[spring-beans-5.1.8.RELEASE.jar:5.1.8.RELEASE]
	... 64 common frames omitted
Caused by: org.springframework.jdbc.datasource.init.ScriptStatementFailedException: Failed to execute SQL script statement #5 of URL [file:/D:/Documents/BscIT/ThirdYear/Semester%202/CMPG323/Project%201/Software/AccountSystemRepository/target/test-classes/schema.sql]: CREATE TABLE CMPG323.ACCOUNT_TX_DETAILS ( ACCOUNT_TX_DETAILS_ID BIGINT NOT NULL, TX_ID BIGINT NOT NULL, PARTNER_NAME VARCHAR(255) NOT NULL, NUMBER_OF_ITEMS BIGINT NOT NULL, PRIMARY KEY (ACCOUNT_TX_DETAILS_ID), CONSTRAINT FK_ACCOUNT_TYPE_IDL FOREIGN KEY (ACCOUNT_TYPE_ID) REFERENCES CMPG323.DEMO_ACCOUNT_TYPE (ACCOUNT_TYPE_ID), ); nested exception is org.h2.jdbc.JdbcSQLSyntaxErrorException: Constraint "FK_ACCOUNT_TYPE_IDL" already exists; SQL statement:
CREATE TABLE CMPG323.ACCOUNT_TX_DETAILS ( ACCOUNT_TX_DETAILS_ID BIGINT NOT NULL, TX_ID BIGINT NOT NULL, PARTNER_NAME VARCHAR(255) NOT NULL, NUMBER_OF_ITEMS BIGINT NOT NULL, PRIMARY KEY (ACCOUNT_TX_DETAILS_ID), CONSTRAINT FK_ACCOUNT_TYPE_IDL FOREIGN KEY (ACCOUNT_TYPE_ID) REFERENCES CMPG323.DEMO_ACCOUNT_TYPE (ACCOUNT_TYPE_ID), ) [90045-199]
	at org.springframework.jdbc.datasource.init.ScriptUtils.executeSqlScript(ScriptUtils.java:509) ~[spring-jdbc-5.1.8.RELEASE.jar:5.1.8.RELEASE]
	at org.springframework.jdbc.datasource.init.ResourceDatabasePopulator.populate(ResourceDatabasePopulator.java:238) ~[spring-jdbc-5.1.8.RELEASE.jar:5.1.8.RELEASE]
	at org.springframework.jdbc.datasource.init.DatabasePopulatorUtils.execute(DatabasePopulatorUtils.java:48) ~[spring-jdbc-5.1.8.RELEASE.jar:5.1.8.RELEASE]
	at org.springframework.boot.autoconfigure.jdbc.DataSourceInitializer.runScripts(DataSourceInitializer.java:202) ~[spring-boot-autoconfigure-2.1.6.RELEASE.jar:2.1.6.RELEASE]
	at org.springframework.boot.autoconfigure.jdbc.DataSourceInitializer.createSchema(DataSourceInitializer.java:101) ~[spring-boot-autoconfigure-2.1.6.RELEASE.jar:2.1.6.RELEASE]
	at org.springframework.boot.autoconfigure.jdbc.DataSourceInitializerInvoker.afterPropertiesSet(DataSourceInitializerInvoker.java:62) ~[spring-boot-autoconfigure-2.1.6.RELEASE.jar:2.1.6.RELEASE]
	at org.springframework.beans.factory.support.AbstractAutowireCapableBeanFactory.invokeInitMethods(AbstractAutowireCapableBeanFactory.java:1837) ~[spring-beans-5.1.8.RELEASE.jar:5.1.8.RELEASE]
	at org.springframework.beans.factory.support.AbstractAutowireCapableBeanFactory.initializeBean(AbstractAutowireCapableBeanFactory.java:1774) ~[spring-beans-5.1.8.RELEASE.jar:5.1.8.RELEASE]
	... 78 common frames omitted
Caused by: org.h2.jdbc.JdbcSQLSyntaxErrorException: Constraint "FK_ACCOUNT_TYPE_IDL" already exists; SQL statement:
CREATE TABLE CMPG323.ACCOUNT_TX_DETAILS ( ACCOUNT_TX_DETAILS_ID BIGINT NOT NULL, TX_ID BIGINT NOT NULL, PARTNER_NAME VARCHAR(255) NOT NULL, NUMBER_OF_ITEMS BIGINT NOT NULL, PRIMARY KEY (ACCOUNT_TX_DETAILS_ID), CONSTRAINT FK_ACCOUNT_TYPE_IDL FOREIGN KEY (ACCOUNT_TYPE_ID) REFERENCES CMPG323.DEMO_ACCOUNT_TYPE (ACCOUNT_TYPE_ID), ) [90045-199]
	at org.h2.message.DbException.getJdbcSQLException(DbException.java:573) ~[h2-1.4.199.jar:1.4.199]
	at org.h2.message.DbException.getJdbcSQLException(DbException.java:427) ~[h2-1.4.199.jar:1.4.199]
	at org.h2.message.DbException.get(DbException.java:205) ~[h2-1.4.199.jar:1.4.199]
	at org.h2.message.DbException.get(DbException.java:181) ~[h2-1.4.199.jar:1.4.199]
	at org.h2.command.ddl.AlterTableAddConstraint.tryUpdate(AlterTableAddConstraint.java:114) ~[h2-1.4.199.jar:1.4.199]
	at org.h2.command.ddl.AlterTableAddConstraint.update(AlterTableAddConstraint.java:78) ~[h2-1.4.199.jar:1.4.199]
	at org.h2.command.ddl.CommandWithColumns.createConstraints(CommandWithColumns.java:83) ~[h2-1.4.199.jar:1.4.199]
	at org.h2.command.ddl.CreateTable.update(CreateTable.java:129) ~[h2-1.4.199.jar:1.4.199]
	at org.h2.command.CommandContainer.update(CommandContainer.java:133) ~[h2-1.4.199.jar:1.4.199]
	at org.h2.command.Command.executeUpdate(Command.java:267) ~[h2-1.4.199.jar:1.4.199]
	at org.h2.jdbc.JdbcStatement.executeInternal(JdbcStatement.java:233) ~[h2-1.4.199.jar:1.4.199]
	at org.h2.jdbc.JdbcStatement.execute(JdbcStatement.java:205) ~[h2-1.4.199.jar:1.4.199]
	at org.springframework.jdbc.datasource.init.ScriptUtils.executeSqlScript(ScriptUtils.java:488) ~[spring-jdbc-5.1.8.RELEASE.jar:5.1.8.RELEASE]
	... 85 common frames omitted

]]></system-out>
  </testcase>
  <testcase name="getAccountTypeDtoByMnemonic" classname="za.ac.nwu.ac.repo.persistence.AccountTypeRepositoryTest" time="0">
    <error message="Failed to load ApplicationContext" type="java.lang.IllegalStateException">java.lang.IllegalStateException: Failed to load ApplicationContext
Caused by: org.springframework.beans.factory.UnsatisfiedDependencyException: 
Error creating bean with name 'org.springframework.boot.autoconfigure.orm.jpa.HibernateJpaConfiguration': Unsatisfied dependency expressed through constructor parameter 0; nested exception is org.springframework.beans.factory.BeanCreationException: Error creating bean with name 'dataSource': Post-processing of FactoryBean's singleton object failed; nested exception is org.springframework.beans.factory.BeanCreationException: Error creating bean with name 'org.springframework.boot.autoconfigure.jdbc.DataSourceInitializerInvoker': Invocation of init method failed; nested exception is org.springframework.jdbc.datasource.init.ScriptStatementFailedException: Failed to execute SQL script statement #5 of URL [file:/D:/Documents/BscIT/ThirdYear/Semester%202/CMPG323/Project%201/Software/AccountSystemRepository/target/test-classes/schema.sql]: CREATE TABLE CMPG323.ACCOUNT_TX_DETAILS ( ACCOUNT_TX_DETAILS_ID BIGINT NOT NULL, TX_ID BIGINT NOT NULL, PARTNER_NAME VARCHAR(255) NOT NULL, NUMBER_OF_ITEMS BIGINT NOT NULL, PRIMARY KEY (ACCOUNT_TX_DETAILS_ID), CONSTRAINT FK_ACCOUNT_TYPE_IDL FOREIGN KEY (ACCOUNT_TYPE_ID) REFERENCES CMPG323.DEMO_ACCOUNT_TYPE (ACCOUNT_TYPE_ID), ); nested exception is org.h2.jdbc.JdbcSQLSyntaxErrorException: Constraint "FK_ACCOUNT_TYPE_IDL" already exists; SQL statement:
CREATE TABLE CMPG323.ACCOUNT_TX_DETAILS ( ACCOUNT_TX_DETAILS_ID BIGINT NOT NULL, TX_ID BIGINT NOT NULL, PARTNER_NAME VARCHAR(255) NOT NULL, NUMBER_OF_ITEMS BIGINT NOT NULL, PRIMARY KEY (ACCOUNT_TX_DETAILS_ID), CONSTRAINT FK_ACCOUNT_TYPE_IDL FOREIGN KEY (ACCOUNT_TYPE_ID) REFERENCES CMPG323.DEMO_ACCOUNT_TYPE (ACCOUNT_TYPE_ID), ) [90045-199]
Caused by: org.springframework.beans.factory.BeanCreationException: 
Error creating bean with name 'dataSource': Post-processing of FactoryBean's singleton object failed; nested exception is org.springframework.beans.factory.BeanCreationException: Error creating bean with name 'org.springframework.boot.autoconfigure.jdbc.DataSourceInitializerInvoker': Invocation of init method failed; nested exception is org.springframework.jdbc.datasource.init.ScriptStatementFailedException: Failed to execute SQL script statement #5 of URL [file:/D:/Documents/BscIT/ThirdYear/Semester%202/CMPG323/Project%201/Software/AccountSystemRepository/target/test-classes/schema.sql]: CREATE TABLE CMPG323.ACCOUNT_TX_DETAILS ( ACCOUNT_TX_DETAILS_ID BIGINT NOT NULL, TX_ID BIGINT NOT NULL, PARTNER_NAME VARCHAR(255) NOT NULL, NUMBER_OF_ITEMS BIGINT NOT NULL, PRIMARY KEY (ACCOUNT_TX_DETAILS_ID), CONSTRAINT FK_ACCOUNT_TYPE_IDL FOREIGN KEY (ACCOUNT_TYPE_ID) REFERENCES CMPG323.DEMO_ACCOUNT_TYPE (ACCOUNT_TYPE_ID), ); nested exception is org.h2.jdbc.JdbcSQLSyntaxErrorException: Constraint "FK_ACCOUNT_TYPE_IDL" already exists; SQL statement:
CREATE TABLE CMPG323.ACCOUNT_TX_DETAILS ( ACCOUNT_TX_DETAILS_ID BIGINT NOT NULL, TX_ID BIGINT NOT NULL, PARTNER_NAME VARCHAR(255) NOT NULL, NUMBER_OF_ITEMS BIGINT NOT NULL, PRIMARY KEY (ACCOUNT_TX_DETAILS_ID), CONSTRAINT FK_ACCOUNT_TYPE_IDL FOREIGN KEY (ACCOUNT_TYPE_ID) REFERENCES CMPG323.DEMO_ACCOUNT_TYPE (ACCOUNT_TYPE_ID), ) [90045-199]
Caused by: org.springframework.beans.factory.BeanCreationException: 
Error creating bean with name 'org.springframework.boot.autoconfigure.jdbc.DataSourceInitializerInvoker': Invocation of init method failed; nested exception is org.springframework.jdbc.datasource.init.ScriptStatementFailedException: Failed to execute SQL script statement #5 of URL [file:/D:/Documents/BscIT/ThirdYear/Semester%202/CMPG323/Project%201/Software/AccountSystemRepository/target/test-classes/schema.sql]: CREATE TABLE CMPG323.ACCOUNT_TX_DETAILS ( ACCOUNT_TX_DETAILS_ID BIGINT NOT NULL, TX_ID BIGINT NOT NULL, PARTNER_NAME VARCHAR(255) NOT NULL, NUMBER_OF_ITEMS BIGINT NOT NULL, PRIMARY KEY (ACCOUNT_TX_DETAILS_ID), CONSTRAINT FK_ACCOUNT_TYPE_IDL FOREIGN KEY (ACCOUNT_TYPE_ID) REFERENCES CMPG323.DEMO_ACCOUNT_TYPE (ACCOUNT_TYPE_ID), ); nested exception is org.h2.jdbc.JdbcSQLSyntaxErrorException: Constraint "FK_ACCOUNT_TYPE_IDL" already exists; SQL statement:
CREATE TABLE CMPG323.ACCOUNT_TX_DETAILS ( ACCOUNT_TX_DETAILS_ID BIGINT NOT NULL, TX_ID BIGINT NOT NULL, PARTNER_NAME VARCHAR(255) NOT NULL, NUMBER_OF_ITEMS BIGINT NOT NULL, PRIMARY KEY (ACCOUNT_TX_DETAILS_ID), CONSTRAINT FK_ACCOUNT_TYPE_IDL FOREIGN KEY (ACCOUNT_TYPE_ID) REFERENCES CMPG323.DEMO_ACCOUNT_TYPE (ACCOUNT_TYPE_ID), ) [90045-199]
Caused by: org.springframework.jdbc.datasource.init.ScriptStatementFailedException: 
Failed to execute SQL script statement #5 of URL [file:/D:/Documents/BscIT/ThirdYear/Semester%202/CMPG323/Project%201/Software/AccountSystemRepository/target/test-classes/schema.sql]: CREATE TABLE CMPG323.ACCOUNT_TX_DETAILS ( ACCOUNT_TX_DETAILS_ID BIGINT NOT NULL, TX_ID BIGINT NOT NULL, PARTNER_NAME VARCHAR(255) NOT NULL, NUMBER_OF_ITEMS BIGINT NOT NULL, PRIMARY KEY (ACCOUNT_TX_DETAILS_ID), CONSTRAINT FK_ACCOUNT_TYPE_IDL FOREIGN KEY (ACCOUNT_TYPE_ID) REFERENCES CMPG323.DEMO_ACCOUNT_TYPE (ACCOUNT_TYPE_ID), ); nested exception is org.h2.jdbc.JdbcSQLSyntaxErrorException: Constraint "FK_ACCOUNT_TYPE_IDL" already exists; SQL statement:
CREATE TABLE CMPG323.ACCOUNT_TX_DETAILS ( ACCOUNT_TX_DETAILS_ID BIGINT NOT NULL, TX_ID BIGINT NOT NULL, PARTNER_NAME VARCHAR(255) NOT NULL, NUMBER_OF_ITEMS BIGINT NOT NULL, PRIMARY KEY (ACCOUNT_TX_DETAILS_ID), CONSTRAINT FK_ACCOUNT_TYPE_IDL FOREIGN KEY (ACCOUNT_TYPE_ID) REFERENCES CMPG323.DEMO_ACCOUNT_TYPE (ACCOUNT_TYPE_ID), ) [90045-199]
Caused by: org.h2.jdbc.JdbcSQLSyntaxErrorException: 
Constraint "FK_ACCOUNT_TYPE_IDL" already exists; SQL statement:
CREATE TABLE CMPG323.ACCOUNT_TX_DETAILS ( ACCOUNT_TX_DETAILS_ID BIGINT NOT NULL, TX_ID BIGINT NOT NULL, PARTNER_NAME VARCHAR(255) NOT NULL, NUMBER_OF_ITEMS BIGINT NOT NULL, PRIMARY KEY (ACCOUNT_TX_DETAILS_ID), CONSTRAINT FK_ACCOUNT_TYPE_IDL FOREIGN KEY (ACCOUNT_TYPE_ID) REFERENCES CMPG323.DEMO_ACCOUNT_TYPE (ACCOUNT_TYPE_ID), ) [90045-199]
</error>
    <system-out><![CDATA[
  .   ____          _            __ _ _
 /\\ / ___'_ __ _ _(_)_ __  __ _ \ \ \ \
( ( )\___ | '_ | '_| | '_ \/ _` | \ \ \ \
 \\/  ___)| |_)| | | | | || (_| |  ) ) ) )
  '  |____| .__|_| |_|_| |_\__, | / / / /
 =========|_|==============|___/=/_/_/_/
 :: Spring Boot ::        (v2.1.6.RELEASE)

2021-10-09 07:35:01.197  INFO 13704 --- [           main] z.a.n.a.r.p.AccountTypeRepositoryTest    : Starting AccountTypeRepositoryTest on DESKTOP-88F48D2 with PID 13704 (started by Bianca Piek in D:\Documents\BscIT\ThirdYear\Semester 2\CMPG323\Project 1\Software\AccountSystemRepository)
2021-10-09 07:35:01.197  INFO 13704 --- [           main] z.a.n.a.r.p.AccountTypeRepositoryTest    : No active profile set, falling back to default profiles: default
2021-10-09 07:35:01.241  INFO 13704 --- [           main] .s.d.r.c.RepositoryConfigurationDelegate : Bootstrapping Spring Data repositories in DEFAULT mode.
2021-10-09 07:35:01.246  INFO 13704 --- [           main] .s.d.r.c.RepositoryConfigurationDelegate : Finished Spring Data repository scanning in 5ms. Found 3 repository interfaces.
2021-10-09 07:35:01.260  INFO 13704 --- [           main] beddedDataSourceBeanFactoryPostProcessor : Replacing 'dataSource' DataSource bean with embedded version
2021-10-09 07:35:01.277  INFO 13704 --- [           main] o.s.j.d.e.EmbeddedDatabaseFactory        : Starting embedded database: url='jdbc:h2:mem:6f6b2e85-35cb-4e1e-90cd-88c1d748da96;DB_CLOSE_DELAY=-1;DB_CLOSE_ON_EXIT=false', username='sa'
2021-10-09 07:35:01.300  WARN 13704 --- [           main] s.c.a.AnnotationConfigApplicationContext : Exception encountered during context initialization - cancelling refresh attempt: org.springframework.beans.factory.UnsatisfiedDependencyException: Error creating bean with name 'org.springframework.boot.autoconfigure.orm.jpa.HibernateJpaConfiguration': Unsatisfied dependency expressed through constructor parameter 0; nested exception is org.springframework.beans.factory.BeanCreationException: Error creating bean with name 'dataSource': Post-processing of FactoryBean's singleton object failed; nested exception is org.springframework.beans.factory.BeanCreationException: Error creating bean with name 'org.springframework.boot.autoconfigure.jdbc.DataSourceInitializerInvoker': Invocation of init method failed; nested exception is org.springframework.jdbc.datasource.init.ScriptStatementFailedException: Failed to execute SQL script statement #5 of URL [file:/D:/Documents/BscIT/ThirdYear/Semester%202/CMPG323/Project%201/Software/AccountSystemRepository/target/test-classes/schema.sql]: CREATE TABLE CMPG323.ACCOUNT_TX_DETAILS ( ACCOUNT_TX_DETAILS_ID BIGINT NOT NULL, TX_ID BIGINT NOT NULL, PARTNER_NAME VARCHAR(255) NOT NULL, NUMBER_OF_ITEMS BIGINT NOT NULL, PRIMARY KEY (ACCOUNT_TX_DETAILS_ID), CONSTRAINT FK_ACCOUNT_TYPE_IDL FOREIGN KEY (ACCOUNT_TYPE_ID) REFERENCES CMPG323.DEMO_ACCOUNT_TYPE (ACCOUNT_TYPE_ID), ); nested exception is org.h2.jdbc.JdbcSQLSyntaxErrorException: Constraint "FK_ACCOUNT_TYPE_IDL" already exists; SQL statement:
CREATE TABLE CMPG323.ACCOUNT_TX_DETAILS ( ACCOUNT_TX_DETAILS_ID BIGINT NOT NULL, TX_ID BIGINT NOT NULL, PARTNER_NAME VARCHAR(255) NOT NULL, NUMBER_OF_ITEMS BIGINT NOT NULL, PRIMARY KEY (ACCOUNT_TX_DETAILS_ID), CONSTRAINT FK_ACCOUNT_TYPE_IDL FOREIGN KEY (ACCOUNT_TYPE_ID) REFERENCES CMPG323.DEMO_ACCOUNT_TYPE (ACCOUNT_TYPE_ID), ) [90045-199]
2021-10-09 07:35:01.300  INFO 13704 --- [           main] ConditionEvaluationReportLoggingListener : 

Error starting ApplicationContext. To display the conditions report re-run your application with 'debug' enabled.
2021-10-09 07:35:01.300 ERROR 13704 --- [           main] o.s.boot.SpringApplication               : Application run failed

org.springframework.beans.factory.UnsatisfiedDependencyException: Error creating bean with name 'org.springframework.boot.autoconfigure.orm.jpa.HibernateJpaConfiguration': Unsatisfied dependency expressed through constructor parameter 0; nested exception is org.springframework.beans.factory.BeanCreationException: Error creating bean with name 'dataSource': Post-processing of FactoryBean's singleton object failed; nested exception is org.springframework.beans.factory.BeanCreationException: Error creating bean with name 'org.springframework.boot.autoconfigure.jdbc.DataSourceInitializerInvoker': Invocation of init method failed; nested exception is org.springframework.jdbc.datasource.init.ScriptStatementFailedException: Failed to execute SQL script statement #5 of URL [file:/D:/Documents/BscIT/ThirdYear/Semester%202/CMPG323/Project%201/Software/AccountSystemRepository/target/test-classes/schema.sql]: CREATE TABLE CMPG323.ACCOUNT_TX_DETAILS ( ACCOUNT_TX_DETAILS_ID BIGINT NOT NULL, TX_ID BIGINT NOT NULL, PARTNER_NAME VARCHAR(255) NOT NULL, NUMBER_OF_ITEMS BIGINT NOT NULL, PRIMARY KEY (ACCOUNT_TX_DETAILS_ID), CONSTRAINT FK_ACCOUNT_TYPE_IDL FOREIGN KEY (ACCOUNT_TYPE_ID) REFERENCES CMPG323.DEMO_ACCOUNT_TYPE (ACCOUNT_TYPE_ID), ); nested exception is org.h2.jdbc.JdbcSQLSyntaxErrorException: Constraint "FK_ACCOUNT_TYPE_IDL" already exists; SQL statement:
CREATE TABLE CMPG323.ACCOUNT_TX_DETAILS ( ACCOUNT_TX_DETAILS_ID BIGINT NOT NULL, TX_ID BIGINT NOT NULL, PARTNER_NAME VARCHAR(255) NOT NULL, NUMBER_OF_ITEMS BIGINT NOT NULL, PRIMARY KEY (ACCOUNT_TX_DETAILS_ID), CONSTRAINT FK_ACCOUNT_TYPE_IDL FOREIGN KEY (ACCOUNT_TYPE_ID) REFERENCES CMPG323.DEMO_ACCOUNT_TYPE (ACCOUNT_TYPE_ID), ) [90045-199]
	at org.springframework.beans.factory.support.ConstructorResolver.createArgumentArray(ConstructorResolver.java:769) ~[spring-beans-5.1.8.RELEASE.jar:5.1.8.RELEASE]
	at org.springframework.beans.factory.support.ConstructorResolver.autowireConstructor(ConstructorResolver.java:218) ~[spring-beans-5.1.8.RELEASE.jar:5.1.8.RELEASE]
	at org.springframework.beans.factory.support.AbstractAutowireCapableBeanFactory.autowireConstructor(AbstractAutowireCapableBeanFactory.java:1341) ~[spring-beans-5.1.8.RELEASE.jar:5.1.8.RELEASE]
	at org.springframework.beans.factory.support.AbstractAutowireCapableBeanFactory.createBeanInstance(AbstractAutowireCapableBeanFactory.java:1187) ~[spring-beans-5.1.8.RELEASE.jar:5.1.8.RELEASE]
	at org.springframework.beans.factory.support.AbstractAutowireCapableBeanFactory.doCreateBean(AbstractAutowireCapableBeanFactory.java:555) ~[spring-beans-5.1.8.RELEASE.jar:5.1.8.RELEASE]
	at org.springframework.beans.factory.support.AbstractAutowireCapableBeanFactory.createBean(AbstractAutowireCapableBeanFactory.java:515) ~[spring-beans-5.1.8.RELEASE.jar:5.1.8.RELEASE]
	at org.springframework.beans.factory.support.AbstractBeanFactory.lambda$doGetBean$0(AbstractBeanFactory.java:320) ~[spring-beans-5.1.8.RELEASE.jar:5.1.8.RELEASE]
	at org.springframework.beans.factory.support.DefaultSingletonBeanRegistry.getSingleton(DefaultSingletonBeanRegistry.java:222) ~[spring-beans-5.1.8.RELEASE.jar:5.1.8.RELEASE]
	at org.springframework.beans.factory.support.AbstractBeanFactory.doGetBean(AbstractBeanFactory.java:318) ~[spring-beans-5.1.8.RELEASE.jar:5.1.8.RELEASE]
	at org.springframework.beans.factory.support.AbstractBeanFactory.getBean(AbstractBeanFactory.java:199) ~[spring-beans-5.1.8.RELEASE.jar:5.1.8.RELEASE]
	at org.springframework.beans.factory.support.ConstructorResolver.instantiateUsingFactoryMethod(ConstructorResolver.java:392) ~[spring-beans-5.1.8.RELEASE.jar:5.1.8.RELEASE]
	at org.springframework.beans.factory.support.AbstractAutowireCapableBeanFactory.instantiateUsingFactoryMethod(AbstractAutowireCapableBeanFactory.java:1321) ~[spring-beans-5.1.8.RELEASE.jar:5.1.8.RELEASE]
	at org.springframework.beans.factory.support.AbstractAutowireCapableBeanFactory.createBeanInstance(AbstractAutowireCapableBeanFactory.java:1160) ~[spring-beans-5.1.8.RELEASE.jar:5.1.8.RELEASE]
	at org.springframework.beans.factory.support.AbstractAutowireCapableBeanFactory.doCreateBean(AbstractAutowireCapableBeanFactory.java:555) ~[spring-beans-5.1.8.RELEASE.jar:5.1.8.RELEASE]
	at org.springframework.beans.factory.support.AbstractAutowireCapableBeanFactory.createBean(AbstractAutowireCapableBeanFactory.java:515) ~[spring-beans-5.1.8.RELEASE.jar:5.1.8.RELEASE]
	at org.springframework.beans.factory.support.AbstractBeanFactory.lambda$doGetBean$0(AbstractBeanFactory.java:320) ~[spring-beans-5.1.8.RELEASE.jar:5.1.8.RELEASE]
	at org.springframework.beans.factory.support.DefaultSingletonBeanRegistry.getSingleton(DefaultSingletonBeanRegistry.java:222) ~[spring-beans-5.1.8.RELEASE.jar:5.1.8.RELEASE]
	at org.springframework.beans.factory.support.AbstractBeanFactory.doGetBean(AbstractBeanFactory.java:318) ~[spring-beans-5.1.8.RELEASE.jar:5.1.8.RELEASE]
	at org.springframework.beans.factory.support.AbstractBeanFactory.getBean(AbstractBeanFactory.java:199) ~[spring-beans-5.1.8.RELEASE.jar:5.1.8.RELEASE]
	at org.springframework.context.support.AbstractApplicationContext.getBean(AbstractApplicationContext.java:1105) ~[spring-context-5.1.8.RELEASE.jar:5.1.8.RELEASE]
	at org.springframework.context.support.AbstractApplicationContext.finishBeanFactoryInitialization(AbstractApplicationContext.java:867) ~[spring-context-5.1.8.RELEASE.jar:5.1.8.RELEASE]
	at org.springframework.context.support.AbstractApplicationContext.refresh(AbstractApplicationContext.java:549) ~[spring-context-5.1.8.RELEASE.jar:5.1.8.RELEASE]
	at org.springframework.boot.SpringApplication.refresh(SpringApplication.java:742) ~[spring-boot-2.1.6.RELEASE.jar:2.1.6.RELEASE]
	at org.springframework.boot.SpringApplication.refreshContext(SpringApplication.java:389) ~[spring-boot-2.1.6.RELEASE.jar:2.1.6.RELEASE]
	at org.springframework.boot.SpringApplication.run(SpringApplication.java:311) ~[spring-boot-2.1.6.RELEASE.jar:2.1.6.RELEASE]
	at org.springframework.boot.test.context.SpringBootContextLoader.loadContext(SpringBootContextLoader.java:119) [spring-boot-test-2.1.6.RELEASE.jar:2.1.6.RELEASE]
	at org.springframework.test.context.cache.DefaultCacheAwareContextLoaderDelegate.loadContextInternal(DefaultCacheAwareContextLoaderDelegate.java:99) [spring-test-5.1.8.RELEASE.jar:5.1.8.RELEASE]
	at org.springframework.test.context.cache.DefaultCacheAwareContextLoaderDelegate.loadContext(DefaultCacheAwareContextLoaderDelegate.java:117) [spring-test-5.1.8.RELEASE.jar:5.1.8.RELEASE]
	at org.springframework.test.context.support.DefaultTestContext.getApplicationContext(DefaultTestContext.java:108) [spring-test-5.1.8.RELEASE.jar:5.1.8.RELEASE]
	at org.springframework.test.context.support.DependencyInjectionTestExecutionListener.injectDependencies(DependencyInjectionTestExecutionListener.java:118) [spring-test-5.1.8.RELEASE.jar:5.1.8.RELEASE]
	at org.springframework.test.context.support.DependencyInjectionTestExecutionListener.prepareTestInstance(DependencyInjectionTestExecutionListener.java:83) [spring-test-5.1.8.RELEASE.jar:5.1.8.RELEASE]
	at org.springframework.boot.test.autoconfigure.SpringBootDependencyInjectionTestExecutionListener.prepareTestInstance(SpringBootDependencyInjectionTestExecutionListener.java:43) [spring-boot-test-autoconfigure-2.1.6.RELEASE.jar:2.1.6.RELEASE]
	at org.springframework.test.context.TestContextManager.prepareTestInstance(TestContextManager.java:246) [spring-test-5.1.8.RELEASE.jar:5.1.8.RELEASE]
	at org.springframework.test.context.junit4.SpringJUnit4ClassRunner.createTest(SpringJUnit4ClassRunner.java:227) [spring-test-5.1.8.RELEASE.jar:5.1.8.RELEASE]
	at org.springframework.test.context.junit4.SpringJUnit4ClassRunner$1.runReflectiveCall(SpringJUnit4ClassRunner.java:289) [spring-test-5.1.8.RELEASE.jar:5.1.8.RELEASE]
	at org.junit.internal.runners.model.ReflectiveCallable.run(ReflectiveCallable.java:12) [junit-4.12.jar:4.12]
	at org.springframework.test.context.junit4.SpringJUnit4ClassRunner.methodBlock(SpringJUnit4ClassRunner.java:291) [spring-test-5.1.8.RELEASE.jar:5.1.8.RELEASE]
	at org.springframework.test.context.junit4.SpringJUnit4ClassRunner.runChild(SpringJUnit4ClassRunner.java:246) [spring-test-5.1.8.RELEASE.jar:5.1.8.RELEASE]
	at org.springframework.test.context.junit4.SpringJUnit4ClassRunner.runChild(SpringJUnit4ClassRunner.java:97) [spring-test-5.1.8.RELEASE.jar:5.1.8.RELEASE]
	at org.junit.runners.ParentRunner$3.run(ParentRunner.java:290) [junit-4.12.jar:4.12]
	at org.junit.runners.ParentRunner$1.schedule(ParentRunner.java:71) [junit-4.12.jar:4.12]
	at org.junit.runners.ParentRunner.runChildren(ParentRunner.java:288) [junit-4.12.jar:4.12]
	at org.junit.runners.ParentRunner.access$000(ParentRunner.java:58) [junit-4.12.jar:4.12]
	at org.junit.runners.ParentRunner$2.evaluate(ParentRunner.java:268) [junit-4.12.jar:4.12]
	at org.springframework.test.context.junit4.statements.RunBeforeTestClassCallbacks.evaluate(RunBeforeTestClassCallbacks.java:61) [spring-test-5.1.8.RELEASE.jar:5.1.8.RELEASE]
	at org.springframework.test.context.junit4.statements.RunAfterTestClassCallbacks.evaluate(RunAfterTestClassCallbacks.java:70) [spring-test-5.1.8.RELEASE.jar:5.1.8.RELEASE]
	at org.junit.runners.ParentRunner.run(ParentRunner.java:363) [junit-4.12.jar:4.12]
	at org.springframework.test.context.junit4.SpringJUnit4ClassRunner.run(SpringJUnit4ClassRunner.java:190) [spring-test-5.1.8.RELEASE.jar:5.1.8.RELEASE]
	at org.apache.maven.surefire.junit4.JUnit4Provider.execute(JUnit4Provider.java:365) [surefire-junit4-2.22.2.jar:2.22.2]
	at org.apache.maven.surefire.junit4.JUnit4Provider.executeWithRerun(JUnit4Provider.java:273) [surefire-junit4-2.22.2.jar:2.22.2]
	at org.apache.maven.surefire.junit4.JUnit4Provider.executeTestSet(JUnit4Provider.java:238) [surefire-junit4-2.22.2.jar:2.22.2]
	at org.apache.maven.surefire.junit4.JUnit4Provider.invoke(JUnit4Provider.java:159) [surefire-junit4-2.22.2.jar:2.22.2]
	at org.apache.maven.surefire.booter.ForkedBooter.invokeProviderInSameClassLoader(ForkedBooter.java:384) [surefire-booter-2.22.2.jar:2.22.2]
	at org.apache.maven.surefire.booter.ForkedBooter.runSuitesInProcess(ForkedBooter.java:345) [surefire-booter-2.22.2.jar:2.22.2]
	at org.apache.maven.surefire.booter.ForkedBooter.execute(ForkedBooter.java:126) [surefire-booter-2.22.2.jar:2.22.2]
	at org.apache.maven.surefire.booter.ForkedBooter.main(ForkedBooter.java:418) [surefire-booter-2.22.2.jar:2.22.2]
Caused by: org.springframework.beans.factory.BeanCreationException: Error creating bean with name 'dataSource': Post-processing of FactoryBean's singleton object failed; nested exception is org.springframework.beans.factory.BeanCreationException: Error creating bean with name 'org.springframework.boot.autoconfigure.jdbc.DataSourceInitializerInvoker': Invocation of init method failed; nested exception is org.springframework.jdbc.datasource.init.ScriptStatementFailedException: Failed to execute SQL script statement #5 of URL [file:/D:/Documents/BscIT/ThirdYear/Semester%202/CMPG323/Project%201/Software/AccountSystemRepository/target/test-classes/schema.sql]: CREATE TABLE CMPG323.ACCOUNT_TX_DETAILS ( ACCOUNT_TX_DETAILS_ID BIGINT NOT NULL, TX_ID BIGINT NOT NULL, PARTNER_NAME VARCHAR(255) NOT NULL, NUMBER_OF_ITEMS BIGINT NOT NULL, PRIMARY KEY (ACCOUNT_TX_DETAILS_ID), CONSTRAINT FK_ACCOUNT_TYPE_IDL FOREIGN KEY (ACCOUNT_TYPE_ID) REFERENCES CMPG323.DEMO_ACCOUNT_TYPE (ACCOUNT_TYPE_ID), ); nested exception is org.h2.jdbc.JdbcSQLSyntaxErrorException: Constraint "FK_ACCOUNT_TYPE_IDL" already exists; SQL statement:
CREATE TABLE CMPG323.ACCOUNT_TX_DETAILS ( ACCOUNT_TX_DETAILS_ID BIGINT NOT NULL, TX_ID BIGINT NOT NULL, PARTNER_NAME VARCHAR(255) NOT NULL, NUMBER_OF_ITEMS BIGINT NOT NULL, PRIMARY KEY (ACCOUNT_TX_DETAILS_ID), CONSTRAINT FK_ACCOUNT_TYPE_IDL FOREIGN KEY (ACCOUNT_TYPE_ID) REFERENCES CMPG323.DEMO_ACCOUNT_TYPE (ACCOUNT_TYPE_ID), ) [90045-199]
	at org.springframework.beans.factory.support.FactoryBeanRegistrySupport.getObjectFromFactoryBean(FactoryBeanRegistrySupport.java:119) ~[spring-beans-5.1.8.RELEASE.jar:5.1.8.RELEASE]
	at org.springframework.beans.factory.support.AbstractBeanFactory.getObjectForBeanInstance(AbstractBeanFactory.java:1674) ~[spring-beans-5.1.8.RELEASE.jar:5.1.8.RELEASE]
	at org.springframework.beans.factory.support.AbstractAutowireCapableBeanFactory.getObjectForBeanInstance(AbstractAutowireCapableBeanFactory.java:1249) ~[spring-beans-5.1.8.RELEASE.jar:5.1.8.RELEASE]
	at org.springframework.beans.factory.support.AbstractBeanFactory.doGetBean(AbstractBeanFactory.java:330) ~[spring-beans-5.1.8.RELEASE.jar:5.1.8.RELEASE]
	at org.springframework.beans.factory.support.AbstractBeanFactory.getBean(AbstractBeanFactory.java:199) ~[spring-beans-5.1.8.RELEASE.jar:5.1.8.RELEASE]
	at org.springframework.beans.factory.config.DependencyDescriptor.resolveCandidate(DependencyDescriptor.java:277) ~[spring-beans-5.1.8.RELEASE.jar:5.1.8.RELEASE]
	at org.springframework.beans.factory.support.DefaultListableBeanFactory.doResolveDependency(DefaultListableBeanFactory.java:1251) ~[spring-beans-5.1.8.RELEASE.jar:5.1.8.RELEASE]
	at org.springframework.beans.factory.support.DefaultListableBeanFactory.resolveDependency(DefaultListableBeanFactory.java:1171) ~[spring-beans-5.1.8.RELEASE.jar:5.1.8.RELEASE]
	at org.springframework.beans.factory.support.ConstructorResolver.resolveAutowiredArgument(ConstructorResolver.java:857) ~[spring-beans-5.1.8.RELEASE.jar:5.1.8.RELEASE]
	at org.springframework.beans.factory.support.ConstructorResolver.createArgumentArray(ConstructorResolver.java:760) ~[spring-beans-5.1.8.RELEASE.jar:5.1.8.RELEASE]
	... 55 common frames omitted
Caused by: org.springframework.beans.factory.BeanCreationException: Error creating bean with name 'org.springframework.boot.autoconfigure.jdbc.DataSourceInitializerInvoker': Invocation of init method failed; nested exception is org.springframework.jdbc.datasource.init.ScriptStatementFailedException: Failed to execute SQL script statement #5 of URL [file:/D:/Documents/BscIT/ThirdYear/Semester%202/CMPG323/Project%201/Software/AccountSystemRepository/target/test-classes/schema.sql]: CREATE TABLE CMPG323.ACCOUNT_TX_DETAILS ( ACCOUNT_TX_DETAILS_ID BIGINT NOT NULL, TX_ID BIGINT NOT NULL, PARTNER_NAME VARCHAR(255) NOT NULL, NUMBER_OF_ITEMS BIGINT NOT NULL, PRIMARY KEY (ACCOUNT_TX_DETAILS_ID), CONSTRAINT FK_ACCOUNT_TYPE_IDL FOREIGN KEY (ACCOUNT_TYPE_ID) REFERENCES CMPG323.DEMO_ACCOUNT_TYPE (ACCOUNT_TYPE_ID), ); nested exception is org.h2.jdbc.JdbcSQLSyntaxErrorException: Constraint "FK_ACCOUNT_TYPE_IDL" already exists; SQL statement:
CREATE TABLE CMPG323.ACCOUNT_TX_DETAILS ( ACCOUNT_TX_DETAILS_ID BIGINT NOT NULL, TX_ID BIGINT NOT NULL, PARTNER_NAME VARCHAR(255) NOT NULL, NUMBER_OF_ITEMS BIGINT NOT NULL, PRIMARY KEY (ACCOUNT_TX_DETAILS_ID), CONSTRAINT FK_ACCOUNT_TYPE_IDL FOREIGN KEY (ACCOUNT_TYPE_ID) REFERENCES CMPG323.DEMO_ACCOUNT_TYPE (ACCOUNT_TYPE_ID), ) [90045-199]
	at org.springframework.beans.factory.support.AbstractAutowireCapableBeanFactory.initializeBean(AbstractAutowireCapableBeanFactory.java:1778) ~[spring-beans-5.1.8.RELEASE.jar:5.1.8.RELEASE]
	at org.springframework.beans.factory.support.AbstractAutowireCapableBeanFactory.doCreateBean(AbstractAutowireCapableBeanFactory.java:593) ~[spring-beans-5.1.8.RELEASE.jar:5.1.8.RELEASE]
	at org.springframework.beans.factory.support.AbstractAutowireCapableBeanFactory.createBean(AbstractAutowireCapableBeanFactory.java:515) ~[spring-beans-5.1.8.RELEASE.jar:5.1.8.RELEASE]
	at org.springframework.beans.factory.support.AbstractBeanFactory.lambda$doGetBean$0(AbstractBeanFactory.java:320) ~[spring-beans-5.1.8.RELEASE.jar:5.1.8.RELEASE]
	at org.springframework.beans.factory.support.DefaultSingletonBeanRegistry.getSingleton(DefaultSingletonBeanRegistry.java:222) ~[spring-beans-5.1.8.RELEASE.jar:5.1.8.RELEASE]
	at org.springframework.beans.factory.support.AbstractBeanFactory.doGetBean(AbstractBeanFactory.java:318) ~[spring-beans-5.1.8.RELEASE.jar:5.1.8.RELEASE]
	at org.springframework.beans.factory.support.AbstractBeanFactory.getBean(AbstractBeanFactory.java:224) ~[spring-beans-5.1.8.RELEASE.jar:5.1.8.RELEASE]
	at org.springframework.beans.factory.support.DefaultListableBeanFactory.resolveNamedBean(DefaultListableBeanFactory.java:1119) ~[spring-beans-5.1.8.RELEASE.jar:5.1.8.RELEASE]
	at org.springframework.beans.factory.support.DefaultListableBeanFactory.resolveBean(DefaultListableBeanFactory.java:411) ~[spring-beans-5.1.8.RELEASE.jar:5.1.8.RELEASE]
	at org.springframework.beans.factory.support.DefaultListableBeanFactory.getBean(DefaultListableBeanFactory.java:344) ~[spring-beans-5.1.8.RELEASE.jar:5.1.8.RELEASE]
	at org.springframework.beans.factory.support.DefaultListableBeanFactory.getBean(DefaultListableBeanFactory.java:337) ~[spring-beans-5.1.8.RELEASE.jar:5.1.8.RELEASE]
	at org.springframework.boot.autoconfigure.jdbc.DataSourceInitializerPostProcessor.postProcessAfterInitialization(DataSourceInitializerPostProcessor.java:53) ~[spring-boot-autoconfigure-2.1.6.RELEASE.jar:2.1.6.RELEASE]
	at org.springframework.beans.factory.support.AbstractAutowireCapableBeanFactory.applyBeanPostProcessorsAfterInitialization(AbstractAutowireCapableBeanFactory.java:429) ~[spring-beans-5.1.8.RELEASE.jar:5.1.8.RELEASE]
	at org.springframework.beans.factory.support.AbstractAutowireCapableBeanFactory.postProcessObjectFromFactoryBean(AbstractAutowireCapableBeanFactory.java:1921) ~[spring-beans-5.1.8.RELEASE.jar:5.1.8.RELEASE]
	at org.springframework.beans.factory.support.FactoryBeanRegistrySupport.getObjectFromFactoryBean(FactoryBeanRegistrySupport.java:116) ~[spring-beans-5.1.8.RELEASE.jar:5.1.8.RELEASE]
	... 64 common frames omitted
Caused by: org.springframework.jdbc.datasource.init.ScriptStatementFailedException: Failed to execute SQL script statement #5 of URL [file:/D:/Documents/BscIT/ThirdYear/Semester%202/CMPG323/Project%201/Software/AccountSystemRepository/target/test-classes/schema.sql]: CREATE TABLE CMPG323.ACCOUNT_TX_DETAILS ( ACCOUNT_TX_DETAILS_ID BIGINT NOT NULL, TX_ID BIGINT NOT NULL, PARTNER_NAME VARCHAR(255) NOT NULL, NUMBER_OF_ITEMS BIGINT NOT NULL, PRIMARY KEY (ACCOUNT_TX_DETAILS_ID), CONSTRAINT FK_ACCOUNT_TYPE_IDL FOREIGN KEY (ACCOUNT_TYPE_ID) REFERENCES CMPG323.DEMO_ACCOUNT_TYPE (ACCOUNT_TYPE_ID), ); nested exception is org.h2.jdbc.JdbcSQLSyntaxErrorException: Constraint "FK_ACCOUNT_TYPE_IDL" already exists; SQL statement:
CREATE TABLE CMPG323.ACCOUNT_TX_DETAILS ( ACCOUNT_TX_DETAILS_ID BIGINT NOT NULL, TX_ID BIGINT NOT NULL, PARTNER_NAME VARCHAR(255) NOT NULL, NUMBER_OF_ITEMS BIGINT NOT NULL, PRIMARY KEY (ACCOUNT_TX_DETAILS_ID), CONSTRAINT FK_ACCOUNT_TYPE_IDL FOREIGN KEY (ACCOUNT_TYPE_ID) REFERENCES CMPG323.DEMO_ACCOUNT_TYPE (ACCOUNT_TYPE_ID), ) [90045-199]
	at org.springframework.jdbc.datasource.init.ScriptUtils.executeSqlScript(ScriptUtils.java:509) ~[spring-jdbc-5.1.8.RELEASE.jar:5.1.8.RELEASE]
	at org.springframework.jdbc.datasource.init.ResourceDatabasePopulator.populate(ResourceDatabasePopulator.java:238) ~[spring-jdbc-5.1.8.RELEASE.jar:5.1.8.RELEASE]
	at org.springframework.jdbc.datasource.init.DatabasePopulatorUtils.execute(DatabasePopulatorUtils.java:48) ~[spring-jdbc-5.1.8.RELEASE.jar:5.1.8.RELEASE]
	at org.springframework.boot.autoconfigure.jdbc.DataSourceInitializer.runScripts(DataSourceInitializer.java:202) ~[spring-boot-autoconfigure-2.1.6.RELEASE.jar:2.1.6.RELEASE]
	at org.springframework.boot.autoconfigure.jdbc.DataSourceInitializer.createSchema(DataSourceInitializer.java:101) ~[spring-boot-autoconfigure-2.1.6.RELEASE.jar:2.1.6.RELEASE]
	at org.springframework.boot.autoconfigure.jdbc.DataSourceInitializerInvoker.afterPropertiesSet(DataSourceInitializerInvoker.java:62) ~[spring-boot-autoconfigure-2.1.6.RELEASE.jar:2.1.6.RELEASE]
	at org.springframework.beans.factory.support.AbstractAutowireCapableBeanFactory.invokeInitMethods(AbstractAutowireCapableBeanFactory.java:1837) ~[spring-beans-5.1.8.RELEASE.jar:5.1.8.RELEASE]
	at org.springframework.beans.factory.support.AbstractAutowireCapableBeanFactory.initializeBean(AbstractAutowireCapableBeanFactory.java:1774) ~[spring-beans-5.1.8.RELEASE.jar:5.1.8.RELEASE]
	... 78 common frames omitted
Caused by: org.h2.jdbc.JdbcSQLSyntaxErrorException: Constraint "FK_ACCOUNT_TYPE_IDL" already exists; SQL statement:
CREATE TABLE CMPG323.ACCOUNT_TX_DETAILS ( ACCOUNT_TX_DETAILS_ID BIGINT NOT NULL, TX_ID BIGINT NOT NULL, PARTNER_NAME VARCHAR(255) NOT NULL, NUMBER_OF_ITEMS BIGINT NOT NULL, PRIMARY KEY (ACCOUNT_TX_DETAILS_ID), CONSTRAINT FK_ACCOUNT_TYPE_IDL FOREIGN KEY (ACCOUNT_TYPE_ID) REFERENCES CMPG323.DEMO_ACCOUNT_TYPE (ACCOUNT_TYPE_ID), ) [90045-199]
	at org.h2.message.DbException.getJdbcSQLException(DbException.java:573) ~[h2-1.4.199.jar:1.4.199]
	at org.h2.message.DbException.getJdbcSQLException(DbException.java:427) ~[h2-1.4.199.jar:1.4.199]
	at org.h2.message.DbException.get(DbException.java:205) ~[h2-1.4.199.jar:1.4.199]
	at org.h2.message.DbException.get(DbException.java:181) ~[h2-1.4.199.jar:1.4.199]
	at org.h2.command.ddl.AlterTableAddConstraint.tryUpdate(AlterTableAddConstraint.java:114) ~[h2-1.4.199.jar:1.4.199]
	at org.h2.command.ddl.AlterTableAddConstraint.update(AlterTableAddConstraint.java:78) ~[h2-1.4.199.jar:1.4.199]
	at org.h2.command.ddl.CommandWithColumns.createConstraints(CommandWithColumns.java:83) ~[h2-1.4.199.jar:1.4.199]
	at org.h2.command.ddl.CreateTable.update(CreateTable.java:129) ~[h2-1.4.199.jar:1.4.199]
	at org.h2.command.CommandContainer.update(CommandContainer.java:133) ~[h2-1.4.199.jar:1.4.199]
	at org.h2.command.Command.executeUpdate(Command.java:267) ~[h2-1.4.199.jar:1.4.199]
	at org.h2.jdbc.JdbcStatement.executeInternal(JdbcStatement.java:233) ~[h2-1.4.199.jar:1.4.199]
	at org.h2.jdbc.JdbcStatement.execute(JdbcStatement.java:205) ~[h2-1.4.199.jar:1.4.199]
	at org.springframework.jdbc.datasource.init.ScriptUtils.executeSqlScript(ScriptUtils.java:488) ~[spring-jdbc-5.1.8.RELEASE.jar:5.1.8.RELEASE]
	... 85 common frames omitted


  .   ____          _            __ _ _
 /\\ / ___'_ __ _ _(_)_ __  __ _ \ \ \ \
( ( )\___ | '_ | '_| | '_ \/ _` | \ \ \ \
 \\/  ___)| |_)| | | | | || (_| |  ) ) ) )
  '  |____| .__|_| |_|_| |_\__, | / / / /
 =========|_|==============|___/=/_/_/_/
 :: Spring Boot ::        (v2.1.6.RELEASE)

2021-10-09 07:35:01.317  INFO 13704 --- [           main] z.a.n.a.r.p.AccountTypeRepositoryTest    : Starting AccountTypeRepositoryTest on DESKTOP-88F48D2 with PID 13704 (started by Bianca Piek in D:\Documents\BscIT\ThirdYear\Semester 2\CMPG323\Project 1\Software\AccountSystemRepository)
2021-10-09 07:35:01.317  INFO 13704 --- [           main] z.a.n.a.r.p.AccountTypeRepositoryTest    : No active profile set, falling back to default profiles: default
2021-10-09 07:35:01.377  INFO 13704 --- [           main] .s.d.r.c.RepositoryConfigurationDelegate : Bootstrapping Spring Data repositories in DEFAULT mode.
2021-10-09 07:35:01.387  INFO 13704 --- [           main] .s.d.r.c.RepositoryConfigurationDelegate : Finished Spring Data repository scanning in 10ms. Found 3 repository interfaces.
2021-10-09 07:35:01.400  INFO 13704 --- [           main] beddedDataSourceBeanFactoryPostProcessor : Replacing 'dataSource' DataSource bean with embedded version
2021-10-09 07:35:01.412  INFO 13704 --- [           main] o.s.j.d.e.EmbeddedDatabaseFactory        : Starting embedded database: url='jdbc:h2:mem:fac6fe6b-f563-4b1f-a42f-cd7a0b504dce;DB_CLOSE_DELAY=-1;DB_CLOSE_ON_EXIT=false', username='sa'
2021-10-09 07:35:01.441  WARN 13704 --- [           main] s.c.a.AnnotationConfigApplicationContext : Exception encountered during context initialization - cancelling refresh attempt: org.springframework.beans.factory.UnsatisfiedDependencyException: Error creating bean with name 'org.springframework.boot.autoconfigure.orm.jpa.HibernateJpaConfiguration': Unsatisfied dependency expressed through constructor parameter 0; nested exception is org.springframework.beans.factory.BeanCreationException: Error creating bean with name 'dataSource': Post-processing of FactoryBean's singleton object failed; nested exception is org.springframework.beans.factory.BeanCreationException: Error creating bean with name 'org.springframework.boot.autoconfigure.jdbc.DataSourceInitializerInvoker': Invocation of init method failed; nested exception is org.springframework.jdbc.datasource.init.ScriptStatementFailedException: Failed to execute SQL script statement #5 of URL [file:/D:/Documents/BscIT/ThirdYear/Semester%202/CMPG323/Project%201/Software/AccountSystemRepository/target/test-classes/schema.sql]: CREATE TABLE CMPG323.ACCOUNT_TX_DETAILS ( ACCOUNT_TX_DETAILS_ID BIGINT NOT NULL, TX_ID BIGINT NOT NULL, PARTNER_NAME VARCHAR(255) NOT NULL, NUMBER_OF_ITEMS BIGINT NOT NULL, PRIMARY KEY (ACCOUNT_TX_DETAILS_ID), CONSTRAINT FK_ACCOUNT_TYPE_IDL FOREIGN KEY (ACCOUNT_TYPE_ID) REFERENCES CMPG323.DEMO_ACCOUNT_TYPE (ACCOUNT_TYPE_ID), ); nested exception is org.h2.jdbc.JdbcSQLSyntaxErrorException: Constraint "FK_ACCOUNT_TYPE_IDL" already exists; SQL statement:
CREATE TABLE CMPG323.ACCOUNT_TX_DETAILS ( ACCOUNT_TX_DETAILS_ID BIGINT NOT NULL, TX_ID BIGINT NOT NULL, PARTNER_NAME VARCHAR(255) NOT NULL, NUMBER_OF_ITEMS BIGINT NOT NULL, PRIMARY KEY (ACCOUNT_TX_DETAILS_ID), CONSTRAINT FK_ACCOUNT_TYPE_IDL FOREIGN KEY (ACCOUNT_TYPE_ID) REFERENCES CMPG323.DEMO_ACCOUNT_TYPE (ACCOUNT_TYPE_ID), ) [90045-199]
2021-10-09 07:35:01.441  INFO 13704 --- [           main] ConditionEvaluationReportLoggingListener : 

Error starting ApplicationContext. To display the conditions report re-run your application with 'debug' enabled.
2021-10-09 07:35:01.441 ERROR 13704 --- [           main] o.s.boot.SpringApplication               : Application run failed

org.springframework.beans.factory.UnsatisfiedDependencyException: Error creating bean with name 'org.springframework.boot.autoconfigure.orm.jpa.HibernateJpaConfiguration': Unsatisfied dependency expressed through constructor parameter 0; nested exception is org.springframework.beans.factory.BeanCreationException: Error creating bean with name 'dataSource': Post-processing of FactoryBean's singleton object failed; nested exception is org.springframework.beans.factory.BeanCreationException: Error creating bean with name 'org.springframework.boot.autoconfigure.jdbc.DataSourceInitializerInvoker': Invocation of init method failed; nested exception is org.springframework.jdbc.datasource.init.ScriptStatementFailedException: Failed to execute SQL script statement #5 of URL [file:/D:/Documents/BscIT/ThirdYear/Semester%202/CMPG323/Project%201/Software/AccountSystemRepository/target/test-classes/schema.sql]: CREATE TABLE CMPG323.ACCOUNT_TX_DETAILS ( ACCOUNT_TX_DETAILS_ID BIGINT NOT NULL, TX_ID BIGINT NOT NULL, PARTNER_NAME VARCHAR(255) NOT NULL, NUMBER_OF_ITEMS BIGINT NOT NULL, PRIMARY KEY (ACCOUNT_TX_DETAILS_ID), CONSTRAINT FK_ACCOUNT_TYPE_IDL FOREIGN KEY (ACCOUNT_TYPE_ID) REFERENCES CMPG323.DEMO_ACCOUNT_TYPE (ACCOUNT_TYPE_ID), ); nested exception is org.h2.jdbc.JdbcSQLSyntaxErrorException: Constraint "FK_ACCOUNT_TYPE_IDL" already exists; SQL statement:
CREATE TABLE CMPG323.ACCOUNT_TX_DETAILS ( ACCOUNT_TX_DETAILS_ID BIGINT NOT NULL, TX_ID BIGINT NOT NULL, PARTNER_NAME VARCHAR(255) NOT NULL, NUMBER_OF_ITEMS BIGINT NOT NULL, PRIMARY KEY (ACCOUNT_TX_DETAILS_ID), CONSTRAINT FK_ACCOUNT_TYPE_IDL FOREIGN KEY (ACCOUNT_TYPE_ID) REFERENCES CMPG323.DEMO_ACCOUNT_TYPE (ACCOUNT_TYPE_ID), ) [90045-199]
	at org.springframework.beans.factory.support.ConstructorResolver.createArgumentArray(ConstructorResolver.java:769) ~[spring-beans-5.1.8.RELEASE.jar:5.1.8.RELEASE]
	at org.springframework.beans.factory.support.ConstructorResolver.autowireConstructor(ConstructorResolver.java:218) ~[spring-beans-5.1.8.RELEASE.jar:5.1.8.RELEASE]
	at org.springframework.beans.factory.support.AbstractAutowireCapableBeanFactory.autowireConstructor(AbstractAutowireCapableBeanFactory.java:1341) ~[spring-beans-5.1.8.RELEASE.jar:5.1.8.RELEASE]
	at org.springframework.beans.factory.support.AbstractAutowireCapableBeanFactory.createBeanInstance(AbstractAutowireCapableBeanFactory.java:1187) ~[spring-beans-5.1.8.RELEASE.jar:5.1.8.RELEASE]
	at org.springframework.beans.factory.support.AbstractAutowireCapableBeanFactory.doCreateBean(AbstractAutowireCapableBeanFactory.java:555) ~[spring-beans-5.1.8.RELEASE.jar:5.1.8.RELEASE]
	at org.springframework.beans.factory.support.AbstractAutowireCapableBeanFactory.createBean(AbstractAutowireCapableBeanFactory.java:515) ~[spring-beans-5.1.8.RELEASE.jar:5.1.8.RELEASE]
	at org.springframework.beans.factory.support.AbstractBeanFactory.lambda$doGetBean$0(AbstractBeanFactory.java:320) ~[spring-beans-5.1.8.RELEASE.jar:5.1.8.RELEASE]
	at org.springframework.beans.factory.support.DefaultSingletonBeanRegistry.getSingleton(DefaultSingletonBeanRegistry.java:222) ~[spring-beans-5.1.8.RELEASE.jar:5.1.8.RELEASE]
	at org.springframework.beans.factory.support.AbstractBeanFactory.doGetBean(AbstractBeanFactory.java:318) ~[spring-beans-5.1.8.RELEASE.jar:5.1.8.RELEASE]
	at org.springframework.beans.factory.support.AbstractBeanFactory.getBean(AbstractBeanFactory.java:199) ~[spring-beans-5.1.8.RELEASE.jar:5.1.8.RELEASE]
	at org.springframework.beans.factory.support.ConstructorResolver.instantiateUsingFactoryMethod(ConstructorResolver.java:392) ~[spring-beans-5.1.8.RELEASE.jar:5.1.8.RELEASE]
	at org.springframework.beans.factory.support.AbstractAutowireCapableBeanFactory.instantiateUsingFactoryMethod(AbstractAutowireCapableBeanFactory.java:1321) ~[spring-beans-5.1.8.RELEASE.jar:5.1.8.RELEASE]
	at org.springframework.beans.factory.support.AbstractAutowireCapableBeanFactory.createBeanInstance(AbstractAutowireCapableBeanFactory.java:1160) ~[spring-beans-5.1.8.RELEASE.jar:5.1.8.RELEASE]
	at org.springframework.beans.factory.support.AbstractAutowireCapableBeanFactory.doCreateBean(AbstractAutowireCapableBeanFactory.java:555) ~[spring-beans-5.1.8.RELEASE.jar:5.1.8.RELEASE]
	at org.springframework.beans.factory.support.AbstractAutowireCapableBeanFactory.createBean(AbstractAutowireCapableBeanFactory.java:515) ~[spring-beans-5.1.8.RELEASE.jar:5.1.8.RELEASE]
	at org.springframework.beans.factory.support.AbstractBeanFactory.lambda$doGetBean$0(AbstractBeanFactory.java:320) ~[spring-beans-5.1.8.RELEASE.jar:5.1.8.RELEASE]
	at org.springframework.beans.factory.support.DefaultSingletonBeanRegistry.getSingleton(DefaultSingletonBeanRegistry.java:222) ~[spring-beans-5.1.8.RELEASE.jar:5.1.8.RELEASE]
	at org.springframework.beans.factory.support.AbstractBeanFactory.doGetBean(AbstractBeanFactory.java:318) ~[spring-beans-5.1.8.RELEASE.jar:5.1.8.RELEASE]
	at org.springframework.beans.factory.support.AbstractBeanFactory.getBean(AbstractBeanFactory.java:199) ~[spring-beans-5.1.8.RELEASE.jar:5.1.8.RELEASE]
	at org.springframework.context.support.AbstractApplicationContext.getBean(AbstractApplicationContext.java:1105) ~[spring-context-5.1.8.RELEASE.jar:5.1.8.RELEASE]
	at org.springframework.context.support.AbstractApplicationContext.finishBeanFactoryInitialization(AbstractApplicationContext.java:867) ~[spring-context-5.1.8.RELEASE.jar:5.1.8.RELEASE]
	at org.springframework.context.support.AbstractApplicationContext.refresh(AbstractApplicationContext.java:549) ~[spring-context-5.1.8.RELEASE.jar:5.1.8.RELEASE]
	at org.springframework.boot.SpringApplication.refresh(SpringApplication.java:742) ~[spring-boot-2.1.6.RELEASE.jar:2.1.6.RELEASE]
	at org.springframework.boot.SpringApplication.refreshContext(SpringApplication.java:389) ~[spring-boot-2.1.6.RELEASE.jar:2.1.6.RELEASE]
	at org.springframework.boot.SpringApplication.run(SpringApplication.java:311) ~[spring-boot-2.1.6.RELEASE.jar:2.1.6.RELEASE]
	at org.springframework.boot.test.context.SpringBootContextLoader.loadContext(SpringBootContextLoader.java:119) [spring-boot-test-2.1.6.RELEASE.jar:2.1.6.RELEASE]
	at org.springframework.test.context.cache.DefaultCacheAwareContextLoaderDelegate.loadContextInternal(DefaultCacheAwareContextLoaderDelegate.java:99) [spring-test-5.1.8.RELEASE.jar:5.1.8.RELEASE]
	at org.springframework.test.context.cache.DefaultCacheAwareContextLoaderDelegate.loadContext(DefaultCacheAwareContextLoaderDelegate.java:117) [spring-test-5.1.8.RELEASE.jar:5.1.8.RELEASE]
	at org.springframework.test.context.support.DefaultTestContext.getApplicationContext(DefaultTestContext.java:108) [spring-test-5.1.8.RELEASE.jar:5.1.8.RELEASE]
	at org.springframework.boot.test.autoconfigure.SpringBootDependencyInjectionTestExecutionListener.outputConditionEvaluationReport(SpringBootDependencyInjectionTestExecutionListener.java:53) [spring-boot-test-autoconfigure-2.1.6.RELEASE.jar:2.1.6.RELEASE]
	at org.springframework.boot.test.autoconfigure.SpringBootDependencyInjectionTestExecutionListener.prepareTestInstance(SpringBootDependencyInjectionTestExecutionListener.java:46) [spring-boot-test-autoconfigure-2.1.6.RELEASE.jar:2.1.6.RELEASE]
	at org.springframework.test.context.TestContextManager.prepareTestInstance(TestContextManager.java:246) [spring-test-5.1.8.RELEASE.jar:5.1.8.RELEASE]
	at org.springframework.test.context.junit4.SpringJUnit4ClassRunner.createTest(SpringJUnit4ClassRunner.java:227) [spring-test-5.1.8.RELEASE.jar:5.1.8.RELEASE]
	at org.springframework.test.context.junit4.SpringJUnit4ClassRunner$1.runReflectiveCall(SpringJUnit4ClassRunner.java:289) [spring-test-5.1.8.RELEASE.jar:5.1.8.RELEASE]
	at org.junit.internal.runners.model.ReflectiveCallable.run(ReflectiveCallable.java:12) [junit-4.12.jar:4.12]
	at org.springframework.test.context.junit4.SpringJUnit4ClassRunner.methodBlock(SpringJUnit4ClassRunner.java:291) [spring-test-5.1.8.RELEASE.jar:5.1.8.RELEASE]
	at org.springframework.test.context.junit4.SpringJUnit4ClassRunner.runChild(SpringJUnit4ClassRunner.java:246) [spring-test-5.1.8.RELEASE.jar:5.1.8.RELEASE]
	at org.springframework.test.context.junit4.SpringJUnit4ClassRunner.runChild(SpringJUnit4ClassRunner.java:97) [spring-test-5.1.8.RELEASE.jar:5.1.8.RELEASE]
	at org.junit.runners.ParentRunner$3.run(ParentRunner.java:290) [junit-4.12.jar:4.12]
	at org.junit.runners.ParentRunner$1.schedule(ParentRunner.java:71) [junit-4.12.jar:4.12]
	at org.junit.runners.ParentRunner.runChildren(ParentRunner.java:288) [junit-4.12.jar:4.12]
	at org.junit.runners.ParentRunner.access$000(ParentRunner.java:58) [junit-4.12.jar:4.12]
	at org.junit.runners.ParentRunner$2.evaluate(ParentRunner.java:268) [junit-4.12.jar:4.12]
	at org.springframework.test.context.junit4.statements.RunBeforeTestClassCallbacks.evaluate(RunBeforeTestClassCallbacks.java:61) [spring-test-5.1.8.RELEASE.jar:5.1.8.RELEASE]
	at org.springframework.test.context.junit4.statements.RunAfterTestClassCallbacks.evaluate(RunAfterTestClassCallbacks.java:70) [spring-test-5.1.8.RELEASE.jar:5.1.8.RELEASE]
	at org.junit.runners.ParentRunner.run(ParentRunner.java:363) [junit-4.12.jar:4.12]
	at org.springframework.test.context.junit4.SpringJUnit4ClassRunner.run(SpringJUnit4ClassRunner.java:190) [spring-test-5.1.8.RELEASE.jar:5.1.8.RELEASE]
	at org.apache.maven.surefire.junit4.JUnit4Provider.execute(JUnit4Provider.java:365) [surefire-junit4-2.22.2.jar:2.22.2]
	at org.apache.maven.surefire.junit4.JUnit4Provider.executeWithRerun(JUnit4Provider.java:273) [surefire-junit4-2.22.2.jar:2.22.2]
	at org.apache.maven.surefire.junit4.JUnit4Provider.executeTestSet(JUnit4Provider.java:238) [surefire-junit4-2.22.2.jar:2.22.2]
	at org.apache.maven.surefire.junit4.JUnit4Provider.invoke(JUnit4Provider.java:159) [surefire-junit4-2.22.2.jar:2.22.2]
	at org.apache.maven.surefire.booter.ForkedBooter.invokeProviderInSameClassLoader(ForkedBooter.java:384) [surefire-booter-2.22.2.jar:2.22.2]
	at org.apache.maven.surefire.booter.ForkedBooter.runSuitesInProcess(ForkedBooter.java:345) [surefire-booter-2.22.2.jar:2.22.2]
	at org.apache.maven.surefire.booter.ForkedBooter.execute(ForkedBooter.java:126) [surefire-booter-2.22.2.jar:2.22.2]
	at org.apache.maven.surefire.booter.ForkedBooter.main(ForkedBooter.java:418) [surefire-booter-2.22.2.jar:2.22.2]
Caused by: org.springframework.beans.factory.BeanCreationException: Error creating bean with name 'dataSource': Post-processing of FactoryBean's singleton object failed; nested exception is org.springframework.beans.factory.BeanCreationException: Error creating bean with name 'org.springframework.boot.autoconfigure.jdbc.DataSourceInitializerInvoker': Invocation of init method failed; nested exception is org.springframework.jdbc.datasource.init.ScriptStatementFailedException: Failed to execute SQL script statement #5 of URL [file:/D:/Documents/BscIT/ThirdYear/Semester%202/CMPG323/Project%201/Software/AccountSystemRepository/target/test-classes/schema.sql]: CREATE TABLE CMPG323.ACCOUNT_TX_DETAILS ( ACCOUNT_TX_DETAILS_ID BIGINT NOT NULL, TX_ID BIGINT NOT NULL, PARTNER_NAME VARCHAR(255) NOT NULL, NUMBER_OF_ITEMS BIGINT NOT NULL, PRIMARY KEY (ACCOUNT_TX_DETAILS_ID), CONSTRAINT FK_ACCOUNT_TYPE_IDL FOREIGN KEY (ACCOUNT_TYPE_ID) REFERENCES CMPG323.DEMO_ACCOUNT_TYPE (ACCOUNT_TYPE_ID), ); nested exception is org.h2.jdbc.JdbcSQLSyntaxErrorException: Constraint "FK_ACCOUNT_TYPE_IDL" already exists; SQL statement:
CREATE TABLE CMPG323.ACCOUNT_TX_DETAILS ( ACCOUNT_TX_DETAILS_ID BIGINT NOT NULL, TX_ID BIGINT NOT NULL, PARTNER_NAME VARCHAR(255) NOT NULL, NUMBER_OF_ITEMS BIGINT NOT NULL, PRIMARY KEY (ACCOUNT_TX_DETAILS_ID), CONSTRAINT FK_ACCOUNT_TYPE_IDL FOREIGN KEY (ACCOUNT_TYPE_ID) REFERENCES CMPG323.DEMO_ACCOUNT_TYPE (ACCOUNT_TYPE_ID), ) [90045-199]
	at org.springframework.beans.factory.support.FactoryBeanRegistrySupport.getObjectFromFactoryBean(FactoryBeanRegistrySupport.java:119) ~[spring-beans-5.1.8.RELEASE.jar:5.1.8.RELEASE]
	at org.springframework.beans.factory.support.AbstractBeanFactory.getObjectForBeanInstance(AbstractBeanFactory.java:1674) ~[spring-beans-5.1.8.RELEASE.jar:5.1.8.RELEASE]
	at org.springframework.beans.factory.support.AbstractAutowireCapableBeanFactory.getObjectForBeanInstance(AbstractAutowireCapableBeanFactory.java:1249) ~[spring-beans-5.1.8.RELEASE.jar:5.1.8.RELEASE]
	at org.springframework.beans.factory.support.AbstractBeanFactory.doGetBean(AbstractBeanFactory.java:330) ~[spring-beans-5.1.8.RELEASE.jar:5.1.8.RELEASE]
	at org.springframework.beans.factory.support.AbstractBeanFactory.getBean(AbstractBeanFactory.java:199) ~[spring-beans-5.1.8.RELEASE.jar:5.1.8.RELEASE]
	at org.springframework.beans.factory.config.DependencyDescriptor.resolveCandidate(DependencyDescriptor.java:277) ~[spring-beans-5.1.8.RELEASE.jar:5.1.8.RELEASE]
	at org.springframework.beans.factory.support.DefaultListableBeanFactory.doResolveDependency(DefaultListableBeanFactory.java:1251) ~[spring-beans-5.1.8.RELEASE.jar:5.1.8.RELEASE]
	at org.springframework.beans.factory.support.DefaultListableBeanFactory.resolveDependency(DefaultListableBeanFactory.java:1171) ~[spring-beans-5.1.8.RELEASE.jar:5.1.8.RELEASE]
	at org.springframework.beans.factory.support.ConstructorResolver.resolveAutowiredArgument(ConstructorResolver.java:857) ~[spring-beans-5.1.8.RELEASE.jar:5.1.8.RELEASE]
	at org.springframework.beans.factory.support.ConstructorResolver.createArgumentArray(ConstructorResolver.java:760) ~[spring-beans-5.1.8.RELEASE.jar:5.1.8.RELEASE]
	... 54 common frames omitted
Caused by: org.springframework.beans.factory.BeanCreationException: Error creating bean with name 'org.springframework.boot.autoconfigure.jdbc.DataSourceInitializerInvoker': Invocation of init method failed; nested exception is org.springframework.jdbc.datasource.init.ScriptStatementFailedException: Failed to execute SQL script statement #5 of URL [file:/D:/Documents/BscIT/ThirdYear/Semester%202/CMPG323/Project%201/Software/AccountSystemRepository/target/test-classes/schema.sql]: CREATE TABLE CMPG323.ACCOUNT_TX_DETAILS ( ACCOUNT_TX_DETAILS_ID BIGINT NOT NULL, TX_ID BIGINT NOT NULL, PARTNER_NAME VARCHAR(255) NOT NULL, NUMBER_OF_ITEMS BIGINT NOT NULL, PRIMARY KEY (ACCOUNT_TX_DETAILS_ID), CONSTRAINT FK_ACCOUNT_TYPE_IDL FOREIGN KEY (ACCOUNT_TYPE_ID) REFERENCES CMPG323.DEMO_ACCOUNT_TYPE (ACCOUNT_TYPE_ID), ); nested exception is org.h2.jdbc.JdbcSQLSyntaxErrorException: Constraint "FK_ACCOUNT_TYPE_IDL" already exists; SQL statement:
CREATE TABLE CMPG323.ACCOUNT_TX_DETAILS ( ACCOUNT_TX_DETAILS_ID BIGINT NOT NULL, TX_ID BIGINT NOT NULL, PARTNER_NAME VARCHAR(255) NOT NULL, NUMBER_OF_ITEMS BIGINT NOT NULL, PRIMARY KEY (ACCOUNT_TX_DETAILS_ID), CONSTRAINT FK_ACCOUNT_TYPE_IDL FOREIGN KEY (ACCOUNT_TYPE_ID) REFERENCES CMPG323.DEMO_ACCOUNT_TYPE (ACCOUNT_TYPE_ID), ) [90045-199]
	at org.springframework.beans.factory.support.AbstractAutowireCapableBeanFactory.initializeBean(AbstractAutowireCapableBeanFactory.java:1778) ~[spring-beans-5.1.8.RELEASE.jar:5.1.8.RELEASE]
	at org.springframework.beans.factory.support.AbstractAutowireCapableBeanFactory.doCreateBean(AbstractAutowireCapableBeanFactory.java:593) ~[spring-beans-5.1.8.RELEASE.jar:5.1.8.RELEASE]
	at org.springframework.beans.factory.support.AbstractAutowireCapableBeanFactory.createBean(AbstractAutowireCapableBeanFactory.java:515) ~[spring-beans-5.1.8.RELEASE.jar:5.1.8.RELEASE]
	at org.springframework.beans.factory.support.AbstractBeanFactory.lambda$doGetBean$0(AbstractBeanFactory.java:320) ~[spring-beans-5.1.8.RELEASE.jar:5.1.8.RELEASE]
	at org.springframework.beans.factory.support.DefaultSingletonBeanRegistry.getSingleton(DefaultSingletonBeanRegistry.java:222) ~[spring-beans-5.1.8.RELEASE.jar:5.1.8.RELEASE]
	at org.springframework.beans.factory.support.AbstractBeanFactory.doGetBean(AbstractBeanFactory.java:318) ~[spring-beans-5.1.8.RELEASE.jar:5.1.8.RELEASE]
	at org.springframework.beans.factory.support.AbstractBeanFactory.getBean(AbstractBeanFactory.java:224) ~[spring-beans-5.1.8.RELEASE.jar:5.1.8.RELEASE]
	at org.springframework.beans.factory.support.DefaultListableBeanFactory.resolveNamedBean(DefaultListableBeanFactory.java:1119) ~[spring-beans-5.1.8.RELEASE.jar:5.1.8.RELEASE]
	at org.springframework.beans.factory.support.DefaultListableBeanFactory.resolveBean(DefaultListableBeanFactory.java:411) ~[spring-beans-5.1.8.RELEASE.jar:5.1.8.RELEASE]
	at org.springframework.beans.factory.support.DefaultListableBeanFactory.getBean(DefaultListableBeanFactory.java:344) ~[spring-beans-5.1.8.RELEASE.jar:5.1.8.RELEASE]
	at org.springframework.beans.factory.support.DefaultListableBeanFactory.getBean(DefaultListableBeanFactory.java:337) ~[spring-beans-5.1.8.RELEASE.jar:5.1.8.RELEASE]
	at org.springframework.boot.autoconfigure.jdbc.DataSourceInitializerPostProcessor.postProcessAfterInitialization(DataSourceInitializerPostProcessor.java:53) ~[spring-boot-autoconfigure-2.1.6.RELEASE.jar:2.1.6.RELEASE]
	at org.springframework.beans.factory.support.AbstractAutowireCapableBeanFactory.applyBeanPostProcessorsAfterInitialization(AbstractAutowireCapableBeanFactory.java:429) ~[spring-beans-5.1.8.RELEASE.jar:5.1.8.RELEASE]
	at org.springframework.beans.factory.support.AbstractAutowireCapableBeanFactory.postProcessObjectFromFactoryBean(AbstractAutowireCapableBeanFactory.java:1921) ~[spring-beans-5.1.8.RELEASE.jar:5.1.8.RELEASE]
	at org.springframework.beans.factory.support.FactoryBeanRegistrySupport.getObjectFromFactoryBean(FactoryBeanRegistrySupport.java:116) ~[spring-beans-5.1.8.RELEASE.jar:5.1.8.RELEASE]
	... 63 common frames omitted
Caused by: org.springframework.jdbc.datasource.init.ScriptStatementFailedException: Failed to execute SQL script statement #5 of URL [file:/D:/Documents/BscIT/ThirdYear/Semester%202/CMPG323/Project%201/Software/AccountSystemRepository/target/test-classes/schema.sql]: CREATE TABLE CMPG323.ACCOUNT_TX_DETAILS ( ACCOUNT_TX_DETAILS_ID BIGINT NOT NULL, TX_ID BIGINT NOT NULL, PARTNER_NAME VARCHAR(255) NOT NULL, NUMBER_OF_ITEMS BIGINT NOT NULL, PRIMARY KEY (ACCOUNT_TX_DETAILS_ID), CONSTRAINT FK_ACCOUNT_TYPE_IDL FOREIGN KEY (ACCOUNT_TYPE_ID) REFERENCES CMPG323.DEMO_ACCOUNT_TYPE (ACCOUNT_TYPE_ID), ); nested exception is org.h2.jdbc.JdbcSQLSyntaxErrorException: Constraint "FK_ACCOUNT_TYPE_IDL" already exists; SQL statement:
CREATE TABLE CMPG323.ACCOUNT_TX_DETAILS ( ACCOUNT_TX_DETAILS_ID BIGINT NOT NULL, TX_ID BIGINT NOT NULL, PARTNER_NAME VARCHAR(255) NOT NULL, NUMBER_OF_ITEMS BIGINT NOT NULL, PRIMARY KEY (ACCOUNT_TX_DETAILS_ID), CONSTRAINT FK_ACCOUNT_TYPE_IDL FOREIGN KEY (ACCOUNT_TYPE_ID) REFERENCES CMPG323.DEMO_ACCOUNT_TYPE (ACCOUNT_TYPE_ID), ) [90045-199]
	at org.springframework.jdbc.datasource.init.ScriptUtils.executeSqlScript(ScriptUtils.java:509) ~[spring-jdbc-5.1.8.RELEASE.jar:5.1.8.RELEASE]
	at org.springframework.jdbc.datasource.init.ResourceDatabasePopulator.populate(ResourceDatabasePopulator.java:238) ~[spring-jdbc-5.1.8.RELEASE.jar:5.1.8.RELEASE]
	at org.springframework.jdbc.datasource.init.DatabasePopulatorUtils.execute(DatabasePopulatorUtils.java:48) ~[spring-jdbc-5.1.8.RELEASE.jar:5.1.8.RELEASE]
	at org.springframework.boot.autoconfigure.jdbc.DataSourceInitializer.runScripts(DataSourceInitializer.java:202) ~[spring-boot-autoconfigure-2.1.6.RELEASE.jar:2.1.6.RELEASE]
	at org.springframework.boot.autoconfigure.jdbc.DataSourceInitializer.createSchema(DataSourceInitializer.java:101) ~[spring-boot-autoconfigure-2.1.6.RELEASE.jar:2.1.6.RELEASE]
	at org.springframework.boot.autoconfigure.jdbc.DataSourceInitializerInvoker.afterPropertiesSet(DataSourceInitializerInvoker.java:62) ~[spring-boot-autoconfigure-2.1.6.RELEASE.jar:2.1.6.RELEASE]
	at org.springframework.beans.factory.support.AbstractAutowireCapableBeanFactory.invokeInitMethods(AbstractAutowireCapableBeanFactory.java:1837) ~[spring-beans-5.1.8.RELEASE.jar:5.1.8.RELEASE]
	at org.springframework.beans.factory.support.AbstractAutowireCapableBeanFactory.initializeBean(AbstractAutowireCapableBeanFactory.java:1774) ~[spring-beans-5.1.8.RELEASE.jar:5.1.8.RELEASE]
	... 77 common frames omitted
Caused by: org.h2.jdbc.JdbcSQLSyntaxErrorException: Constraint "FK_ACCOUNT_TYPE_IDL" already exists; SQL statement:
CREATE TABLE CMPG323.ACCOUNT_TX_DETAILS ( ACCOUNT_TX_DETAILS_ID BIGINT NOT NULL, TX_ID BIGINT NOT NULL, PARTNER_NAME VARCHAR(255) NOT NULL, NUMBER_OF_ITEMS BIGINT NOT NULL, PRIMARY KEY (ACCOUNT_TX_DETAILS_ID), CONSTRAINT FK_ACCOUNT_TYPE_IDL FOREIGN KEY (ACCOUNT_TYPE_ID) REFERENCES CMPG323.DEMO_ACCOUNT_TYPE (ACCOUNT_TYPE_ID), ) [90045-199]
	at org.h2.message.DbException.getJdbcSQLException(DbException.java:573) ~[h2-1.4.199.jar:1.4.199]
	at org.h2.message.DbException.getJdbcSQLException(DbException.java:427) ~[h2-1.4.199.jar:1.4.199]
	at org.h2.message.DbException.get(DbException.java:205) ~[h2-1.4.199.jar:1.4.199]
	at org.h2.message.DbException.get(DbException.java:181) ~[h2-1.4.199.jar:1.4.199]
	at org.h2.command.ddl.AlterTableAddConstraint.tryUpdate(AlterTableAddConstraint.java:114) ~[h2-1.4.199.jar:1.4.199]
	at org.h2.command.ddl.AlterTableAddConstraint.update(AlterTableAddConstraint.java:78) ~[h2-1.4.199.jar:1.4.199]
	at org.h2.command.ddl.CommandWithColumns.createConstraints(CommandWithColumns.java:83) ~[h2-1.4.199.jar:1.4.199]
	at org.h2.command.ddl.CreateTable.update(CreateTable.java:129) ~[h2-1.4.199.jar:1.4.199]
	at org.h2.command.CommandContainer.update(CommandContainer.java:133) ~[h2-1.4.199.jar:1.4.199]
	at org.h2.command.Command.executeUpdate(Command.java:267) ~[h2-1.4.199.jar:1.4.199]
	at org.h2.jdbc.JdbcStatement.executeInternal(JdbcStatement.java:233) ~[h2-1.4.199.jar:1.4.199]
	at org.h2.jdbc.JdbcStatement.execute(JdbcStatement.java:205) ~[h2-1.4.199.jar:1.4.199]
	at org.springframework.jdbc.datasource.init.ScriptUtils.executeSqlScript(ScriptUtils.java:488) ~[spring-jdbc-5.1.8.RELEASE.jar:5.1.8.RELEASE]
	... 84 common frames omitted

2021-10-09 07:35:01.441 ERROR 13704 --- [           main] o.s.test.context.TestContextManager      : Caught exception while allowing TestExecutionListener [org.springframework.boot.test.autoconfigure.SpringBootDependencyInjectionTestExecutionListener@2b546384] to prepare test instance [za.ac.nwu.ac.repo.persistence.AccountTypeRepositoryTest@528f8f8b]

java.lang.IllegalStateException: Failed to load ApplicationContext
	at org.springframework.test.context.cache.DefaultCacheAwareContextLoaderDelegate.loadContext(DefaultCacheAwareContextLoaderDelegate.java:125) ~[spring-test-5.1.8.RELEASE.jar:5.1.8.RELEASE]
	at org.springframework.test.context.support.DefaultTestContext.getApplicationContext(DefaultTestContext.java:108) ~[spring-test-5.1.8.RELEASE.jar:5.1.8.RELEASE]
	at org.springframework.test.context.support.DependencyInjectionTestExecutionListener.injectDependencies(DependencyInjectionTestExecutionListener.java:118) ~[spring-test-5.1.8.RELEASE.jar:5.1.8.RELEASE]
	at org.springframework.test.context.support.DependencyInjectionTestExecutionListener.prepareTestInstance(DependencyInjectionTestExecutionListener.java:83) ~[spring-test-5.1.8.RELEASE.jar:5.1.8.RELEASE]
	at org.springframework.boot.test.autoconfigure.SpringBootDependencyInjectionTestExecutionListener.prepareTestInstance(SpringBootDependencyInjectionTestExecutionListener.java:43) ~[spring-boot-test-autoconfigure-2.1.6.RELEASE.jar:2.1.6.RELEASE]
	at org.springframework.test.context.TestContextManager.prepareTestInstance(TestContextManager.java:246) ~[spring-test-5.1.8.RELEASE.jar:5.1.8.RELEASE]
	at org.springframework.test.context.junit4.SpringJUnit4ClassRunner.createTest(SpringJUnit4ClassRunner.java:227) [spring-test-5.1.8.RELEASE.jar:5.1.8.RELEASE]
	at org.springframework.test.context.junit4.SpringJUnit4ClassRunner$1.runReflectiveCall(SpringJUnit4ClassRunner.java:289) [spring-test-5.1.8.RELEASE.jar:5.1.8.RELEASE]
	at org.junit.internal.runners.model.ReflectiveCallable.run(ReflectiveCallable.java:12) [junit-4.12.jar:4.12]
	at org.springframework.test.context.junit4.SpringJUnit4ClassRunner.methodBlock(SpringJUnit4ClassRunner.java:291) [spring-test-5.1.8.RELEASE.jar:5.1.8.RELEASE]
	at org.springframework.test.context.junit4.SpringJUnit4ClassRunner.runChild(SpringJUnit4ClassRunner.java:246) [spring-test-5.1.8.RELEASE.jar:5.1.8.RELEASE]
	at org.springframework.test.context.junit4.SpringJUnit4ClassRunner.runChild(SpringJUnit4ClassRunner.java:97) [spring-test-5.1.8.RELEASE.jar:5.1.8.RELEASE]
	at org.junit.runners.ParentRunner$3.run(ParentRunner.java:290) [junit-4.12.jar:4.12]
	at org.junit.runners.ParentRunner$1.schedule(ParentRunner.java:71) [junit-4.12.jar:4.12]
	at org.junit.runners.ParentRunner.runChildren(ParentRunner.java:288) [junit-4.12.jar:4.12]
	at org.junit.runners.ParentRunner.access$000(ParentRunner.java:58) [junit-4.12.jar:4.12]
	at org.junit.runners.ParentRunner$2.evaluate(ParentRunner.java:268) [junit-4.12.jar:4.12]
	at org.springframework.test.context.junit4.statements.RunBeforeTestClassCallbacks.evaluate(RunBeforeTestClassCallbacks.java:61) [spring-test-5.1.8.RELEASE.jar:5.1.8.RELEASE]
	at org.springframework.test.context.junit4.statements.RunAfterTestClassCallbacks.evaluate(RunAfterTestClassCallbacks.java:70) [spring-test-5.1.8.RELEASE.jar:5.1.8.RELEASE]
	at org.junit.runners.ParentRunner.run(ParentRunner.java:363) [junit-4.12.jar:4.12]
	at org.springframework.test.context.junit4.SpringJUnit4ClassRunner.run(SpringJUnit4ClassRunner.java:190) [spring-test-5.1.8.RELEASE.jar:5.1.8.RELEASE]
	at org.apache.maven.surefire.junit4.JUnit4Provider.execute(JUnit4Provider.java:365) [surefire-junit4-2.22.2.jar:2.22.2]
	at org.apache.maven.surefire.junit4.JUnit4Provider.executeWithRerun(JUnit4Provider.java:273) [surefire-junit4-2.22.2.jar:2.22.2]
	at org.apache.maven.surefire.junit4.JUnit4Provider.executeTestSet(JUnit4Provider.java:238) [surefire-junit4-2.22.2.jar:2.22.2]
	at org.apache.maven.surefire.junit4.JUnit4Provider.invoke(JUnit4Provider.java:159) [surefire-junit4-2.22.2.jar:2.22.2]
	at org.apache.maven.surefire.booter.ForkedBooter.invokeProviderInSameClassLoader(ForkedBooter.java:384) [surefire-booter-2.22.2.jar:2.22.2]
	at org.apache.maven.surefire.booter.ForkedBooter.runSuitesInProcess(ForkedBooter.java:345) [surefire-booter-2.22.2.jar:2.22.2]
	at org.apache.maven.surefire.booter.ForkedBooter.execute(ForkedBooter.java:126) [surefire-booter-2.22.2.jar:2.22.2]
	at org.apache.maven.surefire.booter.ForkedBooter.main(ForkedBooter.java:418) [surefire-booter-2.22.2.jar:2.22.2]
Caused by: org.springframework.beans.factory.UnsatisfiedDependencyException: Error creating bean with name 'org.springframework.boot.autoconfigure.orm.jpa.HibernateJpaConfiguration': Unsatisfied dependency expressed through constructor parameter 0; nested exception is org.springframework.beans.factory.BeanCreationException: Error creating bean with name 'dataSource': Post-processing of FactoryBean's singleton object failed; nested exception is org.springframework.beans.factory.BeanCreationException: Error creating bean with name 'org.springframework.boot.autoconfigure.jdbc.DataSourceInitializerInvoker': Invocation of init method failed; nested exception is org.springframework.jdbc.datasource.init.ScriptStatementFailedException: Failed to execute SQL script statement #5 of URL [file:/D:/Documents/BscIT/ThirdYear/Semester%202/CMPG323/Project%201/Software/AccountSystemRepository/target/test-classes/schema.sql]: CREATE TABLE CMPG323.ACCOUNT_TX_DETAILS ( ACCOUNT_TX_DETAILS_ID BIGINT NOT NULL, TX_ID BIGINT NOT NULL, PARTNER_NAME VARCHAR(255) NOT NULL, NUMBER_OF_ITEMS BIGINT NOT NULL, PRIMARY KEY (ACCOUNT_TX_DETAILS_ID), CONSTRAINT FK_ACCOUNT_TYPE_IDL FOREIGN KEY (ACCOUNT_TYPE_ID) REFERENCES CMPG323.DEMO_ACCOUNT_TYPE (ACCOUNT_TYPE_ID), ); nested exception is org.h2.jdbc.JdbcSQLSyntaxErrorException: Constraint "FK_ACCOUNT_TYPE_IDL" already exists; SQL statement:
CREATE TABLE CMPG323.ACCOUNT_TX_DETAILS ( ACCOUNT_TX_DETAILS_ID BIGINT NOT NULL, TX_ID BIGINT NOT NULL, PARTNER_NAME VARCHAR(255) NOT NULL, NUMBER_OF_ITEMS BIGINT NOT NULL, PRIMARY KEY (ACCOUNT_TX_DETAILS_ID), CONSTRAINT FK_ACCOUNT_TYPE_IDL FOREIGN KEY (ACCOUNT_TYPE_ID) REFERENCES CMPG323.DEMO_ACCOUNT_TYPE (ACCOUNT_TYPE_ID), ) [90045-199]
	at org.springframework.beans.factory.support.ConstructorResolver.createArgumentArray(ConstructorResolver.java:769) ~[spring-beans-5.1.8.RELEASE.jar:5.1.8.RELEASE]
	at org.springframework.beans.factory.support.ConstructorResolver.autowireConstructor(ConstructorResolver.java:218) ~[spring-beans-5.1.8.RELEASE.jar:5.1.8.RELEASE]
	at org.springframework.beans.factory.support.AbstractAutowireCapableBeanFactory.autowireConstructor(AbstractAutowireCapableBeanFactory.java:1341) ~[spring-beans-5.1.8.RELEASE.jar:5.1.8.RELEASE]
	at org.springframework.beans.factory.support.AbstractAutowireCapableBeanFactory.createBeanInstance(AbstractAutowireCapableBeanFactory.java:1187) ~[spring-beans-5.1.8.RELEASE.jar:5.1.8.RELEASE]
	at org.springframework.beans.factory.support.AbstractAutowireCapableBeanFactory.doCreateBean(AbstractAutowireCapableBeanFactory.java:555) ~[spring-beans-5.1.8.RELEASE.jar:5.1.8.RELEASE]
	at org.springframework.beans.factory.support.AbstractAutowireCapableBeanFactory.createBean(AbstractAutowireCapableBeanFactory.java:515) ~[spring-beans-5.1.8.RELEASE.jar:5.1.8.RELEASE]
	at org.springframework.beans.factory.support.AbstractBeanFactory.lambda$doGetBean$0(AbstractBeanFactory.java:320) ~[spring-beans-5.1.8.RELEASE.jar:5.1.8.RELEASE]
	at org.springframework.beans.factory.support.DefaultSingletonBeanRegistry.getSingleton(DefaultSingletonBeanRegistry.java:222) ~[spring-beans-5.1.8.RELEASE.jar:5.1.8.RELEASE]
	at org.springframework.beans.factory.support.AbstractBeanFactory.doGetBean(AbstractBeanFactory.java:318) ~[spring-beans-5.1.8.RELEASE.jar:5.1.8.RELEASE]
	at org.springframework.beans.factory.support.AbstractBeanFactory.getBean(AbstractBeanFactory.java:199) ~[spring-beans-5.1.8.RELEASE.jar:5.1.8.RELEASE]
	at org.springframework.beans.factory.support.ConstructorResolver.instantiateUsingFactoryMethod(ConstructorResolver.java:392) ~[spring-beans-5.1.8.RELEASE.jar:5.1.8.RELEASE]
	at org.springframework.beans.factory.support.AbstractAutowireCapableBeanFactory.instantiateUsingFactoryMethod(AbstractAutowireCapableBeanFactory.java:1321) ~[spring-beans-5.1.8.RELEASE.jar:5.1.8.RELEASE]
	at org.springframework.beans.factory.support.AbstractAutowireCapableBeanFactory.createBeanInstance(AbstractAutowireCapableBeanFactory.java:1160) ~[spring-beans-5.1.8.RELEASE.jar:5.1.8.RELEASE]
	at org.springframework.beans.factory.support.AbstractAutowireCapableBeanFactory.doCreateBean(AbstractAutowireCapableBeanFactory.java:555) ~[spring-beans-5.1.8.RELEASE.jar:5.1.8.RELEASE]
	at org.springframework.beans.factory.support.AbstractAutowireCapableBeanFactory.createBean(AbstractAutowireCapableBeanFactory.java:515) ~[spring-beans-5.1.8.RELEASE.jar:5.1.8.RELEASE]
	at org.springframework.beans.factory.support.AbstractBeanFactory.lambda$doGetBean$0(AbstractBeanFactory.java:320) ~[spring-beans-5.1.8.RELEASE.jar:5.1.8.RELEASE]
	at org.springframework.beans.factory.support.DefaultSingletonBeanRegistry.getSingleton(DefaultSingletonBeanRegistry.java:222) ~[spring-beans-5.1.8.RELEASE.jar:5.1.8.RELEASE]
	at org.springframework.beans.factory.support.AbstractBeanFactory.doGetBean(AbstractBeanFactory.java:318) ~[spring-beans-5.1.8.RELEASE.jar:5.1.8.RELEASE]
	at org.springframework.beans.factory.support.AbstractBeanFactory.getBean(AbstractBeanFactory.java:199) ~[spring-beans-5.1.8.RELEASE.jar:5.1.8.RELEASE]
	at org.springframework.context.support.AbstractApplicationContext.getBean(AbstractApplicationContext.java:1105) ~[spring-context-5.1.8.RELEASE.jar:5.1.8.RELEASE]
	at org.springframework.context.support.AbstractApplicationContext.finishBeanFactoryInitialization(AbstractApplicationContext.java:867) ~[spring-context-5.1.8.RELEASE.jar:5.1.8.RELEASE]
	at org.springframework.context.support.AbstractApplicationContext.refresh(AbstractApplicationContext.java:549) ~[spring-context-5.1.8.RELEASE.jar:5.1.8.RELEASE]
	at org.springframework.boot.SpringApplication.refresh(SpringApplication.java:742) ~[spring-boot-2.1.6.RELEASE.jar:2.1.6.RELEASE]
	at org.springframework.boot.SpringApplication.refreshContext(SpringApplication.java:389) ~[spring-boot-2.1.6.RELEASE.jar:2.1.6.RELEASE]
	at org.springframework.boot.SpringApplication.run(SpringApplication.java:311) ~[spring-boot-2.1.6.RELEASE.jar:2.1.6.RELEASE]
	at org.springframework.boot.test.context.SpringBootContextLoader.loadContext(SpringBootContextLoader.java:119) ~[spring-boot-test-2.1.6.RELEASE.jar:2.1.6.RELEASE]
	at org.springframework.test.context.cache.DefaultCacheAwareContextLoaderDelegate.loadContextInternal(DefaultCacheAwareContextLoaderDelegate.java:99) ~[spring-test-5.1.8.RELEASE.jar:5.1.8.RELEASE]
	at org.springframework.test.context.cache.DefaultCacheAwareContextLoaderDelegate.loadContext(DefaultCacheAwareContextLoaderDelegate.java:117) ~[spring-test-5.1.8.RELEASE.jar:5.1.8.RELEASE]
	... 28 common frames omitted
Caused by: org.springframework.beans.factory.BeanCreationException: Error creating bean with name 'dataSource': Post-processing of FactoryBean's singleton object failed; nested exception is org.springframework.beans.factory.BeanCreationException: Error creating bean with name 'org.springframework.boot.autoconfigure.jdbc.DataSourceInitializerInvoker': Invocation of init method failed; nested exception is org.springframework.jdbc.datasource.init.ScriptStatementFailedException: Failed to execute SQL script statement #5 of URL [file:/D:/Documents/BscIT/ThirdYear/Semester%202/CMPG323/Project%201/Software/AccountSystemRepository/target/test-classes/schema.sql]: CREATE TABLE CMPG323.ACCOUNT_TX_DETAILS ( ACCOUNT_TX_DETAILS_ID BIGINT NOT NULL, TX_ID BIGINT NOT NULL, PARTNER_NAME VARCHAR(255) NOT NULL, NUMBER_OF_ITEMS BIGINT NOT NULL, PRIMARY KEY (ACCOUNT_TX_DETAILS_ID), CONSTRAINT FK_ACCOUNT_TYPE_IDL FOREIGN KEY (ACCOUNT_TYPE_ID) REFERENCES CMPG323.DEMO_ACCOUNT_TYPE (ACCOUNT_TYPE_ID), ); nested exception is org.h2.jdbc.JdbcSQLSyntaxErrorException: Constraint "FK_ACCOUNT_TYPE_IDL" already exists; SQL statement:
CREATE TABLE CMPG323.ACCOUNT_TX_DETAILS ( ACCOUNT_TX_DETAILS_ID BIGINT NOT NULL, TX_ID BIGINT NOT NULL, PARTNER_NAME VARCHAR(255) NOT NULL, NUMBER_OF_ITEMS BIGINT NOT NULL, PRIMARY KEY (ACCOUNT_TX_DETAILS_ID), CONSTRAINT FK_ACCOUNT_TYPE_IDL FOREIGN KEY (ACCOUNT_TYPE_ID) REFERENCES CMPG323.DEMO_ACCOUNT_TYPE (ACCOUNT_TYPE_ID), ) [90045-199]
	at org.springframework.beans.factory.support.FactoryBeanRegistrySupport.getObjectFromFactoryBean(FactoryBeanRegistrySupport.java:119) ~[spring-beans-5.1.8.RELEASE.jar:5.1.8.RELEASE]
	at org.springframework.beans.factory.support.AbstractBeanFactory.getObjectForBeanInstance(AbstractBeanFactory.java:1674) ~[spring-beans-5.1.8.RELEASE.jar:5.1.8.RELEASE]
	at org.springframework.beans.factory.support.AbstractAutowireCapableBeanFactory.getObjectForBeanInstance(AbstractAutowireCapableBeanFactory.java:1249) ~[spring-beans-5.1.8.RELEASE.jar:5.1.8.RELEASE]
	at org.springframework.beans.factory.support.AbstractBeanFactory.doGetBean(AbstractBeanFactory.java:330) ~[spring-beans-5.1.8.RELEASE.jar:5.1.8.RELEASE]
	at org.springframework.beans.factory.support.AbstractBeanFactory.getBean(AbstractBeanFactory.java:199) ~[spring-beans-5.1.8.RELEASE.jar:5.1.8.RELEASE]
	at org.springframework.beans.factory.config.DependencyDescriptor.resolveCandidate(DependencyDescriptor.java:277) ~[spring-beans-5.1.8.RELEASE.jar:5.1.8.RELEASE]
	at org.springframework.beans.factory.support.DefaultListableBeanFactory.doResolveDependency(DefaultListableBeanFactory.java:1251) ~[spring-beans-5.1.8.RELEASE.jar:5.1.8.RELEASE]
	at org.springframework.beans.factory.support.DefaultListableBeanFactory.resolveDependency(DefaultListableBeanFactory.java:1171) ~[spring-beans-5.1.8.RELEASE.jar:5.1.8.RELEASE]
	at org.springframework.beans.factory.support.ConstructorResolver.resolveAutowiredArgument(ConstructorResolver.java:857) ~[spring-beans-5.1.8.RELEASE.jar:5.1.8.RELEASE]
	at org.springframework.beans.factory.support.ConstructorResolver.createArgumentArray(ConstructorResolver.java:760) ~[spring-beans-5.1.8.RELEASE.jar:5.1.8.RELEASE]
	... 55 common frames omitted
Caused by: org.springframework.beans.factory.BeanCreationException: Error creating bean with name 'org.springframework.boot.autoconfigure.jdbc.DataSourceInitializerInvoker': Invocation of init method failed; nested exception is org.springframework.jdbc.datasource.init.ScriptStatementFailedException: Failed to execute SQL script statement #5 of URL [file:/D:/Documents/BscIT/ThirdYear/Semester%202/CMPG323/Project%201/Software/AccountSystemRepository/target/test-classes/schema.sql]: CREATE TABLE CMPG323.ACCOUNT_TX_DETAILS ( ACCOUNT_TX_DETAILS_ID BIGINT NOT NULL, TX_ID BIGINT NOT NULL, PARTNER_NAME VARCHAR(255) NOT NULL, NUMBER_OF_ITEMS BIGINT NOT NULL, PRIMARY KEY (ACCOUNT_TX_DETAILS_ID), CONSTRAINT FK_ACCOUNT_TYPE_IDL FOREIGN KEY (ACCOUNT_TYPE_ID) REFERENCES CMPG323.DEMO_ACCOUNT_TYPE (ACCOUNT_TYPE_ID), ); nested exception is org.h2.jdbc.JdbcSQLSyntaxErrorException: Constraint "FK_ACCOUNT_TYPE_IDL" already exists; SQL statement:
CREATE TABLE CMPG323.ACCOUNT_TX_DETAILS ( ACCOUNT_TX_DETAILS_ID BIGINT NOT NULL, TX_ID BIGINT NOT NULL, PARTNER_NAME VARCHAR(255) NOT NULL, NUMBER_OF_ITEMS BIGINT NOT NULL, PRIMARY KEY (ACCOUNT_TX_DETAILS_ID), CONSTRAINT FK_ACCOUNT_TYPE_IDL FOREIGN KEY (ACCOUNT_TYPE_ID) REFERENCES CMPG323.DEMO_ACCOUNT_TYPE (ACCOUNT_TYPE_ID), ) [90045-199]
	at org.springframework.beans.factory.support.AbstractAutowireCapableBeanFactory.initializeBean(AbstractAutowireCapableBeanFactory.java:1778) ~[spring-beans-5.1.8.RELEASE.jar:5.1.8.RELEASE]
	at org.springframework.beans.factory.support.AbstractAutowireCapableBeanFactory.doCreateBean(AbstractAutowireCapableBeanFactory.java:593) ~[spring-beans-5.1.8.RELEASE.jar:5.1.8.RELEASE]
	at org.springframework.beans.factory.support.AbstractAutowireCapableBeanFactory.createBean(AbstractAutowireCapableBeanFactory.java:515) ~[spring-beans-5.1.8.RELEASE.jar:5.1.8.RELEASE]
	at org.springframework.beans.factory.support.AbstractBeanFactory.lambda$doGetBean$0(AbstractBeanFactory.java:320) ~[spring-beans-5.1.8.RELEASE.jar:5.1.8.RELEASE]
	at org.springframework.beans.factory.support.DefaultSingletonBeanRegistry.getSingleton(DefaultSingletonBeanRegistry.java:222) ~[spring-beans-5.1.8.RELEASE.jar:5.1.8.RELEASE]
	at org.springframework.beans.factory.support.AbstractBeanFactory.doGetBean(AbstractBeanFactory.java:318) ~[spring-beans-5.1.8.RELEASE.jar:5.1.8.RELEASE]
	at org.springframework.beans.factory.support.AbstractBeanFactory.getBean(AbstractBeanFactory.java:224) ~[spring-beans-5.1.8.RELEASE.jar:5.1.8.RELEASE]
	at org.springframework.beans.factory.support.DefaultListableBeanFactory.resolveNamedBean(DefaultListableBeanFactory.java:1119) ~[spring-beans-5.1.8.RELEASE.jar:5.1.8.RELEASE]
	at org.springframework.beans.factory.support.DefaultListableBeanFactory.resolveBean(DefaultListableBeanFactory.java:411) ~[spring-beans-5.1.8.RELEASE.jar:5.1.8.RELEASE]
	at org.springframework.beans.factory.support.DefaultListableBeanFactory.getBean(DefaultListableBeanFactory.java:344) ~[spring-beans-5.1.8.RELEASE.jar:5.1.8.RELEASE]
	at org.springframework.beans.factory.support.DefaultListableBeanFactory.getBean(DefaultListableBeanFactory.java:337) ~[spring-beans-5.1.8.RELEASE.jar:5.1.8.RELEASE]
	at org.springframework.boot.autoconfigure.jdbc.DataSourceInitializerPostProcessor.postProcessAfterInitialization(DataSourceInitializerPostProcessor.java:53) ~[spring-boot-autoconfigure-2.1.6.RELEASE.jar:2.1.6.RELEASE]
	at org.springframework.beans.factory.support.AbstractAutowireCapableBeanFactory.applyBeanPostProcessorsAfterInitialization(AbstractAutowireCapableBeanFactory.java:429) ~[spring-beans-5.1.8.RELEASE.jar:5.1.8.RELEASE]
	at org.springframework.beans.factory.support.AbstractAutowireCapableBeanFactory.postProcessObjectFromFactoryBean(AbstractAutowireCapableBeanFactory.java:1921) ~[spring-beans-5.1.8.RELEASE.jar:5.1.8.RELEASE]
	at org.springframework.beans.factory.support.FactoryBeanRegistrySupport.getObjectFromFactoryBean(FactoryBeanRegistrySupport.java:116) ~[spring-beans-5.1.8.RELEASE.jar:5.1.8.RELEASE]
	... 64 common frames omitted
Caused by: org.springframework.jdbc.datasource.init.ScriptStatementFailedException: Failed to execute SQL script statement #5 of URL [file:/D:/Documents/BscIT/ThirdYear/Semester%202/CMPG323/Project%201/Software/AccountSystemRepository/target/test-classes/schema.sql]: CREATE TABLE CMPG323.ACCOUNT_TX_DETAILS ( ACCOUNT_TX_DETAILS_ID BIGINT NOT NULL, TX_ID BIGINT NOT NULL, PARTNER_NAME VARCHAR(255) NOT NULL, NUMBER_OF_ITEMS BIGINT NOT NULL, PRIMARY KEY (ACCOUNT_TX_DETAILS_ID), CONSTRAINT FK_ACCOUNT_TYPE_IDL FOREIGN KEY (ACCOUNT_TYPE_ID) REFERENCES CMPG323.DEMO_ACCOUNT_TYPE (ACCOUNT_TYPE_ID), ); nested exception is org.h2.jdbc.JdbcSQLSyntaxErrorException: Constraint "FK_ACCOUNT_TYPE_IDL" already exists; SQL statement:
CREATE TABLE CMPG323.ACCOUNT_TX_DETAILS ( ACCOUNT_TX_DETAILS_ID BIGINT NOT NULL, TX_ID BIGINT NOT NULL, PARTNER_NAME VARCHAR(255) NOT NULL, NUMBER_OF_ITEMS BIGINT NOT NULL, PRIMARY KEY (ACCOUNT_TX_DETAILS_ID), CONSTRAINT FK_ACCOUNT_TYPE_IDL FOREIGN KEY (ACCOUNT_TYPE_ID) REFERENCES CMPG323.DEMO_ACCOUNT_TYPE (ACCOUNT_TYPE_ID), ) [90045-199]
	at org.springframework.jdbc.datasource.init.ScriptUtils.executeSqlScript(ScriptUtils.java:509) ~[spring-jdbc-5.1.8.RELEASE.jar:5.1.8.RELEASE]
	at org.springframework.jdbc.datasource.init.ResourceDatabasePopulator.populate(ResourceDatabasePopulator.java:238) ~[spring-jdbc-5.1.8.RELEASE.jar:5.1.8.RELEASE]
	at org.springframework.jdbc.datasource.init.DatabasePopulatorUtils.execute(DatabasePopulatorUtils.java:48) ~[spring-jdbc-5.1.8.RELEASE.jar:5.1.8.RELEASE]
	at org.springframework.boot.autoconfigure.jdbc.DataSourceInitializer.runScripts(DataSourceInitializer.java:202) ~[spring-boot-autoconfigure-2.1.6.RELEASE.jar:2.1.6.RELEASE]
	at org.springframework.boot.autoconfigure.jdbc.DataSourceInitializer.createSchema(DataSourceInitializer.java:101) ~[spring-boot-autoconfigure-2.1.6.RELEASE.jar:2.1.6.RELEASE]
	at org.springframework.boot.autoconfigure.jdbc.DataSourceInitializerInvoker.afterPropertiesSet(DataSourceInitializerInvoker.java:62) ~[spring-boot-autoconfigure-2.1.6.RELEASE.jar:2.1.6.RELEASE]
	at org.springframework.beans.factory.support.AbstractAutowireCapableBeanFactory.invokeInitMethods(AbstractAutowireCapableBeanFactory.java:1837) ~[spring-beans-5.1.8.RELEASE.jar:5.1.8.RELEASE]
	at org.springframework.beans.factory.support.AbstractAutowireCapableBeanFactory.initializeBean(AbstractAutowireCapableBeanFactory.java:1774) ~[spring-beans-5.1.8.RELEASE.jar:5.1.8.RELEASE]
	... 78 common frames omitted
Caused by: org.h2.jdbc.JdbcSQLSyntaxErrorException: Constraint "FK_ACCOUNT_TYPE_IDL" already exists; SQL statement:
CREATE TABLE CMPG323.ACCOUNT_TX_DETAILS ( ACCOUNT_TX_DETAILS_ID BIGINT NOT NULL, TX_ID BIGINT NOT NULL, PARTNER_NAME VARCHAR(255) NOT NULL, NUMBER_OF_ITEMS BIGINT NOT NULL, PRIMARY KEY (ACCOUNT_TX_DETAILS_ID), CONSTRAINT FK_ACCOUNT_TYPE_IDL FOREIGN KEY (ACCOUNT_TYPE_ID) REFERENCES CMPG323.DEMO_ACCOUNT_TYPE (ACCOUNT_TYPE_ID), ) [90045-199]
	at org.h2.message.DbException.getJdbcSQLException(DbException.java:573) ~[h2-1.4.199.jar:1.4.199]
	at org.h2.message.DbException.getJdbcSQLException(DbException.java:427) ~[h2-1.4.199.jar:1.4.199]
	at org.h2.message.DbException.get(DbException.java:205) ~[h2-1.4.199.jar:1.4.199]
	at org.h2.message.DbException.get(DbException.java:181) ~[h2-1.4.199.jar:1.4.199]
	at org.h2.command.ddl.AlterTableAddConstraint.tryUpdate(AlterTableAddConstraint.java:114) ~[h2-1.4.199.jar:1.4.199]
	at org.h2.command.ddl.AlterTableAddConstraint.update(AlterTableAddConstraint.java:78) ~[h2-1.4.199.jar:1.4.199]
	at org.h2.command.ddl.CommandWithColumns.createConstraints(CommandWithColumns.java:83) ~[h2-1.4.199.jar:1.4.199]
	at org.h2.command.ddl.CreateTable.update(CreateTable.java:129) ~[h2-1.4.199.jar:1.4.199]
	at org.h2.command.CommandContainer.update(CommandContainer.java:133) ~[h2-1.4.199.jar:1.4.199]
	at org.h2.command.Command.executeUpdate(Command.java:267) ~[h2-1.4.199.jar:1.4.199]
	at org.h2.jdbc.JdbcStatement.executeInternal(JdbcStatement.java:233) ~[h2-1.4.199.jar:1.4.199]
	at org.h2.jdbc.JdbcStatement.execute(JdbcStatement.java:205) ~[h2-1.4.199.jar:1.4.199]
	at org.springframework.jdbc.datasource.init.ScriptUtils.executeSqlScript(ScriptUtils.java:488) ~[spring-jdbc-5.1.8.RELEASE.jar:5.1.8.RELEASE]
	... 85 common frames omitted

]]></system-out>
  </testcase>
  <testcase name="getAccountTypeByMnemonicPlay" classname="za.ac.nwu.ac.repo.persistence.AccountTypeRepositoryTest" time="0">
    <error message="Failed to load ApplicationContext" type="java.lang.IllegalStateException">java.lang.IllegalStateException: Failed to load ApplicationContext
Caused by: org.springframework.beans.factory.UnsatisfiedDependencyException: 
Error creating bean with name 'org.springframework.boot.autoconfigure.orm.jpa.HibernateJpaConfiguration': Unsatisfied dependency expressed through constructor parameter 0; nested exception is org.springframework.beans.factory.BeanCreationException: Error creating bean with name 'dataSource': Post-processing of FactoryBean's singleton object failed; nested exception is org.springframework.beans.factory.BeanCreationException: Error creating bean with name 'org.springframework.boot.autoconfigure.jdbc.DataSourceInitializerInvoker': Invocation of init method failed; nested exception is org.springframework.jdbc.datasource.init.ScriptStatementFailedException: Failed to execute SQL script statement #5 of URL [file:/D:/Documents/BscIT/ThirdYear/Semester%202/CMPG323/Project%201/Software/AccountSystemRepository/target/test-classes/schema.sql]: CREATE TABLE CMPG323.ACCOUNT_TX_DETAILS ( ACCOUNT_TX_DETAILS_ID BIGINT NOT NULL, TX_ID BIGINT NOT NULL, PARTNER_NAME VARCHAR(255) NOT NULL, NUMBER_OF_ITEMS BIGINT NOT NULL, PRIMARY KEY (ACCOUNT_TX_DETAILS_ID), CONSTRAINT FK_ACCOUNT_TYPE_IDL FOREIGN KEY (ACCOUNT_TYPE_ID) REFERENCES CMPG323.DEMO_ACCOUNT_TYPE (ACCOUNT_TYPE_ID), ); nested exception is org.h2.jdbc.JdbcSQLSyntaxErrorException: Constraint "FK_ACCOUNT_TYPE_IDL" already exists; SQL statement:
CREATE TABLE CMPG323.ACCOUNT_TX_DETAILS ( ACCOUNT_TX_DETAILS_ID BIGINT NOT NULL, TX_ID BIGINT NOT NULL, PARTNER_NAME VARCHAR(255) NOT NULL, NUMBER_OF_ITEMS BIGINT NOT NULL, PRIMARY KEY (ACCOUNT_TX_DETAILS_ID), CONSTRAINT FK_ACCOUNT_TYPE_IDL FOREIGN KEY (ACCOUNT_TYPE_ID) REFERENCES CMPG323.DEMO_ACCOUNT_TYPE (ACCOUNT_TYPE_ID), ) [90045-199]
Caused by: org.springframework.beans.factory.BeanCreationException: 
Error creating bean with name 'dataSource': Post-processing of FactoryBean's singleton object failed; nested exception is org.springframework.beans.factory.BeanCreationException: Error creating bean with name 'org.springframework.boot.autoconfigure.jdbc.DataSourceInitializerInvoker': Invocation of init method failed; nested exception is org.springframework.jdbc.datasource.init.ScriptStatementFailedException: Failed to execute SQL script statement #5 of URL [file:/D:/Documents/BscIT/ThirdYear/Semester%202/CMPG323/Project%201/Software/AccountSystemRepository/target/test-classes/schema.sql]: CREATE TABLE CMPG323.ACCOUNT_TX_DETAILS ( ACCOUNT_TX_DETAILS_ID BIGINT NOT NULL, TX_ID BIGINT NOT NULL, PARTNER_NAME VARCHAR(255) NOT NULL, NUMBER_OF_ITEMS BIGINT NOT NULL, PRIMARY KEY (ACCOUNT_TX_DETAILS_ID), CONSTRAINT FK_ACCOUNT_TYPE_IDL FOREIGN KEY (ACCOUNT_TYPE_ID) REFERENCES CMPG323.DEMO_ACCOUNT_TYPE (ACCOUNT_TYPE_ID), ); nested exception is org.h2.jdbc.JdbcSQLSyntaxErrorException: Constraint "FK_ACCOUNT_TYPE_IDL" already exists; SQL statement:
CREATE TABLE CMPG323.ACCOUNT_TX_DETAILS ( ACCOUNT_TX_DETAILS_ID BIGINT NOT NULL, TX_ID BIGINT NOT NULL, PARTNER_NAME VARCHAR(255) NOT NULL, NUMBER_OF_ITEMS BIGINT NOT NULL, PRIMARY KEY (ACCOUNT_TX_DETAILS_ID), CONSTRAINT FK_ACCOUNT_TYPE_IDL FOREIGN KEY (ACCOUNT_TYPE_ID) REFERENCES CMPG323.DEMO_ACCOUNT_TYPE (ACCOUNT_TYPE_ID), ) [90045-199]
Caused by: org.springframework.beans.factory.BeanCreationException: 
Error creating bean with name 'org.springframework.boot.autoconfigure.jdbc.DataSourceInitializerInvoker': Invocation of init method failed; nested exception is org.springframework.jdbc.datasource.init.ScriptStatementFailedException: Failed to execute SQL script statement #5 of URL [file:/D:/Documents/BscIT/ThirdYear/Semester%202/CMPG323/Project%201/Software/AccountSystemRepository/target/test-classes/schema.sql]: CREATE TABLE CMPG323.ACCOUNT_TX_DETAILS ( ACCOUNT_TX_DETAILS_ID BIGINT NOT NULL, TX_ID BIGINT NOT NULL, PARTNER_NAME VARCHAR(255) NOT NULL, NUMBER_OF_ITEMS BIGINT NOT NULL, PRIMARY KEY (ACCOUNT_TX_DETAILS_ID), CONSTRAINT FK_ACCOUNT_TYPE_IDL FOREIGN KEY (ACCOUNT_TYPE_ID) REFERENCES CMPG323.DEMO_ACCOUNT_TYPE (ACCOUNT_TYPE_ID), ); nested exception is org.h2.jdbc.JdbcSQLSyntaxErrorException: Constraint "FK_ACCOUNT_TYPE_IDL" already exists; SQL statement:
CREATE TABLE CMPG323.ACCOUNT_TX_DETAILS ( ACCOUNT_TX_DETAILS_ID BIGINT NOT NULL, TX_ID BIGINT NOT NULL, PARTNER_NAME VARCHAR(255) NOT NULL, NUMBER_OF_ITEMS BIGINT NOT NULL, PRIMARY KEY (ACCOUNT_TX_DETAILS_ID), CONSTRAINT FK_ACCOUNT_TYPE_IDL FOREIGN KEY (ACCOUNT_TYPE_ID) REFERENCES CMPG323.DEMO_ACCOUNT_TYPE (ACCOUNT_TYPE_ID), ) [90045-199]
Caused by: org.springframework.jdbc.datasource.init.ScriptStatementFailedException: 
Failed to execute SQL script statement #5 of URL [file:/D:/Documents/BscIT/ThirdYear/Semester%202/CMPG323/Project%201/Software/AccountSystemRepository/target/test-classes/schema.sql]: CREATE TABLE CMPG323.ACCOUNT_TX_DETAILS ( ACCOUNT_TX_DETAILS_ID BIGINT NOT NULL, TX_ID BIGINT NOT NULL, PARTNER_NAME VARCHAR(255) NOT NULL, NUMBER_OF_ITEMS BIGINT NOT NULL, PRIMARY KEY (ACCOUNT_TX_DETAILS_ID), CONSTRAINT FK_ACCOUNT_TYPE_IDL FOREIGN KEY (ACCOUNT_TYPE_ID) REFERENCES CMPG323.DEMO_ACCOUNT_TYPE (ACCOUNT_TYPE_ID), ); nested exception is org.h2.jdbc.JdbcSQLSyntaxErrorException: Constraint "FK_ACCOUNT_TYPE_IDL" already exists; SQL statement:
CREATE TABLE CMPG323.ACCOUNT_TX_DETAILS ( ACCOUNT_TX_DETAILS_ID BIGINT NOT NULL, TX_ID BIGINT NOT NULL, PARTNER_NAME VARCHAR(255) NOT NULL, NUMBER_OF_ITEMS BIGINT NOT NULL, PRIMARY KEY (ACCOUNT_TX_DETAILS_ID), CONSTRAINT FK_ACCOUNT_TYPE_IDL FOREIGN KEY (ACCOUNT_TYPE_ID) REFERENCES CMPG323.DEMO_ACCOUNT_TYPE (ACCOUNT_TYPE_ID), ) [90045-199]
Caused by: org.h2.jdbc.JdbcSQLSyntaxErrorException: 
Constraint "FK_ACCOUNT_TYPE_IDL" already exists; SQL statement:
CREATE TABLE CMPG323.ACCOUNT_TX_DETAILS ( ACCOUNT_TX_DETAILS_ID BIGINT NOT NULL, TX_ID BIGINT NOT NULL, PARTNER_NAME VARCHAR(255) NOT NULL, NUMBER_OF_ITEMS BIGINT NOT NULL, PRIMARY KEY (ACCOUNT_TX_DETAILS_ID), CONSTRAINT FK_ACCOUNT_TYPE_IDL FOREIGN KEY (ACCOUNT_TYPE_ID) REFERENCES CMPG323.DEMO_ACCOUNT_TYPE (ACCOUNT_TYPE_ID), ) [90045-199]
</error>
    <system-out><![CDATA[
  .   ____          _            __ _ _
 /\\ / ___'_ __ _ _(_)_ __  __ _ \ \ \ \
( ( )\___ | '_ | '_| | '_ \/ _` | \ \ \ \
 \\/  ___)| |_)| | | | | || (_| |  ) ) ) )
  '  |____| .__|_| |_|_| |_\__, | / / / /
 =========|_|==============|___/=/_/_/_/
 :: Spring Boot ::        (v2.1.6.RELEASE)

2021-10-09 07:35:01.462  INFO 13704 --- [           main] z.a.n.a.r.p.AccountTypeRepositoryTest    : Starting AccountTypeRepositoryTest on DESKTOP-88F48D2 with PID 13704 (started by Bianca Piek in D:\Documents\BscIT\ThirdYear\Semester 2\CMPG323\Project 1\Software\AccountSystemRepository)
2021-10-09 07:35:01.462  INFO 13704 --- [           main] z.a.n.a.r.p.AccountTypeRepositoryTest    : No active profile set, falling back to default profiles: default
2021-10-09 07:35:01.506  INFO 13704 --- [           main] .s.d.r.c.RepositoryConfigurationDelegate : Bootstrapping Spring Data repositories in DEFAULT mode.
2021-10-09 07:35:01.511  INFO 13704 --- [           main] .s.d.r.c.RepositoryConfigurationDelegate : Finished Spring Data repository scanning in 5ms. Found 3 repository interfaces.
2021-10-09 07:35:01.521  INFO 13704 --- [           main] beddedDataSourceBeanFactoryPostProcessor : Replacing 'dataSource' DataSource bean with embedded version
2021-10-09 07:35:01.536  INFO 13704 --- [           main] o.s.j.d.e.EmbeddedDatabaseFactory        : Starting embedded database: url='jdbc:h2:mem:82ac3d5b-bd70-4d96-9a5f-b29558db2619;DB_CLOSE_DELAY=-1;DB_CLOSE_ON_EXIT=false', username='sa'
2021-10-09 07:35:01.567  WARN 13704 --- [           main] s.c.a.AnnotationConfigApplicationContext : Exception encountered during context initialization - cancelling refresh attempt: org.springframework.beans.factory.UnsatisfiedDependencyException: Error creating bean with name 'org.springframework.boot.autoconfigure.orm.jpa.HibernateJpaConfiguration': Unsatisfied dependency expressed through constructor parameter 0; nested exception is org.springframework.beans.factory.BeanCreationException: Error creating bean with name 'dataSource': Post-processing of FactoryBean's singleton object failed; nested exception is org.springframework.beans.factory.BeanCreationException: Error creating bean with name 'org.springframework.boot.autoconfigure.jdbc.DataSourceInitializerInvoker': Invocation of init method failed; nested exception is org.springframework.jdbc.datasource.init.ScriptStatementFailedException: Failed to execute SQL script statement #5 of URL [file:/D:/Documents/BscIT/ThirdYear/Semester%202/CMPG323/Project%201/Software/AccountSystemRepository/target/test-classes/schema.sql]: CREATE TABLE CMPG323.ACCOUNT_TX_DETAILS ( ACCOUNT_TX_DETAILS_ID BIGINT NOT NULL, TX_ID BIGINT NOT NULL, PARTNER_NAME VARCHAR(255) NOT NULL, NUMBER_OF_ITEMS BIGINT NOT NULL, PRIMARY KEY (ACCOUNT_TX_DETAILS_ID), CONSTRAINT FK_ACCOUNT_TYPE_IDL FOREIGN KEY (ACCOUNT_TYPE_ID) REFERENCES CMPG323.DEMO_ACCOUNT_TYPE (ACCOUNT_TYPE_ID), ); nested exception is org.h2.jdbc.JdbcSQLSyntaxErrorException: Constraint "FK_ACCOUNT_TYPE_IDL" already exists; SQL statement:
CREATE TABLE CMPG323.ACCOUNT_TX_DETAILS ( ACCOUNT_TX_DETAILS_ID BIGINT NOT NULL, TX_ID BIGINT NOT NULL, PARTNER_NAME VARCHAR(255) NOT NULL, NUMBER_OF_ITEMS BIGINT NOT NULL, PRIMARY KEY (ACCOUNT_TX_DETAILS_ID), CONSTRAINT FK_ACCOUNT_TYPE_IDL FOREIGN KEY (ACCOUNT_TYPE_ID) REFERENCES CMPG323.DEMO_ACCOUNT_TYPE (ACCOUNT_TYPE_ID), ) [90045-199]
2021-10-09 07:35:01.567  INFO 13704 --- [           main] ConditionEvaluationReportLoggingListener : 

Error starting ApplicationContext. To display the conditions report re-run your application with 'debug' enabled.
2021-10-09 07:35:01.567 ERROR 13704 --- [           main] o.s.boot.SpringApplication               : Application run failed

org.springframework.beans.factory.UnsatisfiedDependencyException: Error creating bean with name 'org.springframework.boot.autoconfigure.orm.jpa.HibernateJpaConfiguration': Unsatisfied dependency expressed through constructor parameter 0; nested exception is org.springframework.beans.factory.BeanCreationException: Error creating bean with name 'dataSource': Post-processing of FactoryBean's singleton object failed; nested exception is org.springframework.beans.factory.BeanCreationException: Error creating bean with name 'org.springframework.boot.autoconfigure.jdbc.DataSourceInitializerInvoker': Invocation of init method failed; nested exception is org.springframework.jdbc.datasource.init.ScriptStatementFailedException: Failed to execute SQL script statement #5 of URL [file:/D:/Documents/BscIT/ThirdYear/Semester%202/CMPG323/Project%201/Software/AccountSystemRepository/target/test-classes/schema.sql]: CREATE TABLE CMPG323.ACCOUNT_TX_DETAILS ( ACCOUNT_TX_DETAILS_ID BIGINT NOT NULL, TX_ID BIGINT NOT NULL, PARTNER_NAME VARCHAR(255) NOT NULL, NUMBER_OF_ITEMS BIGINT NOT NULL, PRIMARY KEY (ACCOUNT_TX_DETAILS_ID), CONSTRAINT FK_ACCOUNT_TYPE_IDL FOREIGN KEY (ACCOUNT_TYPE_ID) REFERENCES CMPG323.DEMO_ACCOUNT_TYPE (ACCOUNT_TYPE_ID), ); nested exception is org.h2.jdbc.JdbcSQLSyntaxErrorException: Constraint "FK_ACCOUNT_TYPE_IDL" already exists; SQL statement:
CREATE TABLE CMPG323.ACCOUNT_TX_DETAILS ( ACCOUNT_TX_DETAILS_ID BIGINT NOT NULL, TX_ID BIGINT NOT NULL, PARTNER_NAME VARCHAR(255) NOT NULL, NUMBER_OF_ITEMS BIGINT NOT NULL, PRIMARY KEY (ACCOUNT_TX_DETAILS_ID), CONSTRAINT FK_ACCOUNT_TYPE_IDL FOREIGN KEY (ACCOUNT_TYPE_ID) REFERENCES CMPG323.DEMO_ACCOUNT_TYPE (ACCOUNT_TYPE_ID), ) [90045-199]
	at org.springframework.beans.factory.support.ConstructorResolver.createArgumentArray(ConstructorResolver.java:769) ~[spring-beans-5.1.8.RELEASE.jar:5.1.8.RELEASE]
	at org.springframework.beans.factory.support.ConstructorResolver.autowireConstructor(ConstructorResolver.java:218) ~[spring-beans-5.1.8.RELEASE.jar:5.1.8.RELEASE]
	at org.springframework.beans.factory.support.AbstractAutowireCapableBeanFactory.autowireConstructor(AbstractAutowireCapableBeanFactory.java:1341) ~[spring-beans-5.1.8.RELEASE.jar:5.1.8.RELEASE]
	at org.springframework.beans.factory.support.AbstractAutowireCapableBeanFactory.createBeanInstance(AbstractAutowireCapableBeanFactory.java:1187) ~[spring-beans-5.1.8.RELEASE.jar:5.1.8.RELEASE]
	at org.springframework.beans.factory.support.AbstractAutowireCapableBeanFactory.doCreateBean(AbstractAutowireCapableBeanFactory.java:555) ~[spring-beans-5.1.8.RELEASE.jar:5.1.8.RELEASE]
	at org.springframework.beans.factory.support.AbstractAutowireCapableBeanFactory.createBean(AbstractAutowireCapableBeanFactory.java:515) ~[spring-beans-5.1.8.RELEASE.jar:5.1.8.RELEASE]
	at org.springframework.beans.factory.support.AbstractBeanFactory.lambda$doGetBean$0(AbstractBeanFactory.java:320) ~[spring-beans-5.1.8.RELEASE.jar:5.1.8.RELEASE]
	at org.springframework.beans.factory.support.DefaultSingletonBeanRegistry.getSingleton(DefaultSingletonBeanRegistry.java:222) ~[spring-beans-5.1.8.RELEASE.jar:5.1.8.RELEASE]
	at org.springframework.beans.factory.support.AbstractBeanFactory.doGetBean(AbstractBeanFactory.java:318) ~[spring-beans-5.1.8.RELEASE.jar:5.1.8.RELEASE]
	at org.springframework.beans.factory.support.AbstractBeanFactory.getBean(AbstractBeanFactory.java:199) ~[spring-beans-5.1.8.RELEASE.jar:5.1.8.RELEASE]
	at org.springframework.beans.factory.support.ConstructorResolver.instantiateUsingFactoryMethod(ConstructorResolver.java:392) ~[spring-beans-5.1.8.RELEASE.jar:5.1.8.RELEASE]
	at org.springframework.beans.factory.support.AbstractAutowireCapableBeanFactory.instantiateUsingFactoryMethod(AbstractAutowireCapableBeanFactory.java:1321) ~[spring-beans-5.1.8.RELEASE.jar:5.1.8.RELEASE]
	at org.springframework.beans.factory.support.AbstractAutowireCapableBeanFactory.createBeanInstance(AbstractAutowireCapableBeanFactory.java:1160) ~[spring-beans-5.1.8.RELEASE.jar:5.1.8.RELEASE]
	at org.springframework.beans.factory.support.AbstractAutowireCapableBeanFactory.doCreateBean(AbstractAutowireCapableBeanFactory.java:555) ~[spring-beans-5.1.8.RELEASE.jar:5.1.8.RELEASE]
	at org.springframework.beans.factory.support.AbstractAutowireCapableBeanFactory.createBean(AbstractAutowireCapableBeanFactory.java:515) ~[spring-beans-5.1.8.RELEASE.jar:5.1.8.RELEASE]
	at org.springframework.beans.factory.support.AbstractBeanFactory.lambda$doGetBean$0(AbstractBeanFactory.java:320) ~[spring-beans-5.1.8.RELEASE.jar:5.1.8.RELEASE]
	at org.springframework.beans.factory.support.DefaultSingletonBeanRegistry.getSingleton(DefaultSingletonBeanRegistry.java:222) ~[spring-beans-5.1.8.RELEASE.jar:5.1.8.RELEASE]
	at org.springframework.beans.factory.support.AbstractBeanFactory.doGetBean(AbstractBeanFactory.java:318) ~[spring-beans-5.1.8.RELEASE.jar:5.1.8.RELEASE]
	at org.springframework.beans.factory.support.AbstractBeanFactory.getBean(AbstractBeanFactory.java:199) ~[spring-beans-5.1.8.RELEASE.jar:5.1.8.RELEASE]
	at org.springframework.context.support.AbstractApplicationContext.getBean(AbstractApplicationContext.java:1105) ~[spring-context-5.1.8.RELEASE.jar:5.1.8.RELEASE]
	at org.springframework.context.support.AbstractApplicationContext.finishBeanFactoryInitialization(AbstractApplicationContext.java:867) ~[spring-context-5.1.8.RELEASE.jar:5.1.8.RELEASE]
	at org.springframework.context.support.AbstractApplicationContext.refresh(AbstractApplicationContext.java:549) ~[spring-context-5.1.8.RELEASE.jar:5.1.8.RELEASE]
	at org.springframework.boot.SpringApplication.refresh(SpringApplication.java:742) ~[spring-boot-2.1.6.RELEASE.jar:2.1.6.RELEASE]
	at org.springframework.boot.SpringApplication.refreshContext(SpringApplication.java:389) ~[spring-boot-2.1.6.RELEASE.jar:2.1.6.RELEASE]
	at org.springframework.boot.SpringApplication.run(SpringApplication.java:311) ~[spring-boot-2.1.6.RELEASE.jar:2.1.6.RELEASE]
	at org.springframework.boot.test.context.SpringBootContextLoader.loadContext(SpringBootContextLoader.java:119) [spring-boot-test-2.1.6.RELEASE.jar:2.1.6.RELEASE]
	at org.springframework.test.context.cache.DefaultCacheAwareContextLoaderDelegate.loadContextInternal(DefaultCacheAwareContextLoaderDelegate.java:99) [spring-test-5.1.8.RELEASE.jar:5.1.8.RELEASE]
	at org.springframework.test.context.cache.DefaultCacheAwareContextLoaderDelegate.loadContext(DefaultCacheAwareContextLoaderDelegate.java:117) [spring-test-5.1.8.RELEASE.jar:5.1.8.RELEASE]
	at org.springframework.test.context.support.DefaultTestContext.getApplicationContext(DefaultTestContext.java:108) [spring-test-5.1.8.RELEASE.jar:5.1.8.RELEASE]
	at org.springframework.test.context.support.DependencyInjectionTestExecutionListener.injectDependencies(DependencyInjectionTestExecutionListener.java:118) [spring-test-5.1.8.RELEASE.jar:5.1.8.RELEASE]
	at org.springframework.test.context.support.DependencyInjectionTestExecutionListener.prepareTestInstance(DependencyInjectionTestExecutionListener.java:83) [spring-test-5.1.8.RELEASE.jar:5.1.8.RELEASE]
	at org.springframework.boot.test.autoconfigure.SpringBootDependencyInjectionTestExecutionListener.prepareTestInstance(SpringBootDependencyInjectionTestExecutionListener.java:43) [spring-boot-test-autoconfigure-2.1.6.RELEASE.jar:2.1.6.RELEASE]
	at org.springframework.test.context.TestContextManager.prepareTestInstance(TestContextManager.java:246) [spring-test-5.1.8.RELEASE.jar:5.1.8.RELEASE]
	at org.springframework.test.context.junit4.SpringJUnit4ClassRunner.createTest(SpringJUnit4ClassRunner.java:227) [spring-test-5.1.8.RELEASE.jar:5.1.8.RELEASE]
	at org.springframework.test.context.junit4.SpringJUnit4ClassRunner$1.runReflectiveCall(SpringJUnit4ClassRunner.java:289) [spring-test-5.1.8.RELEASE.jar:5.1.8.RELEASE]
	at org.junit.internal.runners.model.ReflectiveCallable.run(ReflectiveCallable.java:12) [junit-4.12.jar:4.12]
	at org.springframework.test.context.junit4.SpringJUnit4ClassRunner.methodBlock(SpringJUnit4ClassRunner.java:291) [spring-test-5.1.8.RELEASE.jar:5.1.8.RELEASE]
	at org.springframework.test.context.junit4.SpringJUnit4ClassRunner.runChild(SpringJUnit4ClassRunner.java:246) [spring-test-5.1.8.RELEASE.jar:5.1.8.RELEASE]
	at org.springframework.test.context.junit4.SpringJUnit4ClassRunner.runChild(SpringJUnit4ClassRunner.java:97) [spring-test-5.1.8.RELEASE.jar:5.1.8.RELEASE]
	at org.junit.runners.ParentRunner$3.run(ParentRunner.java:290) [junit-4.12.jar:4.12]
	at org.junit.runners.ParentRunner$1.schedule(ParentRunner.java:71) [junit-4.12.jar:4.12]
	at org.junit.runners.ParentRunner.runChildren(ParentRunner.java:288) [junit-4.12.jar:4.12]
	at org.junit.runners.ParentRunner.access$000(ParentRunner.java:58) [junit-4.12.jar:4.12]
	at org.junit.runners.ParentRunner$2.evaluate(ParentRunner.java:268) [junit-4.12.jar:4.12]
	at org.springframework.test.context.junit4.statements.RunBeforeTestClassCallbacks.evaluate(RunBeforeTestClassCallbacks.java:61) [spring-test-5.1.8.RELEASE.jar:5.1.8.RELEASE]
	at org.springframework.test.context.junit4.statements.RunAfterTestClassCallbacks.evaluate(RunAfterTestClassCallbacks.java:70) [spring-test-5.1.8.RELEASE.jar:5.1.8.RELEASE]
	at org.junit.runners.ParentRunner.run(ParentRunner.java:363) [junit-4.12.jar:4.12]
	at org.springframework.test.context.junit4.SpringJUnit4ClassRunner.run(SpringJUnit4ClassRunner.java:190) [spring-test-5.1.8.RELEASE.jar:5.1.8.RELEASE]
	at org.apache.maven.surefire.junit4.JUnit4Provider.execute(JUnit4Provider.java:365) [surefire-junit4-2.22.2.jar:2.22.2]
	at org.apache.maven.surefire.junit4.JUnit4Provider.executeWithRerun(JUnit4Provider.java:273) [surefire-junit4-2.22.2.jar:2.22.2]
	at org.apache.maven.surefire.junit4.JUnit4Provider.executeTestSet(JUnit4Provider.java:238) [surefire-junit4-2.22.2.jar:2.22.2]
	at org.apache.maven.surefire.junit4.JUnit4Provider.invoke(JUnit4Provider.java:159) [surefire-junit4-2.22.2.jar:2.22.2]
	at org.apache.maven.surefire.booter.ForkedBooter.invokeProviderInSameClassLoader(ForkedBooter.java:384) [surefire-booter-2.22.2.jar:2.22.2]
	at org.apache.maven.surefire.booter.ForkedBooter.runSuitesInProcess(ForkedBooter.java:345) [surefire-booter-2.22.2.jar:2.22.2]
	at org.apache.maven.surefire.booter.ForkedBooter.execute(ForkedBooter.java:126) [surefire-booter-2.22.2.jar:2.22.2]
	at org.apache.maven.surefire.booter.ForkedBooter.main(ForkedBooter.java:418) [surefire-booter-2.22.2.jar:2.22.2]
Caused by: org.springframework.beans.factory.BeanCreationException: Error creating bean with name 'dataSource': Post-processing of FactoryBean's singleton object failed; nested exception is org.springframework.beans.factory.BeanCreationException: Error creating bean with name 'org.springframework.boot.autoconfigure.jdbc.DataSourceInitializerInvoker': Invocation of init method failed; nested exception is org.springframework.jdbc.datasource.init.ScriptStatementFailedException: Failed to execute SQL script statement #5 of URL [file:/D:/Documents/BscIT/ThirdYear/Semester%202/CMPG323/Project%201/Software/AccountSystemRepository/target/test-classes/schema.sql]: CREATE TABLE CMPG323.ACCOUNT_TX_DETAILS ( ACCOUNT_TX_DETAILS_ID BIGINT NOT NULL, TX_ID BIGINT NOT NULL, PARTNER_NAME VARCHAR(255) NOT NULL, NUMBER_OF_ITEMS BIGINT NOT NULL, PRIMARY KEY (ACCOUNT_TX_DETAILS_ID), CONSTRAINT FK_ACCOUNT_TYPE_IDL FOREIGN KEY (ACCOUNT_TYPE_ID) REFERENCES CMPG323.DEMO_ACCOUNT_TYPE (ACCOUNT_TYPE_ID), ); nested exception is org.h2.jdbc.JdbcSQLSyntaxErrorException: Constraint "FK_ACCOUNT_TYPE_IDL" already exists; SQL statement:
CREATE TABLE CMPG323.ACCOUNT_TX_DETAILS ( ACCOUNT_TX_DETAILS_ID BIGINT NOT NULL, TX_ID BIGINT NOT NULL, PARTNER_NAME VARCHAR(255) NOT NULL, NUMBER_OF_ITEMS BIGINT NOT NULL, PRIMARY KEY (ACCOUNT_TX_DETAILS_ID), CONSTRAINT FK_ACCOUNT_TYPE_IDL FOREIGN KEY (ACCOUNT_TYPE_ID) REFERENCES CMPG323.DEMO_ACCOUNT_TYPE (ACCOUNT_TYPE_ID), ) [90045-199]
	at org.springframework.beans.factory.support.FactoryBeanRegistrySupport.getObjectFromFactoryBean(FactoryBeanRegistrySupport.java:119) ~[spring-beans-5.1.8.RELEASE.jar:5.1.8.RELEASE]
	at org.springframework.beans.factory.support.AbstractBeanFactory.getObjectForBeanInstance(AbstractBeanFactory.java:1674) ~[spring-beans-5.1.8.RELEASE.jar:5.1.8.RELEASE]
	at org.springframework.beans.factory.support.AbstractAutowireCapableBeanFactory.getObjectForBeanInstance(AbstractAutowireCapableBeanFactory.java:1249) ~[spring-beans-5.1.8.RELEASE.jar:5.1.8.RELEASE]
	at org.springframework.beans.factory.support.AbstractBeanFactory.doGetBean(AbstractBeanFactory.java:330) ~[spring-beans-5.1.8.RELEASE.jar:5.1.8.RELEASE]
	at org.springframework.beans.factory.support.AbstractBeanFactory.getBean(AbstractBeanFactory.java:199) ~[spring-beans-5.1.8.RELEASE.jar:5.1.8.RELEASE]
	at org.springframework.beans.factory.config.DependencyDescriptor.resolveCandidate(DependencyDescriptor.java:277) ~[spring-beans-5.1.8.RELEASE.jar:5.1.8.RELEASE]
	at org.springframework.beans.factory.support.DefaultListableBeanFactory.doResolveDependency(DefaultListableBeanFactory.java:1251) ~[spring-beans-5.1.8.RELEASE.jar:5.1.8.RELEASE]
	at org.springframework.beans.factory.support.DefaultListableBeanFactory.resolveDependency(DefaultListableBeanFactory.java:1171) ~[spring-beans-5.1.8.RELEASE.jar:5.1.8.RELEASE]
	at org.springframework.beans.factory.support.ConstructorResolver.resolveAutowiredArgument(ConstructorResolver.java:857) ~[spring-beans-5.1.8.RELEASE.jar:5.1.8.RELEASE]
	at org.springframework.beans.factory.support.ConstructorResolver.createArgumentArray(ConstructorResolver.java:760) ~[spring-beans-5.1.8.RELEASE.jar:5.1.8.RELEASE]
	... 55 common frames omitted
Caused by: org.springframework.beans.factory.BeanCreationException: Error creating bean with name 'org.springframework.boot.autoconfigure.jdbc.DataSourceInitializerInvoker': Invocation of init method failed; nested exception is org.springframework.jdbc.datasource.init.ScriptStatementFailedException: Failed to execute SQL script statement #5 of URL [file:/D:/Documents/BscIT/ThirdYear/Semester%202/CMPG323/Project%201/Software/AccountSystemRepository/target/test-classes/schema.sql]: CREATE TABLE CMPG323.ACCOUNT_TX_DETAILS ( ACCOUNT_TX_DETAILS_ID BIGINT NOT NULL, TX_ID BIGINT NOT NULL, PARTNER_NAME VARCHAR(255) NOT NULL, NUMBER_OF_ITEMS BIGINT NOT NULL, PRIMARY KEY (ACCOUNT_TX_DETAILS_ID), CONSTRAINT FK_ACCOUNT_TYPE_IDL FOREIGN KEY (ACCOUNT_TYPE_ID) REFERENCES CMPG323.DEMO_ACCOUNT_TYPE (ACCOUNT_TYPE_ID), ); nested exception is org.h2.jdbc.JdbcSQLSyntaxErrorException: Constraint "FK_ACCOUNT_TYPE_IDL" already exists; SQL statement:
CREATE TABLE CMPG323.ACCOUNT_TX_DETAILS ( ACCOUNT_TX_DETAILS_ID BIGINT NOT NULL, TX_ID BIGINT NOT NULL, PARTNER_NAME VARCHAR(255) NOT NULL, NUMBER_OF_ITEMS BIGINT NOT NULL, PRIMARY KEY (ACCOUNT_TX_DETAILS_ID), CONSTRAINT FK_ACCOUNT_TYPE_IDL FOREIGN KEY (ACCOUNT_TYPE_ID) REFERENCES CMPG323.DEMO_ACCOUNT_TYPE (ACCOUNT_TYPE_ID), ) [90045-199]
	at org.springframework.beans.factory.support.AbstractAutowireCapableBeanFactory.initializeBean(AbstractAutowireCapableBeanFactory.java:1778) ~[spring-beans-5.1.8.RELEASE.jar:5.1.8.RELEASE]
	at org.springframework.beans.factory.support.AbstractAutowireCapableBeanFactory.doCreateBean(AbstractAutowireCapableBeanFactory.java:593) ~[spring-beans-5.1.8.RELEASE.jar:5.1.8.RELEASE]
	at org.springframework.beans.factory.support.AbstractAutowireCapableBeanFactory.createBean(AbstractAutowireCapableBeanFactory.java:515) ~[spring-beans-5.1.8.RELEASE.jar:5.1.8.RELEASE]
	at org.springframework.beans.factory.support.AbstractBeanFactory.lambda$doGetBean$0(AbstractBeanFactory.java:320) ~[spring-beans-5.1.8.RELEASE.jar:5.1.8.RELEASE]
	at org.springframework.beans.factory.support.DefaultSingletonBeanRegistry.getSingleton(DefaultSingletonBeanRegistry.java:222) ~[spring-beans-5.1.8.RELEASE.jar:5.1.8.RELEASE]
	at org.springframework.beans.factory.support.AbstractBeanFactory.doGetBean(AbstractBeanFactory.java:318) ~[spring-beans-5.1.8.RELEASE.jar:5.1.8.RELEASE]
	at org.springframework.beans.factory.support.AbstractBeanFactory.getBean(AbstractBeanFactory.java:224) ~[spring-beans-5.1.8.RELEASE.jar:5.1.8.RELEASE]
	at org.springframework.beans.factory.support.DefaultListableBeanFactory.resolveNamedBean(DefaultListableBeanFactory.java:1119) ~[spring-beans-5.1.8.RELEASE.jar:5.1.8.RELEASE]
	at org.springframework.beans.factory.support.DefaultListableBeanFactory.resolveBean(DefaultListableBeanFactory.java:411) ~[spring-beans-5.1.8.RELEASE.jar:5.1.8.RELEASE]
	at org.springframework.beans.factory.support.DefaultListableBeanFactory.getBean(DefaultListableBeanFactory.java:344) ~[spring-beans-5.1.8.RELEASE.jar:5.1.8.RELEASE]
	at org.springframework.beans.factory.support.DefaultListableBeanFactory.getBean(DefaultListableBeanFactory.java:337) ~[spring-beans-5.1.8.RELEASE.jar:5.1.8.RELEASE]
	at org.springframework.boot.autoconfigure.jdbc.DataSourceInitializerPostProcessor.postProcessAfterInitialization(DataSourceInitializerPostProcessor.java:53) ~[spring-boot-autoconfigure-2.1.6.RELEASE.jar:2.1.6.RELEASE]
	at org.springframework.beans.factory.support.AbstractAutowireCapableBeanFactory.applyBeanPostProcessorsAfterInitialization(AbstractAutowireCapableBeanFactory.java:429) ~[spring-beans-5.1.8.RELEASE.jar:5.1.8.RELEASE]
	at org.springframework.beans.factory.support.AbstractAutowireCapableBeanFactory.postProcessObjectFromFactoryBean(AbstractAutowireCapableBeanFactory.java:1921) ~[spring-beans-5.1.8.RELEASE.jar:5.1.8.RELEASE]
	at org.springframework.beans.factory.support.FactoryBeanRegistrySupport.getObjectFromFactoryBean(FactoryBeanRegistrySupport.java:116) ~[spring-beans-5.1.8.RELEASE.jar:5.1.8.RELEASE]
	... 64 common frames omitted
Caused by: org.springframework.jdbc.datasource.init.ScriptStatementFailedException: Failed to execute SQL script statement #5 of URL [file:/D:/Documents/BscIT/ThirdYear/Semester%202/CMPG323/Project%201/Software/AccountSystemRepository/target/test-classes/schema.sql]: CREATE TABLE CMPG323.ACCOUNT_TX_DETAILS ( ACCOUNT_TX_DETAILS_ID BIGINT NOT NULL, TX_ID BIGINT NOT NULL, PARTNER_NAME VARCHAR(255) NOT NULL, NUMBER_OF_ITEMS BIGINT NOT NULL, PRIMARY KEY (ACCOUNT_TX_DETAILS_ID), CONSTRAINT FK_ACCOUNT_TYPE_IDL FOREIGN KEY (ACCOUNT_TYPE_ID) REFERENCES CMPG323.DEMO_ACCOUNT_TYPE (ACCOUNT_TYPE_ID), ); nested exception is org.h2.jdbc.JdbcSQLSyntaxErrorException: Constraint "FK_ACCOUNT_TYPE_IDL" already exists; SQL statement:
CREATE TABLE CMPG323.ACCOUNT_TX_DETAILS ( ACCOUNT_TX_DETAILS_ID BIGINT NOT NULL, TX_ID BIGINT NOT NULL, PARTNER_NAME VARCHAR(255) NOT NULL, NUMBER_OF_ITEMS BIGINT NOT NULL, PRIMARY KEY (ACCOUNT_TX_DETAILS_ID), CONSTRAINT FK_ACCOUNT_TYPE_IDL FOREIGN KEY (ACCOUNT_TYPE_ID) REFERENCES CMPG323.DEMO_ACCOUNT_TYPE (ACCOUNT_TYPE_ID), ) [90045-199]
	at org.springframework.jdbc.datasource.init.ScriptUtils.executeSqlScript(ScriptUtils.java:509) ~[spring-jdbc-5.1.8.RELEASE.jar:5.1.8.RELEASE]
	at org.springframework.jdbc.datasource.init.ResourceDatabasePopulator.populate(ResourceDatabasePopulator.java:238) ~[spring-jdbc-5.1.8.RELEASE.jar:5.1.8.RELEASE]
	at org.springframework.jdbc.datasource.init.DatabasePopulatorUtils.execute(DatabasePopulatorUtils.java:48) ~[spring-jdbc-5.1.8.RELEASE.jar:5.1.8.RELEASE]
	at org.springframework.boot.autoconfigure.jdbc.DataSourceInitializer.runScripts(DataSourceInitializer.java:202) ~[spring-boot-autoconfigure-2.1.6.RELEASE.jar:2.1.6.RELEASE]
	at org.springframework.boot.autoconfigure.jdbc.DataSourceInitializer.createSchema(DataSourceInitializer.java:101) ~[spring-boot-autoconfigure-2.1.6.RELEASE.jar:2.1.6.RELEASE]
	at org.springframework.boot.autoconfigure.jdbc.DataSourceInitializerInvoker.afterPropertiesSet(DataSourceInitializerInvoker.java:62) ~[spring-boot-autoconfigure-2.1.6.RELEASE.jar:2.1.6.RELEASE]
	at org.springframework.beans.factory.support.AbstractAutowireCapableBeanFactory.invokeInitMethods(AbstractAutowireCapableBeanFactory.java:1837) ~[spring-beans-5.1.8.RELEASE.jar:5.1.8.RELEASE]
	at org.springframework.beans.factory.support.AbstractAutowireCapableBeanFactory.initializeBean(AbstractAutowireCapableBeanFactory.java:1774) ~[spring-beans-5.1.8.RELEASE.jar:5.1.8.RELEASE]
	... 78 common frames omitted
Caused by: org.h2.jdbc.JdbcSQLSyntaxErrorException: Constraint "FK_ACCOUNT_TYPE_IDL" already exists; SQL statement:
CREATE TABLE CMPG323.ACCOUNT_TX_DETAILS ( ACCOUNT_TX_DETAILS_ID BIGINT NOT NULL, TX_ID BIGINT NOT NULL, PARTNER_NAME VARCHAR(255) NOT NULL, NUMBER_OF_ITEMS BIGINT NOT NULL, PRIMARY KEY (ACCOUNT_TX_DETAILS_ID), CONSTRAINT FK_ACCOUNT_TYPE_IDL FOREIGN KEY (ACCOUNT_TYPE_ID) REFERENCES CMPG323.DEMO_ACCOUNT_TYPE (ACCOUNT_TYPE_ID), ) [90045-199]
	at org.h2.message.DbException.getJdbcSQLException(DbException.java:573) ~[h2-1.4.199.jar:1.4.199]
	at org.h2.message.DbException.getJdbcSQLException(DbException.java:427) ~[h2-1.4.199.jar:1.4.199]
	at org.h2.message.DbException.get(DbException.java:205) ~[h2-1.4.199.jar:1.4.199]
	at org.h2.message.DbException.get(DbException.java:181) ~[h2-1.4.199.jar:1.4.199]
	at org.h2.command.ddl.AlterTableAddConstraint.tryUpdate(AlterTableAddConstraint.java:114) ~[h2-1.4.199.jar:1.4.199]
	at org.h2.command.ddl.AlterTableAddConstraint.update(AlterTableAddConstraint.java:78) ~[h2-1.4.199.jar:1.4.199]
	at org.h2.command.ddl.CommandWithColumns.createConstraints(CommandWithColumns.java:83) ~[h2-1.4.199.jar:1.4.199]
	at org.h2.command.ddl.CreateTable.update(CreateTable.java:129) ~[h2-1.4.199.jar:1.4.199]
	at org.h2.command.CommandContainer.update(CommandContainer.java:133) ~[h2-1.4.199.jar:1.4.199]
	at org.h2.command.Command.executeUpdate(Command.java:267) ~[h2-1.4.199.jar:1.4.199]
	at org.h2.jdbc.JdbcStatement.executeInternal(JdbcStatement.java:233) ~[h2-1.4.199.jar:1.4.199]
	at org.h2.jdbc.JdbcStatement.execute(JdbcStatement.java:205) ~[h2-1.4.199.jar:1.4.199]
	at org.springframework.jdbc.datasource.init.ScriptUtils.executeSqlScript(ScriptUtils.java:488) ~[spring-jdbc-5.1.8.RELEASE.jar:5.1.8.RELEASE]
	... 85 common frames omitted


  .   ____          _            __ _ _
 /\\ / ___'_ __ _ _(_)_ __  __ _ \ \ \ \
( ( )\___ | '_ | '_| | '_ \/ _` | \ \ \ \
 \\/  ___)| |_)| | | | | || (_| |  ) ) ) )
  '  |____| .__|_| |_|_| |_\__, | / / / /
 =========|_|==============|___/=/_/_/_/
 :: Spring Boot ::        (v2.1.6.RELEASE)

2021-10-09 07:35:01.582  INFO 13704 --- [           main] z.a.n.a.r.p.AccountTypeRepositoryTest    : Starting AccountTypeRepositoryTest on DESKTOP-88F48D2 with PID 13704 (started by Bianca Piek in D:\Documents\BscIT\ThirdYear\Semester 2\CMPG323\Project 1\Software\AccountSystemRepository)
2021-10-09 07:35:01.582  INFO 13704 --- [           main] z.a.n.a.r.p.AccountTypeRepositoryTest    : No active profile set, falling back to default profiles: default
2021-10-09 07:35:01.629  INFO 13704 --- [           main] .s.d.r.c.RepositoryConfigurationDelegate : Bootstrapping Spring Data repositories in DEFAULT mode.
2021-10-09 07:35:01.636  INFO 13704 --- [           main] .s.d.r.c.RepositoryConfigurationDelegate : Finished Spring Data repository scanning in 7ms. Found 3 repository interfaces.
2021-10-09 07:35:01.641  INFO 13704 --- [           main] beddedDataSourceBeanFactoryPostProcessor : Replacing 'dataSource' DataSource bean with embedded version
2021-10-09 07:35:01.652  INFO 13704 --- [           main] o.s.j.d.e.EmbeddedDatabaseFactory        : Starting embedded database: url='jdbc:h2:mem:20cab9f9-7407-42de-8ac3-f40833f54277;DB_CLOSE_DELAY=-1;DB_CLOSE_ON_EXIT=false', username='sa'
2021-10-09 07:35:01.672  WARN 13704 --- [           main] s.c.a.AnnotationConfigApplicationContext : Exception encountered during context initialization - cancelling refresh attempt: org.springframework.beans.factory.UnsatisfiedDependencyException: Error creating bean with name 'org.springframework.boot.autoconfigure.orm.jpa.HibernateJpaConfiguration': Unsatisfied dependency expressed through constructor parameter 0; nested exception is org.springframework.beans.factory.BeanCreationException: Error creating bean with name 'dataSource': Post-processing of FactoryBean's singleton object failed; nested exception is org.springframework.beans.factory.BeanCreationException: Error creating bean with name 'org.springframework.boot.autoconfigure.jdbc.DataSourceInitializerInvoker': Invocation of init method failed; nested exception is org.springframework.jdbc.datasource.init.ScriptStatementFailedException: Failed to execute SQL script statement #5 of URL [file:/D:/Documents/BscIT/ThirdYear/Semester%202/CMPG323/Project%201/Software/AccountSystemRepository/target/test-classes/schema.sql]: CREATE TABLE CMPG323.ACCOUNT_TX_DETAILS ( ACCOUNT_TX_DETAILS_ID BIGINT NOT NULL, TX_ID BIGINT NOT NULL, PARTNER_NAME VARCHAR(255) NOT NULL, NUMBER_OF_ITEMS BIGINT NOT NULL, PRIMARY KEY (ACCOUNT_TX_DETAILS_ID), CONSTRAINT FK_ACCOUNT_TYPE_IDL FOREIGN KEY (ACCOUNT_TYPE_ID) REFERENCES CMPG323.DEMO_ACCOUNT_TYPE (ACCOUNT_TYPE_ID), ); nested exception is org.h2.jdbc.JdbcSQLSyntaxErrorException: Constraint "FK_ACCOUNT_TYPE_IDL" already exists; SQL statement:
CREATE TABLE CMPG323.ACCOUNT_TX_DETAILS ( ACCOUNT_TX_DETAILS_ID BIGINT NOT NULL, TX_ID BIGINT NOT NULL, PARTNER_NAME VARCHAR(255) NOT NULL, NUMBER_OF_ITEMS BIGINT NOT NULL, PRIMARY KEY (ACCOUNT_TX_DETAILS_ID), CONSTRAINT FK_ACCOUNT_TYPE_IDL FOREIGN KEY (ACCOUNT_TYPE_ID) REFERENCES CMPG323.DEMO_ACCOUNT_TYPE (ACCOUNT_TYPE_ID), ) [90045-199]
2021-10-09 07:35:01.677  INFO 13704 --- [           main] ConditionEvaluationReportLoggingListener : 

Error starting ApplicationContext. To display the conditions report re-run your application with 'debug' enabled.
2021-10-09 07:35:01.677 ERROR 13704 --- [           main] o.s.boot.SpringApplication               : Application run failed

org.springframework.beans.factory.UnsatisfiedDependencyException: Error creating bean with name 'org.springframework.boot.autoconfigure.orm.jpa.HibernateJpaConfiguration': Unsatisfied dependency expressed through constructor parameter 0; nested exception is org.springframework.beans.factory.BeanCreationException: Error creating bean with name 'dataSource': Post-processing of FactoryBean's singleton object failed; nested exception is org.springframework.beans.factory.BeanCreationException: Error creating bean with name 'org.springframework.boot.autoconfigure.jdbc.DataSourceInitializerInvoker': Invocation of init method failed; nested exception is org.springframework.jdbc.datasource.init.ScriptStatementFailedException: Failed to execute SQL script statement #5 of URL [file:/D:/Documents/BscIT/ThirdYear/Semester%202/CMPG323/Project%201/Software/AccountSystemRepository/target/test-classes/schema.sql]: CREATE TABLE CMPG323.ACCOUNT_TX_DETAILS ( ACCOUNT_TX_DETAILS_ID BIGINT NOT NULL, TX_ID BIGINT NOT NULL, PARTNER_NAME VARCHAR(255) NOT NULL, NUMBER_OF_ITEMS BIGINT NOT NULL, PRIMARY KEY (ACCOUNT_TX_DETAILS_ID), CONSTRAINT FK_ACCOUNT_TYPE_IDL FOREIGN KEY (ACCOUNT_TYPE_ID) REFERENCES CMPG323.DEMO_ACCOUNT_TYPE (ACCOUNT_TYPE_ID), ); nested exception is org.h2.jdbc.JdbcSQLSyntaxErrorException: Constraint "FK_ACCOUNT_TYPE_IDL" already exists; SQL statement:
CREATE TABLE CMPG323.ACCOUNT_TX_DETAILS ( ACCOUNT_TX_DETAILS_ID BIGINT NOT NULL, TX_ID BIGINT NOT NULL, PARTNER_NAME VARCHAR(255) NOT NULL, NUMBER_OF_ITEMS BIGINT NOT NULL, PRIMARY KEY (ACCOUNT_TX_DETAILS_ID), CONSTRAINT FK_ACCOUNT_TYPE_IDL FOREIGN KEY (ACCOUNT_TYPE_ID) REFERENCES CMPG323.DEMO_ACCOUNT_TYPE (ACCOUNT_TYPE_ID), ) [90045-199]
	at org.springframework.beans.factory.support.ConstructorResolver.createArgumentArray(ConstructorResolver.java:769) ~[spring-beans-5.1.8.RELEASE.jar:5.1.8.RELEASE]
	at org.springframework.beans.factory.support.ConstructorResolver.autowireConstructor(ConstructorResolver.java:218) ~[spring-beans-5.1.8.RELEASE.jar:5.1.8.RELEASE]
	at org.springframework.beans.factory.support.AbstractAutowireCapableBeanFactory.autowireConstructor(AbstractAutowireCapableBeanFactory.java:1341) ~[spring-beans-5.1.8.RELEASE.jar:5.1.8.RELEASE]
	at org.springframework.beans.factory.support.AbstractAutowireCapableBeanFactory.createBeanInstance(AbstractAutowireCapableBeanFactory.java:1187) ~[spring-beans-5.1.8.RELEASE.jar:5.1.8.RELEASE]
	at org.springframework.beans.factory.support.AbstractAutowireCapableBeanFactory.doCreateBean(AbstractAutowireCapableBeanFactory.java:555) ~[spring-beans-5.1.8.RELEASE.jar:5.1.8.RELEASE]
	at org.springframework.beans.factory.support.AbstractAutowireCapableBeanFactory.createBean(AbstractAutowireCapableBeanFactory.java:515) ~[spring-beans-5.1.8.RELEASE.jar:5.1.8.RELEASE]
	at org.springframework.beans.factory.support.AbstractBeanFactory.lambda$doGetBean$0(AbstractBeanFactory.java:320) ~[spring-beans-5.1.8.RELEASE.jar:5.1.8.RELEASE]
	at org.springframework.beans.factory.support.DefaultSingletonBeanRegistry.getSingleton(DefaultSingletonBeanRegistry.java:222) ~[spring-beans-5.1.8.RELEASE.jar:5.1.8.RELEASE]
	at org.springframework.beans.factory.support.AbstractBeanFactory.doGetBean(AbstractBeanFactory.java:318) ~[spring-beans-5.1.8.RELEASE.jar:5.1.8.RELEASE]
	at org.springframework.beans.factory.support.AbstractBeanFactory.getBean(AbstractBeanFactory.java:199) ~[spring-beans-5.1.8.RELEASE.jar:5.1.8.RELEASE]
	at org.springframework.beans.factory.support.ConstructorResolver.instantiateUsingFactoryMethod(ConstructorResolver.java:392) ~[spring-beans-5.1.8.RELEASE.jar:5.1.8.RELEASE]
	at org.springframework.beans.factory.support.AbstractAutowireCapableBeanFactory.instantiateUsingFactoryMethod(AbstractAutowireCapableBeanFactory.java:1321) ~[spring-beans-5.1.8.RELEASE.jar:5.1.8.RELEASE]
	at org.springframework.beans.factory.support.AbstractAutowireCapableBeanFactory.createBeanInstance(AbstractAutowireCapableBeanFactory.java:1160) ~[spring-beans-5.1.8.RELEASE.jar:5.1.8.RELEASE]
	at org.springframework.beans.factory.support.AbstractAutowireCapableBeanFactory.doCreateBean(AbstractAutowireCapableBeanFactory.java:555) ~[spring-beans-5.1.8.RELEASE.jar:5.1.8.RELEASE]
	at org.springframework.beans.factory.support.AbstractAutowireCapableBeanFactory.createBean(AbstractAutowireCapableBeanFactory.java:515) ~[spring-beans-5.1.8.RELEASE.jar:5.1.8.RELEASE]
	at org.springframework.beans.factory.support.AbstractBeanFactory.lambda$doGetBean$0(AbstractBeanFactory.java:320) ~[spring-beans-5.1.8.RELEASE.jar:5.1.8.RELEASE]
	at org.springframework.beans.factory.support.DefaultSingletonBeanRegistry.getSingleton(DefaultSingletonBeanRegistry.java:222) ~[spring-beans-5.1.8.RELEASE.jar:5.1.8.RELEASE]
	at org.springframework.beans.factory.support.AbstractBeanFactory.doGetBean(AbstractBeanFactory.java:318) ~[spring-beans-5.1.8.RELEASE.jar:5.1.8.RELEASE]
	at org.springframework.beans.factory.support.AbstractBeanFactory.getBean(AbstractBeanFactory.java:199) ~[spring-beans-5.1.8.RELEASE.jar:5.1.8.RELEASE]
	at org.springframework.context.support.AbstractApplicationContext.getBean(AbstractApplicationContext.java:1105) ~[spring-context-5.1.8.RELEASE.jar:5.1.8.RELEASE]
	at org.springframework.context.support.AbstractApplicationContext.finishBeanFactoryInitialization(AbstractApplicationContext.java:867) ~[spring-context-5.1.8.RELEASE.jar:5.1.8.RELEASE]
	at org.springframework.context.support.AbstractApplicationContext.refresh(AbstractApplicationContext.java:549) ~[spring-context-5.1.8.RELEASE.jar:5.1.8.RELEASE]
	at org.springframework.boot.SpringApplication.refresh(SpringApplication.java:742) ~[spring-boot-2.1.6.RELEASE.jar:2.1.6.RELEASE]
	at org.springframework.boot.SpringApplication.refreshContext(SpringApplication.java:389) ~[spring-boot-2.1.6.RELEASE.jar:2.1.6.RELEASE]
	at org.springframework.boot.SpringApplication.run(SpringApplication.java:311) ~[spring-boot-2.1.6.RELEASE.jar:2.1.6.RELEASE]
	at org.springframework.boot.test.context.SpringBootContextLoader.loadContext(SpringBootContextLoader.java:119) [spring-boot-test-2.1.6.RELEASE.jar:2.1.6.RELEASE]
	at org.springframework.test.context.cache.DefaultCacheAwareContextLoaderDelegate.loadContextInternal(DefaultCacheAwareContextLoaderDelegate.java:99) [spring-test-5.1.8.RELEASE.jar:5.1.8.RELEASE]
	at org.springframework.test.context.cache.DefaultCacheAwareContextLoaderDelegate.loadContext(DefaultCacheAwareContextLoaderDelegate.java:117) [spring-test-5.1.8.RELEASE.jar:5.1.8.RELEASE]
	at org.springframework.test.context.support.DefaultTestContext.getApplicationContext(DefaultTestContext.java:108) [spring-test-5.1.8.RELEASE.jar:5.1.8.RELEASE]
	at org.springframework.boot.test.autoconfigure.SpringBootDependencyInjectionTestExecutionListener.outputConditionEvaluationReport(SpringBootDependencyInjectionTestExecutionListener.java:53) [spring-boot-test-autoconfigure-2.1.6.RELEASE.jar:2.1.6.RELEASE]
	at org.springframework.boot.test.autoconfigure.SpringBootDependencyInjectionTestExecutionListener.prepareTestInstance(SpringBootDependencyInjectionTestExecutionListener.java:46) [spring-boot-test-autoconfigure-2.1.6.RELEASE.jar:2.1.6.RELEASE]
	at org.springframework.test.context.TestContextManager.prepareTestInstance(TestContextManager.java:246) [spring-test-5.1.8.RELEASE.jar:5.1.8.RELEASE]
	at org.springframework.test.context.junit4.SpringJUnit4ClassRunner.createTest(SpringJUnit4ClassRunner.java:227) [spring-test-5.1.8.RELEASE.jar:5.1.8.RELEASE]
	at org.springframework.test.context.junit4.SpringJUnit4ClassRunner$1.runReflectiveCall(SpringJUnit4ClassRunner.java:289) [spring-test-5.1.8.RELEASE.jar:5.1.8.RELEASE]
	at org.junit.internal.runners.model.ReflectiveCallable.run(ReflectiveCallable.java:12) [junit-4.12.jar:4.12]
	at org.springframework.test.context.junit4.SpringJUnit4ClassRunner.methodBlock(SpringJUnit4ClassRunner.java:291) [spring-test-5.1.8.RELEASE.jar:5.1.8.RELEASE]
	at org.springframework.test.context.junit4.SpringJUnit4ClassRunner.runChild(SpringJUnit4ClassRunner.java:246) [spring-test-5.1.8.RELEASE.jar:5.1.8.RELEASE]
	at org.springframework.test.context.junit4.SpringJUnit4ClassRunner.runChild(SpringJUnit4ClassRunner.java:97) [spring-test-5.1.8.RELEASE.jar:5.1.8.RELEASE]
	at org.junit.runners.ParentRunner$3.run(ParentRunner.java:290) [junit-4.12.jar:4.12]
	at org.junit.runners.ParentRunner$1.schedule(ParentRunner.java:71) [junit-4.12.jar:4.12]
	at org.junit.runners.ParentRunner.runChildren(ParentRunner.java:288) [junit-4.12.jar:4.12]
	at org.junit.runners.ParentRunner.access$000(ParentRunner.java:58) [junit-4.12.jar:4.12]
	at org.junit.runners.ParentRunner$2.evaluate(ParentRunner.java:268) [junit-4.12.jar:4.12]
	at org.springframework.test.context.junit4.statements.RunBeforeTestClassCallbacks.evaluate(RunBeforeTestClassCallbacks.java:61) [spring-test-5.1.8.RELEASE.jar:5.1.8.RELEASE]
	at org.springframework.test.context.junit4.statements.RunAfterTestClassCallbacks.evaluate(RunAfterTestClassCallbacks.java:70) [spring-test-5.1.8.RELEASE.jar:5.1.8.RELEASE]
	at org.junit.runners.ParentRunner.run(ParentRunner.java:363) [junit-4.12.jar:4.12]
	at org.springframework.test.context.junit4.SpringJUnit4ClassRunner.run(SpringJUnit4ClassRunner.java:190) [spring-test-5.1.8.RELEASE.jar:5.1.8.RELEASE]
	at org.apache.maven.surefire.junit4.JUnit4Provider.execute(JUnit4Provider.java:365) [surefire-junit4-2.22.2.jar:2.22.2]
	at org.apache.maven.surefire.junit4.JUnit4Provider.executeWithRerun(JUnit4Provider.java:273) [surefire-junit4-2.22.2.jar:2.22.2]
	at org.apache.maven.surefire.junit4.JUnit4Provider.executeTestSet(JUnit4Provider.java:238) [surefire-junit4-2.22.2.jar:2.22.2]
	at org.apache.maven.surefire.junit4.JUnit4Provider.invoke(JUnit4Provider.java:159) [surefire-junit4-2.22.2.jar:2.22.2]
	at org.apache.maven.surefire.booter.ForkedBooter.invokeProviderInSameClassLoader(ForkedBooter.java:384) [surefire-booter-2.22.2.jar:2.22.2]
	at org.apache.maven.surefire.booter.ForkedBooter.runSuitesInProcess(ForkedBooter.java:345) [surefire-booter-2.22.2.jar:2.22.2]
	at org.apache.maven.surefire.booter.ForkedBooter.execute(ForkedBooter.java:126) [surefire-booter-2.22.2.jar:2.22.2]
	at org.apache.maven.surefire.booter.ForkedBooter.main(ForkedBooter.java:418) [surefire-booter-2.22.2.jar:2.22.2]
Caused by: org.springframework.beans.factory.BeanCreationException: Error creating bean with name 'dataSource': Post-processing of FactoryBean's singleton object failed; nested exception is org.springframework.beans.factory.BeanCreationException: Error creating bean with name 'org.springframework.boot.autoconfigure.jdbc.DataSourceInitializerInvoker': Invocation of init method failed; nested exception is org.springframework.jdbc.datasource.init.ScriptStatementFailedException: Failed to execute SQL script statement #5 of URL [file:/D:/Documents/BscIT/ThirdYear/Semester%202/CMPG323/Project%201/Software/AccountSystemRepository/target/test-classes/schema.sql]: CREATE TABLE CMPG323.ACCOUNT_TX_DETAILS ( ACCOUNT_TX_DETAILS_ID BIGINT NOT NULL, TX_ID BIGINT NOT NULL, PARTNER_NAME VARCHAR(255) NOT NULL, NUMBER_OF_ITEMS BIGINT NOT NULL, PRIMARY KEY (ACCOUNT_TX_DETAILS_ID), CONSTRAINT FK_ACCOUNT_TYPE_IDL FOREIGN KEY (ACCOUNT_TYPE_ID) REFERENCES CMPG323.DEMO_ACCOUNT_TYPE (ACCOUNT_TYPE_ID), ); nested exception is org.h2.jdbc.JdbcSQLSyntaxErrorException: Constraint "FK_ACCOUNT_TYPE_IDL" already exists; SQL statement:
CREATE TABLE CMPG323.ACCOUNT_TX_DETAILS ( ACCOUNT_TX_DETAILS_ID BIGINT NOT NULL, TX_ID BIGINT NOT NULL, PARTNER_NAME VARCHAR(255) NOT NULL, NUMBER_OF_ITEMS BIGINT NOT NULL, PRIMARY KEY (ACCOUNT_TX_DETAILS_ID), CONSTRAINT FK_ACCOUNT_TYPE_IDL FOREIGN KEY (ACCOUNT_TYPE_ID) REFERENCES CMPG323.DEMO_ACCOUNT_TYPE (ACCOUNT_TYPE_ID), ) [90045-199]
	at org.springframework.beans.factory.support.FactoryBeanRegistrySupport.getObjectFromFactoryBean(FactoryBeanRegistrySupport.java:119) ~[spring-beans-5.1.8.RELEASE.jar:5.1.8.RELEASE]
	at org.springframework.beans.factory.support.AbstractBeanFactory.getObjectForBeanInstance(AbstractBeanFactory.java:1674) ~[spring-beans-5.1.8.RELEASE.jar:5.1.8.RELEASE]
	at org.springframework.beans.factory.support.AbstractAutowireCapableBeanFactory.getObjectForBeanInstance(AbstractAutowireCapableBeanFactory.java:1249) ~[spring-beans-5.1.8.RELEASE.jar:5.1.8.RELEASE]
	at org.springframework.beans.factory.support.AbstractBeanFactory.doGetBean(AbstractBeanFactory.java:330) ~[spring-beans-5.1.8.RELEASE.jar:5.1.8.RELEASE]
	at org.springframework.beans.factory.support.AbstractBeanFactory.getBean(AbstractBeanFactory.java:199) ~[spring-beans-5.1.8.RELEASE.jar:5.1.8.RELEASE]
	at org.springframework.beans.factory.config.DependencyDescriptor.resolveCandidate(DependencyDescriptor.java:277) ~[spring-beans-5.1.8.RELEASE.jar:5.1.8.RELEASE]
	at org.springframework.beans.factory.support.DefaultListableBeanFactory.doResolveDependency(DefaultListableBeanFactory.java:1251) ~[spring-beans-5.1.8.RELEASE.jar:5.1.8.RELEASE]
	at org.springframework.beans.factory.support.DefaultListableBeanFactory.resolveDependency(DefaultListableBeanFactory.java:1171) ~[spring-beans-5.1.8.RELEASE.jar:5.1.8.RELEASE]
	at org.springframework.beans.factory.support.ConstructorResolver.resolveAutowiredArgument(ConstructorResolver.java:857) ~[spring-beans-5.1.8.RELEASE.jar:5.1.8.RELEASE]
	at org.springframework.beans.factory.support.ConstructorResolver.createArgumentArray(ConstructorResolver.java:760) ~[spring-beans-5.1.8.RELEASE.jar:5.1.8.RELEASE]
	... 54 common frames omitted
Caused by: org.springframework.beans.factory.BeanCreationException: Error creating bean with name 'org.springframework.boot.autoconfigure.jdbc.DataSourceInitializerInvoker': Invocation of init method failed; nested exception is org.springframework.jdbc.datasource.init.ScriptStatementFailedException: Failed to execute SQL script statement #5 of URL [file:/D:/Documents/BscIT/ThirdYear/Semester%202/CMPG323/Project%201/Software/AccountSystemRepository/target/test-classes/schema.sql]: CREATE TABLE CMPG323.ACCOUNT_TX_DETAILS ( ACCOUNT_TX_DETAILS_ID BIGINT NOT NULL, TX_ID BIGINT NOT NULL, PARTNER_NAME VARCHAR(255) NOT NULL, NUMBER_OF_ITEMS BIGINT NOT NULL, PRIMARY KEY (ACCOUNT_TX_DETAILS_ID), CONSTRAINT FK_ACCOUNT_TYPE_IDL FOREIGN KEY (ACCOUNT_TYPE_ID) REFERENCES CMPG323.DEMO_ACCOUNT_TYPE (ACCOUNT_TYPE_ID), ); nested exception is org.h2.jdbc.JdbcSQLSyntaxErrorException: Constraint "FK_ACCOUNT_TYPE_IDL" already exists; SQL statement:
CREATE TABLE CMPG323.ACCOUNT_TX_DETAILS ( ACCOUNT_TX_DETAILS_ID BIGINT NOT NULL, TX_ID BIGINT NOT NULL, PARTNER_NAME VARCHAR(255) NOT NULL, NUMBER_OF_ITEMS BIGINT NOT NULL, PRIMARY KEY (ACCOUNT_TX_DETAILS_ID), CONSTRAINT FK_ACCOUNT_TYPE_IDL FOREIGN KEY (ACCOUNT_TYPE_ID) REFERENCES CMPG323.DEMO_ACCOUNT_TYPE (ACCOUNT_TYPE_ID), ) [90045-199]
	at org.springframework.beans.factory.support.AbstractAutowireCapableBeanFactory.initializeBean(AbstractAutowireCapableBeanFactory.java:1778) ~[spring-beans-5.1.8.RELEASE.jar:5.1.8.RELEASE]
	at org.springframework.beans.factory.support.AbstractAutowireCapableBeanFactory.doCreateBean(AbstractAutowireCapableBeanFactory.java:593) ~[spring-beans-5.1.8.RELEASE.jar:5.1.8.RELEASE]
	at org.springframework.beans.factory.support.AbstractAutowireCapableBeanFactory.createBean(AbstractAutowireCapableBeanFactory.java:515) ~[spring-beans-5.1.8.RELEASE.jar:5.1.8.RELEASE]
	at org.springframework.beans.factory.support.AbstractBeanFactory.lambda$doGetBean$0(AbstractBeanFactory.java:320) ~[spring-beans-5.1.8.RELEASE.jar:5.1.8.RELEASE]
	at org.springframework.beans.factory.support.DefaultSingletonBeanRegistry.getSingleton(DefaultSingletonBeanRegistry.java:222) ~[spring-beans-5.1.8.RELEASE.jar:5.1.8.RELEASE]
	at org.springframework.beans.factory.support.AbstractBeanFactory.doGetBean(AbstractBeanFactory.java:318) ~[spring-beans-5.1.8.RELEASE.jar:5.1.8.RELEASE]
	at org.springframework.beans.factory.support.AbstractBeanFactory.getBean(AbstractBeanFactory.java:224) ~[spring-beans-5.1.8.RELEASE.jar:5.1.8.RELEASE]
	at org.springframework.beans.factory.support.DefaultListableBeanFactory.resolveNamedBean(DefaultListableBeanFactory.java:1119) ~[spring-beans-5.1.8.RELEASE.jar:5.1.8.RELEASE]
	at org.springframework.beans.factory.support.DefaultListableBeanFactory.resolveBean(DefaultListableBeanFactory.java:411) ~[spring-beans-5.1.8.RELEASE.jar:5.1.8.RELEASE]
	at org.springframework.beans.factory.support.DefaultListableBeanFactory.getBean(DefaultListableBeanFactory.java:344) ~[spring-beans-5.1.8.RELEASE.jar:5.1.8.RELEASE]
	at org.springframework.beans.factory.support.DefaultListableBeanFactory.getBean(DefaultListableBeanFactory.java:337) ~[spring-beans-5.1.8.RELEASE.jar:5.1.8.RELEASE]
	at org.springframework.boot.autoconfigure.jdbc.DataSourceInitializerPostProcessor.postProcessAfterInitialization(DataSourceInitializerPostProcessor.java:53) ~[spring-boot-autoconfigure-2.1.6.RELEASE.jar:2.1.6.RELEASE]
	at org.springframework.beans.factory.support.AbstractAutowireCapableBeanFactory.applyBeanPostProcessorsAfterInitialization(AbstractAutowireCapableBeanFactory.java:429) ~[spring-beans-5.1.8.RELEASE.jar:5.1.8.RELEASE]
	at org.springframework.beans.factory.support.AbstractAutowireCapableBeanFactory.postProcessObjectFromFactoryBean(AbstractAutowireCapableBeanFactory.java:1921) ~[spring-beans-5.1.8.RELEASE.jar:5.1.8.RELEASE]
	at org.springframework.beans.factory.support.FactoryBeanRegistrySupport.getObjectFromFactoryBean(FactoryBeanRegistrySupport.java:116) ~[spring-beans-5.1.8.RELEASE.jar:5.1.8.RELEASE]
	... 63 common frames omitted
Caused by: org.springframework.jdbc.datasource.init.ScriptStatementFailedException: Failed to execute SQL script statement #5 of URL [file:/D:/Documents/BscIT/ThirdYear/Semester%202/CMPG323/Project%201/Software/AccountSystemRepository/target/test-classes/schema.sql]: CREATE TABLE CMPG323.ACCOUNT_TX_DETAILS ( ACCOUNT_TX_DETAILS_ID BIGINT NOT NULL, TX_ID BIGINT NOT NULL, PARTNER_NAME VARCHAR(255) NOT NULL, NUMBER_OF_ITEMS BIGINT NOT NULL, PRIMARY KEY (ACCOUNT_TX_DETAILS_ID), CONSTRAINT FK_ACCOUNT_TYPE_IDL FOREIGN KEY (ACCOUNT_TYPE_ID) REFERENCES CMPG323.DEMO_ACCOUNT_TYPE (ACCOUNT_TYPE_ID), ); nested exception is org.h2.jdbc.JdbcSQLSyntaxErrorException: Constraint "FK_ACCOUNT_TYPE_IDL" already exists; SQL statement:
CREATE TABLE CMPG323.ACCOUNT_TX_DETAILS ( ACCOUNT_TX_DETAILS_ID BIGINT NOT NULL, TX_ID BIGINT NOT NULL, PARTNER_NAME VARCHAR(255) NOT NULL, NUMBER_OF_ITEMS BIGINT NOT NULL, PRIMARY KEY (ACCOUNT_TX_DETAILS_ID), CONSTRAINT FK_ACCOUNT_TYPE_IDL FOREIGN KEY (ACCOUNT_TYPE_ID) REFERENCES CMPG323.DEMO_ACCOUNT_TYPE (ACCOUNT_TYPE_ID), ) [90045-199]
	at org.springframework.jdbc.datasource.init.ScriptUtils.executeSqlScript(ScriptUtils.java:509) ~[spring-jdbc-5.1.8.RELEASE.jar:5.1.8.RELEASE]
	at org.springframework.jdbc.datasource.init.ResourceDatabasePopulator.populate(ResourceDatabasePopulator.java:238) ~[spring-jdbc-5.1.8.RELEASE.jar:5.1.8.RELEASE]
	at org.springframework.jdbc.datasource.init.DatabasePopulatorUtils.execute(DatabasePopulatorUtils.java:48) ~[spring-jdbc-5.1.8.RELEASE.jar:5.1.8.RELEASE]
	at org.springframework.boot.autoconfigure.jdbc.DataSourceInitializer.runScripts(DataSourceInitializer.java:202) ~[spring-boot-autoconfigure-2.1.6.RELEASE.jar:2.1.6.RELEASE]
	at org.springframework.boot.autoconfigure.jdbc.DataSourceInitializer.createSchema(DataSourceInitializer.java:101) ~[spring-boot-autoconfigure-2.1.6.RELEASE.jar:2.1.6.RELEASE]
	at org.springframework.boot.autoconfigure.jdbc.DataSourceInitializerInvoker.afterPropertiesSet(DataSourceInitializerInvoker.java:62) ~[spring-boot-autoconfigure-2.1.6.RELEASE.jar:2.1.6.RELEASE]
	at org.springframework.beans.factory.support.AbstractAutowireCapableBeanFactory.invokeInitMethods(AbstractAutowireCapableBeanFactory.java:1837) ~[spring-beans-5.1.8.RELEASE.jar:5.1.8.RELEASE]
	at org.springframework.beans.factory.support.AbstractAutowireCapableBeanFactory.initializeBean(AbstractAutowireCapableBeanFactory.java:1774) ~[spring-beans-5.1.8.RELEASE.jar:5.1.8.RELEASE]
	... 77 common frames omitted
Caused by: org.h2.jdbc.JdbcSQLSyntaxErrorException: Constraint "FK_ACCOUNT_TYPE_IDL" already exists; SQL statement:
CREATE TABLE CMPG323.ACCOUNT_TX_DETAILS ( ACCOUNT_TX_DETAILS_ID BIGINT NOT NULL, TX_ID BIGINT NOT NULL, PARTNER_NAME VARCHAR(255) NOT NULL, NUMBER_OF_ITEMS BIGINT NOT NULL, PRIMARY KEY (ACCOUNT_TX_DETAILS_ID), CONSTRAINT FK_ACCOUNT_TYPE_IDL FOREIGN KEY (ACCOUNT_TYPE_ID) REFERENCES CMPG323.DEMO_ACCOUNT_TYPE (ACCOUNT_TYPE_ID), ) [90045-199]
	at org.h2.message.DbException.getJdbcSQLException(DbException.java:573) ~[h2-1.4.199.jar:1.4.199]
	at org.h2.message.DbException.getJdbcSQLException(DbException.java:427) ~[h2-1.4.199.jar:1.4.199]
	at org.h2.message.DbException.get(DbException.java:205) ~[h2-1.4.199.jar:1.4.199]
	at org.h2.message.DbException.get(DbException.java:181) ~[h2-1.4.199.jar:1.4.199]
	at org.h2.command.ddl.AlterTableAddConstraint.tryUpdate(AlterTableAddConstraint.java:114) ~[h2-1.4.199.jar:1.4.199]
	at org.h2.command.ddl.AlterTableAddConstraint.update(AlterTableAddConstraint.java:78) ~[h2-1.4.199.jar:1.4.199]
	at org.h2.command.ddl.CommandWithColumns.createConstraints(CommandWithColumns.java:83) ~[h2-1.4.199.jar:1.4.199]
	at org.h2.command.ddl.CreateTable.update(CreateTable.java:129) ~[h2-1.4.199.jar:1.4.199]
	at org.h2.command.CommandContainer.update(CommandContainer.java:133) ~[h2-1.4.199.jar:1.4.199]
	at org.h2.command.Command.executeUpdate(Command.java:267) ~[h2-1.4.199.jar:1.4.199]
	at org.h2.jdbc.JdbcStatement.executeInternal(JdbcStatement.java:233) ~[h2-1.4.199.jar:1.4.199]
	at org.h2.jdbc.JdbcStatement.execute(JdbcStatement.java:205) ~[h2-1.4.199.jar:1.4.199]
	at org.springframework.jdbc.datasource.init.ScriptUtils.executeSqlScript(ScriptUtils.java:488) ~[spring-jdbc-5.1.8.RELEASE.jar:5.1.8.RELEASE]
	... 84 common frames omitted

2021-10-09 07:35:01.677 ERROR 13704 --- [           main] o.s.test.context.TestContextManager      : Caught exception while allowing TestExecutionListener [org.springframework.boot.test.autoconfigure.SpringBootDependencyInjectionTestExecutionListener@2b546384] to prepare test instance [za.ac.nwu.ac.repo.persistence.AccountTypeRepositoryTest@3e48d38]

java.lang.IllegalStateException: Failed to load ApplicationContext
	at org.springframework.test.context.cache.DefaultCacheAwareContextLoaderDelegate.loadContext(DefaultCacheAwareContextLoaderDelegate.java:125) ~[spring-test-5.1.8.RELEASE.jar:5.1.8.RELEASE]
	at org.springframework.test.context.support.DefaultTestContext.getApplicationContext(DefaultTestContext.java:108) ~[spring-test-5.1.8.RELEASE.jar:5.1.8.RELEASE]
	at org.springframework.test.context.support.DependencyInjectionTestExecutionListener.injectDependencies(DependencyInjectionTestExecutionListener.java:118) ~[spring-test-5.1.8.RELEASE.jar:5.1.8.RELEASE]
	at org.springframework.test.context.support.DependencyInjectionTestExecutionListener.prepareTestInstance(DependencyInjectionTestExecutionListener.java:83) ~[spring-test-5.1.8.RELEASE.jar:5.1.8.RELEASE]
	at org.springframework.boot.test.autoconfigure.SpringBootDependencyInjectionTestExecutionListener.prepareTestInstance(SpringBootDependencyInjectionTestExecutionListener.java:43) ~[spring-boot-test-autoconfigure-2.1.6.RELEASE.jar:2.1.6.RELEASE]
	at org.springframework.test.context.TestContextManager.prepareTestInstance(TestContextManager.java:246) ~[spring-test-5.1.8.RELEASE.jar:5.1.8.RELEASE]
	at org.springframework.test.context.junit4.SpringJUnit4ClassRunner.createTest(SpringJUnit4ClassRunner.java:227) [spring-test-5.1.8.RELEASE.jar:5.1.8.RELEASE]
	at org.springframework.test.context.junit4.SpringJUnit4ClassRunner$1.runReflectiveCall(SpringJUnit4ClassRunner.java:289) [spring-test-5.1.8.RELEASE.jar:5.1.8.RELEASE]
	at org.junit.internal.runners.model.ReflectiveCallable.run(ReflectiveCallable.java:12) [junit-4.12.jar:4.12]
	at org.springframework.test.context.junit4.SpringJUnit4ClassRunner.methodBlock(SpringJUnit4ClassRunner.java:291) [spring-test-5.1.8.RELEASE.jar:5.1.8.RELEASE]
	at org.springframework.test.context.junit4.SpringJUnit4ClassRunner.runChild(SpringJUnit4ClassRunner.java:246) [spring-test-5.1.8.RELEASE.jar:5.1.8.RELEASE]
	at org.springframework.test.context.junit4.SpringJUnit4ClassRunner.runChild(SpringJUnit4ClassRunner.java:97) [spring-test-5.1.8.RELEASE.jar:5.1.8.RELEASE]
	at org.junit.runners.ParentRunner$3.run(ParentRunner.java:290) [junit-4.12.jar:4.12]
	at org.junit.runners.ParentRunner$1.schedule(ParentRunner.java:71) [junit-4.12.jar:4.12]
	at org.junit.runners.ParentRunner.runChildren(ParentRunner.java:288) [junit-4.12.jar:4.12]
	at org.junit.runners.ParentRunner.access$000(ParentRunner.java:58) [junit-4.12.jar:4.12]
	at org.junit.runners.ParentRunner$2.evaluate(ParentRunner.java:268) [junit-4.12.jar:4.12]
	at org.springframework.test.context.junit4.statements.RunBeforeTestClassCallbacks.evaluate(RunBeforeTestClassCallbacks.java:61) [spring-test-5.1.8.RELEASE.jar:5.1.8.RELEASE]
	at org.springframework.test.context.junit4.statements.RunAfterTestClassCallbacks.evaluate(RunAfterTestClassCallbacks.java:70) [spring-test-5.1.8.RELEASE.jar:5.1.8.RELEASE]
	at org.junit.runners.ParentRunner.run(ParentRunner.java:363) [junit-4.12.jar:4.12]
	at org.springframework.test.context.junit4.SpringJUnit4ClassRunner.run(SpringJUnit4ClassRunner.java:190) [spring-test-5.1.8.RELEASE.jar:5.1.8.RELEASE]
	at org.apache.maven.surefire.junit4.JUnit4Provider.execute(JUnit4Provider.java:365) [surefire-junit4-2.22.2.jar:2.22.2]
	at org.apache.maven.surefire.junit4.JUnit4Provider.executeWithRerun(JUnit4Provider.java:273) [surefire-junit4-2.22.2.jar:2.22.2]
	at org.apache.maven.surefire.junit4.JUnit4Provider.executeTestSet(JUnit4Provider.java:238) [surefire-junit4-2.22.2.jar:2.22.2]
	at org.apache.maven.surefire.junit4.JUnit4Provider.invoke(JUnit4Provider.java:159) [surefire-junit4-2.22.2.jar:2.22.2]
	at org.apache.maven.surefire.booter.ForkedBooter.invokeProviderInSameClassLoader(ForkedBooter.java:384) [surefire-booter-2.22.2.jar:2.22.2]
	at org.apache.maven.surefire.booter.ForkedBooter.runSuitesInProcess(ForkedBooter.java:345) [surefire-booter-2.22.2.jar:2.22.2]
	at org.apache.maven.surefire.booter.ForkedBooter.execute(ForkedBooter.java:126) [surefire-booter-2.22.2.jar:2.22.2]
	at org.apache.maven.surefire.booter.ForkedBooter.main(ForkedBooter.java:418) [surefire-booter-2.22.2.jar:2.22.2]
Caused by: org.springframework.beans.factory.UnsatisfiedDependencyException: Error creating bean with name 'org.springframework.boot.autoconfigure.orm.jpa.HibernateJpaConfiguration': Unsatisfied dependency expressed through constructor parameter 0; nested exception is org.springframework.beans.factory.BeanCreationException: Error creating bean with name 'dataSource': Post-processing of FactoryBean's singleton object failed; nested exception is org.springframework.beans.factory.BeanCreationException: Error creating bean with name 'org.springframework.boot.autoconfigure.jdbc.DataSourceInitializerInvoker': Invocation of init method failed; nested exception is org.springframework.jdbc.datasource.init.ScriptStatementFailedException: Failed to execute SQL script statement #5 of URL [file:/D:/Documents/BscIT/ThirdYear/Semester%202/CMPG323/Project%201/Software/AccountSystemRepository/target/test-classes/schema.sql]: CREATE TABLE CMPG323.ACCOUNT_TX_DETAILS ( ACCOUNT_TX_DETAILS_ID BIGINT NOT NULL, TX_ID BIGINT NOT NULL, PARTNER_NAME VARCHAR(255) NOT NULL, NUMBER_OF_ITEMS BIGINT NOT NULL, PRIMARY KEY (ACCOUNT_TX_DETAILS_ID), CONSTRAINT FK_ACCOUNT_TYPE_IDL FOREIGN KEY (ACCOUNT_TYPE_ID) REFERENCES CMPG323.DEMO_ACCOUNT_TYPE (ACCOUNT_TYPE_ID), ); nested exception is org.h2.jdbc.JdbcSQLSyntaxErrorException: Constraint "FK_ACCOUNT_TYPE_IDL" already exists; SQL statement:
CREATE TABLE CMPG323.ACCOUNT_TX_DETAILS ( ACCOUNT_TX_DETAILS_ID BIGINT NOT NULL, TX_ID BIGINT NOT NULL, PARTNER_NAME VARCHAR(255) NOT NULL, NUMBER_OF_ITEMS BIGINT NOT NULL, PRIMARY KEY (ACCOUNT_TX_DETAILS_ID), CONSTRAINT FK_ACCOUNT_TYPE_IDL FOREIGN KEY (ACCOUNT_TYPE_ID) REFERENCES CMPG323.DEMO_ACCOUNT_TYPE (ACCOUNT_TYPE_ID), ) [90045-199]
	at org.springframework.beans.factory.support.ConstructorResolver.createArgumentArray(ConstructorResolver.java:769) ~[spring-beans-5.1.8.RELEASE.jar:5.1.8.RELEASE]
	at org.springframework.beans.factory.support.ConstructorResolver.autowireConstructor(ConstructorResolver.java:218) ~[spring-beans-5.1.8.RELEASE.jar:5.1.8.RELEASE]
	at org.springframework.beans.factory.support.AbstractAutowireCapableBeanFactory.autowireConstructor(AbstractAutowireCapableBeanFactory.java:1341) ~[spring-beans-5.1.8.RELEASE.jar:5.1.8.RELEASE]
	at org.springframework.beans.factory.support.AbstractAutowireCapableBeanFactory.createBeanInstance(AbstractAutowireCapableBeanFactory.java:1187) ~[spring-beans-5.1.8.RELEASE.jar:5.1.8.RELEASE]
	at org.springframework.beans.factory.support.AbstractAutowireCapableBeanFactory.doCreateBean(AbstractAutowireCapableBeanFactory.java:555) ~[spring-beans-5.1.8.RELEASE.jar:5.1.8.RELEASE]
	at org.springframework.beans.factory.support.AbstractAutowireCapableBeanFactory.createBean(AbstractAutowireCapableBeanFactory.java:515) ~[spring-beans-5.1.8.RELEASE.jar:5.1.8.RELEASE]
	at org.springframework.beans.factory.support.AbstractBeanFactory.lambda$doGetBean$0(AbstractBeanFactory.java:320) ~[spring-beans-5.1.8.RELEASE.jar:5.1.8.RELEASE]
	at org.springframework.beans.factory.support.DefaultSingletonBeanRegistry.getSingleton(DefaultSingletonBeanRegistry.java:222) ~[spring-beans-5.1.8.RELEASE.jar:5.1.8.RELEASE]
	at org.springframework.beans.factory.support.AbstractBeanFactory.doGetBean(AbstractBeanFactory.java:318) ~[spring-beans-5.1.8.RELEASE.jar:5.1.8.RELEASE]
	at org.springframework.beans.factory.support.AbstractBeanFactory.getBean(AbstractBeanFactory.java:199) ~[spring-beans-5.1.8.RELEASE.jar:5.1.8.RELEASE]
	at org.springframework.beans.factory.support.ConstructorResolver.instantiateUsingFactoryMethod(ConstructorResolver.java:392) ~[spring-beans-5.1.8.RELEASE.jar:5.1.8.RELEASE]
	at org.springframework.beans.factory.support.AbstractAutowireCapableBeanFactory.instantiateUsingFactoryMethod(AbstractAutowireCapableBeanFactory.java:1321) ~[spring-beans-5.1.8.RELEASE.jar:5.1.8.RELEASE]
	at org.springframework.beans.factory.support.AbstractAutowireCapableBeanFactory.createBeanInstance(AbstractAutowireCapableBeanFactory.java:1160) ~[spring-beans-5.1.8.RELEASE.jar:5.1.8.RELEASE]
	at org.springframework.beans.factory.support.AbstractAutowireCapableBeanFactory.doCreateBean(AbstractAutowireCapableBeanFactory.java:555) ~[spring-beans-5.1.8.RELEASE.jar:5.1.8.RELEASE]
	at org.springframework.beans.factory.support.AbstractAutowireCapableBeanFactory.createBean(AbstractAutowireCapableBeanFactory.java:515) ~[spring-beans-5.1.8.RELEASE.jar:5.1.8.RELEASE]
	at org.springframework.beans.factory.support.AbstractBeanFactory.lambda$doGetBean$0(AbstractBeanFactory.java:320) ~[spring-beans-5.1.8.RELEASE.jar:5.1.8.RELEASE]
	at org.springframework.beans.factory.support.DefaultSingletonBeanRegistry.getSingleton(DefaultSingletonBeanRegistry.java:222) ~[spring-beans-5.1.8.RELEASE.jar:5.1.8.RELEASE]
	at org.springframework.beans.factory.support.AbstractBeanFactory.doGetBean(AbstractBeanFactory.java:318) ~[spring-beans-5.1.8.RELEASE.jar:5.1.8.RELEASE]
	at org.springframework.beans.factory.support.AbstractBeanFactory.getBean(AbstractBeanFactory.java:199) ~[spring-beans-5.1.8.RELEASE.jar:5.1.8.RELEASE]
	at org.springframework.context.support.AbstractApplicationContext.getBean(AbstractApplicationContext.java:1105) ~[spring-context-5.1.8.RELEASE.jar:5.1.8.RELEASE]
	at org.springframework.context.support.AbstractApplicationContext.finishBeanFactoryInitialization(AbstractApplicationContext.java:867) ~[spring-context-5.1.8.RELEASE.jar:5.1.8.RELEASE]
	at org.springframework.context.support.AbstractApplicationContext.refresh(AbstractApplicationContext.java:549) ~[spring-context-5.1.8.RELEASE.jar:5.1.8.RELEASE]
	at org.springframework.boot.SpringApplication.refresh(SpringApplication.java:742) ~[spring-boot-2.1.6.RELEASE.jar:2.1.6.RELEASE]
	at org.springframework.boot.SpringApplication.refreshContext(SpringApplication.java:389) ~[spring-boot-2.1.6.RELEASE.jar:2.1.6.RELEASE]
	at org.springframework.boot.SpringApplication.run(SpringApplication.java:311) ~[spring-boot-2.1.6.RELEASE.jar:2.1.6.RELEASE]
	at org.springframework.boot.test.context.SpringBootContextLoader.loadContext(SpringBootContextLoader.java:119) ~[spring-boot-test-2.1.6.RELEASE.jar:2.1.6.RELEASE]
	at org.springframework.test.context.cache.DefaultCacheAwareContextLoaderDelegate.loadContextInternal(DefaultCacheAwareContextLoaderDelegate.java:99) ~[spring-test-5.1.8.RELEASE.jar:5.1.8.RELEASE]
	at org.springframework.test.context.cache.DefaultCacheAwareContextLoaderDelegate.loadContext(DefaultCacheAwareContextLoaderDelegate.java:117) ~[spring-test-5.1.8.RELEASE.jar:5.1.8.RELEASE]
	... 28 common frames omitted
Caused by: org.springframework.beans.factory.BeanCreationException: Error creating bean with name 'dataSource': Post-processing of FactoryBean's singleton object failed; nested exception is org.springframework.beans.factory.BeanCreationException: Error creating bean with name 'org.springframework.boot.autoconfigure.jdbc.DataSourceInitializerInvoker': Invocation of init method failed; nested exception is org.springframework.jdbc.datasource.init.ScriptStatementFailedException: Failed to execute SQL script statement #5 of URL [file:/D:/Documents/BscIT/ThirdYear/Semester%202/CMPG323/Project%201/Software/AccountSystemRepository/target/test-classes/schema.sql]: CREATE TABLE CMPG323.ACCOUNT_TX_DETAILS ( ACCOUNT_TX_DETAILS_ID BIGINT NOT NULL, TX_ID BIGINT NOT NULL, PARTNER_NAME VARCHAR(255) NOT NULL, NUMBER_OF_ITEMS BIGINT NOT NULL, PRIMARY KEY (ACCOUNT_TX_DETAILS_ID), CONSTRAINT FK_ACCOUNT_TYPE_IDL FOREIGN KEY (ACCOUNT_TYPE_ID) REFERENCES CMPG323.DEMO_ACCOUNT_TYPE (ACCOUNT_TYPE_ID), ); nested exception is org.h2.jdbc.JdbcSQLSyntaxErrorException: Constraint "FK_ACCOUNT_TYPE_IDL" already exists; SQL statement:
CREATE TABLE CMPG323.ACCOUNT_TX_DETAILS ( ACCOUNT_TX_DETAILS_ID BIGINT NOT NULL, TX_ID BIGINT NOT NULL, PARTNER_NAME VARCHAR(255) NOT NULL, NUMBER_OF_ITEMS BIGINT NOT NULL, PRIMARY KEY (ACCOUNT_TX_DETAILS_ID), CONSTRAINT FK_ACCOUNT_TYPE_IDL FOREIGN KEY (ACCOUNT_TYPE_ID) REFERENCES CMPG323.DEMO_ACCOUNT_TYPE (ACCOUNT_TYPE_ID), ) [90045-199]
	at org.springframework.beans.factory.support.FactoryBeanRegistrySupport.getObjectFromFactoryBean(FactoryBeanRegistrySupport.java:119) ~[spring-beans-5.1.8.RELEASE.jar:5.1.8.RELEASE]
	at org.springframework.beans.factory.support.AbstractBeanFactory.getObjectForBeanInstance(AbstractBeanFactory.java:1674) ~[spring-beans-5.1.8.RELEASE.jar:5.1.8.RELEASE]
	at org.springframework.beans.factory.support.AbstractAutowireCapableBeanFactory.getObjectForBeanInstance(AbstractAutowireCapableBeanFactory.java:1249) ~[spring-beans-5.1.8.RELEASE.jar:5.1.8.RELEASE]
	at org.springframework.beans.factory.support.AbstractBeanFactory.doGetBean(AbstractBeanFactory.java:330) ~[spring-beans-5.1.8.RELEASE.jar:5.1.8.RELEASE]
	at org.springframework.beans.factory.support.AbstractBeanFactory.getBean(AbstractBeanFactory.java:199) ~[spring-beans-5.1.8.RELEASE.jar:5.1.8.RELEASE]
	at org.springframework.beans.factory.config.DependencyDescriptor.resolveCandidate(DependencyDescriptor.java:277) ~[spring-beans-5.1.8.RELEASE.jar:5.1.8.RELEASE]
	at org.springframework.beans.factory.support.DefaultListableBeanFactory.doResolveDependency(DefaultListableBeanFactory.java:1251) ~[spring-beans-5.1.8.RELEASE.jar:5.1.8.RELEASE]
	at org.springframework.beans.factory.support.DefaultListableBeanFactory.resolveDependency(DefaultListableBeanFactory.java:1171) ~[spring-beans-5.1.8.RELEASE.jar:5.1.8.RELEASE]
	at org.springframework.beans.factory.support.ConstructorResolver.resolveAutowiredArgument(ConstructorResolver.java:857) ~[spring-beans-5.1.8.RELEASE.jar:5.1.8.RELEASE]
	at org.springframework.beans.factory.support.ConstructorResolver.createArgumentArray(ConstructorResolver.java:760) ~[spring-beans-5.1.8.RELEASE.jar:5.1.8.RELEASE]
	... 55 common frames omitted
Caused by: org.springframework.beans.factory.BeanCreationException: Error creating bean with name 'org.springframework.boot.autoconfigure.jdbc.DataSourceInitializerInvoker': Invocation of init method failed; nested exception is org.springframework.jdbc.datasource.init.ScriptStatementFailedException: Failed to execute SQL script statement #5 of URL [file:/D:/Documents/BscIT/ThirdYear/Semester%202/CMPG323/Project%201/Software/AccountSystemRepository/target/test-classes/schema.sql]: CREATE TABLE CMPG323.ACCOUNT_TX_DETAILS ( ACCOUNT_TX_DETAILS_ID BIGINT NOT NULL, TX_ID BIGINT NOT NULL, PARTNER_NAME VARCHAR(255) NOT NULL, NUMBER_OF_ITEMS BIGINT NOT NULL, PRIMARY KEY (ACCOUNT_TX_DETAILS_ID), CONSTRAINT FK_ACCOUNT_TYPE_IDL FOREIGN KEY (ACCOUNT_TYPE_ID) REFERENCES CMPG323.DEMO_ACCOUNT_TYPE (ACCOUNT_TYPE_ID), ); nested exception is org.h2.jdbc.JdbcSQLSyntaxErrorException: Constraint "FK_ACCOUNT_TYPE_IDL" already exists; SQL statement:
CREATE TABLE CMPG323.ACCOUNT_TX_DETAILS ( ACCOUNT_TX_DETAILS_ID BIGINT NOT NULL, TX_ID BIGINT NOT NULL, PARTNER_NAME VARCHAR(255) NOT NULL, NUMBER_OF_ITEMS BIGINT NOT NULL, PRIMARY KEY (ACCOUNT_TX_DETAILS_ID), CONSTRAINT FK_ACCOUNT_TYPE_IDL FOREIGN KEY (ACCOUNT_TYPE_ID) REFERENCES CMPG323.DEMO_ACCOUNT_TYPE (ACCOUNT_TYPE_ID), ) [90045-199]
	at org.springframework.beans.factory.support.AbstractAutowireCapableBeanFactory.initializeBean(AbstractAutowireCapableBeanFactory.java:1778) ~[spring-beans-5.1.8.RELEASE.jar:5.1.8.RELEASE]
	at org.springframework.beans.factory.support.AbstractAutowireCapableBeanFactory.doCreateBean(AbstractAutowireCapableBeanFactory.java:593) ~[spring-beans-5.1.8.RELEASE.jar:5.1.8.RELEASE]
	at org.springframework.beans.factory.support.AbstractAutowireCapableBeanFactory.createBean(AbstractAutowireCapableBeanFactory.java:515) ~[spring-beans-5.1.8.RELEASE.jar:5.1.8.RELEASE]
	at org.springframework.beans.factory.support.AbstractBeanFactory.lambda$doGetBean$0(AbstractBeanFactory.java:320) ~[spring-beans-5.1.8.RELEASE.jar:5.1.8.RELEASE]
	at org.springframework.beans.factory.support.DefaultSingletonBeanRegistry.getSingleton(DefaultSingletonBeanRegistry.java:222) ~[spring-beans-5.1.8.RELEASE.jar:5.1.8.RELEASE]
	at org.springframework.beans.factory.support.AbstractBeanFactory.doGetBean(AbstractBeanFactory.java:318) ~[spring-beans-5.1.8.RELEASE.jar:5.1.8.RELEASE]
	at org.springframework.beans.factory.support.AbstractBeanFactory.getBean(AbstractBeanFactory.java:224) ~[spring-beans-5.1.8.RELEASE.jar:5.1.8.RELEASE]
	at org.springframework.beans.factory.support.DefaultListableBeanFactory.resolveNamedBean(DefaultListableBeanFactory.java:1119) ~[spring-beans-5.1.8.RELEASE.jar:5.1.8.RELEASE]
	at org.springframework.beans.factory.support.DefaultListableBeanFactory.resolveBean(DefaultListableBeanFactory.java:411) ~[spring-beans-5.1.8.RELEASE.jar:5.1.8.RELEASE]
	at org.springframework.beans.factory.support.DefaultListableBeanFactory.getBean(DefaultListableBeanFactory.java:344) ~[spring-beans-5.1.8.RELEASE.jar:5.1.8.RELEASE]
	at org.springframework.beans.factory.support.DefaultListableBeanFactory.getBean(DefaultListableBeanFactory.java:337) ~[spring-beans-5.1.8.RELEASE.jar:5.1.8.RELEASE]
	at org.springframework.boot.autoconfigure.jdbc.DataSourceInitializerPostProcessor.postProcessAfterInitialization(DataSourceInitializerPostProcessor.java:53) ~[spring-boot-autoconfigure-2.1.6.RELEASE.jar:2.1.6.RELEASE]
	at org.springframework.beans.factory.support.AbstractAutowireCapableBeanFactory.applyBeanPostProcessorsAfterInitialization(AbstractAutowireCapableBeanFactory.java:429) ~[spring-beans-5.1.8.RELEASE.jar:5.1.8.RELEASE]
	at org.springframework.beans.factory.support.AbstractAutowireCapableBeanFactory.postProcessObjectFromFactoryBean(AbstractAutowireCapableBeanFactory.java:1921) ~[spring-beans-5.1.8.RELEASE.jar:5.1.8.RELEASE]
	at org.springframework.beans.factory.support.FactoryBeanRegistrySupport.getObjectFromFactoryBean(FactoryBeanRegistrySupport.java:116) ~[spring-beans-5.1.8.RELEASE.jar:5.1.8.RELEASE]
	... 64 common frames omitted
Caused by: org.springframework.jdbc.datasource.init.ScriptStatementFailedException: Failed to execute SQL script statement #5 of URL [file:/D:/Documents/BscIT/ThirdYear/Semester%202/CMPG323/Project%201/Software/AccountSystemRepository/target/test-classes/schema.sql]: CREATE TABLE CMPG323.ACCOUNT_TX_DETAILS ( ACCOUNT_TX_DETAILS_ID BIGINT NOT NULL, TX_ID BIGINT NOT NULL, PARTNER_NAME VARCHAR(255) NOT NULL, NUMBER_OF_ITEMS BIGINT NOT NULL, PRIMARY KEY (ACCOUNT_TX_DETAILS_ID), CONSTRAINT FK_ACCOUNT_TYPE_IDL FOREIGN KEY (ACCOUNT_TYPE_ID) REFERENCES CMPG323.DEMO_ACCOUNT_TYPE (ACCOUNT_TYPE_ID), ); nested exception is org.h2.jdbc.JdbcSQLSyntaxErrorException: Constraint "FK_ACCOUNT_TYPE_IDL" already exists; SQL statement:
CREATE TABLE CMPG323.ACCOUNT_TX_DETAILS ( ACCOUNT_TX_DETAILS_ID BIGINT NOT NULL, TX_ID BIGINT NOT NULL, PARTNER_NAME VARCHAR(255) NOT NULL, NUMBER_OF_ITEMS BIGINT NOT NULL, PRIMARY KEY (ACCOUNT_TX_DETAILS_ID), CONSTRAINT FK_ACCOUNT_TYPE_IDL FOREIGN KEY (ACCOUNT_TYPE_ID) REFERENCES CMPG323.DEMO_ACCOUNT_TYPE (ACCOUNT_TYPE_ID), ) [90045-199]
	at org.springframework.jdbc.datasource.init.ScriptUtils.executeSqlScript(ScriptUtils.java:509) ~[spring-jdbc-5.1.8.RELEASE.jar:5.1.8.RELEASE]
	at org.springframework.jdbc.datasource.init.ResourceDatabasePopulator.populate(ResourceDatabasePopulator.java:238) ~[spring-jdbc-5.1.8.RELEASE.jar:5.1.8.RELEASE]
	at org.springframework.jdbc.datasource.init.DatabasePopulatorUtils.execute(DatabasePopulatorUtils.java:48) ~[spring-jdbc-5.1.8.RELEASE.jar:5.1.8.RELEASE]
	at org.springframework.boot.autoconfigure.jdbc.DataSourceInitializer.runScripts(DataSourceInitializer.java:202) ~[spring-boot-autoconfigure-2.1.6.RELEASE.jar:2.1.6.RELEASE]
	at org.springframework.boot.autoconfigure.jdbc.DataSourceInitializer.createSchema(DataSourceInitializer.java:101) ~[spring-boot-autoconfigure-2.1.6.RELEASE.jar:2.1.6.RELEASE]
	at org.springframework.boot.autoconfigure.jdbc.DataSourceInitializerInvoker.afterPropertiesSet(DataSourceInitializerInvoker.java:62) ~[spring-boot-autoconfigure-2.1.6.RELEASE.jar:2.1.6.RELEASE]
	at org.springframework.beans.factory.support.AbstractAutowireCapableBeanFactory.invokeInitMethods(AbstractAutowireCapableBeanFactory.java:1837) ~[spring-beans-5.1.8.RELEASE.jar:5.1.8.RELEASE]
	at org.springframework.beans.factory.support.AbstractAutowireCapableBeanFactory.initializeBean(AbstractAutowireCapableBeanFactory.java:1774) ~[spring-beans-5.1.8.RELEASE.jar:5.1.8.RELEASE]
	... 78 common frames omitted
Caused by: org.h2.jdbc.JdbcSQLSyntaxErrorException: Constraint "FK_ACCOUNT_TYPE_IDL" already exists; SQL statement:
CREATE TABLE CMPG323.ACCOUNT_TX_DETAILS ( ACCOUNT_TX_DETAILS_ID BIGINT NOT NULL, TX_ID BIGINT NOT NULL, PARTNER_NAME VARCHAR(255) NOT NULL, NUMBER_OF_ITEMS BIGINT NOT NULL, PRIMARY KEY (ACCOUNT_TX_DETAILS_ID), CONSTRAINT FK_ACCOUNT_TYPE_IDL FOREIGN KEY (ACCOUNT_TYPE_ID) REFERENCES CMPG323.DEMO_ACCOUNT_TYPE (ACCOUNT_TYPE_ID), ) [90045-199]
	at org.h2.message.DbException.getJdbcSQLException(DbException.java:573) ~[h2-1.4.199.jar:1.4.199]
	at org.h2.message.DbException.getJdbcSQLException(DbException.java:427) ~[h2-1.4.199.jar:1.4.199]
	at org.h2.message.DbException.get(DbException.java:205) ~[h2-1.4.199.jar:1.4.199]
	at org.h2.message.DbException.get(DbException.java:181) ~[h2-1.4.199.jar:1.4.199]
	at org.h2.command.ddl.AlterTableAddConstraint.tryUpdate(AlterTableAddConstraint.java:114) ~[h2-1.4.199.jar:1.4.199]
	at org.h2.command.ddl.AlterTableAddConstraint.update(AlterTableAddConstraint.java:78) ~[h2-1.4.199.jar:1.4.199]
	at org.h2.command.ddl.CommandWithColumns.createConstraints(CommandWithColumns.java:83) ~[h2-1.4.199.jar:1.4.199]
	at org.h2.command.ddl.CreateTable.update(CreateTable.java:129) ~[h2-1.4.199.jar:1.4.199]
	at org.h2.command.CommandContainer.update(CommandContainer.java:133) ~[h2-1.4.199.jar:1.4.199]
	at org.h2.command.Command.executeUpdate(Command.java:267) ~[h2-1.4.199.jar:1.4.199]
	at org.h2.jdbc.JdbcStatement.executeInternal(JdbcStatement.java:233) ~[h2-1.4.199.jar:1.4.199]
	at org.h2.jdbc.JdbcStatement.execute(JdbcStatement.java:205) ~[h2-1.4.199.jar:1.4.199]
	at org.springframework.jdbc.datasource.init.ScriptUtils.executeSqlScript(ScriptUtils.java:488) ~[spring-jdbc-5.1.8.RELEASE.jar:5.1.8.RELEASE]
	... 85 common frames omitted

]]></system-out>
  </testcase>
  <testcase name="getAccountTypeByMnemonicNativeQueryMiles" classname="za.ac.nwu.ac.repo.persistence.AccountTypeRepositoryTest" time="0">
    <error message="Failed to load ApplicationContext" type="java.lang.IllegalStateException">java.lang.IllegalStateException: Failed to load ApplicationContext
Caused by: org.springframework.beans.factory.UnsatisfiedDependencyException: 
Error creating bean with name 'org.springframework.boot.autoconfigure.orm.jpa.HibernateJpaConfiguration': Unsatisfied dependency expressed through constructor parameter 0; nested exception is org.springframework.beans.factory.BeanCreationException: Error creating bean with name 'dataSource': Post-processing of FactoryBean's singleton object failed; nested exception is org.springframework.beans.factory.BeanCreationException: Error creating bean with name 'org.springframework.boot.autoconfigure.jdbc.DataSourceInitializerInvoker': Invocation of init method failed; nested exception is org.springframework.jdbc.datasource.init.ScriptStatementFailedException: Failed to execute SQL script statement #5 of URL [file:/D:/Documents/BscIT/ThirdYear/Semester%202/CMPG323/Project%201/Software/AccountSystemRepository/target/test-classes/schema.sql]: CREATE TABLE CMPG323.ACCOUNT_TX_DETAILS ( ACCOUNT_TX_DETAILS_ID BIGINT NOT NULL, TX_ID BIGINT NOT NULL, PARTNER_NAME VARCHAR(255) NOT NULL, NUMBER_OF_ITEMS BIGINT NOT NULL, PRIMARY KEY (ACCOUNT_TX_DETAILS_ID), CONSTRAINT FK_ACCOUNT_TYPE_IDL FOREIGN KEY (ACCOUNT_TYPE_ID) REFERENCES CMPG323.DEMO_ACCOUNT_TYPE (ACCOUNT_TYPE_ID), ); nested exception is org.h2.jdbc.JdbcSQLSyntaxErrorException: Constraint "FK_ACCOUNT_TYPE_IDL" already exists; SQL statement:
CREATE TABLE CMPG323.ACCOUNT_TX_DETAILS ( ACCOUNT_TX_DETAILS_ID BIGINT NOT NULL, TX_ID BIGINT NOT NULL, PARTNER_NAME VARCHAR(255) NOT NULL, NUMBER_OF_ITEMS BIGINT NOT NULL, PRIMARY KEY (ACCOUNT_TX_DETAILS_ID), CONSTRAINT FK_ACCOUNT_TYPE_IDL FOREIGN KEY (ACCOUNT_TYPE_ID) REFERENCES CMPG323.DEMO_ACCOUNT_TYPE (ACCOUNT_TYPE_ID), ) [90045-199]
Caused by: org.springframework.beans.factory.BeanCreationException: 
Error creating bean with name 'dataSource': Post-processing of FactoryBean's singleton object failed; nested exception is org.springframework.beans.factory.BeanCreationException: Error creating bean with name 'org.springframework.boot.autoconfigure.jdbc.DataSourceInitializerInvoker': Invocation of init method failed; nested exception is org.springframework.jdbc.datasource.init.ScriptStatementFailedException: Failed to execute SQL script statement #5 of URL [file:/D:/Documents/BscIT/ThirdYear/Semester%202/CMPG323/Project%201/Software/AccountSystemRepository/target/test-classes/schema.sql]: CREATE TABLE CMPG323.ACCOUNT_TX_DETAILS ( ACCOUNT_TX_DETAILS_ID BIGINT NOT NULL, TX_ID BIGINT NOT NULL, PARTNER_NAME VARCHAR(255) NOT NULL, NUMBER_OF_ITEMS BIGINT NOT NULL, PRIMARY KEY (ACCOUNT_TX_DETAILS_ID), CONSTRAINT FK_ACCOUNT_TYPE_IDL FOREIGN KEY (ACCOUNT_TYPE_ID) REFERENCES CMPG323.DEMO_ACCOUNT_TYPE (ACCOUNT_TYPE_ID), ); nested exception is org.h2.jdbc.JdbcSQLSyntaxErrorException: Constraint "FK_ACCOUNT_TYPE_IDL" already exists; SQL statement:
CREATE TABLE CMPG323.ACCOUNT_TX_DETAILS ( ACCOUNT_TX_DETAILS_ID BIGINT NOT NULL, TX_ID BIGINT NOT NULL, PARTNER_NAME VARCHAR(255) NOT NULL, NUMBER_OF_ITEMS BIGINT NOT NULL, PRIMARY KEY (ACCOUNT_TX_DETAILS_ID), CONSTRAINT FK_ACCOUNT_TYPE_IDL FOREIGN KEY (ACCOUNT_TYPE_ID) REFERENCES CMPG323.DEMO_ACCOUNT_TYPE (ACCOUNT_TYPE_ID), ) [90045-199]
Caused by: org.springframework.beans.factory.BeanCreationException: 
Error creating bean with name 'org.springframework.boot.autoconfigure.jdbc.DataSourceInitializerInvoker': Invocation of init method failed; nested exception is org.springframework.jdbc.datasource.init.ScriptStatementFailedException: Failed to execute SQL script statement #5 of URL [file:/D:/Documents/BscIT/ThirdYear/Semester%202/CMPG323/Project%201/Software/AccountSystemRepository/target/test-classes/schema.sql]: CREATE TABLE CMPG323.ACCOUNT_TX_DETAILS ( ACCOUNT_TX_DETAILS_ID BIGINT NOT NULL, TX_ID BIGINT NOT NULL, PARTNER_NAME VARCHAR(255) NOT NULL, NUMBER_OF_ITEMS BIGINT NOT NULL, PRIMARY KEY (ACCOUNT_TX_DETAILS_ID), CONSTRAINT FK_ACCOUNT_TYPE_IDL FOREIGN KEY (ACCOUNT_TYPE_ID) REFERENCES CMPG323.DEMO_ACCOUNT_TYPE (ACCOUNT_TYPE_ID), ); nested exception is org.h2.jdbc.JdbcSQLSyntaxErrorException: Constraint "FK_ACCOUNT_TYPE_IDL" already exists; SQL statement:
CREATE TABLE CMPG323.ACCOUNT_TX_DETAILS ( ACCOUNT_TX_DETAILS_ID BIGINT NOT NULL, TX_ID BIGINT NOT NULL, PARTNER_NAME VARCHAR(255) NOT NULL, NUMBER_OF_ITEMS BIGINT NOT NULL, PRIMARY KEY (ACCOUNT_TX_DETAILS_ID), CONSTRAINT FK_ACCOUNT_TYPE_IDL FOREIGN KEY (ACCOUNT_TYPE_ID) REFERENCES CMPG323.DEMO_ACCOUNT_TYPE (ACCOUNT_TYPE_ID), ) [90045-199]
Caused by: org.springframework.jdbc.datasource.init.ScriptStatementFailedException: 
Failed to execute SQL script statement #5 of URL [file:/D:/Documents/BscIT/ThirdYear/Semester%202/CMPG323/Project%201/Software/AccountSystemRepository/target/test-classes/schema.sql]: CREATE TABLE CMPG323.ACCOUNT_TX_DETAILS ( ACCOUNT_TX_DETAILS_ID BIGINT NOT NULL, TX_ID BIGINT NOT NULL, PARTNER_NAME VARCHAR(255) NOT NULL, NUMBER_OF_ITEMS BIGINT NOT NULL, PRIMARY KEY (ACCOUNT_TX_DETAILS_ID), CONSTRAINT FK_ACCOUNT_TYPE_IDL FOREIGN KEY (ACCOUNT_TYPE_ID) REFERENCES CMPG323.DEMO_ACCOUNT_TYPE (ACCOUNT_TYPE_ID), ); nested exception is org.h2.jdbc.JdbcSQLSyntaxErrorException: Constraint "FK_ACCOUNT_TYPE_IDL" already exists; SQL statement:
CREATE TABLE CMPG323.ACCOUNT_TX_DETAILS ( ACCOUNT_TX_DETAILS_ID BIGINT NOT NULL, TX_ID BIGINT NOT NULL, PARTNER_NAME VARCHAR(255) NOT NULL, NUMBER_OF_ITEMS BIGINT NOT NULL, PRIMARY KEY (ACCOUNT_TX_DETAILS_ID), CONSTRAINT FK_ACCOUNT_TYPE_IDL FOREIGN KEY (ACCOUNT_TYPE_ID) REFERENCES CMPG323.DEMO_ACCOUNT_TYPE (ACCOUNT_TYPE_ID), ) [90045-199]
Caused by: org.h2.jdbc.JdbcSQLSyntaxErrorException: 
Constraint "FK_ACCOUNT_TYPE_IDL" already exists; SQL statement:
CREATE TABLE CMPG323.ACCOUNT_TX_DETAILS ( ACCOUNT_TX_DETAILS_ID BIGINT NOT NULL, TX_ID BIGINT NOT NULL, PARTNER_NAME VARCHAR(255) NOT NULL, NUMBER_OF_ITEMS BIGINT NOT NULL, PRIMARY KEY (ACCOUNT_TX_DETAILS_ID), CONSTRAINT FK_ACCOUNT_TYPE_IDL FOREIGN KEY (ACCOUNT_TYPE_ID) REFERENCES CMPG323.DEMO_ACCOUNT_TYPE (ACCOUNT_TYPE_ID), ) [90045-199]
</error>
    <system-out><![CDATA[
  .   ____          _            __ _ _
 /\\ / ___'_ __ _ _(_)_ __  __ _ \ \ \ \
( ( )\___ | '_ | '_| | '_ \/ _` | \ \ \ \
 \\/  ___)| |_)| | | | | || (_| |  ) ) ) )
  '  |____| .__|_| |_|_| |_\__, | / / / /
 =========|_|==============|___/=/_/_/_/
 :: Spring Boot ::        (v2.1.6.RELEASE)

2021-10-09 07:35:01.692  INFO 13704 --- [           main] z.a.n.a.r.p.AccountTypeRepositoryTest    : Starting AccountTypeRepositoryTest on DESKTOP-88F48D2 with PID 13704 (started by Bianca Piek in D:\Documents\BscIT\ThirdYear\Semester 2\CMPG323\Project 1\Software\AccountSystemRepository)
2021-10-09 07:35:01.692  INFO 13704 --- [           main] z.a.n.a.r.p.AccountTypeRepositoryTest    : No active profile set, falling back to default profiles: default
2021-10-09 07:35:01.727  INFO 13704 --- [           main] .s.d.r.c.RepositoryConfigurationDelegate : Bootstrapping Spring Data repositories in DEFAULT mode.
2021-10-09 07:35:01.737  INFO 13704 --- [           main] .s.d.r.c.RepositoryConfigurationDelegate : Finished Spring Data repository scanning in 10ms. Found 3 repository interfaces.
2021-10-09 07:35:01.747  INFO 13704 --- [           main] beddedDataSourceBeanFactoryPostProcessor : Replacing 'dataSource' DataSource bean with embedded version
2021-10-09 07:35:01.762  INFO 13704 --- [           main] o.s.j.d.e.EmbeddedDatabaseFactory        : Starting embedded database: url='jdbc:h2:mem:cdce03b3-5ebe-4813-b8a3-7a6ea05dccd8;DB_CLOSE_DELAY=-1;DB_CLOSE_ON_EXIT=false', username='sa'
2021-10-09 07:35:01.796  WARN 13704 --- [           main] s.c.a.AnnotationConfigApplicationContext : Exception encountered during context initialization - cancelling refresh attempt: org.springframework.beans.factory.UnsatisfiedDependencyException: Error creating bean with name 'org.springframework.boot.autoconfigure.orm.jpa.HibernateJpaConfiguration': Unsatisfied dependency expressed through constructor parameter 0; nested exception is org.springframework.beans.factory.BeanCreationException: Error creating bean with name 'dataSource': Post-processing of FactoryBean's singleton object failed; nested exception is org.springframework.beans.factory.BeanCreationException: Error creating bean with name 'org.springframework.boot.autoconfigure.jdbc.DataSourceInitializerInvoker': Invocation of init method failed; nested exception is org.springframework.jdbc.datasource.init.ScriptStatementFailedException: Failed to execute SQL script statement #5 of URL [file:/D:/Documents/BscIT/ThirdYear/Semester%202/CMPG323/Project%201/Software/AccountSystemRepository/target/test-classes/schema.sql]: CREATE TABLE CMPG323.ACCOUNT_TX_DETAILS ( ACCOUNT_TX_DETAILS_ID BIGINT NOT NULL, TX_ID BIGINT NOT NULL, PARTNER_NAME VARCHAR(255) NOT NULL, NUMBER_OF_ITEMS BIGINT NOT NULL, PRIMARY KEY (ACCOUNT_TX_DETAILS_ID), CONSTRAINT FK_ACCOUNT_TYPE_IDL FOREIGN KEY (ACCOUNT_TYPE_ID) REFERENCES CMPG323.DEMO_ACCOUNT_TYPE (ACCOUNT_TYPE_ID), ); nested exception is org.h2.jdbc.JdbcSQLSyntaxErrorException: Constraint "FK_ACCOUNT_TYPE_IDL" already exists; SQL statement:
CREATE TABLE CMPG323.ACCOUNT_TX_DETAILS ( ACCOUNT_TX_DETAILS_ID BIGINT NOT NULL, TX_ID BIGINT NOT NULL, PARTNER_NAME VARCHAR(255) NOT NULL, NUMBER_OF_ITEMS BIGINT NOT NULL, PRIMARY KEY (ACCOUNT_TX_DETAILS_ID), CONSTRAINT FK_ACCOUNT_TYPE_IDL FOREIGN KEY (ACCOUNT_TYPE_ID) REFERENCES CMPG323.DEMO_ACCOUNT_TYPE (ACCOUNT_TYPE_ID), ) [90045-199]
2021-10-09 07:35:01.796  INFO 13704 --- [           main] ConditionEvaluationReportLoggingListener : 

Error starting ApplicationContext. To display the conditions report re-run your application with 'debug' enabled.
2021-10-09 07:35:01.800 ERROR 13704 --- [           main] o.s.boot.SpringApplication               : Application run failed

org.springframework.beans.factory.UnsatisfiedDependencyException: Error creating bean with name 'org.springframework.boot.autoconfigure.orm.jpa.HibernateJpaConfiguration': Unsatisfied dependency expressed through constructor parameter 0; nested exception is org.springframework.beans.factory.BeanCreationException: Error creating bean with name 'dataSource': Post-processing of FactoryBean's singleton object failed; nested exception is org.springframework.beans.factory.BeanCreationException: Error creating bean with name 'org.springframework.boot.autoconfigure.jdbc.DataSourceInitializerInvoker': Invocation of init method failed; nested exception is org.springframework.jdbc.datasource.init.ScriptStatementFailedException: Failed to execute SQL script statement #5 of URL [file:/D:/Documents/BscIT/ThirdYear/Semester%202/CMPG323/Project%201/Software/AccountSystemRepository/target/test-classes/schema.sql]: CREATE TABLE CMPG323.ACCOUNT_TX_DETAILS ( ACCOUNT_TX_DETAILS_ID BIGINT NOT NULL, TX_ID BIGINT NOT NULL, PARTNER_NAME VARCHAR(255) NOT NULL, NUMBER_OF_ITEMS BIGINT NOT NULL, PRIMARY KEY (ACCOUNT_TX_DETAILS_ID), CONSTRAINT FK_ACCOUNT_TYPE_IDL FOREIGN KEY (ACCOUNT_TYPE_ID) REFERENCES CMPG323.DEMO_ACCOUNT_TYPE (ACCOUNT_TYPE_ID), ); nested exception is org.h2.jdbc.JdbcSQLSyntaxErrorException: Constraint "FK_ACCOUNT_TYPE_IDL" already exists; SQL statement:
CREATE TABLE CMPG323.ACCOUNT_TX_DETAILS ( ACCOUNT_TX_DETAILS_ID BIGINT NOT NULL, TX_ID BIGINT NOT NULL, PARTNER_NAME VARCHAR(255) NOT NULL, NUMBER_OF_ITEMS BIGINT NOT NULL, PRIMARY KEY (ACCOUNT_TX_DETAILS_ID), CONSTRAINT FK_ACCOUNT_TYPE_IDL FOREIGN KEY (ACCOUNT_TYPE_ID) REFERENCES CMPG323.DEMO_ACCOUNT_TYPE (ACCOUNT_TYPE_ID), ) [90045-199]
	at org.springframework.beans.factory.support.ConstructorResolver.createArgumentArray(ConstructorResolver.java:769) ~[spring-beans-5.1.8.RELEASE.jar:5.1.8.RELEASE]
	at org.springframework.beans.factory.support.ConstructorResolver.autowireConstructor(ConstructorResolver.java:218) ~[spring-beans-5.1.8.RELEASE.jar:5.1.8.RELEASE]
	at org.springframework.beans.factory.support.AbstractAutowireCapableBeanFactory.autowireConstructor(AbstractAutowireCapableBeanFactory.java:1341) ~[spring-beans-5.1.8.RELEASE.jar:5.1.8.RELEASE]
	at org.springframework.beans.factory.support.AbstractAutowireCapableBeanFactory.createBeanInstance(AbstractAutowireCapableBeanFactory.java:1187) ~[spring-beans-5.1.8.RELEASE.jar:5.1.8.RELEASE]
	at org.springframework.beans.factory.support.AbstractAutowireCapableBeanFactory.doCreateBean(AbstractAutowireCapableBeanFactory.java:555) ~[spring-beans-5.1.8.RELEASE.jar:5.1.8.RELEASE]
	at org.springframework.beans.factory.support.AbstractAutowireCapableBeanFactory.createBean(AbstractAutowireCapableBeanFactory.java:515) ~[spring-beans-5.1.8.RELEASE.jar:5.1.8.RELEASE]
	at org.springframework.beans.factory.support.AbstractBeanFactory.lambda$doGetBean$0(AbstractBeanFactory.java:320) ~[spring-beans-5.1.8.RELEASE.jar:5.1.8.RELEASE]
	at org.springframework.beans.factory.support.DefaultSingletonBeanRegistry.getSingleton(DefaultSingletonBeanRegistry.java:222) ~[spring-beans-5.1.8.RELEASE.jar:5.1.8.RELEASE]
	at org.springframework.beans.factory.support.AbstractBeanFactory.doGetBean(AbstractBeanFactory.java:318) ~[spring-beans-5.1.8.RELEASE.jar:5.1.8.RELEASE]
	at org.springframework.beans.factory.support.AbstractBeanFactory.getBean(AbstractBeanFactory.java:199) ~[spring-beans-5.1.8.RELEASE.jar:5.1.8.RELEASE]
	at org.springframework.beans.factory.support.ConstructorResolver.instantiateUsingFactoryMethod(ConstructorResolver.java:392) ~[spring-beans-5.1.8.RELEASE.jar:5.1.8.RELEASE]
	at org.springframework.beans.factory.support.AbstractAutowireCapableBeanFactory.instantiateUsingFactoryMethod(AbstractAutowireCapableBeanFactory.java:1321) ~[spring-beans-5.1.8.RELEASE.jar:5.1.8.RELEASE]
	at org.springframework.beans.factory.support.AbstractAutowireCapableBeanFactory.createBeanInstance(AbstractAutowireCapableBeanFactory.java:1160) ~[spring-beans-5.1.8.RELEASE.jar:5.1.8.RELEASE]
	at org.springframework.beans.factory.support.AbstractAutowireCapableBeanFactory.doCreateBean(AbstractAutowireCapableBeanFactory.java:555) ~[spring-beans-5.1.8.RELEASE.jar:5.1.8.RELEASE]
	at org.springframework.beans.factory.support.AbstractAutowireCapableBeanFactory.createBean(AbstractAutowireCapableBeanFactory.java:515) ~[spring-beans-5.1.8.RELEASE.jar:5.1.8.RELEASE]
	at org.springframework.beans.factory.support.AbstractBeanFactory.lambda$doGetBean$0(AbstractBeanFactory.java:320) ~[spring-beans-5.1.8.RELEASE.jar:5.1.8.RELEASE]
	at org.springframework.beans.factory.support.DefaultSingletonBeanRegistry.getSingleton(DefaultSingletonBeanRegistry.java:222) ~[spring-beans-5.1.8.RELEASE.jar:5.1.8.RELEASE]
	at org.springframework.beans.factory.support.AbstractBeanFactory.doGetBean(AbstractBeanFactory.java:318) ~[spring-beans-5.1.8.RELEASE.jar:5.1.8.RELEASE]
	at org.springframework.beans.factory.support.AbstractBeanFactory.getBean(AbstractBeanFactory.java:199) ~[spring-beans-5.1.8.RELEASE.jar:5.1.8.RELEASE]
	at org.springframework.context.support.AbstractApplicationContext.getBean(AbstractApplicationContext.java:1105) ~[spring-context-5.1.8.RELEASE.jar:5.1.8.RELEASE]
	at org.springframework.context.support.AbstractApplicationContext.finishBeanFactoryInitialization(AbstractApplicationContext.java:867) ~[spring-context-5.1.8.RELEASE.jar:5.1.8.RELEASE]
	at org.springframework.context.support.AbstractApplicationContext.refresh(AbstractApplicationContext.java:549) ~[spring-context-5.1.8.RELEASE.jar:5.1.8.RELEASE]
	at org.springframework.boot.SpringApplication.refresh(SpringApplication.java:742) ~[spring-boot-2.1.6.RELEASE.jar:2.1.6.RELEASE]
	at org.springframework.boot.SpringApplication.refreshContext(SpringApplication.java:389) ~[spring-boot-2.1.6.RELEASE.jar:2.1.6.RELEASE]
	at org.springframework.boot.SpringApplication.run(SpringApplication.java:311) ~[spring-boot-2.1.6.RELEASE.jar:2.1.6.RELEASE]
	at org.springframework.boot.test.context.SpringBootContextLoader.loadContext(SpringBootContextLoader.java:119) [spring-boot-test-2.1.6.RELEASE.jar:2.1.6.RELEASE]
	at org.springframework.test.context.cache.DefaultCacheAwareContextLoaderDelegate.loadContextInternal(DefaultCacheAwareContextLoaderDelegate.java:99) [spring-test-5.1.8.RELEASE.jar:5.1.8.RELEASE]
	at org.springframework.test.context.cache.DefaultCacheAwareContextLoaderDelegate.loadContext(DefaultCacheAwareContextLoaderDelegate.java:117) [spring-test-5.1.8.RELEASE.jar:5.1.8.RELEASE]
	at org.springframework.test.context.support.DefaultTestContext.getApplicationContext(DefaultTestContext.java:108) [spring-test-5.1.8.RELEASE.jar:5.1.8.RELEASE]
	at org.springframework.test.context.support.DependencyInjectionTestExecutionListener.injectDependencies(DependencyInjectionTestExecutionListener.java:118) [spring-test-5.1.8.RELEASE.jar:5.1.8.RELEASE]
	at org.springframework.test.context.support.DependencyInjectionTestExecutionListener.prepareTestInstance(DependencyInjectionTestExecutionListener.java:83) [spring-test-5.1.8.RELEASE.jar:5.1.8.RELEASE]
	at org.springframework.boot.test.autoconfigure.SpringBootDependencyInjectionTestExecutionListener.prepareTestInstance(SpringBootDependencyInjectionTestExecutionListener.java:43) [spring-boot-test-autoconfigure-2.1.6.RELEASE.jar:2.1.6.RELEASE]
	at org.springframework.test.context.TestContextManager.prepareTestInstance(TestContextManager.java:246) [spring-test-5.1.8.RELEASE.jar:5.1.8.RELEASE]
	at org.springframework.test.context.junit4.SpringJUnit4ClassRunner.createTest(SpringJUnit4ClassRunner.java:227) [spring-test-5.1.8.RELEASE.jar:5.1.8.RELEASE]
	at org.springframework.test.context.junit4.SpringJUnit4ClassRunner$1.runReflectiveCall(SpringJUnit4ClassRunner.java:289) [spring-test-5.1.8.RELEASE.jar:5.1.8.RELEASE]
	at org.junit.internal.runners.model.ReflectiveCallable.run(ReflectiveCallable.java:12) [junit-4.12.jar:4.12]
	at org.springframework.test.context.junit4.SpringJUnit4ClassRunner.methodBlock(SpringJUnit4ClassRunner.java:291) [spring-test-5.1.8.RELEASE.jar:5.1.8.RELEASE]
	at org.springframework.test.context.junit4.SpringJUnit4ClassRunner.runChild(SpringJUnit4ClassRunner.java:246) [spring-test-5.1.8.RELEASE.jar:5.1.8.RELEASE]
	at org.springframework.test.context.junit4.SpringJUnit4ClassRunner.runChild(SpringJUnit4ClassRunner.java:97) [spring-test-5.1.8.RELEASE.jar:5.1.8.RELEASE]
	at org.junit.runners.ParentRunner$3.run(ParentRunner.java:290) [junit-4.12.jar:4.12]
	at org.junit.runners.ParentRunner$1.schedule(ParentRunner.java:71) [junit-4.12.jar:4.12]
	at org.junit.runners.ParentRunner.runChildren(ParentRunner.java:288) [junit-4.12.jar:4.12]
	at org.junit.runners.ParentRunner.access$000(ParentRunner.java:58) [junit-4.12.jar:4.12]
	at org.junit.runners.ParentRunner$2.evaluate(ParentRunner.java:268) [junit-4.12.jar:4.12]
	at org.springframework.test.context.junit4.statements.RunBeforeTestClassCallbacks.evaluate(RunBeforeTestClassCallbacks.java:61) [spring-test-5.1.8.RELEASE.jar:5.1.8.RELEASE]
	at org.springframework.test.context.junit4.statements.RunAfterTestClassCallbacks.evaluate(RunAfterTestClassCallbacks.java:70) [spring-test-5.1.8.RELEASE.jar:5.1.8.RELEASE]
	at org.junit.runners.ParentRunner.run(ParentRunner.java:363) [junit-4.12.jar:4.12]
	at org.springframework.test.context.junit4.SpringJUnit4ClassRunner.run(SpringJUnit4ClassRunner.java:190) [spring-test-5.1.8.RELEASE.jar:5.1.8.RELEASE]
	at org.apache.maven.surefire.junit4.JUnit4Provider.execute(JUnit4Provider.java:365) [surefire-junit4-2.22.2.jar:2.22.2]
	at org.apache.maven.surefire.junit4.JUnit4Provider.executeWithRerun(JUnit4Provider.java:273) [surefire-junit4-2.22.2.jar:2.22.2]
	at org.apache.maven.surefire.junit4.JUnit4Provider.executeTestSet(JUnit4Provider.java:238) [surefire-junit4-2.22.2.jar:2.22.2]
	at org.apache.maven.surefire.junit4.JUnit4Provider.invoke(JUnit4Provider.java:159) [surefire-junit4-2.22.2.jar:2.22.2]
	at org.apache.maven.surefire.booter.ForkedBooter.invokeProviderInSameClassLoader(ForkedBooter.java:384) [surefire-booter-2.22.2.jar:2.22.2]
	at org.apache.maven.surefire.booter.ForkedBooter.runSuitesInProcess(ForkedBooter.java:345) [surefire-booter-2.22.2.jar:2.22.2]
	at org.apache.maven.surefire.booter.ForkedBooter.execute(ForkedBooter.java:126) [surefire-booter-2.22.2.jar:2.22.2]
	at org.apache.maven.surefire.booter.ForkedBooter.main(ForkedBooter.java:418) [surefire-booter-2.22.2.jar:2.22.2]
Caused by: org.springframework.beans.factory.BeanCreationException: Error creating bean with name 'dataSource': Post-processing of FactoryBean's singleton object failed; nested exception is org.springframework.beans.factory.BeanCreationException: Error creating bean with name 'org.springframework.boot.autoconfigure.jdbc.DataSourceInitializerInvoker': Invocation of init method failed; nested exception is org.springframework.jdbc.datasource.init.ScriptStatementFailedException: Failed to execute SQL script statement #5 of URL [file:/D:/Documents/BscIT/ThirdYear/Semester%202/CMPG323/Project%201/Software/AccountSystemRepository/target/test-classes/schema.sql]: CREATE TABLE CMPG323.ACCOUNT_TX_DETAILS ( ACCOUNT_TX_DETAILS_ID BIGINT NOT NULL, TX_ID BIGINT NOT NULL, PARTNER_NAME VARCHAR(255) NOT NULL, NUMBER_OF_ITEMS BIGINT NOT NULL, PRIMARY KEY (ACCOUNT_TX_DETAILS_ID), CONSTRAINT FK_ACCOUNT_TYPE_IDL FOREIGN KEY (ACCOUNT_TYPE_ID) REFERENCES CMPG323.DEMO_ACCOUNT_TYPE (ACCOUNT_TYPE_ID), ); nested exception is org.h2.jdbc.JdbcSQLSyntaxErrorException: Constraint "FK_ACCOUNT_TYPE_IDL" already exists; SQL statement:
CREATE TABLE CMPG323.ACCOUNT_TX_DETAILS ( ACCOUNT_TX_DETAILS_ID BIGINT NOT NULL, TX_ID BIGINT NOT NULL, PARTNER_NAME VARCHAR(255) NOT NULL, NUMBER_OF_ITEMS BIGINT NOT NULL, PRIMARY KEY (ACCOUNT_TX_DETAILS_ID), CONSTRAINT FK_ACCOUNT_TYPE_IDL FOREIGN KEY (ACCOUNT_TYPE_ID) REFERENCES CMPG323.DEMO_ACCOUNT_TYPE (ACCOUNT_TYPE_ID), ) [90045-199]
	at org.springframework.beans.factory.support.FactoryBeanRegistrySupport.getObjectFromFactoryBean(FactoryBeanRegistrySupport.java:119) ~[spring-beans-5.1.8.RELEASE.jar:5.1.8.RELEASE]
	at org.springframework.beans.factory.support.AbstractBeanFactory.getObjectForBeanInstance(AbstractBeanFactory.java:1674) ~[spring-beans-5.1.8.RELEASE.jar:5.1.8.RELEASE]
	at org.springframework.beans.factory.support.AbstractAutowireCapableBeanFactory.getObjectForBeanInstance(AbstractAutowireCapableBeanFactory.java:1249) ~[spring-beans-5.1.8.RELEASE.jar:5.1.8.RELEASE]
	at org.springframework.beans.factory.support.AbstractBeanFactory.doGetBean(AbstractBeanFactory.java:330) ~[spring-beans-5.1.8.RELEASE.jar:5.1.8.RELEASE]
	at org.springframework.beans.factory.support.AbstractBeanFactory.getBean(AbstractBeanFactory.java:199) ~[spring-beans-5.1.8.RELEASE.jar:5.1.8.RELEASE]
	at org.springframework.beans.factory.config.DependencyDescriptor.resolveCandidate(DependencyDescriptor.java:277) ~[spring-beans-5.1.8.RELEASE.jar:5.1.8.RELEASE]
	at org.springframework.beans.factory.support.DefaultListableBeanFactory.doResolveDependency(DefaultListableBeanFactory.java:1251) ~[spring-beans-5.1.8.RELEASE.jar:5.1.8.RELEASE]
	at org.springframework.beans.factory.support.DefaultListableBeanFactory.resolveDependency(DefaultListableBeanFactory.java:1171) ~[spring-beans-5.1.8.RELEASE.jar:5.1.8.RELEASE]
	at org.springframework.beans.factory.support.ConstructorResolver.resolveAutowiredArgument(ConstructorResolver.java:857) ~[spring-beans-5.1.8.RELEASE.jar:5.1.8.RELEASE]
	at org.springframework.beans.factory.support.ConstructorResolver.createArgumentArray(ConstructorResolver.java:760) ~[spring-beans-5.1.8.RELEASE.jar:5.1.8.RELEASE]
	... 55 common frames omitted
Caused by: org.springframework.beans.factory.BeanCreationException: Error creating bean with name 'org.springframework.boot.autoconfigure.jdbc.DataSourceInitializerInvoker': Invocation of init method failed; nested exception is org.springframework.jdbc.datasource.init.ScriptStatementFailedException: Failed to execute SQL script statement #5 of URL [file:/D:/Documents/BscIT/ThirdYear/Semester%202/CMPG323/Project%201/Software/AccountSystemRepository/target/test-classes/schema.sql]: CREATE TABLE CMPG323.ACCOUNT_TX_DETAILS ( ACCOUNT_TX_DETAILS_ID BIGINT NOT NULL, TX_ID BIGINT NOT NULL, PARTNER_NAME VARCHAR(255) NOT NULL, NUMBER_OF_ITEMS BIGINT NOT NULL, PRIMARY KEY (ACCOUNT_TX_DETAILS_ID), CONSTRAINT FK_ACCOUNT_TYPE_IDL FOREIGN KEY (ACCOUNT_TYPE_ID) REFERENCES CMPG323.DEMO_ACCOUNT_TYPE (ACCOUNT_TYPE_ID), ); nested exception is org.h2.jdbc.JdbcSQLSyntaxErrorException: Constraint "FK_ACCOUNT_TYPE_IDL" already exists; SQL statement:
CREATE TABLE CMPG323.ACCOUNT_TX_DETAILS ( ACCOUNT_TX_DETAILS_ID BIGINT NOT NULL, TX_ID BIGINT NOT NULL, PARTNER_NAME VARCHAR(255) NOT NULL, NUMBER_OF_ITEMS BIGINT NOT NULL, PRIMARY KEY (ACCOUNT_TX_DETAILS_ID), CONSTRAINT FK_ACCOUNT_TYPE_IDL FOREIGN KEY (ACCOUNT_TYPE_ID) REFERENCES CMPG323.DEMO_ACCOUNT_TYPE (ACCOUNT_TYPE_ID), ) [90045-199]
	at org.springframework.beans.factory.support.AbstractAutowireCapableBeanFactory.initializeBean(AbstractAutowireCapableBeanFactory.java:1778) ~[spring-beans-5.1.8.RELEASE.jar:5.1.8.RELEASE]
	at org.springframework.beans.factory.support.AbstractAutowireCapableBeanFactory.doCreateBean(AbstractAutowireCapableBeanFactory.java:593) ~[spring-beans-5.1.8.RELEASE.jar:5.1.8.RELEASE]
	at org.springframework.beans.factory.support.AbstractAutowireCapableBeanFactory.createBean(AbstractAutowireCapableBeanFactory.java:515) ~[spring-beans-5.1.8.RELEASE.jar:5.1.8.RELEASE]
	at org.springframework.beans.factory.support.AbstractBeanFactory.lambda$doGetBean$0(AbstractBeanFactory.java:320) ~[spring-beans-5.1.8.RELEASE.jar:5.1.8.RELEASE]
	at org.springframework.beans.factory.support.DefaultSingletonBeanRegistry.getSingleton(DefaultSingletonBeanRegistry.java:222) ~[spring-beans-5.1.8.RELEASE.jar:5.1.8.RELEASE]
	at org.springframework.beans.factory.support.AbstractBeanFactory.doGetBean(AbstractBeanFactory.java:318) ~[spring-beans-5.1.8.RELEASE.jar:5.1.8.RELEASE]
	at org.springframework.beans.factory.support.AbstractBeanFactory.getBean(AbstractBeanFactory.java:224) ~[spring-beans-5.1.8.RELEASE.jar:5.1.8.RELEASE]
	at org.springframework.beans.factory.support.DefaultListableBeanFactory.resolveNamedBean(DefaultListableBeanFactory.java:1119) ~[spring-beans-5.1.8.RELEASE.jar:5.1.8.RELEASE]
	at org.springframework.beans.factory.support.DefaultListableBeanFactory.resolveBean(DefaultListableBeanFactory.java:411) ~[spring-beans-5.1.8.RELEASE.jar:5.1.8.RELEASE]
	at org.springframework.beans.factory.support.DefaultListableBeanFactory.getBean(DefaultListableBeanFactory.java:344) ~[spring-beans-5.1.8.RELEASE.jar:5.1.8.RELEASE]
	at org.springframework.beans.factory.support.DefaultListableBeanFactory.getBean(DefaultListableBeanFactory.java:337) ~[spring-beans-5.1.8.RELEASE.jar:5.1.8.RELEASE]
	at org.springframework.boot.autoconfigure.jdbc.DataSourceInitializerPostProcessor.postProcessAfterInitialization(DataSourceInitializerPostProcessor.java:53) ~[spring-boot-autoconfigure-2.1.6.RELEASE.jar:2.1.6.RELEASE]
	at org.springframework.beans.factory.support.AbstractAutowireCapableBeanFactory.applyBeanPostProcessorsAfterInitialization(AbstractAutowireCapableBeanFactory.java:429) ~[spring-beans-5.1.8.RELEASE.jar:5.1.8.RELEASE]
	at org.springframework.beans.factory.support.AbstractAutowireCapableBeanFactory.postProcessObjectFromFactoryBean(AbstractAutowireCapableBeanFactory.java:1921) ~[spring-beans-5.1.8.RELEASE.jar:5.1.8.RELEASE]
	at org.springframework.beans.factory.support.FactoryBeanRegistrySupport.getObjectFromFactoryBean(FactoryBeanRegistrySupport.java:116) ~[spring-beans-5.1.8.RELEASE.jar:5.1.8.RELEASE]
	... 64 common frames omitted
Caused by: org.springframework.jdbc.datasource.init.ScriptStatementFailedException: Failed to execute SQL script statement #5 of URL [file:/D:/Documents/BscIT/ThirdYear/Semester%202/CMPG323/Project%201/Software/AccountSystemRepository/target/test-classes/schema.sql]: CREATE TABLE CMPG323.ACCOUNT_TX_DETAILS ( ACCOUNT_TX_DETAILS_ID BIGINT NOT NULL, TX_ID BIGINT NOT NULL, PARTNER_NAME VARCHAR(255) NOT NULL, NUMBER_OF_ITEMS BIGINT NOT NULL, PRIMARY KEY (ACCOUNT_TX_DETAILS_ID), CONSTRAINT FK_ACCOUNT_TYPE_IDL FOREIGN KEY (ACCOUNT_TYPE_ID) REFERENCES CMPG323.DEMO_ACCOUNT_TYPE (ACCOUNT_TYPE_ID), ); nested exception is org.h2.jdbc.JdbcSQLSyntaxErrorException: Constraint "FK_ACCOUNT_TYPE_IDL" already exists; SQL statement:
CREATE TABLE CMPG323.ACCOUNT_TX_DETAILS ( ACCOUNT_TX_DETAILS_ID BIGINT NOT NULL, TX_ID BIGINT NOT NULL, PARTNER_NAME VARCHAR(255) NOT NULL, NUMBER_OF_ITEMS BIGINT NOT NULL, PRIMARY KEY (ACCOUNT_TX_DETAILS_ID), CONSTRAINT FK_ACCOUNT_TYPE_IDL FOREIGN KEY (ACCOUNT_TYPE_ID) REFERENCES CMPG323.DEMO_ACCOUNT_TYPE (ACCOUNT_TYPE_ID), ) [90045-199]
	at org.springframework.jdbc.datasource.init.ScriptUtils.executeSqlScript(ScriptUtils.java:509) ~[spring-jdbc-5.1.8.RELEASE.jar:5.1.8.RELEASE]
	at org.springframework.jdbc.datasource.init.ResourceDatabasePopulator.populate(ResourceDatabasePopulator.java:238) ~[spring-jdbc-5.1.8.RELEASE.jar:5.1.8.RELEASE]
	at org.springframework.jdbc.datasource.init.DatabasePopulatorUtils.execute(DatabasePopulatorUtils.java:48) ~[spring-jdbc-5.1.8.RELEASE.jar:5.1.8.RELEASE]
	at org.springframework.boot.autoconfigure.jdbc.DataSourceInitializer.runScripts(DataSourceInitializer.java:202) ~[spring-boot-autoconfigure-2.1.6.RELEASE.jar:2.1.6.RELEASE]
	at org.springframework.boot.autoconfigure.jdbc.DataSourceInitializer.createSchema(DataSourceInitializer.java:101) ~[spring-boot-autoconfigure-2.1.6.RELEASE.jar:2.1.6.RELEASE]
	at org.springframework.boot.autoconfigure.jdbc.DataSourceInitializerInvoker.afterPropertiesSet(DataSourceInitializerInvoker.java:62) ~[spring-boot-autoconfigure-2.1.6.RELEASE.jar:2.1.6.RELEASE]
	at org.springframework.beans.factory.support.AbstractAutowireCapableBeanFactory.invokeInitMethods(AbstractAutowireCapableBeanFactory.java:1837) ~[spring-beans-5.1.8.RELEASE.jar:5.1.8.RELEASE]
	at org.springframework.beans.factory.support.AbstractAutowireCapableBeanFactory.initializeBean(AbstractAutowireCapableBeanFactory.java:1774) ~[spring-beans-5.1.8.RELEASE.jar:5.1.8.RELEASE]
	... 78 common frames omitted
Caused by: org.h2.jdbc.JdbcSQLSyntaxErrorException: Constraint "FK_ACCOUNT_TYPE_IDL" already exists; SQL statement:
CREATE TABLE CMPG323.ACCOUNT_TX_DETAILS ( ACCOUNT_TX_DETAILS_ID BIGINT NOT NULL, TX_ID BIGINT NOT NULL, PARTNER_NAME VARCHAR(255) NOT NULL, NUMBER_OF_ITEMS BIGINT NOT NULL, PRIMARY KEY (ACCOUNT_TX_DETAILS_ID), CONSTRAINT FK_ACCOUNT_TYPE_IDL FOREIGN KEY (ACCOUNT_TYPE_ID) REFERENCES CMPG323.DEMO_ACCOUNT_TYPE (ACCOUNT_TYPE_ID), ) [90045-199]
	at org.h2.message.DbException.getJdbcSQLException(DbException.java:573) ~[h2-1.4.199.jar:1.4.199]
	at org.h2.message.DbException.getJdbcSQLException(DbException.java:427) ~[h2-1.4.199.jar:1.4.199]
	at org.h2.message.DbException.get(DbException.java:205) ~[h2-1.4.199.jar:1.4.199]
	at org.h2.message.DbException.get(DbException.java:181) ~[h2-1.4.199.jar:1.4.199]
	at org.h2.command.ddl.AlterTableAddConstraint.tryUpdate(AlterTableAddConstraint.java:114) ~[h2-1.4.199.jar:1.4.199]
	at org.h2.command.ddl.AlterTableAddConstraint.update(AlterTableAddConstraint.java:78) ~[h2-1.4.199.jar:1.4.199]
	at org.h2.command.ddl.CommandWithColumns.createConstraints(CommandWithColumns.java:83) ~[h2-1.4.199.jar:1.4.199]
	at org.h2.command.ddl.CreateTable.update(CreateTable.java:129) ~[h2-1.4.199.jar:1.4.199]
	at org.h2.command.CommandContainer.update(CommandContainer.java:133) ~[h2-1.4.199.jar:1.4.199]
	at org.h2.command.Command.executeUpdate(Command.java:267) ~[h2-1.4.199.jar:1.4.199]
	at org.h2.jdbc.JdbcStatement.executeInternal(JdbcStatement.java:233) ~[h2-1.4.199.jar:1.4.199]
	at org.h2.jdbc.JdbcStatement.execute(JdbcStatement.java:205) ~[h2-1.4.199.jar:1.4.199]
	at org.springframework.jdbc.datasource.init.ScriptUtils.executeSqlScript(ScriptUtils.java:488) ~[spring-jdbc-5.1.8.RELEASE.jar:5.1.8.RELEASE]
	... 85 common frames omitted


  .   ____          _            __ _ _
 /\\ / ___'_ __ _ _(_)_ __  __ _ \ \ \ \
( ( )\___ | '_ | '_| | '_ \/ _` | \ \ \ \
 \\/  ___)| |_)| | | | | || (_| |  ) ) ) )
  '  |____| .__|_| |_|_| |_\__, | / / / /
 =========|_|==============|___/=/_/_/_/
 :: Spring Boot ::        (v2.1.6.RELEASE)

2021-10-09 07:35:01.819  INFO 13704 --- [           main] z.a.n.a.r.p.AccountTypeRepositoryTest    : Starting AccountTypeRepositoryTest on DESKTOP-88F48D2 with PID 13704 (started by Bianca Piek in D:\Documents\BscIT\ThirdYear\Semester 2\CMPG323\Project 1\Software\AccountSystemRepository)
2021-10-09 07:35:01.819  INFO 13704 --- [           main] z.a.n.a.r.p.AccountTypeRepositoryTest    : No active profile set, falling back to default profiles: default
2021-10-09 07:35:01.882  INFO 13704 --- [           main] .s.d.r.c.RepositoryConfigurationDelegate : Bootstrapping Spring Data repositories in DEFAULT mode.
2021-10-09 07:35:01.887  INFO 13704 --- [           main] .s.d.r.c.RepositoryConfigurationDelegate : Finished Spring Data repository scanning in 5ms. Found 3 repository interfaces.
2021-10-09 07:35:01.900  INFO 13704 --- [           main] beddedDataSourceBeanFactoryPostProcessor : Replacing 'dataSource' DataSource bean with embedded version
2021-10-09 07:35:01.916  INFO 13704 --- [           main] o.s.j.d.e.EmbeddedDatabaseFactory        : Starting embedded database: url='jdbc:h2:mem:8fe30ef4-7290-4dd3-aeb8-dcee53987a5b;DB_CLOSE_DELAY=-1;DB_CLOSE_ON_EXIT=false', username='sa'
2021-10-09 07:35:01.936  WARN 13704 --- [           main] s.c.a.AnnotationConfigApplicationContext : Exception encountered during context initialization - cancelling refresh attempt: org.springframework.beans.factory.UnsatisfiedDependencyException: Error creating bean with name 'org.springframework.boot.autoconfigure.orm.jpa.HibernateJpaConfiguration': Unsatisfied dependency expressed through constructor parameter 0; nested exception is org.springframework.beans.factory.BeanCreationException: Error creating bean with name 'dataSource': Post-processing of FactoryBean's singleton object failed; nested exception is org.springframework.beans.factory.BeanCreationException: Error creating bean with name 'org.springframework.boot.autoconfigure.jdbc.DataSourceInitializerInvoker': Invocation of init method failed; nested exception is org.springframework.jdbc.datasource.init.ScriptStatementFailedException: Failed to execute SQL script statement #5 of URL [file:/D:/Documents/BscIT/ThirdYear/Semester%202/CMPG323/Project%201/Software/AccountSystemRepository/target/test-classes/schema.sql]: CREATE TABLE CMPG323.ACCOUNT_TX_DETAILS ( ACCOUNT_TX_DETAILS_ID BIGINT NOT NULL, TX_ID BIGINT NOT NULL, PARTNER_NAME VARCHAR(255) NOT NULL, NUMBER_OF_ITEMS BIGINT NOT NULL, PRIMARY KEY (ACCOUNT_TX_DETAILS_ID), CONSTRAINT FK_ACCOUNT_TYPE_IDL FOREIGN KEY (ACCOUNT_TYPE_ID) REFERENCES CMPG323.DEMO_ACCOUNT_TYPE (ACCOUNT_TYPE_ID), ); nested exception is org.h2.jdbc.JdbcSQLSyntaxErrorException: Constraint "FK_ACCOUNT_TYPE_IDL" already exists; SQL statement:
CREATE TABLE CMPG323.ACCOUNT_TX_DETAILS ( ACCOUNT_TX_DETAILS_ID BIGINT NOT NULL, TX_ID BIGINT NOT NULL, PARTNER_NAME VARCHAR(255) NOT NULL, NUMBER_OF_ITEMS BIGINT NOT NULL, PRIMARY KEY (ACCOUNT_TX_DETAILS_ID), CONSTRAINT FK_ACCOUNT_TYPE_IDL FOREIGN KEY (ACCOUNT_TYPE_ID) REFERENCES CMPG323.DEMO_ACCOUNT_TYPE (ACCOUNT_TYPE_ID), ) [90045-199]
2021-10-09 07:35:01.936  INFO 13704 --- [           main] ConditionEvaluationReportLoggingListener : 

Error starting ApplicationContext. To display the conditions report re-run your application with 'debug' enabled.
2021-10-09 07:35:01.936 ERROR 13704 --- [           main] o.s.boot.SpringApplication               : Application run failed

org.springframework.beans.factory.UnsatisfiedDependencyException: Error creating bean with name 'org.springframework.boot.autoconfigure.orm.jpa.HibernateJpaConfiguration': Unsatisfied dependency expressed through constructor parameter 0; nested exception is org.springframework.beans.factory.BeanCreationException: Error creating bean with name 'dataSource': Post-processing of FactoryBean's singleton object failed; nested exception is org.springframework.beans.factory.BeanCreationException: Error creating bean with name 'org.springframework.boot.autoconfigure.jdbc.DataSourceInitializerInvoker': Invocation of init method failed; nested exception is org.springframework.jdbc.datasource.init.ScriptStatementFailedException: Failed to execute SQL script statement #5 of URL [file:/D:/Documents/BscIT/ThirdYear/Semester%202/CMPG323/Project%201/Software/AccountSystemRepository/target/test-classes/schema.sql]: CREATE TABLE CMPG323.ACCOUNT_TX_DETAILS ( ACCOUNT_TX_DETAILS_ID BIGINT NOT NULL, TX_ID BIGINT NOT NULL, PARTNER_NAME VARCHAR(255) NOT NULL, NUMBER_OF_ITEMS BIGINT NOT NULL, PRIMARY KEY (ACCOUNT_TX_DETAILS_ID), CONSTRAINT FK_ACCOUNT_TYPE_IDL FOREIGN KEY (ACCOUNT_TYPE_ID) REFERENCES CMPG323.DEMO_ACCOUNT_TYPE (ACCOUNT_TYPE_ID), ); nested exception is org.h2.jdbc.JdbcSQLSyntaxErrorException: Constraint "FK_ACCOUNT_TYPE_IDL" already exists; SQL statement:
CREATE TABLE CMPG323.ACCOUNT_TX_DETAILS ( ACCOUNT_TX_DETAILS_ID BIGINT NOT NULL, TX_ID BIGINT NOT NULL, PARTNER_NAME VARCHAR(255) NOT NULL, NUMBER_OF_ITEMS BIGINT NOT NULL, PRIMARY KEY (ACCOUNT_TX_DETAILS_ID), CONSTRAINT FK_ACCOUNT_TYPE_IDL FOREIGN KEY (ACCOUNT_TYPE_ID) REFERENCES CMPG323.DEMO_ACCOUNT_TYPE (ACCOUNT_TYPE_ID), ) [90045-199]
	at org.springframework.beans.factory.support.ConstructorResolver.createArgumentArray(ConstructorResolver.java:769) ~[spring-beans-5.1.8.RELEASE.jar:5.1.8.RELEASE]
	at org.springframework.beans.factory.support.ConstructorResolver.autowireConstructor(ConstructorResolver.java:218) ~[spring-beans-5.1.8.RELEASE.jar:5.1.8.RELEASE]
	at org.springframework.beans.factory.support.AbstractAutowireCapableBeanFactory.autowireConstructor(AbstractAutowireCapableBeanFactory.java:1341) ~[spring-beans-5.1.8.RELEASE.jar:5.1.8.RELEASE]
	at org.springframework.beans.factory.support.AbstractAutowireCapableBeanFactory.createBeanInstance(AbstractAutowireCapableBeanFactory.java:1187) ~[spring-beans-5.1.8.RELEASE.jar:5.1.8.RELEASE]
	at org.springframework.beans.factory.support.AbstractAutowireCapableBeanFactory.doCreateBean(AbstractAutowireCapableBeanFactory.java:555) ~[spring-beans-5.1.8.RELEASE.jar:5.1.8.RELEASE]
	at org.springframework.beans.factory.support.AbstractAutowireCapableBeanFactory.createBean(AbstractAutowireCapableBeanFactory.java:515) ~[spring-beans-5.1.8.RELEASE.jar:5.1.8.RELEASE]
	at org.springframework.beans.factory.support.AbstractBeanFactory.lambda$doGetBean$0(AbstractBeanFactory.java:320) ~[spring-beans-5.1.8.RELEASE.jar:5.1.8.RELEASE]
	at org.springframework.beans.factory.support.DefaultSingletonBeanRegistry.getSingleton(DefaultSingletonBeanRegistry.java:222) ~[spring-beans-5.1.8.RELEASE.jar:5.1.8.RELEASE]
	at org.springframework.beans.factory.support.AbstractBeanFactory.doGetBean(AbstractBeanFactory.java:318) ~[spring-beans-5.1.8.RELEASE.jar:5.1.8.RELEASE]
	at org.springframework.beans.factory.support.AbstractBeanFactory.getBean(AbstractBeanFactory.java:199) ~[spring-beans-5.1.8.RELEASE.jar:5.1.8.RELEASE]
	at org.springframework.beans.factory.support.ConstructorResolver.instantiateUsingFactoryMethod(ConstructorResolver.java:392) ~[spring-beans-5.1.8.RELEASE.jar:5.1.8.RELEASE]
	at org.springframework.beans.factory.support.AbstractAutowireCapableBeanFactory.instantiateUsingFactoryMethod(AbstractAutowireCapableBeanFactory.java:1321) ~[spring-beans-5.1.8.RELEASE.jar:5.1.8.RELEASE]
	at org.springframework.beans.factory.support.AbstractAutowireCapableBeanFactory.createBeanInstance(AbstractAutowireCapableBeanFactory.java:1160) ~[spring-beans-5.1.8.RELEASE.jar:5.1.8.RELEASE]
	at org.springframework.beans.factory.support.AbstractAutowireCapableBeanFactory.doCreateBean(AbstractAutowireCapableBeanFactory.java:555) ~[spring-beans-5.1.8.RELEASE.jar:5.1.8.RELEASE]
	at org.springframework.beans.factory.support.AbstractAutowireCapableBeanFactory.createBean(AbstractAutowireCapableBeanFactory.java:515) ~[spring-beans-5.1.8.RELEASE.jar:5.1.8.RELEASE]
	at org.springframework.beans.factory.support.AbstractBeanFactory.lambda$doGetBean$0(AbstractBeanFactory.java:320) ~[spring-beans-5.1.8.RELEASE.jar:5.1.8.RELEASE]
	at org.springframework.beans.factory.support.DefaultSingletonBeanRegistry.getSingleton(DefaultSingletonBeanRegistry.java:222) ~[spring-beans-5.1.8.RELEASE.jar:5.1.8.RELEASE]
	at org.springframework.beans.factory.support.AbstractBeanFactory.doGetBean(AbstractBeanFactory.java:318) ~[spring-beans-5.1.8.RELEASE.jar:5.1.8.RELEASE]
	at org.springframework.beans.factory.support.AbstractBeanFactory.getBean(AbstractBeanFactory.java:199) ~[spring-beans-5.1.8.RELEASE.jar:5.1.8.RELEASE]
	at org.springframework.context.support.AbstractApplicationContext.getBean(AbstractApplicationContext.java:1105) ~[spring-context-5.1.8.RELEASE.jar:5.1.8.RELEASE]
	at org.springframework.context.support.AbstractApplicationContext.finishBeanFactoryInitialization(AbstractApplicationContext.java:867) ~[spring-context-5.1.8.RELEASE.jar:5.1.8.RELEASE]
	at org.springframework.context.support.AbstractApplicationContext.refresh(AbstractApplicationContext.java:549) ~[spring-context-5.1.8.RELEASE.jar:5.1.8.RELEASE]
	at org.springframework.boot.SpringApplication.refresh(SpringApplication.java:742) ~[spring-boot-2.1.6.RELEASE.jar:2.1.6.RELEASE]
	at org.springframework.boot.SpringApplication.refreshContext(SpringApplication.java:389) ~[spring-boot-2.1.6.RELEASE.jar:2.1.6.RELEASE]
	at org.springframework.boot.SpringApplication.run(SpringApplication.java:311) ~[spring-boot-2.1.6.RELEASE.jar:2.1.6.RELEASE]
	at org.springframework.boot.test.context.SpringBootContextLoader.loadContext(SpringBootContextLoader.java:119) [spring-boot-test-2.1.6.RELEASE.jar:2.1.6.RELEASE]
	at org.springframework.test.context.cache.DefaultCacheAwareContextLoaderDelegate.loadContextInternal(DefaultCacheAwareContextLoaderDelegate.java:99) [spring-test-5.1.8.RELEASE.jar:5.1.8.RELEASE]
	at org.springframework.test.context.cache.DefaultCacheAwareContextLoaderDelegate.loadContext(DefaultCacheAwareContextLoaderDelegate.java:117) [spring-test-5.1.8.RELEASE.jar:5.1.8.RELEASE]
	at org.springframework.test.context.support.DefaultTestContext.getApplicationContext(DefaultTestContext.java:108) [spring-test-5.1.8.RELEASE.jar:5.1.8.RELEASE]
	at org.springframework.boot.test.autoconfigure.SpringBootDependencyInjectionTestExecutionListener.outputConditionEvaluationReport(SpringBootDependencyInjectionTestExecutionListener.java:53) [spring-boot-test-autoconfigure-2.1.6.RELEASE.jar:2.1.6.RELEASE]
	at org.springframework.boot.test.autoconfigure.SpringBootDependencyInjectionTestExecutionListener.prepareTestInstance(SpringBootDependencyInjectionTestExecutionListener.java:46) [spring-boot-test-autoconfigure-2.1.6.RELEASE.jar:2.1.6.RELEASE]
	at org.springframework.test.context.TestContextManager.prepareTestInstance(TestContextManager.java:246) [spring-test-5.1.8.RELEASE.jar:5.1.8.RELEASE]
	at org.springframework.test.context.junit4.SpringJUnit4ClassRunner.createTest(SpringJUnit4ClassRunner.java:227) [spring-test-5.1.8.RELEASE.jar:5.1.8.RELEASE]
	at org.springframework.test.context.junit4.SpringJUnit4ClassRunner$1.runReflectiveCall(SpringJUnit4ClassRunner.java:289) [spring-test-5.1.8.RELEASE.jar:5.1.8.RELEASE]
	at org.junit.internal.runners.model.ReflectiveCallable.run(ReflectiveCallable.java:12) [junit-4.12.jar:4.12]
	at org.springframework.test.context.junit4.SpringJUnit4ClassRunner.methodBlock(SpringJUnit4ClassRunner.java:291) [spring-test-5.1.8.RELEASE.jar:5.1.8.RELEASE]
	at org.springframework.test.context.junit4.SpringJUnit4ClassRunner.runChild(SpringJUnit4ClassRunner.java:246) [spring-test-5.1.8.RELEASE.jar:5.1.8.RELEASE]
	at org.springframework.test.context.junit4.SpringJUnit4ClassRunner.runChild(SpringJUnit4ClassRunner.java:97) [spring-test-5.1.8.RELEASE.jar:5.1.8.RELEASE]
	at org.junit.runners.ParentRunner$3.run(ParentRunner.java:290) [junit-4.12.jar:4.12]
	at org.junit.runners.ParentRunner$1.schedule(ParentRunner.java:71) [junit-4.12.jar:4.12]
	at org.junit.runners.ParentRunner.runChildren(ParentRunner.java:288) [junit-4.12.jar:4.12]
	at org.junit.runners.ParentRunner.access$000(ParentRunner.java:58) [junit-4.12.jar:4.12]
	at org.junit.runners.ParentRunner$2.evaluate(ParentRunner.java:268) [junit-4.12.jar:4.12]
	at org.springframework.test.context.junit4.statements.RunBeforeTestClassCallbacks.evaluate(RunBeforeTestClassCallbacks.java:61) [spring-test-5.1.8.RELEASE.jar:5.1.8.RELEASE]
	at org.springframework.test.context.junit4.statements.RunAfterTestClassCallbacks.evaluate(RunAfterTestClassCallbacks.java:70) [spring-test-5.1.8.RELEASE.jar:5.1.8.RELEASE]
	at org.junit.runners.ParentRunner.run(ParentRunner.java:363) [junit-4.12.jar:4.12]
	at org.springframework.test.context.junit4.SpringJUnit4ClassRunner.run(SpringJUnit4ClassRunner.java:190) [spring-test-5.1.8.RELEASE.jar:5.1.8.RELEASE]
	at org.apache.maven.surefire.junit4.JUnit4Provider.execute(JUnit4Provider.java:365) [surefire-junit4-2.22.2.jar:2.22.2]
	at org.apache.maven.surefire.junit4.JUnit4Provider.executeWithRerun(JUnit4Provider.java:273) [surefire-junit4-2.22.2.jar:2.22.2]
	at org.apache.maven.surefire.junit4.JUnit4Provider.executeTestSet(JUnit4Provider.java:238) [surefire-junit4-2.22.2.jar:2.22.2]
	at org.apache.maven.surefire.junit4.JUnit4Provider.invoke(JUnit4Provider.java:159) [surefire-junit4-2.22.2.jar:2.22.2]
	at org.apache.maven.surefire.booter.ForkedBooter.invokeProviderInSameClassLoader(ForkedBooter.java:384) [surefire-booter-2.22.2.jar:2.22.2]
	at org.apache.maven.surefire.booter.ForkedBooter.runSuitesInProcess(ForkedBooter.java:345) [surefire-booter-2.22.2.jar:2.22.2]
	at org.apache.maven.surefire.booter.ForkedBooter.execute(ForkedBooter.java:126) [surefire-booter-2.22.2.jar:2.22.2]
	at org.apache.maven.surefire.booter.ForkedBooter.main(ForkedBooter.java:418) [surefire-booter-2.22.2.jar:2.22.2]
Caused by: org.springframework.beans.factory.BeanCreationException: Error creating bean with name 'dataSource': Post-processing of FactoryBean's singleton object failed; nested exception is org.springframework.beans.factory.BeanCreationException: Error creating bean with name 'org.springframework.boot.autoconfigure.jdbc.DataSourceInitializerInvoker': Invocation of init method failed; nested exception is org.springframework.jdbc.datasource.init.ScriptStatementFailedException: Failed to execute SQL script statement #5 of URL [file:/D:/Documents/BscIT/ThirdYear/Semester%202/CMPG323/Project%201/Software/AccountSystemRepository/target/test-classes/schema.sql]: CREATE TABLE CMPG323.ACCOUNT_TX_DETAILS ( ACCOUNT_TX_DETAILS_ID BIGINT NOT NULL, TX_ID BIGINT NOT NULL, PARTNER_NAME VARCHAR(255) NOT NULL, NUMBER_OF_ITEMS BIGINT NOT NULL, PRIMARY KEY (ACCOUNT_TX_DETAILS_ID), CONSTRAINT FK_ACCOUNT_TYPE_IDL FOREIGN KEY (ACCOUNT_TYPE_ID) REFERENCES CMPG323.DEMO_ACCOUNT_TYPE (ACCOUNT_TYPE_ID), ); nested exception is org.h2.jdbc.JdbcSQLSyntaxErrorException: Constraint "FK_ACCOUNT_TYPE_IDL" already exists; SQL statement:
CREATE TABLE CMPG323.ACCOUNT_TX_DETAILS ( ACCOUNT_TX_DETAILS_ID BIGINT NOT NULL, TX_ID BIGINT NOT NULL, PARTNER_NAME VARCHAR(255) NOT NULL, NUMBER_OF_ITEMS BIGINT NOT NULL, PRIMARY KEY (ACCOUNT_TX_DETAILS_ID), CONSTRAINT FK_ACCOUNT_TYPE_IDL FOREIGN KEY (ACCOUNT_TYPE_ID) REFERENCES CMPG323.DEMO_ACCOUNT_TYPE (ACCOUNT_TYPE_ID), ) [90045-199]
	at org.springframework.beans.factory.support.FactoryBeanRegistrySupport.getObjectFromFactoryBean(FactoryBeanRegistrySupport.java:119) ~[spring-beans-5.1.8.RELEASE.jar:5.1.8.RELEASE]
	at org.springframework.beans.factory.support.AbstractBeanFactory.getObjectForBeanInstance(AbstractBeanFactory.java:1674) ~[spring-beans-5.1.8.RELEASE.jar:5.1.8.RELEASE]
	at org.springframework.beans.factory.support.AbstractAutowireCapableBeanFactory.getObjectForBeanInstance(AbstractAutowireCapableBeanFactory.java:1249) ~[spring-beans-5.1.8.RELEASE.jar:5.1.8.RELEASE]
	at org.springframework.beans.factory.support.AbstractBeanFactory.doGetBean(AbstractBeanFactory.java:330) ~[spring-beans-5.1.8.RELEASE.jar:5.1.8.RELEASE]
	at org.springframework.beans.factory.support.AbstractBeanFactory.getBean(AbstractBeanFactory.java:199) ~[spring-beans-5.1.8.RELEASE.jar:5.1.8.RELEASE]
	at org.springframework.beans.factory.config.DependencyDescriptor.resolveCandidate(DependencyDescriptor.java:277) ~[spring-beans-5.1.8.RELEASE.jar:5.1.8.RELEASE]
	at org.springframework.beans.factory.support.DefaultListableBeanFactory.doResolveDependency(DefaultListableBeanFactory.java:1251) ~[spring-beans-5.1.8.RELEASE.jar:5.1.8.RELEASE]
	at org.springframework.beans.factory.support.DefaultListableBeanFactory.resolveDependency(DefaultListableBeanFactory.java:1171) ~[spring-beans-5.1.8.RELEASE.jar:5.1.8.RELEASE]
	at org.springframework.beans.factory.support.ConstructorResolver.resolveAutowiredArgument(ConstructorResolver.java:857) ~[spring-beans-5.1.8.RELEASE.jar:5.1.8.RELEASE]
	at org.springframework.beans.factory.support.ConstructorResolver.createArgumentArray(ConstructorResolver.java:760) ~[spring-beans-5.1.8.RELEASE.jar:5.1.8.RELEASE]
	... 54 common frames omitted
Caused by: org.springframework.beans.factory.BeanCreationException: Error creating bean with name 'org.springframework.boot.autoconfigure.jdbc.DataSourceInitializerInvoker': Invocation of init method failed; nested exception is org.springframework.jdbc.datasource.init.ScriptStatementFailedException: Failed to execute SQL script statement #5 of URL [file:/D:/Documents/BscIT/ThirdYear/Semester%202/CMPG323/Project%201/Software/AccountSystemRepository/target/test-classes/schema.sql]: CREATE TABLE CMPG323.ACCOUNT_TX_DETAILS ( ACCOUNT_TX_DETAILS_ID BIGINT NOT NULL, TX_ID BIGINT NOT NULL, PARTNER_NAME VARCHAR(255) NOT NULL, NUMBER_OF_ITEMS BIGINT NOT NULL, PRIMARY KEY (ACCOUNT_TX_DETAILS_ID), CONSTRAINT FK_ACCOUNT_TYPE_IDL FOREIGN KEY (ACCOUNT_TYPE_ID) REFERENCES CMPG323.DEMO_ACCOUNT_TYPE (ACCOUNT_TYPE_ID), ); nested exception is org.h2.jdbc.JdbcSQLSyntaxErrorException: Constraint "FK_ACCOUNT_TYPE_IDL" already exists; SQL statement:
CREATE TABLE CMPG323.ACCOUNT_TX_DETAILS ( ACCOUNT_TX_DETAILS_ID BIGINT NOT NULL, TX_ID BIGINT NOT NULL, PARTNER_NAME VARCHAR(255) NOT NULL, NUMBER_OF_ITEMS BIGINT NOT NULL, PRIMARY KEY (ACCOUNT_TX_DETAILS_ID), CONSTRAINT FK_ACCOUNT_TYPE_IDL FOREIGN KEY (ACCOUNT_TYPE_ID) REFERENCES CMPG323.DEMO_ACCOUNT_TYPE (ACCOUNT_TYPE_ID), ) [90045-199]
	at org.springframework.beans.factory.support.AbstractAutowireCapableBeanFactory.initializeBean(AbstractAutowireCapableBeanFactory.java:1778) ~[spring-beans-5.1.8.RELEASE.jar:5.1.8.RELEASE]
	at org.springframework.beans.factory.support.AbstractAutowireCapableBeanFactory.doCreateBean(AbstractAutowireCapableBeanFactory.java:593) ~[spring-beans-5.1.8.RELEASE.jar:5.1.8.RELEASE]
	at org.springframework.beans.factory.support.AbstractAutowireCapableBeanFactory.createBean(AbstractAutowireCapableBeanFactory.java:515) ~[spring-beans-5.1.8.RELEASE.jar:5.1.8.RELEASE]
	at org.springframework.beans.factory.support.AbstractBeanFactory.lambda$doGetBean$0(AbstractBeanFactory.java:320) ~[spring-beans-5.1.8.RELEASE.jar:5.1.8.RELEASE]
	at org.springframework.beans.factory.support.DefaultSingletonBeanRegistry.getSingleton(DefaultSingletonBeanRegistry.java:222) ~[spring-beans-5.1.8.RELEASE.jar:5.1.8.RELEASE]
	at org.springframework.beans.factory.support.AbstractBeanFactory.doGetBean(AbstractBeanFactory.java:318) ~[spring-beans-5.1.8.RELEASE.jar:5.1.8.RELEASE]
	at org.springframework.beans.factory.support.AbstractBeanFactory.getBean(AbstractBeanFactory.java:224) ~[spring-beans-5.1.8.RELEASE.jar:5.1.8.RELEASE]
	at org.springframework.beans.factory.support.DefaultListableBeanFactory.resolveNamedBean(DefaultListableBeanFactory.java:1119) ~[spring-beans-5.1.8.RELEASE.jar:5.1.8.RELEASE]
	at org.springframework.beans.factory.support.DefaultListableBeanFactory.resolveBean(DefaultListableBeanFactory.java:411) ~[spring-beans-5.1.8.RELEASE.jar:5.1.8.RELEASE]
	at org.springframework.beans.factory.support.DefaultListableBeanFactory.getBean(DefaultListableBeanFactory.java:344) ~[spring-beans-5.1.8.RELEASE.jar:5.1.8.RELEASE]
	at org.springframework.beans.factory.support.DefaultListableBeanFactory.getBean(DefaultListableBeanFactory.java:337) ~[spring-beans-5.1.8.RELEASE.jar:5.1.8.RELEASE]
	at org.springframework.boot.autoconfigure.jdbc.DataSourceInitializerPostProcessor.postProcessAfterInitialization(DataSourceInitializerPostProcessor.java:53) ~[spring-boot-autoconfigure-2.1.6.RELEASE.jar:2.1.6.RELEASE]
	at org.springframework.beans.factory.support.AbstractAutowireCapableBeanFactory.applyBeanPostProcessorsAfterInitialization(AbstractAutowireCapableBeanFactory.java:429) ~[spring-beans-5.1.8.RELEASE.jar:5.1.8.RELEASE]
	at org.springframework.beans.factory.support.AbstractAutowireCapableBeanFactory.postProcessObjectFromFactoryBean(AbstractAutowireCapableBeanFactory.java:1921) ~[spring-beans-5.1.8.RELEASE.jar:5.1.8.RELEASE]
	at org.springframework.beans.factory.support.FactoryBeanRegistrySupport.getObjectFromFactoryBean(FactoryBeanRegistrySupport.java:116) ~[spring-beans-5.1.8.RELEASE.jar:5.1.8.RELEASE]
	... 63 common frames omitted
Caused by: org.springframework.jdbc.datasource.init.ScriptStatementFailedException: Failed to execute SQL script statement #5 of URL [file:/D:/Documents/BscIT/ThirdYear/Semester%202/CMPG323/Project%201/Software/AccountSystemRepository/target/test-classes/schema.sql]: CREATE TABLE CMPG323.ACCOUNT_TX_DETAILS ( ACCOUNT_TX_DETAILS_ID BIGINT NOT NULL, TX_ID BIGINT NOT NULL, PARTNER_NAME VARCHAR(255) NOT NULL, NUMBER_OF_ITEMS BIGINT NOT NULL, PRIMARY KEY (ACCOUNT_TX_DETAILS_ID), CONSTRAINT FK_ACCOUNT_TYPE_IDL FOREIGN KEY (ACCOUNT_TYPE_ID) REFERENCES CMPG323.DEMO_ACCOUNT_TYPE (ACCOUNT_TYPE_ID), ); nested exception is org.h2.jdbc.JdbcSQLSyntaxErrorException: Constraint "FK_ACCOUNT_TYPE_IDL" already exists; SQL statement:
CREATE TABLE CMPG323.ACCOUNT_TX_DETAILS ( ACCOUNT_TX_DETAILS_ID BIGINT NOT NULL, TX_ID BIGINT NOT NULL, PARTNER_NAME VARCHAR(255) NOT NULL, NUMBER_OF_ITEMS BIGINT NOT NULL, PRIMARY KEY (ACCOUNT_TX_DETAILS_ID), CONSTRAINT FK_ACCOUNT_TYPE_IDL FOREIGN KEY (ACCOUNT_TYPE_ID) REFERENCES CMPG323.DEMO_ACCOUNT_TYPE (ACCOUNT_TYPE_ID), ) [90045-199]
	at org.springframework.jdbc.datasource.init.ScriptUtils.executeSqlScript(ScriptUtils.java:509) ~[spring-jdbc-5.1.8.RELEASE.jar:5.1.8.RELEASE]
	at org.springframework.jdbc.datasource.init.ResourceDatabasePopulator.populate(ResourceDatabasePopulator.java:238) ~[spring-jdbc-5.1.8.RELEASE.jar:5.1.8.RELEASE]
	at org.springframework.jdbc.datasource.init.DatabasePopulatorUtils.execute(DatabasePopulatorUtils.java:48) ~[spring-jdbc-5.1.8.RELEASE.jar:5.1.8.RELEASE]
	at org.springframework.boot.autoconfigure.jdbc.DataSourceInitializer.runScripts(DataSourceInitializer.java:202) ~[spring-boot-autoconfigure-2.1.6.RELEASE.jar:2.1.6.RELEASE]
	at org.springframework.boot.autoconfigure.jdbc.DataSourceInitializer.createSchema(DataSourceInitializer.java:101) ~[spring-boot-autoconfigure-2.1.6.RELEASE.jar:2.1.6.RELEASE]
	at org.springframework.boot.autoconfigure.jdbc.DataSourceInitializerInvoker.afterPropertiesSet(DataSourceInitializerInvoker.java:62) ~[spring-boot-autoconfigure-2.1.6.RELEASE.jar:2.1.6.RELEASE]
	at org.springframework.beans.factory.support.AbstractAutowireCapableBeanFactory.invokeInitMethods(AbstractAutowireCapableBeanFactory.java:1837) ~[spring-beans-5.1.8.RELEASE.jar:5.1.8.RELEASE]
	at org.springframework.beans.factory.support.AbstractAutowireCapableBeanFactory.initializeBean(AbstractAutowireCapableBeanFactory.java:1774) ~[spring-beans-5.1.8.RELEASE.jar:5.1.8.RELEASE]
	... 77 common frames omitted
Caused by: org.h2.jdbc.JdbcSQLSyntaxErrorException: Constraint "FK_ACCOUNT_TYPE_IDL" already exists; SQL statement:
CREATE TABLE CMPG323.ACCOUNT_TX_DETAILS ( ACCOUNT_TX_DETAILS_ID BIGINT NOT NULL, TX_ID BIGINT NOT NULL, PARTNER_NAME VARCHAR(255) NOT NULL, NUMBER_OF_ITEMS BIGINT NOT NULL, PRIMARY KEY (ACCOUNT_TX_DETAILS_ID), CONSTRAINT FK_ACCOUNT_TYPE_IDL FOREIGN KEY (ACCOUNT_TYPE_ID) REFERENCES CMPG323.DEMO_ACCOUNT_TYPE (ACCOUNT_TYPE_ID), ) [90045-199]
	at org.h2.message.DbException.getJdbcSQLException(DbException.java:573) ~[h2-1.4.199.jar:1.4.199]
	at org.h2.message.DbException.getJdbcSQLException(DbException.java:427) ~[h2-1.4.199.jar:1.4.199]
	at org.h2.message.DbException.get(DbException.java:205) ~[h2-1.4.199.jar:1.4.199]
	at org.h2.message.DbException.get(DbException.java:181) ~[h2-1.4.199.jar:1.4.199]
	at org.h2.command.ddl.AlterTableAddConstraint.tryUpdate(AlterTableAddConstraint.java:114) ~[h2-1.4.199.jar:1.4.199]
	at org.h2.command.ddl.AlterTableAddConstraint.update(AlterTableAddConstraint.java:78) ~[h2-1.4.199.jar:1.4.199]
	at org.h2.command.ddl.CommandWithColumns.createConstraints(CommandWithColumns.java:83) ~[h2-1.4.199.jar:1.4.199]
	at org.h2.command.ddl.CreateTable.update(CreateTable.java:129) ~[h2-1.4.199.jar:1.4.199]
	at org.h2.command.CommandContainer.update(CommandContainer.java:133) ~[h2-1.4.199.jar:1.4.199]
	at org.h2.command.Command.executeUpdate(Command.java:267) ~[h2-1.4.199.jar:1.4.199]
	at org.h2.jdbc.JdbcStatement.executeInternal(JdbcStatement.java:233) ~[h2-1.4.199.jar:1.4.199]
	at org.h2.jdbc.JdbcStatement.execute(JdbcStatement.java:205) ~[h2-1.4.199.jar:1.4.199]
	at org.springframework.jdbc.datasource.init.ScriptUtils.executeSqlScript(ScriptUtils.java:488) ~[spring-jdbc-5.1.8.RELEASE.jar:5.1.8.RELEASE]
	... 84 common frames omitted

2021-10-09 07:35:01.941 ERROR 13704 --- [           main] o.s.test.context.TestContextManager      : Caught exception while allowing TestExecutionListener [org.springframework.boot.test.autoconfigure.SpringBootDependencyInjectionTestExecutionListener@2b546384] to prepare test instance [za.ac.nwu.ac.repo.persistence.AccountTypeRepositoryTest@2f236de0]

java.lang.IllegalStateException: Failed to load ApplicationContext
	at org.springframework.test.context.cache.DefaultCacheAwareContextLoaderDelegate.loadContext(DefaultCacheAwareContextLoaderDelegate.java:125) ~[spring-test-5.1.8.RELEASE.jar:5.1.8.RELEASE]
	at org.springframework.test.context.support.DefaultTestContext.getApplicationContext(DefaultTestContext.java:108) ~[spring-test-5.1.8.RELEASE.jar:5.1.8.RELEASE]
	at org.springframework.test.context.support.DependencyInjectionTestExecutionListener.injectDependencies(DependencyInjectionTestExecutionListener.java:118) ~[spring-test-5.1.8.RELEASE.jar:5.1.8.RELEASE]
	at org.springframework.test.context.support.DependencyInjectionTestExecutionListener.prepareTestInstance(DependencyInjectionTestExecutionListener.java:83) ~[spring-test-5.1.8.RELEASE.jar:5.1.8.RELEASE]
	at org.springframework.boot.test.autoconfigure.SpringBootDependencyInjectionTestExecutionListener.prepareTestInstance(SpringBootDependencyInjectionTestExecutionListener.java:43) ~[spring-boot-test-autoconfigure-2.1.6.RELEASE.jar:2.1.6.RELEASE]
	at org.springframework.test.context.TestContextManager.prepareTestInstance(TestContextManager.java:246) ~[spring-test-5.1.8.RELEASE.jar:5.1.8.RELEASE]
	at org.springframework.test.context.junit4.SpringJUnit4ClassRunner.createTest(SpringJUnit4ClassRunner.java:227) [spring-test-5.1.8.RELEASE.jar:5.1.8.RELEASE]
	at org.springframework.test.context.junit4.SpringJUnit4ClassRunner$1.runReflectiveCall(SpringJUnit4ClassRunner.java:289) [spring-test-5.1.8.RELEASE.jar:5.1.8.RELEASE]
	at org.junit.internal.runners.model.ReflectiveCallable.run(ReflectiveCallable.java:12) [junit-4.12.jar:4.12]
	at org.springframework.test.context.junit4.SpringJUnit4ClassRunner.methodBlock(SpringJUnit4ClassRunner.java:291) [spring-test-5.1.8.RELEASE.jar:5.1.8.RELEASE]
	at org.springframework.test.context.junit4.SpringJUnit4ClassRunner.runChild(SpringJUnit4ClassRunner.java:246) [spring-test-5.1.8.RELEASE.jar:5.1.8.RELEASE]
	at org.springframework.test.context.junit4.SpringJUnit4ClassRunner.runChild(SpringJUnit4ClassRunner.java:97) [spring-test-5.1.8.RELEASE.jar:5.1.8.RELEASE]
	at org.junit.runners.ParentRunner$3.run(ParentRunner.java:290) [junit-4.12.jar:4.12]
	at org.junit.runners.ParentRunner$1.schedule(ParentRunner.java:71) [junit-4.12.jar:4.12]
	at org.junit.runners.ParentRunner.runChildren(ParentRunner.java:288) [junit-4.12.jar:4.12]
	at org.junit.runners.ParentRunner.access$000(ParentRunner.java:58) [junit-4.12.jar:4.12]
	at org.junit.runners.ParentRunner$2.evaluate(ParentRunner.java:268) [junit-4.12.jar:4.12]
	at org.springframework.test.context.junit4.statements.RunBeforeTestClassCallbacks.evaluate(RunBeforeTestClassCallbacks.java:61) [spring-test-5.1.8.RELEASE.jar:5.1.8.RELEASE]
	at org.springframework.test.context.junit4.statements.RunAfterTestClassCallbacks.evaluate(RunAfterTestClassCallbacks.java:70) [spring-test-5.1.8.RELEASE.jar:5.1.8.RELEASE]
	at org.junit.runners.ParentRunner.run(ParentRunner.java:363) [junit-4.12.jar:4.12]
	at org.springframework.test.context.junit4.SpringJUnit4ClassRunner.run(SpringJUnit4ClassRunner.java:190) [spring-test-5.1.8.RELEASE.jar:5.1.8.RELEASE]
	at org.apache.maven.surefire.junit4.JUnit4Provider.execute(JUnit4Provider.java:365) [surefire-junit4-2.22.2.jar:2.22.2]
	at org.apache.maven.surefire.junit4.JUnit4Provider.executeWithRerun(JUnit4Provider.java:273) [surefire-junit4-2.22.2.jar:2.22.2]
	at org.apache.maven.surefire.junit4.JUnit4Provider.executeTestSet(JUnit4Provider.java:238) [surefire-junit4-2.22.2.jar:2.22.2]
	at org.apache.maven.surefire.junit4.JUnit4Provider.invoke(JUnit4Provider.java:159) [surefire-junit4-2.22.2.jar:2.22.2]
	at org.apache.maven.surefire.booter.ForkedBooter.invokeProviderInSameClassLoader(ForkedBooter.java:384) [surefire-booter-2.22.2.jar:2.22.2]
	at org.apache.maven.surefire.booter.ForkedBooter.runSuitesInProcess(ForkedBooter.java:345) [surefire-booter-2.22.2.jar:2.22.2]
	at org.apache.maven.surefire.booter.ForkedBooter.execute(ForkedBooter.java:126) [surefire-booter-2.22.2.jar:2.22.2]
	at org.apache.maven.surefire.booter.ForkedBooter.main(ForkedBooter.java:418) [surefire-booter-2.22.2.jar:2.22.2]
Caused by: org.springframework.beans.factory.UnsatisfiedDependencyException: Error creating bean with name 'org.springframework.boot.autoconfigure.orm.jpa.HibernateJpaConfiguration': Unsatisfied dependency expressed through constructor parameter 0; nested exception is org.springframework.beans.factory.BeanCreationException: Error creating bean with name 'dataSource': Post-processing of FactoryBean's singleton object failed; nested exception is org.springframework.beans.factory.BeanCreationException: Error creating bean with name 'org.springframework.boot.autoconfigure.jdbc.DataSourceInitializerInvoker': Invocation of init method failed; nested exception is org.springframework.jdbc.datasource.init.ScriptStatementFailedException: Failed to execute SQL script statement #5 of URL [file:/D:/Documents/BscIT/ThirdYear/Semester%202/CMPG323/Project%201/Software/AccountSystemRepository/target/test-classes/schema.sql]: CREATE TABLE CMPG323.ACCOUNT_TX_DETAILS ( ACCOUNT_TX_DETAILS_ID BIGINT NOT NULL, TX_ID BIGINT NOT NULL, PARTNER_NAME VARCHAR(255) NOT NULL, NUMBER_OF_ITEMS BIGINT NOT NULL, PRIMARY KEY (ACCOUNT_TX_DETAILS_ID), CONSTRAINT FK_ACCOUNT_TYPE_IDL FOREIGN KEY (ACCOUNT_TYPE_ID) REFERENCES CMPG323.DEMO_ACCOUNT_TYPE (ACCOUNT_TYPE_ID), ); nested exception is org.h2.jdbc.JdbcSQLSyntaxErrorException: Constraint "FK_ACCOUNT_TYPE_IDL" already exists; SQL statement:
CREATE TABLE CMPG323.ACCOUNT_TX_DETAILS ( ACCOUNT_TX_DETAILS_ID BIGINT NOT NULL, TX_ID BIGINT NOT NULL, PARTNER_NAME VARCHAR(255) NOT NULL, NUMBER_OF_ITEMS BIGINT NOT NULL, PRIMARY KEY (ACCOUNT_TX_DETAILS_ID), CONSTRAINT FK_ACCOUNT_TYPE_IDL FOREIGN KEY (ACCOUNT_TYPE_ID) REFERENCES CMPG323.DEMO_ACCOUNT_TYPE (ACCOUNT_TYPE_ID), ) [90045-199]
	at org.springframework.beans.factory.support.ConstructorResolver.createArgumentArray(ConstructorResolver.java:769) ~[spring-beans-5.1.8.RELEASE.jar:5.1.8.RELEASE]
	at org.springframework.beans.factory.support.ConstructorResolver.autowireConstructor(ConstructorResolver.java:218) ~[spring-beans-5.1.8.RELEASE.jar:5.1.8.RELEASE]
	at org.springframework.beans.factory.support.AbstractAutowireCapableBeanFactory.autowireConstructor(AbstractAutowireCapableBeanFactory.java:1341) ~[spring-beans-5.1.8.RELEASE.jar:5.1.8.RELEASE]
	at org.springframework.beans.factory.support.AbstractAutowireCapableBeanFactory.createBeanInstance(AbstractAutowireCapableBeanFactory.java:1187) ~[spring-beans-5.1.8.RELEASE.jar:5.1.8.RELEASE]
	at org.springframework.beans.factory.support.AbstractAutowireCapableBeanFactory.doCreateBean(AbstractAutowireCapableBeanFactory.java:555) ~[spring-beans-5.1.8.RELEASE.jar:5.1.8.RELEASE]
	at org.springframework.beans.factory.support.AbstractAutowireCapableBeanFactory.createBean(AbstractAutowireCapableBeanFactory.java:515) ~[spring-beans-5.1.8.RELEASE.jar:5.1.8.RELEASE]
	at org.springframework.beans.factory.support.AbstractBeanFactory.lambda$doGetBean$0(AbstractBeanFactory.java:320) ~[spring-beans-5.1.8.RELEASE.jar:5.1.8.RELEASE]
	at org.springframework.beans.factory.support.DefaultSingletonBeanRegistry.getSingleton(DefaultSingletonBeanRegistry.java:222) ~[spring-beans-5.1.8.RELEASE.jar:5.1.8.RELEASE]
	at org.springframework.beans.factory.support.AbstractBeanFactory.doGetBean(AbstractBeanFactory.java:318) ~[spring-beans-5.1.8.RELEASE.jar:5.1.8.RELEASE]
	at org.springframework.beans.factory.support.AbstractBeanFactory.getBean(AbstractBeanFactory.java:199) ~[spring-beans-5.1.8.RELEASE.jar:5.1.8.RELEASE]
	at org.springframework.beans.factory.support.ConstructorResolver.instantiateUsingFactoryMethod(ConstructorResolver.java:392) ~[spring-beans-5.1.8.RELEASE.jar:5.1.8.RELEASE]
	at org.springframework.beans.factory.support.AbstractAutowireCapableBeanFactory.instantiateUsingFactoryMethod(AbstractAutowireCapableBeanFactory.java:1321) ~[spring-beans-5.1.8.RELEASE.jar:5.1.8.RELEASE]
	at org.springframework.beans.factory.support.AbstractAutowireCapableBeanFactory.createBeanInstance(AbstractAutowireCapableBeanFactory.java:1160) ~[spring-beans-5.1.8.RELEASE.jar:5.1.8.RELEASE]
	at org.springframework.beans.factory.support.AbstractAutowireCapableBeanFactory.doCreateBean(AbstractAutowireCapableBeanFactory.java:555) ~[spring-beans-5.1.8.RELEASE.jar:5.1.8.RELEASE]
	at org.springframework.beans.factory.support.AbstractAutowireCapableBeanFactory.createBean(AbstractAutowireCapableBeanFactory.java:515) ~[spring-beans-5.1.8.RELEASE.jar:5.1.8.RELEASE]
	at org.springframework.beans.factory.support.AbstractBeanFactory.lambda$doGetBean$0(AbstractBeanFactory.java:320) ~[spring-beans-5.1.8.RELEASE.jar:5.1.8.RELEASE]
	at org.springframework.beans.factory.support.DefaultSingletonBeanRegistry.getSingleton(DefaultSingletonBeanRegistry.java:222) ~[spring-beans-5.1.8.RELEASE.jar:5.1.8.RELEASE]
	at org.springframework.beans.factory.support.AbstractBeanFactory.doGetBean(AbstractBeanFactory.java:318) ~[spring-beans-5.1.8.RELEASE.jar:5.1.8.RELEASE]
	at org.springframework.beans.factory.support.AbstractBeanFactory.getBean(AbstractBeanFactory.java:199) ~[spring-beans-5.1.8.RELEASE.jar:5.1.8.RELEASE]
	at org.springframework.context.support.AbstractApplicationContext.getBean(AbstractApplicationContext.java:1105) ~[spring-context-5.1.8.RELEASE.jar:5.1.8.RELEASE]
	at org.springframework.context.support.AbstractApplicationContext.finishBeanFactoryInitialization(AbstractApplicationContext.java:867) ~[spring-context-5.1.8.RELEASE.jar:5.1.8.RELEASE]
	at org.springframework.context.support.AbstractApplicationContext.refresh(AbstractApplicationContext.java:549) ~[spring-context-5.1.8.RELEASE.jar:5.1.8.RELEASE]
	at org.springframework.boot.SpringApplication.refresh(SpringApplication.java:742) ~[spring-boot-2.1.6.RELEASE.jar:2.1.6.RELEASE]
	at org.springframework.boot.SpringApplication.refreshContext(SpringApplication.java:389) ~[spring-boot-2.1.6.RELEASE.jar:2.1.6.RELEASE]
	at org.springframework.boot.SpringApplication.run(SpringApplication.java:311) ~[spring-boot-2.1.6.RELEASE.jar:2.1.6.RELEASE]
	at org.springframework.boot.test.context.SpringBootContextLoader.loadContext(SpringBootContextLoader.java:119) ~[spring-boot-test-2.1.6.RELEASE.jar:2.1.6.RELEASE]
	at org.springframework.test.context.cache.DefaultCacheAwareContextLoaderDelegate.loadContextInternal(DefaultCacheAwareContextLoaderDelegate.java:99) ~[spring-test-5.1.8.RELEASE.jar:5.1.8.RELEASE]
	at org.springframework.test.context.cache.DefaultCacheAwareContextLoaderDelegate.loadContext(DefaultCacheAwareContextLoaderDelegate.java:117) ~[spring-test-5.1.8.RELEASE.jar:5.1.8.RELEASE]
	... 28 common frames omitted
Caused by: org.springframework.beans.factory.BeanCreationException: Error creating bean with name 'dataSource': Post-processing of FactoryBean's singleton object failed; nested exception is org.springframework.beans.factory.BeanCreationException: Error creating bean with name 'org.springframework.boot.autoconfigure.jdbc.DataSourceInitializerInvoker': Invocation of init method failed; nested exception is org.springframework.jdbc.datasource.init.ScriptStatementFailedException: Failed to execute SQL script statement #5 of URL [file:/D:/Documents/BscIT/ThirdYear/Semester%202/CMPG323/Project%201/Software/AccountSystemRepository/target/test-classes/schema.sql]: CREATE TABLE CMPG323.ACCOUNT_TX_DETAILS ( ACCOUNT_TX_DETAILS_ID BIGINT NOT NULL, TX_ID BIGINT NOT NULL, PARTNER_NAME VARCHAR(255) NOT NULL, NUMBER_OF_ITEMS BIGINT NOT NULL, PRIMARY KEY (ACCOUNT_TX_DETAILS_ID), CONSTRAINT FK_ACCOUNT_TYPE_IDL FOREIGN KEY (ACCOUNT_TYPE_ID) REFERENCES CMPG323.DEMO_ACCOUNT_TYPE (ACCOUNT_TYPE_ID), ); nested exception is org.h2.jdbc.JdbcSQLSyntaxErrorException: Constraint "FK_ACCOUNT_TYPE_IDL" already exists; SQL statement:
CREATE TABLE CMPG323.ACCOUNT_TX_DETAILS ( ACCOUNT_TX_DETAILS_ID BIGINT NOT NULL, TX_ID BIGINT NOT NULL, PARTNER_NAME VARCHAR(255) NOT NULL, NUMBER_OF_ITEMS BIGINT NOT NULL, PRIMARY KEY (ACCOUNT_TX_DETAILS_ID), CONSTRAINT FK_ACCOUNT_TYPE_IDL FOREIGN KEY (ACCOUNT_TYPE_ID) REFERENCES CMPG323.DEMO_ACCOUNT_TYPE (ACCOUNT_TYPE_ID), ) [90045-199]
	at org.springframework.beans.factory.support.FactoryBeanRegistrySupport.getObjectFromFactoryBean(FactoryBeanRegistrySupport.java:119) ~[spring-beans-5.1.8.RELEASE.jar:5.1.8.RELEASE]
	at org.springframework.beans.factory.support.AbstractBeanFactory.getObjectForBeanInstance(AbstractBeanFactory.java:1674) ~[spring-beans-5.1.8.RELEASE.jar:5.1.8.RELEASE]
	at org.springframework.beans.factory.support.AbstractAutowireCapableBeanFactory.getObjectForBeanInstance(AbstractAutowireCapableBeanFactory.java:1249) ~[spring-beans-5.1.8.RELEASE.jar:5.1.8.RELEASE]
	at org.springframework.beans.factory.support.AbstractBeanFactory.doGetBean(AbstractBeanFactory.java:330) ~[spring-beans-5.1.8.RELEASE.jar:5.1.8.RELEASE]
	at org.springframework.beans.factory.support.AbstractBeanFactory.getBean(AbstractBeanFactory.java:199) ~[spring-beans-5.1.8.RELEASE.jar:5.1.8.RELEASE]
	at org.springframework.beans.factory.config.DependencyDescriptor.resolveCandidate(DependencyDescriptor.java:277) ~[spring-beans-5.1.8.RELEASE.jar:5.1.8.RELEASE]
	at org.springframework.beans.factory.support.DefaultListableBeanFactory.doResolveDependency(DefaultListableBeanFactory.java:1251) ~[spring-beans-5.1.8.RELEASE.jar:5.1.8.RELEASE]
	at org.springframework.beans.factory.support.DefaultListableBeanFactory.resolveDependency(DefaultListableBeanFactory.java:1171) ~[spring-beans-5.1.8.RELEASE.jar:5.1.8.RELEASE]
	at org.springframework.beans.factory.support.ConstructorResolver.resolveAutowiredArgument(ConstructorResolver.java:857) ~[spring-beans-5.1.8.RELEASE.jar:5.1.8.RELEASE]
	at org.springframework.beans.factory.support.ConstructorResolver.createArgumentArray(ConstructorResolver.java:760) ~[spring-beans-5.1.8.RELEASE.jar:5.1.8.RELEASE]
	... 55 common frames omitted
Caused by: org.springframework.beans.factory.BeanCreationException: Error creating bean with name 'org.springframework.boot.autoconfigure.jdbc.DataSourceInitializerInvoker': Invocation of init method failed; nested exception is org.springframework.jdbc.datasource.init.ScriptStatementFailedException: Failed to execute SQL script statement #5 of URL [file:/D:/Documents/BscIT/ThirdYear/Semester%202/CMPG323/Project%201/Software/AccountSystemRepository/target/test-classes/schema.sql]: CREATE TABLE CMPG323.ACCOUNT_TX_DETAILS ( ACCOUNT_TX_DETAILS_ID BIGINT NOT NULL, TX_ID BIGINT NOT NULL, PARTNER_NAME VARCHAR(255) NOT NULL, NUMBER_OF_ITEMS BIGINT NOT NULL, PRIMARY KEY (ACCOUNT_TX_DETAILS_ID), CONSTRAINT FK_ACCOUNT_TYPE_IDL FOREIGN KEY (ACCOUNT_TYPE_ID) REFERENCES CMPG323.DEMO_ACCOUNT_TYPE (ACCOUNT_TYPE_ID), ); nested exception is org.h2.jdbc.JdbcSQLSyntaxErrorException: Constraint "FK_ACCOUNT_TYPE_IDL" already exists; SQL statement:
CREATE TABLE CMPG323.ACCOUNT_TX_DETAILS ( ACCOUNT_TX_DETAILS_ID BIGINT NOT NULL, TX_ID BIGINT NOT NULL, PARTNER_NAME VARCHAR(255) NOT NULL, NUMBER_OF_ITEMS BIGINT NOT NULL, PRIMARY KEY (ACCOUNT_TX_DETAILS_ID), CONSTRAINT FK_ACCOUNT_TYPE_IDL FOREIGN KEY (ACCOUNT_TYPE_ID) REFERENCES CMPG323.DEMO_ACCOUNT_TYPE (ACCOUNT_TYPE_ID), ) [90045-199]
	at org.springframework.beans.factory.support.AbstractAutowireCapableBeanFactory.initializeBean(AbstractAutowireCapableBeanFactory.java:1778) ~[spring-beans-5.1.8.RELEASE.jar:5.1.8.RELEASE]
	at org.springframework.beans.factory.support.AbstractAutowireCapableBeanFactory.doCreateBean(AbstractAutowireCapableBeanFactory.java:593) ~[spring-beans-5.1.8.RELEASE.jar:5.1.8.RELEASE]
	at org.springframework.beans.factory.support.AbstractAutowireCapableBeanFactory.createBean(AbstractAutowireCapableBeanFactory.java:515) ~[spring-beans-5.1.8.RELEASE.jar:5.1.8.RELEASE]
	at org.springframework.beans.factory.support.AbstractBeanFactory.lambda$doGetBean$0(AbstractBeanFactory.java:320) ~[spring-beans-5.1.8.RELEASE.jar:5.1.8.RELEASE]
	at org.springframework.beans.factory.support.DefaultSingletonBeanRegistry.getSingleton(DefaultSingletonBeanRegistry.java:222) ~[spring-beans-5.1.8.RELEASE.jar:5.1.8.RELEASE]
	at org.springframework.beans.factory.support.AbstractBeanFactory.doGetBean(AbstractBeanFactory.java:318) ~[spring-beans-5.1.8.RELEASE.jar:5.1.8.RELEASE]
	at org.springframework.beans.factory.support.AbstractBeanFactory.getBean(AbstractBeanFactory.java:224) ~[spring-beans-5.1.8.RELEASE.jar:5.1.8.RELEASE]
	at org.springframework.beans.factory.support.DefaultListableBeanFactory.resolveNamedBean(DefaultListableBeanFactory.java:1119) ~[spring-beans-5.1.8.RELEASE.jar:5.1.8.RELEASE]
	at org.springframework.beans.factory.support.DefaultListableBeanFactory.resolveBean(DefaultListableBeanFactory.java:411) ~[spring-beans-5.1.8.RELEASE.jar:5.1.8.RELEASE]
	at org.springframework.beans.factory.support.DefaultListableBeanFactory.getBean(DefaultListableBeanFactory.java:344) ~[spring-beans-5.1.8.RELEASE.jar:5.1.8.RELEASE]
	at org.springframework.beans.factory.support.DefaultListableBeanFactory.getBean(DefaultListableBeanFactory.java:337) ~[spring-beans-5.1.8.RELEASE.jar:5.1.8.RELEASE]
	at org.springframework.boot.autoconfigure.jdbc.DataSourceInitializerPostProcessor.postProcessAfterInitialization(DataSourceInitializerPostProcessor.java:53) ~[spring-boot-autoconfigure-2.1.6.RELEASE.jar:2.1.6.RELEASE]
	at org.springframework.beans.factory.support.AbstractAutowireCapableBeanFactory.applyBeanPostProcessorsAfterInitialization(AbstractAutowireCapableBeanFactory.java:429) ~[spring-beans-5.1.8.RELEASE.jar:5.1.8.RELEASE]
	at org.springframework.beans.factory.support.AbstractAutowireCapableBeanFactory.postProcessObjectFromFactoryBean(AbstractAutowireCapableBeanFactory.java:1921) ~[spring-beans-5.1.8.RELEASE.jar:5.1.8.RELEASE]
	at org.springframework.beans.factory.support.FactoryBeanRegistrySupport.getObjectFromFactoryBean(FactoryBeanRegistrySupport.java:116) ~[spring-beans-5.1.8.RELEASE.jar:5.1.8.RELEASE]
	... 64 common frames omitted
Caused by: org.springframework.jdbc.datasource.init.ScriptStatementFailedException: Failed to execute SQL script statement #5 of URL [file:/D:/Documents/BscIT/ThirdYear/Semester%202/CMPG323/Project%201/Software/AccountSystemRepository/target/test-classes/schema.sql]: CREATE TABLE CMPG323.ACCOUNT_TX_DETAILS ( ACCOUNT_TX_DETAILS_ID BIGINT NOT NULL, TX_ID BIGINT NOT NULL, PARTNER_NAME VARCHAR(255) NOT NULL, NUMBER_OF_ITEMS BIGINT NOT NULL, PRIMARY KEY (ACCOUNT_TX_DETAILS_ID), CONSTRAINT FK_ACCOUNT_TYPE_IDL FOREIGN KEY (ACCOUNT_TYPE_ID) REFERENCES CMPG323.DEMO_ACCOUNT_TYPE (ACCOUNT_TYPE_ID), ); nested exception is org.h2.jdbc.JdbcSQLSyntaxErrorException: Constraint "FK_ACCOUNT_TYPE_IDL" already exists; SQL statement:
CREATE TABLE CMPG323.ACCOUNT_TX_DETAILS ( ACCOUNT_TX_DETAILS_ID BIGINT NOT NULL, TX_ID BIGINT NOT NULL, PARTNER_NAME VARCHAR(255) NOT NULL, NUMBER_OF_ITEMS BIGINT NOT NULL, PRIMARY KEY (ACCOUNT_TX_DETAILS_ID), CONSTRAINT FK_ACCOUNT_TYPE_IDL FOREIGN KEY (ACCOUNT_TYPE_ID) REFERENCES CMPG323.DEMO_ACCOUNT_TYPE (ACCOUNT_TYPE_ID), ) [90045-199]
	at org.springframework.jdbc.datasource.init.ScriptUtils.executeSqlScript(ScriptUtils.java:509) ~[spring-jdbc-5.1.8.RELEASE.jar:5.1.8.RELEASE]
	at org.springframework.jdbc.datasource.init.ResourceDatabasePopulator.populate(ResourceDatabasePopulator.java:238) ~[spring-jdbc-5.1.8.RELEASE.jar:5.1.8.RELEASE]
	at org.springframework.jdbc.datasource.init.DatabasePopulatorUtils.execute(DatabasePopulatorUtils.java:48) ~[spring-jdbc-5.1.8.RELEASE.jar:5.1.8.RELEASE]
	at org.springframework.boot.autoconfigure.jdbc.DataSourceInitializer.runScripts(DataSourceInitializer.java:202) ~[spring-boot-autoconfigure-2.1.6.RELEASE.jar:2.1.6.RELEASE]
	at org.springframework.boot.autoconfigure.jdbc.DataSourceInitializer.createSchema(DataSourceInitializer.java:101) ~[spring-boot-autoconfigure-2.1.6.RELEASE.jar:2.1.6.RELEASE]
	at org.springframework.boot.autoconfigure.jdbc.DataSourceInitializerInvoker.afterPropertiesSet(DataSourceInitializerInvoker.java:62) ~[spring-boot-autoconfigure-2.1.6.RELEASE.jar:2.1.6.RELEASE]
	at org.springframework.beans.factory.support.AbstractAutowireCapableBeanFactory.invokeInitMethods(AbstractAutowireCapableBeanFactory.java:1837) ~[spring-beans-5.1.8.RELEASE.jar:5.1.8.RELEASE]
	at org.springframework.beans.factory.support.AbstractAutowireCapableBeanFactory.initializeBean(AbstractAutowireCapableBeanFactory.java:1774) ~[spring-beans-5.1.8.RELEASE.jar:5.1.8.RELEASE]
	... 78 common frames omitted
Caused by: org.h2.jdbc.JdbcSQLSyntaxErrorException: Constraint "FK_ACCOUNT_TYPE_IDL" already exists; SQL statement:
CREATE TABLE CMPG323.ACCOUNT_TX_DETAILS ( ACCOUNT_TX_DETAILS_ID BIGINT NOT NULL, TX_ID BIGINT NOT NULL, PARTNER_NAME VARCHAR(255) NOT NULL, NUMBER_OF_ITEMS BIGINT NOT NULL, PRIMARY KEY (ACCOUNT_TX_DETAILS_ID), CONSTRAINT FK_ACCOUNT_TYPE_IDL FOREIGN KEY (ACCOUNT_TYPE_ID) REFERENCES CMPG323.DEMO_ACCOUNT_TYPE (ACCOUNT_TYPE_ID), ) [90045-199]
	at org.h2.message.DbException.getJdbcSQLException(DbException.java:573) ~[h2-1.4.199.jar:1.4.199]
	at org.h2.message.DbException.getJdbcSQLException(DbException.java:427) ~[h2-1.4.199.jar:1.4.199]
	at org.h2.message.DbException.get(DbException.java:205) ~[h2-1.4.199.jar:1.4.199]
	at org.h2.message.DbException.get(DbException.java:181) ~[h2-1.4.199.jar:1.4.199]
	at org.h2.command.ddl.AlterTableAddConstraint.tryUpdate(AlterTableAddConstraint.java:114) ~[h2-1.4.199.jar:1.4.199]
	at org.h2.command.ddl.AlterTableAddConstraint.update(AlterTableAddConstraint.java:78) ~[h2-1.4.199.jar:1.4.199]
	at org.h2.command.ddl.CommandWithColumns.createConstraints(CommandWithColumns.java:83) ~[h2-1.4.199.jar:1.4.199]
	at org.h2.command.ddl.CreateTable.update(CreateTable.java:129) ~[h2-1.4.199.jar:1.4.199]
	at org.h2.command.CommandContainer.update(CommandContainer.java:133) ~[h2-1.4.199.jar:1.4.199]
	at org.h2.command.Command.executeUpdate(Command.java:267) ~[h2-1.4.199.jar:1.4.199]
	at org.h2.jdbc.JdbcStatement.executeInternal(JdbcStatement.java:233) ~[h2-1.4.199.jar:1.4.199]
	at org.h2.jdbc.JdbcStatement.execute(JdbcStatement.java:205) ~[h2-1.4.199.jar:1.4.199]
	at org.springframework.jdbc.datasource.init.ScriptUtils.executeSqlScript(ScriptUtils.java:488) ~[spring-jdbc-5.1.8.RELEASE.jar:5.1.8.RELEASE]
	... 85 common frames omitted

]]></system-out>
  </testcase>
  <testcase name="getAccountTypeByMnemonic" classname="za.ac.nwu.ac.repo.persistence.AccountTypeRepositoryTest" time="0">
    <error message="Failed to load ApplicationContext" type="java.lang.IllegalStateException">java.lang.IllegalStateException: Failed to load ApplicationContext
Caused by: org.springframework.beans.factory.UnsatisfiedDependencyException: 
Error creating bean with name 'org.springframework.boot.autoconfigure.orm.jpa.HibernateJpaConfiguration': Unsatisfied dependency expressed through constructor parameter 0; nested exception is org.springframework.beans.factory.BeanCreationException: Error creating bean with name 'dataSource': Post-processing of FactoryBean's singleton object failed; nested exception is org.springframework.beans.factory.BeanCreationException: Error creating bean with name 'org.springframework.boot.autoconfigure.jdbc.DataSourceInitializerInvoker': Invocation of init method failed; nested exception is org.springframework.jdbc.datasource.init.ScriptStatementFailedException: Failed to execute SQL script statement #5 of URL [file:/D:/Documents/BscIT/ThirdYear/Semester%202/CMPG323/Project%201/Software/AccountSystemRepository/target/test-classes/schema.sql]: CREATE TABLE CMPG323.ACCOUNT_TX_DETAILS ( ACCOUNT_TX_DETAILS_ID BIGINT NOT NULL, TX_ID BIGINT NOT NULL, PARTNER_NAME VARCHAR(255) NOT NULL, NUMBER_OF_ITEMS BIGINT NOT NULL, PRIMARY KEY (ACCOUNT_TX_DETAILS_ID), CONSTRAINT FK_ACCOUNT_TYPE_IDL FOREIGN KEY (ACCOUNT_TYPE_ID) REFERENCES CMPG323.DEMO_ACCOUNT_TYPE (ACCOUNT_TYPE_ID), ); nested exception is org.h2.jdbc.JdbcSQLSyntaxErrorException: Constraint "FK_ACCOUNT_TYPE_IDL" already exists; SQL statement:
CREATE TABLE CMPG323.ACCOUNT_TX_DETAILS ( ACCOUNT_TX_DETAILS_ID BIGINT NOT NULL, TX_ID BIGINT NOT NULL, PARTNER_NAME VARCHAR(255) NOT NULL, NUMBER_OF_ITEMS BIGINT NOT NULL, PRIMARY KEY (ACCOUNT_TX_DETAILS_ID), CONSTRAINT FK_ACCOUNT_TYPE_IDL FOREIGN KEY (ACCOUNT_TYPE_ID) REFERENCES CMPG323.DEMO_ACCOUNT_TYPE (ACCOUNT_TYPE_ID), ) [90045-199]
Caused by: org.springframework.beans.factory.BeanCreationException: 
Error creating bean with name 'dataSource': Post-processing of FactoryBean's singleton object failed; nested exception is org.springframework.beans.factory.BeanCreationException: Error creating bean with name 'org.springframework.boot.autoconfigure.jdbc.DataSourceInitializerInvoker': Invocation of init method failed; nested exception is org.springframework.jdbc.datasource.init.ScriptStatementFailedException: Failed to execute SQL script statement #5 of URL [file:/D:/Documents/BscIT/ThirdYear/Semester%202/CMPG323/Project%201/Software/AccountSystemRepository/target/test-classes/schema.sql]: CREATE TABLE CMPG323.ACCOUNT_TX_DETAILS ( ACCOUNT_TX_DETAILS_ID BIGINT NOT NULL, TX_ID BIGINT NOT NULL, PARTNER_NAME VARCHAR(255) NOT NULL, NUMBER_OF_ITEMS BIGINT NOT NULL, PRIMARY KEY (ACCOUNT_TX_DETAILS_ID), CONSTRAINT FK_ACCOUNT_TYPE_IDL FOREIGN KEY (ACCOUNT_TYPE_ID) REFERENCES CMPG323.DEMO_ACCOUNT_TYPE (ACCOUNT_TYPE_ID), ); nested exception is org.h2.jdbc.JdbcSQLSyntaxErrorException: Constraint "FK_ACCOUNT_TYPE_IDL" already exists; SQL statement:
CREATE TABLE CMPG323.ACCOUNT_TX_DETAILS ( ACCOUNT_TX_DETAILS_ID BIGINT NOT NULL, TX_ID BIGINT NOT NULL, PARTNER_NAME VARCHAR(255) NOT NULL, NUMBER_OF_ITEMS BIGINT NOT NULL, PRIMARY KEY (ACCOUNT_TX_DETAILS_ID), CONSTRAINT FK_ACCOUNT_TYPE_IDL FOREIGN KEY (ACCOUNT_TYPE_ID) REFERENCES CMPG323.DEMO_ACCOUNT_TYPE (ACCOUNT_TYPE_ID), ) [90045-199]
Caused by: org.springframework.beans.factory.BeanCreationException: 
Error creating bean with name 'org.springframework.boot.autoconfigure.jdbc.DataSourceInitializerInvoker': Invocation of init method failed; nested exception is org.springframework.jdbc.datasource.init.ScriptStatementFailedException: Failed to execute SQL script statement #5 of URL [file:/D:/Documents/BscIT/ThirdYear/Semester%202/CMPG323/Project%201/Software/AccountSystemRepository/target/test-classes/schema.sql]: CREATE TABLE CMPG323.ACCOUNT_TX_DETAILS ( ACCOUNT_TX_DETAILS_ID BIGINT NOT NULL, TX_ID BIGINT NOT NULL, PARTNER_NAME VARCHAR(255) NOT NULL, NUMBER_OF_ITEMS BIGINT NOT NULL, PRIMARY KEY (ACCOUNT_TX_DETAILS_ID), CONSTRAINT FK_ACCOUNT_TYPE_IDL FOREIGN KEY (ACCOUNT_TYPE_ID) REFERENCES CMPG323.DEMO_ACCOUNT_TYPE (ACCOUNT_TYPE_ID), ); nested exception is org.h2.jdbc.JdbcSQLSyntaxErrorException: Constraint "FK_ACCOUNT_TYPE_IDL" already exists; SQL statement:
CREATE TABLE CMPG323.ACCOUNT_TX_DETAILS ( ACCOUNT_TX_DETAILS_ID BIGINT NOT NULL, TX_ID BIGINT NOT NULL, PARTNER_NAME VARCHAR(255) NOT NULL, NUMBER_OF_ITEMS BIGINT NOT NULL, PRIMARY KEY (ACCOUNT_TX_DETAILS_ID), CONSTRAINT FK_ACCOUNT_TYPE_IDL FOREIGN KEY (ACCOUNT_TYPE_ID) REFERENCES CMPG323.DEMO_ACCOUNT_TYPE (ACCOUNT_TYPE_ID), ) [90045-199]
Caused by: org.springframework.jdbc.datasource.init.ScriptStatementFailedException: 
Failed to execute SQL script statement #5 of URL [file:/D:/Documents/BscIT/ThirdYear/Semester%202/CMPG323/Project%201/Software/AccountSystemRepository/target/test-classes/schema.sql]: CREATE TABLE CMPG323.ACCOUNT_TX_DETAILS ( ACCOUNT_TX_DETAILS_ID BIGINT NOT NULL, TX_ID BIGINT NOT NULL, PARTNER_NAME VARCHAR(255) NOT NULL, NUMBER_OF_ITEMS BIGINT NOT NULL, PRIMARY KEY (ACCOUNT_TX_DETAILS_ID), CONSTRAINT FK_ACCOUNT_TYPE_IDL FOREIGN KEY (ACCOUNT_TYPE_ID) REFERENCES CMPG323.DEMO_ACCOUNT_TYPE (ACCOUNT_TYPE_ID), ); nested exception is org.h2.jdbc.JdbcSQLSyntaxErrorException: Constraint "FK_ACCOUNT_TYPE_IDL" already exists; SQL statement:
CREATE TABLE CMPG323.ACCOUNT_TX_DETAILS ( ACCOUNT_TX_DETAILS_ID BIGINT NOT NULL, TX_ID BIGINT NOT NULL, PARTNER_NAME VARCHAR(255) NOT NULL, NUMBER_OF_ITEMS BIGINT NOT NULL, PRIMARY KEY (ACCOUNT_TX_DETAILS_ID), CONSTRAINT FK_ACCOUNT_TYPE_IDL FOREIGN KEY (ACCOUNT_TYPE_ID) REFERENCES CMPG323.DEMO_ACCOUNT_TYPE (ACCOUNT_TYPE_ID), ) [90045-199]
Caused by: org.h2.jdbc.JdbcSQLSyntaxErrorException: 
Constraint "FK_ACCOUNT_TYPE_IDL" already exists; SQL statement:
CREATE TABLE CMPG323.ACCOUNT_TX_DETAILS ( ACCOUNT_TX_DETAILS_ID BIGINT NOT NULL, TX_ID BIGINT NOT NULL, PARTNER_NAME VARCHAR(255) NOT NULL, NUMBER_OF_ITEMS BIGINT NOT NULL, PRIMARY KEY (ACCOUNT_TX_DETAILS_ID), CONSTRAINT FK_ACCOUNT_TYPE_IDL FOREIGN KEY (ACCOUNT_TYPE_ID) REFERENCES CMPG323.DEMO_ACCOUNT_TYPE (ACCOUNT_TYPE_ID), ) [90045-199]
</error>
    <system-out><![CDATA[
  .   ____          _            __ _ _
 /\\ / ___'_ __ _ _(_)_ __  __ _ \ \ \ \
( ( )\___ | '_ | '_| | '_ \/ _` | \ \ \ \
 \\/  ___)| |_)| | | | | || (_| |  ) ) ) )
  '  |____| .__|_| |_|_| |_\__, | / / / /
 =========|_|==============|___/=/_/_/_/
 :: Spring Boot ::        (v2.1.6.RELEASE)

2021-10-09 07:35:01.957  INFO 13704 --- [           main] z.a.n.a.r.p.AccountTypeRepositoryTest    : Starting AccountTypeRepositoryTest on DESKTOP-88F48D2 with PID 13704 (started by Bianca Piek in D:\Documents\BscIT\ThirdYear\Semester 2\CMPG323\Project 1\Software\AccountSystemRepository)
2021-10-09 07:35:01.962  INFO 13704 --- [           main] z.a.n.a.r.p.AccountTypeRepositoryTest    : No active profile set, falling back to default profiles: default
2021-10-09 07:35:02.007  INFO 13704 --- [           main] .s.d.r.c.RepositoryConfigurationDelegate : Bootstrapping Spring Data repositories in DEFAULT mode.
2021-10-09 07:35:02.012  INFO 13704 --- [           main] .s.d.r.c.RepositoryConfigurationDelegate : Finished Spring Data repository scanning in 5ms. Found 3 repository interfaces.
2021-10-09 07:35:02.022  INFO 13704 --- [           main] beddedDataSourceBeanFactoryPostProcessor : Replacing 'dataSource' DataSource bean with embedded version
2021-10-09 07:35:02.034  INFO 13704 --- [           main] o.s.j.d.e.EmbeddedDatabaseFactory        : Starting embedded database: url='jdbc:h2:mem:488c92e9-4cc4-4b48-b790-aea819946fce;DB_CLOSE_DELAY=-1;DB_CLOSE_ON_EXIT=false', username='sa'
2021-10-09 07:35:02.056  WARN 13704 --- [           main] s.c.a.AnnotationConfigApplicationContext : Exception encountered during context initialization - cancelling refresh attempt: org.springframework.beans.factory.UnsatisfiedDependencyException: Error creating bean with name 'org.springframework.boot.autoconfigure.orm.jpa.HibernateJpaConfiguration': Unsatisfied dependency expressed through constructor parameter 0; nested exception is org.springframework.beans.factory.BeanCreationException: Error creating bean with name 'dataSource': Post-processing of FactoryBean's singleton object failed; nested exception is org.springframework.beans.factory.BeanCreationException: Error creating bean with name 'org.springframework.boot.autoconfigure.jdbc.DataSourceInitializerInvoker': Invocation of init method failed; nested exception is org.springframework.jdbc.datasource.init.ScriptStatementFailedException: Failed to execute SQL script statement #5 of URL [file:/D:/Documents/BscIT/ThirdYear/Semester%202/CMPG323/Project%201/Software/AccountSystemRepository/target/test-classes/schema.sql]: CREATE TABLE CMPG323.ACCOUNT_TX_DETAILS ( ACCOUNT_TX_DETAILS_ID BIGINT NOT NULL, TX_ID BIGINT NOT NULL, PARTNER_NAME VARCHAR(255) NOT NULL, NUMBER_OF_ITEMS BIGINT NOT NULL, PRIMARY KEY (ACCOUNT_TX_DETAILS_ID), CONSTRAINT FK_ACCOUNT_TYPE_IDL FOREIGN KEY (ACCOUNT_TYPE_ID) REFERENCES CMPG323.DEMO_ACCOUNT_TYPE (ACCOUNT_TYPE_ID), ); nested exception is org.h2.jdbc.JdbcSQLSyntaxErrorException: Constraint "FK_ACCOUNT_TYPE_IDL" already exists; SQL statement:
CREATE TABLE CMPG323.ACCOUNT_TX_DETAILS ( ACCOUNT_TX_DETAILS_ID BIGINT NOT NULL, TX_ID BIGINT NOT NULL, PARTNER_NAME VARCHAR(255) NOT NULL, NUMBER_OF_ITEMS BIGINT NOT NULL, PRIMARY KEY (ACCOUNT_TX_DETAILS_ID), CONSTRAINT FK_ACCOUNT_TYPE_IDL FOREIGN KEY (ACCOUNT_TYPE_ID) REFERENCES CMPG323.DEMO_ACCOUNT_TYPE (ACCOUNT_TYPE_ID), ) [90045-199]
2021-10-09 07:35:02.056  INFO 13704 --- [           main] ConditionEvaluationReportLoggingListener : 

Error starting ApplicationContext. To display the conditions report re-run your application with 'debug' enabled.
2021-10-09 07:35:02.061 ERROR 13704 --- [           main] o.s.boot.SpringApplication               : Application run failed

org.springframework.beans.factory.UnsatisfiedDependencyException: Error creating bean with name 'org.springframework.boot.autoconfigure.orm.jpa.HibernateJpaConfiguration': Unsatisfied dependency expressed through constructor parameter 0; nested exception is org.springframework.beans.factory.BeanCreationException: Error creating bean with name 'dataSource': Post-processing of FactoryBean's singleton object failed; nested exception is org.springframework.beans.factory.BeanCreationException: Error creating bean with name 'org.springframework.boot.autoconfigure.jdbc.DataSourceInitializerInvoker': Invocation of init method failed; nested exception is org.springframework.jdbc.datasource.init.ScriptStatementFailedException: Failed to execute SQL script statement #5 of URL [file:/D:/Documents/BscIT/ThirdYear/Semester%202/CMPG323/Project%201/Software/AccountSystemRepository/target/test-classes/schema.sql]: CREATE TABLE CMPG323.ACCOUNT_TX_DETAILS ( ACCOUNT_TX_DETAILS_ID BIGINT NOT NULL, TX_ID BIGINT NOT NULL, PARTNER_NAME VARCHAR(255) NOT NULL, NUMBER_OF_ITEMS BIGINT NOT NULL, PRIMARY KEY (ACCOUNT_TX_DETAILS_ID), CONSTRAINT FK_ACCOUNT_TYPE_IDL FOREIGN KEY (ACCOUNT_TYPE_ID) REFERENCES CMPG323.DEMO_ACCOUNT_TYPE (ACCOUNT_TYPE_ID), ); nested exception is org.h2.jdbc.JdbcSQLSyntaxErrorException: Constraint "FK_ACCOUNT_TYPE_IDL" already exists; SQL statement:
CREATE TABLE CMPG323.ACCOUNT_TX_DETAILS ( ACCOUNT_TX_DETAILS_ID BIGINT NOT NULL, TX_ID BIGINT NOT NULL, PARTNER_NAME VARCHAR(255) NOT NULL, NUMBER_OF_ITEMS BIGINT NOT NULL, PRIMARY KEY (ACCOUNT_TX_DETAILS_ID), CONSTRAINT FK_ACCOUNT_TYPE_IDL FOREIGN KEY (ACCOUNT_TYPE_ID) REFERENCES CMPG323.DEMO_ACCOUNT_TYPE (ACCOUNT_TYPE_ID), ) [90045-199]
	at org.springframework.beans.factory.support.ConstructorResolver.createArgumentArray(ConstructorResolver.java:769) ~[spring-beans-5.1.8.RELEASE.jar:5.1.8.RELEASE]
	at org.springframework.beans.factory.support.ConstructorResolver.autowireConstructor(ConstructorResolver.java:218) ~[spring-beans-5.1.8.RELEASE.jar:5.1.8.RELEASE]
	at org.springframework.beans.factory.support.AbstractAutowireCapableBeanFactory.autowireConstructor(AbstractAutowireCapableBeanFactory.java:1341) ~[spring-beans-5.1.8.RELEASE.jar:5.1.8.RELEASE]
	at org.springframework.beans.factory.support.AbstractAutowireCapableBeanFactory.createBeanInstance(AbstractAutowireCapableBeanFactory.java:1187) ~[spring-beans-5.1.8.RELEASE.jar:5.1.8.RELEASE]
	at org.springframework.beans.factory.support.AbstractAutowireCapableBeanFactory.doCreateBean(AbstractAutowireCapableBeanFactory.java:555) ~[spring-beans-5.1.8.RELEASE.jar:5.1.8.RELEASE]
	at org.springframework.beans.factory.support.AbstractAutowireCapableBeanFactory.createBean(AbstractAutowireCapableBeanFactory.java:515) ~[spring-beans-5.1.8.RELEASE.jar:5.1.8.RELEASE]
	at org.springframework.beans.factory.support.AbstractBeanFactory.lambda$doGetBean$0(AbstractBeanFactory.java:320) ~[spring-beans-5.1.8.RELEASE.jar:5.1.8.RELEASE]
	at org.springframework.beans.factory.support.DefaultSingletonBeanRegistry.getSingleton(DefaultSingletonBeanRegistry.java:222) ~[spring-beans-5.1.8.RELEASE.jar:5.1.8.RELEASE]
	at org.springframework.beans.factory.support.AbstractBeanFactory.doGetBean(AbstractBeanFactory.java:318) ~[spring-beans-5.1.8.RELEASE.jar:5.1.8.RELEASE]
	at org.springframework.beans.factory.support.AbstractBeanFactory.getBean(AbstractBeanFactory.java:199) ~[spring-beans-5.1.8.RELEASE.jar:5.1.8.RELEASE]
	at org.springframework.beans.factory.support.ConstructorResolver.instantiateUsingFactoryMethod(ConstructorResolver.java:392) ~[spring-beans-5.1.8.RELEASE.jar:5.1.8.RELEASE]
	at org.springframework.beans.factory.support.AbstractAutowireCapableBeanFactory.instantiateUsingFactoryMethod(AbstractAutowireCapableBeanFactory.java:1321) ~[spring-beans-5.1.8.RELEASE.jar:5.1.8.RELEASE]
	at org.springframework.beans.factory.support.AbstractAutowireCapableBeanFactory.createBeanInstance(AbstractAutowireCapableBeanFactory.java:1160) ~[spring-beans-5.1.8.RELEASE.jar:5.1.8.RELEASE]
	at org.springframework.beans.factory.support.AbstractAutowireCapableBeanFactory.doCreateBean(AbstractAutowireCapableBeanFactory.java:555) ~[spring-beans-5.1.8.RELEASE.jar:5.1.8.RELEASE]
	at org.springframework.beans.factory.support.AbstractAutowireCapableBeanFactory.createBean(AbstractAutowireCapableBeanFactory.java:515) ~[spring-beans-5.1.8.RELEASE.jar:5.1.8.RELEASE]
	at org.springframework.beans.factory.support.AbstractBeanFactory.lambda$doGetBean$0(AbstractBeanFactory.java:320) ~[spring-beans-5.1.8.RELEASE.jar:5.1.8.RELEASE]
	at org.springframework.beans.factory.support.DefaultSingletonBeanRegistry.getSingleton(DefaultSingletonBeanRegistry.java:222) ~[spring-beans-5.1.8.RELEASE.jar:5.1.8.RELEASE]
	at org.springframework.beans.factory.support.AbstractBeanFactory.doGetBean(AbstractBeanFactory.java:318) ~[spring-beans-5.1.8.RELEASE.jar:5.1.8.RELEASE]
	at org.springframework.beans.factory.support.AbstractBeanFactory.getBean(AbstractBeanFactory.java:199) ~[spring-beans-5.1.8.RELEASE.jar:5.1.8.RELEASE]
	at org.springframework.context.support.AbstractApplicationContext.getBean(AbstractApplicationContext.java:1105) ~[spring-context-5.1.8.RELEASE.jar:5.1.8.RELEASE]
	at org.springframework.context.support.AbstractApplicationContext.finishBeanFactoryInitialization(AbstractApplicationContext.java:867) ~[spring-context-5.1.8.RELEASE.jar:5.1.8.RELEASE]
	at org.springframework.context.support.AbstractApplicationContext.refresh(AbstractApplicationContext.java:549) ~[spring-context-5.1.8.RELEASE.jar:5.1.8.RELEASE]
	at org.springframework.boot.SpringApplication.refresh(SpringApplication.java:742) ~[spring-boot-2.1.6.RELEASE.jar:2.1.6.RELEASE]
	at org.springframework.boot.SpringApplication.refreshContext(SpringApplication.java:389) ~[spring-boot-2.1.6.RELEASE.jar:2.1.6.RELEASE]
	at org.springframework.boot.SpringApplication.run(SpringApplication.java:311) ~[spring-boot-2.1.6.RELEASE.jar:2.1.6.RELEASE]
	at org.springframework.boot.test.context.SpringBootContextLoader.loadContext(SpringBootContextLoader.java:119) [spring-boot-test-2.1.6.RELEASE.jar:2.1.6.RELEASE]
	at org.springframework.test.context.cache.DefaultCacheAwareContextLoaderDelegate.loadContextInternal(DefaultCacheAwareContextLoaderDelegate.java:99) [spring-test-5.1.8.RELEASE.jar:5.1.8.RELEASE]
	at org.springframework.test.context.cache.DefaultCacheAwareContextLoaderDelegate.loadContext(DefaultCacheAwareContextLoaderDelegate.java:117) [spring-test-5.1.8.RELEASE.jar:5.1.8.RELEASE]
	at org.springframework.test.context.support.DefaultTestContext.getApplicationContext(DefaultTestContext.java:108) [spring-test-5.1.8.RELEASE.jar:5.1.8.RELEASE]
	at org.springframework.test.context.support.DependencyInjectionTestExecutionListener.injectDependencies(DependencyInjectionTestExecutionListener.java:118) [spring-test-5.1.8.RELEASE.jar:5.1.8.RELEASE]
	at org.springframework.test.context.support.DependencyInjectionTestExecutionListener.prepareTestInstance(DependencyInjectionTestExecutionListener.java:83) [spring-test-5.1.8.RELEASE.jar:5.1.8.RELEASE]
	at org.springframework.boot.test.autoconfigure.SpringBootDependencyInjectionTestExecutionListener.prepareTestInstance(SpringBootDependencyInjectionTestExecutionListener.java:43) [spring-boot-test-autoconfigure-2.1.6.RELEASE.jar:2.1.6.RELEASE]
	at org.springframework.test.context.TestContextManager.prepareTestInstance(TestContextManager.java:246) [spring-test-5.1.8.RELEASE.jar:5.1.8.RELEASE]
	at org.springframework.test.context.junit4.SpringJUnit4ClassRunner.createTest(SpringJUnit4ClassRunner.java:227) [spring-test-5.1.8.RELEASE.jar:5.1.8.RELEASE]
	at org.springframework.test.context.junit4.SpringJUnit4ClassRunner$1.runReflectiveCall(SpringJUnit4ClassRunner.java:289) [spring-test-5.1.8.RELEASE.jar:5.1.8.RELEASE]
	at org.junit.internal.runners.model.ReflectiveCallable.run(ReflectiveCallable.java:12) [junit-4.12.jar:4.12]
	at org.springframework.test.context.junit4.SpringJUnit4ClassRunner.methodBlock(SpringJUnit4ClassRunner.java:291) [spring-test-5.1.8.RELEASE.jar:5.1.8.RELEASE]
	at org.springframework.test.context.junit4.SpringJUnit4ClassRunner.runChild(SpringJUnit4ClassRunner.java:246) [spring-test-5.1.8.RELEASE.jar:5.1.8.RELEASE]
	at org.springframework.test.context.junit4.SpringJUnit4ClassRunner.runChild(SpringJUnit4ClassRunner.java:97) [spring-test-5.1.8.RELEASE.jar:5.1.8.RELEASE]
	at org.junit.runners.ParentRunner$3.run(ParentRunner.java:290) [junit-4.12.jar:4.12]
	at org.junit.runners.ParentRunner$1.schedule(ParentRunner.java:71) [junit-4.12.jar:4.12]
	at org.junit.runners.ParentRunner.runChildren(ParentRunner.java:288) [junit-4.12.jar:4.12]
	at org.junit.runners.ParentRunner.access$000(ParentRunner.java:58) [junit-4.12.jar:4.12]
	at org.junit.runners.ParentRunner$2.evaluate(ParentRunner.java:268) [junit-4.12.jar:4.12]
	at org.springframework.test.context.junit4.statements.RunBeforeTestClassCallbacks.evaluate(RunBeforeTestClassCallbacks.java:61) [spring-test-5.1.8.RELEASE.jar:5.1.8.RELEASE]
	at org.springframework.test.context.junit4.statements.RunAfterTestClassCallbacks.evaluate(RunAfterTestClassCallbacks.java:70) [spring-test-5.1.8.RELEASE.jar:5.1.8.RELEASE]
	at org.junit.runners.ParentRunner.run(ParentRunner.java:363) [junit-4.12.jar:4.12]
	at org.springframework.test.context.junit4.SpringJUnit4ClassRunner.run(SpringJUnit4ClassRunner.java:190) [spring-test-5.1.8.RELEASE.jar:5.1.8.RELEASE]
	at org.apache.maven.surefire.junit4.JUnit4Provider.execute(JUnit4Provider.java:365) [surefire-junit4-2.22.2.jar:2.22.2]
	at org.apache.maven.surefire.junit4.JUnit4Provider.executeWithRerun(JUnit4Provider.java:273) [surefire-junit4-2.22.2.jar:2.22.2]
	at org.apache.maven.surefire.junit4.JUnit4Provider.executeTestSet(JUnit4Provider.java:238) [surefire-junit4-2.22.2.jar:2.22.2]
	at org.apache.maven.surefire.junit4.JUnit4Provider.invoke(JUnit4Provider.java:159) [surefire-junit4-2.22.2.jar:2.22.2]
	at org.apache.maven.surefire.booter.ForkedBooter.invokeProviderInSameClassLoader(ForkedBooter.java:384) [surefire-booter-2.22.2.jar:2.22.2]
	at org.apache.maven.surefire.booter.ForkedBooter.runSuitesInProcess(ForkedBooter.java:345) [surefire-booter-2.22.2.jar:2.22.2]
	at org.apache.maven.surefire.booter.ForkedBooter.execute(ForkedBooter.java:126) [surefire-booter-2.22.2.jar:2.22.2]
	at org.apache.maven.surefire.booter.ForkedBooter.main(ForkedBooter.java:418) [surefire-booter-2.22.2.jar:2.22.2]
Caused by: org.springframework.beans.factory.BeanCreationException: Error creating bean with name 'dataSource': Post-processing of FactoryBean's singleton object failed; nested exception is org.springframework.beans.factory.BeanCreationException: Error creating bean with name 'org.springframework.boot.autoconfigure.jdbc.DataSourceInitializerInvoker': Invocation of init method failed; nested exception is org.springframework.jdbc.datasource.init.ScriptStatementFailedException: Failed to execute SQL script statement #5 of URL [file:/D:/Documents/BscIT/ThirdYear/Semester%202/CMPG323/Project%201/Software/AccountSystemRepository/target/test-classes/schema.sql]: CREATE TABLE CMPG323.ACCOUNT_TX_DETAILS ( ACCOUNT_TX_DETAILS_ID BIGINT NOT NULL, TX_ID BIGINT NOT NULL, PARTNER_NAME VARCHAR(255) NOT NULL, NUMBER_OF_ITEMS BIGINT NOT NULL, PRIMARY KEY (ACCOUNT_TX_DETAILS_ID), CONSTRAINT FK_ACCOUNT_TYPE_IDL FOREIGN KEY (ACCOUNT_TYPE_ID) REFERENCES CMPG323.DEMO_ACCOUNT_TYPE (ACCOUNT_TYPE_ID), ); nested exception is org.h2.jdbc.JdbcSQLSyntaxErrorException: Constraint "FK_ACCOUNT_TYPE_IDL" already exists; SQL statement:
CREATE TABLE CMPG323.ACCOUNT_TX_DETAILS ( ACCOUNT_TX_DETAILS_ID BIGINT NOT NULL, TX_ID BIGINT NOT NULL, PARTNER_NAME VARCHAR(255) NOT NULL, NUMBER_OF_ITEMS BIGINT NOT NULL, PRIMARY KEY (ACCOUNT_TX_DETAILS_ID), CONSTRAINT FK_ACCOUNT_TYPE_IDL FOREIGN KEY (ACCOUNT_TYPE_ID) REFERENCES CMPG323.DEMO_ACCOUNT_TYPE (ACCOUNT_TYPE_ID), ) [90045-199]
	at org.springframework.beans.factory.support.FactoryBeanRegistrySupport.getObjectFromFactoryBean(FactoryBeanRegistrySupport.java:119) ~[spring-beans-5.1.8.RELEASE.jar:5.1.8.RELEASE]
	at org.springframework.beans.factory.support.AbstractBeanFactory.getObjectForBeanInstance(AbstractBeanFactory.java:1674) ~[spring-beans-5.1.8.RELEASE.jar:5.1.8.RELEASE]
	at org.springframework.beans.factory.support.AbstractAutowireCapableBeanFactory.getObjectForBeanInstance(AbstractAutowireCapableBeanFactory.java:1249) ~[spring-beans-5.1.8.RELEASE.jar:5.1.8.RELEASE]
	at org.springframework.beans.factory.support.AbstractBeanFactory.doGetBean(AbstractBeanFactory.java:330) ~[spring-beans-5.1.8.RELEASE.jar:5.1.8.RELEASE]
	at org.springframework.beans.factory.support.AbstractBeanFactory.getBean(AbstractBeanFactory.java:199) ~[spring-beans-5.1.8.RELEASE.jar:5.1.8.RELEASE]
	at org.springframework.beans.factory.config.DependencyDescriptor.resolveCandidate(DependencyDescriptor.java:277) ~[spring-beans-5.1.8.RELEASE.jar:5.1.8.RELEASE]
	at org.springframework.beans.factory.support.DefaultListableBeanFactory.doResolveDependency(DefaultListableBeanFactory.java:1251) ~[spring-beans-5.1.8.RELEASE.jar:5.1.8.RELEASE]
	at org.springframework.beans.factory.support.DefaultListableBeanFactory.resolveDependency(DefaultListableBeanFactory.java:1171) ~[spring-beans-5.1.8.RELEASE.jar:5.1.8.RELEASE]
	at org.springframework.beans.factory.support.ConstructorResolver.resolveAutowiredArgument(ConstructorResolver.java:857) ~[spring-beans-5.1.8.RELEASE.jar:5.1.8.RELEASE]
	at org.springframework.beans.factory.support.ConstructorResolver.createArgumentArray(ConstructorResolver.java:760) ~[spring-beans-5.1.8.RELEASE.jar:5.1.8.RELEASE]
	... 55 common frames omitted
Caused by: org.springframework.beans.factory.BeanCreationException: Error creating bean with name 'org.springframework.boot.autoconfigure.jdbc.DataSourceInitializerInvoker': Invocation of init method failed; nested exception is org.springframework.jdbc.datasource.init.ScriptStatementFailedException: Failed to execute SQL script statement #5 of URL [file:/D:/Documents/BscIT/ThirdYear/Semester%202/CMPG323/Project%201/Software/AccountSystemRepository/target/test-classes/schema.sql]: CREATE TABLE CMPG323.ACCOUNT_TX_DETAILS ( ACCOUNT_TX_DETAILS_ID BIGINT NOT NULL, TX_ID BIGINT NOT NULL, PARTNER_NAME VARCHAR(255) NOT NULL, NUMBER_OF_ITEMS BIGINT NOT NULL, PRIMARY KEY (ACCOUNT_TX_DETAILS_ID), CONSTRAINT FK_ACCOUNT_TYPE_IDL FOREIGN KEY (ACCOUNT_TYPE_ID) REFERENCES CMPG323.DEMO_ACCOUNT_TYPE (ACCOUNT_TYPE_ID), ); nested exception is org.h2.jdbc.JdbcSQLSyntaxErrorException: Constraint "FK_ACCOUNT_TYPE_IDL" already exists; SQL statement:
CREATE TABLE CMPG323.ACCOUNT_TX_DETAILS ( ACCOUNT_TX_DETAILS_ID BIGINT NOT NULL, TX_ID BIGINT NOT NULL, PARTNER_NAME VARCHAR(255) NOT NULL, NUMBER_OF_ITEMS BIGINT NOT NULL, PRIMARY KEY (ACCOUNT_TX_DETAILS_ID), CONSTRAINT FK_ACCOUNT_TYPE_IDL FOREIGN KEY (ACCOUNT_TYPE_ID) REFERENCES CMPG323.DEMO_ACCOUNT_TYPE (ACCOUNT_TYPE_ID), ) [90045-199]
	at org.springframework.beans.factory.support.AbstractAutowireCapableBeanFactory.initializeBean(AbstractAutowireCapableBeanFactory.java:1778) ~[spring-beans-5.1.8.RELEASE.jar:5.1.8.RELEASE]
	at org.springframework.beans.factory.support.AbstractAutowireCapableBeanFactory.doCreateBean(AbstractAutowireCapableBeanFactory.java:593) ~[spring-beans-5.1.8.RELEASE.jar:5.1.8.RELEASE]
	at org.springframework.beans.factory.support.AbstractAutowireCapableBeanFactory.createBean(AbstractAutowireCapableBeanFactory.java:515) ~[spring-beans-5.1.8.RELEASE.jar:5.1.8.RELEASE]
	at org.springframework.beans.factory.support.AbstractBeanFactory.lambda$doGetBean$0(AbstractBeanFactory.java:320) ~[spring-beans-5.1.8.RELEASE.jar:5.1.8.RELEASE]
	at org.springframework.beans.factory.support.DefaultSingletonBeanRegistry.getSingleton(DefaultSingletonBeanRegistry.java:222) ~[spring-beans-5.1.8.RELEASE.jar:5.1.8.RELEASE]
	at org.springframework.beans.factory.support.AbstractBeanFactory.doGetBean(AbstractBeanFactory.java:318) ~[spring-beans-5.1.8.RELEASE.jar:5.1.8.RELEASE]
	at org.springframework.beans.factory.support.AbstractBeanFactory.getBean(AbstractBeanFactory.java:224) ~[spring-beans-5.1.8.RELEASE.jar:5.1.8.RELEASE]
	at org.springframework.beans.factory.support.DefaultListableBeanFactory.resolveNamedBean(DefaultListableBeanFactory.java:1119) ~[spring-beans-5.1.8.RELEASE.jar:5.1.8.RELEASE]
	at org.springframework.beans.factory.support.DefaultListableBeanFactory.resolveBean(DefaultListableBeanFactory.java:411) ~[spring-beans-5.1.8.RELEASE.jar:5.1.8.RELEASE]
	at org.springframework.beans.factory.support.DefaultListableBeanFactory.getBean(DefaultListableBeanFactory.java:344) ~[spring-beans-5.1.8.RELEASE.jar:5.1.8.RELEASE]
	at org.springframework.beans.factory.support.DefaultListableBeanFactory.getBean(DefaultListableBeanFactory.java:337) ~[spring-beans-5.1.8.RELEASE.jar:5.1.8.RELEASE]
	at org.springframework.boot.autoconfigure.jdbc.DataSourceInitializerPostProcessor.postProcessAfterInitialization(DataSourceInitializerPostProcessor.java:53) ~[spring-boot-autoconfigure-2.1.6.RELEASE.jar:2.1.6.RELEASE]
	at org.springframework.beans.factory.support.AbstractAutowireCapableBeanFactory.applyBeanPostProcessorsAfterInitialization(AbstractAutowireCapableBeanFactory.java:429) ~[spring-beans-5.1.8.RELEASE.jar:5.1.8.RELEASE]
	at org.springframework.beans.factory.support.AbstractAutowireCapableBeanFactory.postProcessObjectFromFactoryBean(AbstractAutowireCapableBeanFactory.java:1921) ~[spring-beans-5.1.8.RELEASE.jar:5.1.8.RELEASE]
	at org.springframework.beans.factory.support.FactoryBeanRegistrySupport.getObjectFromFactoryBean(FactoryBeanRegistrySupport.java:116) ~[spring-beans-5.1.8.RELEASE.jar:5.1.8.RELEASE]
	... 64 common frames omitted
Caused by: org.springframework.jdbc.datasource.init.ScriptStatementFailedException: Failed to execute SQL script statement #5 of URL [file:/D:/Documents/BscIT/ThirdYear/Semester%202/CMPG323/Project%201/Software/AccountSystemRepository/target/test-classes/schema.sql]: CREATE TABLE CMPG323.ACCOUNT_TX_DETAILS ( ACCOUNT_TX_DETAILS_ID BIGINT NOT NULL, TX_ID BIGINT NOT NULL, PARTNER_NAME VARCHAR(255) NOT NULL, NUMBER_OF_ITEMS BIGINT NOT NULL, PRIMARY KEY (ACCOUNT_TX_DETAILS_ID), CONSTRAINT FK_ACCOUNT_TYPE_IDL FOREIGN KEY (ACCOUNT_TYPE_ID) REFERENCES CMPG323.DEMO_ACCOUNT_TYPE (ACCOUNT_TYPE_ID), ); nested exception is org.h2.jdbc.JdbcSQLSyntaxErrorException: Constraint "FK_ACCOUNT_TYPE_IDL" already exists; SQL statement:
CREATE TABLE CMPG323.ACCOUNT_TX_DETAILS ( ACCOUNT_TX_DETAILS_ID BIGINT NOT NULL, TX_ID BIGINT NOT NULL, PARTNER_NAME VARCHAR(255) NOT NULL, NUMBER_OF_ITEMS BIGINT NOT NULL, PRIMARY KEY (ACCOUNT_TX_DETAILS_ID), CONSTRAINT FK_ACCOUNT_TYPE_IDL FOREIGN KEY (ACCOUNT_TYPE_ID) REFERENCES CMPG323.DEMO_ACCOUNT_TYPE (ACCOUNT_TYPE_ID), ) [90045-199]
	at org.springframework.jdbc.datasource.init.ScriptUtils.executeSqlScript(ScriptUtils.java:509) ~[spring-jdbc-5.1.8.RELEASE.jar:5.1.8.RELEASE]
	at org.springframework.jdbc.datasource.init.ResourceDatabasePopulator.populate(ResourceDatabasePopulator.java:238) ~[spring-jdbc-5.1.8.RELEASE.jar:5.1.8.RELEASE]
	at org.springframework.jdbc.datasource.init.DatabasePopulatorUtils.execute(DatabasePopulatorUtils.java:48) ~[spring-jdbc-5.1.8.RELEASE.jar:5.1.8.RELEASE]
	at org.springframework.boot.autoconfigure.jdbc.DataSourceInitializer.runScripts(DataSourceInitializer.java:202) ~[spring-boot-autoconfigure-2.1.6.RELEASE.jar:2.1.6.RELEASE]
	at org.springframework.boot.autoconfigure.jdbc.DataSourceInitializer.createSchema(DataSourceInitializer.java:101) ~[spring-boot-autoconfigure-2.1.6.RELEASE.jar:2.1.6.RELEASE]
	at org.springframework.boot.autoconfigure.jdbc.DataSourceInitializerInvoker.afterPropertiesSet(DataSourceInitializerInvoker.java:62) ~[spring-boot-autoconfigure-2.1.6.RELEASE.jar:2.1.6.RELEASE]
	at org.springframework.beans.factory.support.AbstractAutowireCapableBeanFactory.invokeInitMethods(AbstractAutowireCapableBeanFactory.java:1837) ~[spring-beans-5.1.8.RELEASE.jar:5.1.8.RELEASE]
	at org.springframework.beans.factory.support.AbstractAutowireCapableBeanFactory.initializeBean(AbstractAutowireCapableBeanFactory.java:1774) ~[spring-beans-5.1.8.RELEASE.jar:5.1.8.RELEASE]
	... 78 common frames omitted
Caused by: org.h2.jdbc.JdbcSQLSyntaxErrorException: Constraint "FK_ACCOUNT_TYPE_IDL" already exists; SQL statement:
CREATE TABLE CMPG323.ACCOUNT_TX_DETAILS ( ACCOUNT_TX_DETAILS_ID BIGINT NOT NULL, TX_ID BIGINT NOT NULL, PARTNER_NAME VARCHAR(255) NOT NULL, NUMBER_OF_ITEMS BIGINT NOT NULL, PRIMARY KEY (ACCOUNT_TX_DETAILS_ID), CONSTRAINT FK_ACCOUNT_TYPE_IDL FOREIGN KEY (ACCOUNT_TYPE_ID) REFERENCES CMPG323.DEMO_ACCOUNT_TYPE (ACCOUNT_TYPE_ID), ) [90045-199]
	at org.h2.message.DbException.getJdbcSQLException(DbException.java:573) ~[h2-1.4.199.jar:1.4.199]
	at org.h2.message.DbException.getJdbcSQLException(DbException.java:427) ~[h2-1.4.199.jar:1.4.199]
	at org.h2.message.DbException.get(DbException.java:205) ~[h2-1.4.199.jar:1.4.199]
	at org.h2.message.DbException.get(DbException.java:181) ~[h2-1.4.199.jar:1.4.199]
	at org.h2.command.ddl.AlterTableAddConstraint.tryUpdate(AlterTableAddConstraint.java:114) ~[h2-1.4.199.jar:1.4.199]
	at org.h2.command.ddl.AlterTableAddConstraint.update(AlterTableAddConstraint.java:78) ~[h2-1.4.199.jar:1.4.199]
	at org.h2.command.ddl.CommandWithColumns.createConstraints(CommandWithColumns.java:83) ~[h2-1.4.199.jar:1.4.199]
	at org.h2.command.ddl.CreateTable.update(CreateTable.java:129) ~[h2-1.4.199.jar:1.4.199]
	at org.h2.command.CommandContainer.update(CommandContainer.java:133) ~[h2-1.4.199.jar:1.4.199]
	at org.h2.command.Command.executeUpdate(Command.java:267) ~[h2-1.4.199.jar:1.4.199]
	at org.h2.jdbc.JdbcStatement.executeInternal(JdbcStatement.java:233) ~[h2-1.4.199.jar:1.4.199]
	at org.h2.jdbc.JdbcStatement.execute(JdbcStatement.java:205) ~[h2-1.4.199.jar:1.4.199]
	at org.springframework.jdbc.datasource.init.ScriptUtils.executeSqlScript(ScriptUtils.java:488) ~[spring-jdbc-5.1.8.RELEASE.jar:5.1.8.RELEASE]
	... 85 common frames omitted


  .   ____          _            __ _ _
 /\\ / ___'_ __ _ _(_)_ __  __ _ \ \ \ \
( ( )\___ | '_ | '_| | '_ \/ _` | \ \ \ \
 \\/  ___)| |_)| | | | | || (_| |  ) ) ) )
  '  |____| .__|_| |_|_| |_\__, | / / / /
 =========|_|==============|___/=/_/_/_/
 :: Spring Boot ::        (v2.1.6.RELEASE)

2021-10-09 07:35:02.077  INFO 13704 --- [           main] z.a.n.a.r.p.AccountTypeRepositoryTest    : Starting AccountTypeRepositoryTest on DESKTOP-88F48D2 with PID 13704 (started by Bianca Piek in D:\Documents\BscIT\ThirdYear\Semester 2\CMPG323\Project 1\Software\AccountSystemRepository)
2021-10-09 07:35:02.077  INFO 13704 --- [           main] z.a.n.a.r.p.AccountTypeRepositoryTest    : No active profile set, falling back to default profiles: default
2021-10-09 07:35:02.117  INFO 13704 --- [           main] .s.d.r.c.RepositoryConfigurationDelegate : Bootstrapping Spring Data repositories in DEFAULT mode.
2021-10-09 07:35:02.122  INFO 13704 --- [           main] .s.d.r.c.RepositoryConfigurationDelegate : Finished Spring Data repository scanning in 5ms. Found 3 repository interfaces.
2021-10-09 07:35:02.127  INFO 13704 --- [           main] beddedDataSourceBeanFactoryPostProcessor : Replacing 'dataSource' DataSource bean with embedded version
2021-10-09 07:35:02.137  INFO 13704 --- [           main] o.s.j.d.e.EmbeddedDatabaseFactory        : Starting embedded database: url='jdbc:h2:mem:7654b2cb-c80e-47d3-b22a-15deeb7479da;DB_CLOSE_DELAY=-1;DB_CLOSE_ON_EXIT=false', username='sa'
2021-10-09 07:35:02.156  WARN 13704 --- [           main] s.c.a.AnnotationConfigApplicationContext : Exception encountered during context initialization - cancelling refresh attempt: org.springframework.beans.factory.UnsatisfiedDependencyException: Error creating bean with name 'org.springframework.boot.autoconfigure.orm.jpa.HibernateJpaConfiguration': Unsatisfied dependency expressed through constructor parameter 0; nested exception is org.springframework.beans.factory.BeanCreationException: Error creating bean with name 'dataSource': Post-processing of FactoryBean's singleton object failed; nested exception is org.springframework.beans.factory.BeanCreationException: Error creating bean with name 'org.springframework.boot.autoconfigure.jdbc.DataSourceInitializerInvoker': Invocation of init method failed; nested exception is org.springframework.jdbc.datasource.init.ScriptStatementFailedException: Failed to execute SQL script statement #5 of URL [file:/D:/Documents/BscIT/ThirdYear/Semester%202/CMPG323/Project%201/Software/AccountSystemRepository/target/test-classes/schema.sql]: CREATE TABLE CMPG323.ACCOUNT_TX_DETAILS ( ACCOUNT_TX_DETAILS_ID BIGINT NOT NULL, TX_ID BIGINT NOT NULL, PARTNER_NAME VARCHAR(255) NOT NULL, NUMBER_OF_ITEMS BIGINT NOT NULL, PRIMARY KEY (ACCOUNT_TX_DETAILS_ID), CONSTRAINT FK_ACCOUNT_TYPE_IDL FOREIGN KEY (ACCOUNT_TYPE_ID) REFERENCES CMPG323.DEMO_ACCOUNT_TYPE (ACCOUNT_TYPE_ID), ); nested exception is org.h2.jdbc.JdbcSQLSyntaxErrorException: Constraint "FK_ACCOUNT_TYPE_IDL" already exists; SQL statement:
CREATE TABLE CMPG323.ACCOUNT_TX_DETAILS ( ACCOUNT_TX_DETAILS_ID BIGINT NOT NULL, TX_ID BIGINT NOT NULL, PARTNER_NAME VARCHAR(255) NOT NULL, NUMBER_OF_ITEMS BIGINT NOT NULL, PRIMARY KEY (ACCOUNT_TX_DETAILS_ID), CONSTRAINT FK_ACCOUNT_TYPE_IDL FOREIGN KEY (ACCOUNT_TYPE_ID) REFERENCES CMPG323.DEMO_ACCOUNT_TYPE (ACCOUNT_TYPE_ID), ) [90045-199]
2021-10-09 07:35:02.156  INFO 13704 --- [           main] ConditionEvaluationReportLoggingListener : 

Error starting ApplicationContext. To display the conditions report re-run your application with 'debug' enabled.
2021-10-09 07:35:02.161 ERROR 13704 --- [           main] o.s.boot.SpringApplication               : Application run failed

org.springframework.beans.factory.UnsatisfiedDependencyException: Error creating bean with name 'org.springframework.boot.autoconfigure.orm.jpa.HibernateJpaConfiguration': Unsatisfied dependency expressed through constructor parameter 0; nested exception is org.springframework.beans.factory.BeanCreationException: Error creating bean with name 'dataSource': Post-processing of FactoryBean's singleton object failed; nested exception is org.springframework.beans.factory.BeanCreationException: Error creating bean with name 'org.springframework.boot.autoconfigure.jdbc.DataSourceInitializerInvoker': Invocation of init method failed; nested exception is org.springframework.jdbc.datasource.init.ScriptStatementFailedException: Failed to execute SQL script statement #5 of URL [file:/D:/Documents/BscIT/ThirdYear/Semester%202/CMPG323/Project%201/Software/AccountSystemRepository/target/test-classes/schema.sql]: CREATE TABLE CMPG323.ACCOUNT_TX_DETAILS ( ACCOUNT_TX_DETAILS_ID BIGINT NOT NULL, TX_ID BIGINT NOT NULL, PARTNER_NAME VARCHAR(255) NOT NULL, NUMBER_OF_ITEMS BIGINT NOT NULL, PRIMARY KEY (ACCOUNT_TX_DETAILS_ID), CONSTRAINT FK_ACCOUNT_TYPE_IDL FOREIGN KEY (ACCOUNT_TYPE_ID) REFERENCES CMPG323.DEMO_ACCOUNT_TYPE (ACCOUNT_TYPE_ID), ); nested exception is org.h2.jdbc.JdbcSQLSyntaxErrorException: Constraint "FK_ACCOUNT_TYPE_IDL" already exists; SQL statement:
CREATE TABLE CMPG323.ACCOUNT_TX_DETAILS ( ACCOUNT_TX_DETAILS_ID BIGINT NOT NULL, TX_ID BIGINT NOT NULL, PARTNER_NAME VARCHAR(255) NOT NULL, NUMBER_OF_ITEMS BIGINT NOT NULL, PRIMARY KEY (ACCOUNT_TX_DETAILS_ID), CONSTRAINT FK_ACCOUNT_TYPE_IDL FOREIGN KEY (ACCOUNT_TYPE_ID) REFERENCES CMPG323.DEMO_ACCOUNT_TYPE (ACCOUNT_TYPE_ID), ) [90045-199]
	at org.springframework.beans.factory.support.ConstructorResolver.createArgumentArray(ConstructorResolver.java:769) ~[spring-beans-5.1.8.RELEASE.jar:5.1.8.RELEASE]
	at org.springframework.beans.factory.support.ConstructorResolver.autowireConstructor(ConstructorResolver.java:218) ~[spring-beans-5.1.8.RELEASE.jar:5.1.8.RELEASE]
	at org.springframework.beans.factory.support.AbstractAutowireCapableBeanFactory.autowireConstructor(AbstractAutowireCapableBeanFactory.java:1341) ~[spring-beans-5.1.8.RELEASE.jar:5.1.8.RELEASE]
	at org.springframework.beans.factory.support.AbstractAutowireCapableBeanFactory.createBeanInstance(AbstractAutowireCapableBeanFactory.java:1187) ~[spring-beans-5.1.8.RELEASE.jar:5.1.8.RELEASE]
	at org.springframework.beans.factory.support.AbstractAutowireCapableBeanFactory.doCreateBean(AbstractAutowireCapableBeanFactory.java:555) ~[spring-beans-5.1.8.RELEASE.jar:5.1.8.RELEASE]
	at org.springframework.beans.factory.support.AbstractAutowireCapableBeanFactory.createBean(AbstractAutowireCapableBeanFactory.java:515) ~[spring-beans-5.1.8.RELEASE.jar:5.1.8.RELEASE]
	at org.springframework.beans.factory.support.AbstractBeanFactory.lambda$doGetBean$0(AbstractBeanFactory.java:320) ~[spring-beans-5.1.8.RELEASE.jar:5.1.8.RELEASE]
	at org.springframework.beans.factory.support.DefaultSingletonBeanRegistry.getSingleton(DefaultSingletonBeanRegistry.java:222) ~[spring-beans-5.1.8.RELEASE.jar:5.1.8.RELEASE]
	at org.springframework.beans.factory.support.AbstractBeanFactory.doGetBean(AbstractBeanFactory.java:318) ~[spring-beans-5.1.8.RELEASE.jar:5.1.8.RELEASE]
	at org.springframework.beans.factory.support.AbstractBeanFactory.getBean(AbstractBeanFactory.java:199) ~[spring-beans-5.1.8.RELEASE.jar:5.1.8.RELEASE]
	at org.springframework.beans.factory.support.ConstructorResolver.instantiateUsingFactoryMethod(ConstructorResolver.java:392) ~[spring-beans-5.1.8.RELEASE.jar:5.1.8.RELEASE]
	at org.springframework.beans.factory.support.AbstractAutowireCapableBeanFactory.instantiateUsingFactoryMethod(AbstractAutowireCapableBeanFactory.java:1321) ~[spring-beans-5.1.8.RELEASE.jar:5.1.8.RELEASE]
	at org.springframework.beans.factory.support.AbstractAutowireCapableBeanFactory.createBeanInstance(AbstractAutowireCapableBeanFactory.java:1160) ~[spring-beans-5.1.8.RELEASE.jar:5.1.8.RELEASE]
	at org.springframework.beans.factory.support.AbstractAutowireCapableBeanFactory.doCreateBean(AbstractAutowireCapableBeanFactory.java:555) ~[spring-beans-5.1.8.RELEASE.jar:5.1.8.RELEASE]
	at org.springframework.beans.factory.support.AbstractAutowireCapableBeanFactory.createBean(AbstractAutowireCapableBeanFactory.java:515) ~[spring-beans-5.1.8.RELEASE.jar:5.1.8.RELEASE]
	at org.springframework.beans.factory.support.AbstractBeanFactory.lambda$doGetBean$0(AbstractBeanFactory.java:320) ~[spring-beans-5.1.8.RELEASE.jar:5.1.8.RELEASE]
	at org.springframework.beans.factory.support.DefaultSingletonBeanRegistry.getSingleton(DefaultSingletonBeanRegistry.java:222) ~[spring-beans-5.1.8.RELEASE.jar:5.1.8.RELEASE]
	at org.springframework.beans.factory.support.AbstractBeanFactory.doGetBean(AbstractBeanFactory.java:318) ~[spring-beans-5.1.8.RELEASE.jar:5.1.8.RELEASE]
	at org.springframework.beans.factory.support.AbstractBeanFactory.getBean(AbstractBeanFactory.java:199) ~[spring-beans-5.1.8.RELEASE.jar:5.1.8.RELEASE]
	at org.springframework.context.support.AbstractApplicationContext.getBean(AbstractApplicationContext.java:1105) ~[spring-context-5.1.8.RELEASE.jar:5.1.8.RELEASE]
	at org.springframework.context.support.AbstractApplicationContext.finishBeanFactoryInitialization(AbstractApplicationContext.java:867) ~[spring-context-5.1.8.RELEASE.jar:5.1.8.RELEASE]
	at org.springframework.context.support.AbstractApplicationContext.refresh(AbstractApplicationContext.java:549) ~[spring-context-5.1.8.RELEASE.jar:5.1.8.RELEASE]
	at org.springframework.boot.SpringApplication.refresh(SpringApplication.java:742) ~[spring-boot-2.1.6.RELEASE.jar:2.1.6.RELEASE]
	at org.springframework.boot.SpringApplication.refreshContext(SpringApplication.java:389) ~[spring-boot-2.1.6.RELEASE.jar:2.1.6.RELEASE]
	at org.springframework.boot.SpringApplication.run(SpringApplication.java:311) ~[spring-boot-2.1.6.RELEASE.jar:2.1.6.RELEASE]
	at org.springframework.boot.test.context.SpringBootContextLoader.loadContext(SpringBootContextLoader.java:119) [spring-boot-test-2.1.6.RELEASE.jar:2.1.6.RELEASE]
	at org.springframework.test.context.cache.DefaultCacheAwareContextLoaderDelegate.loadContextInternal(DefaultCacheAwareContextLoaderDelegate.java:99) [spring-test-5.1.8.RELEASE.jar:5.1.8.RELEASE]
	at org.springframework.test.context.cache.DefaultCacheAwareContextLoaderDelegate.loadContext(DefaultCacheAwareContextLoaderDelegate.java:117) [spring-test-5.1.8.RELEASE.jar:5.1.8.RELEASE]
	at org.springframework.test.context.support.DefaultTestContext.getApplicationContext(DefaultTestContext.java:108) [spring-test-5.1.8.RELEASE.jar:5.1.8.RELEASE]
	at org.springframework.boot.test.autoconfigure.SpringBootDependencyInjectionTestExecutionListener.outputConditionEvaluationReport(SpringBootDependencyInjectionTestExecutionListener.java:53) [spring-boot-test-autoconfigure-2.1.6.RELEASE.jar:2.1.6.RELEASE]
	at org.springframework.boot.test.autoconfigure.SpringBootDependencyInjectionTestExecutionListener.prepareTestInstance(SpringBootDependencyInjectionTestExecutionListener.java:46) [spring-boot-test-autoconfigure-2.1.6.RELEASE.jar:2.1.6.RELEASE]
	at org.springframework.test.context.TestContextManager.prepareTestInstance(TestContextManager.java:246) [spring-test-5.1.8.RELEASE.jar:5.1.8.RELEASE]
	at org.springframework.test.context.junit4.SpringJUnit4ClassRunner.createTest(SpringJUnit4ClassRunner.java:227) [spring-test-5.1.8.RELEASE.jar:5.1.8.RELEASE]
	at org.springframework.test.context.junit4.SpringJUnit4ClassRunner$1.runReflectiveCall(SpringJUnit4ClassRunner.java:289) [spring-test-5.1.8.RELEASE.jar:5.1.8.RELEASE]
	at org.junit.internal.runners.model.ReflectiveCallable.run(ReflectiveCallable.java:12) [junit-4.12.jar:4.12]
	at org.springframework.test.context.junit4.SpringJUnit4ClassRunner.methodBlock(SpringJUnit4ClassRunner.java:291) [spring-test-5.1.8.RELEASE.jar:5.1.8.RELEASE]
	at org.springframework.test.context.junit4.SpringJUnit4ClassRunner.runChild(SpringJUnit4ClassRunner.java:246) [spring-test-5.1.8.RELEASE.jar:5.1.8.RELEASE]
	at org.springframework.test.context.junit4.SpringJUnit4ClassRunner.runChild(SpringJUnit4ClassRunner.java:97) [spring-test-5.1.8.RELEASE.jar:5.1.8.RELEASE]
	at org.junit.runners.ParentRunner$3.run(ParentRunner.java:290) [junit-4.12.jar:4.12]
	at org.junit.runners.ParentRunner$1.schedule(ParentRunner.java:71) [junit-4.12.jar:4.12]
	at org.junit.runners.ParentRunner.runChildren(ParentRunner.java:288) [junit-4.12.jar:4.12]
	at org.junit.runners.ParentRunner.access$000(ParentRunner.java:58) [junit-4.12.jar:4.12]
	at org.junit.runners.ParentRunner$2.evaluate(ParentRunner.java:268) [junit-4.12.jar:4.12]
	at org.springframework.test.context.junit4.statements.RunBeforeTestClassCallbacks.evaluate(RunBeforeTestClassCallbacks.java:61) [spring-test-5.1.8.RELEASE.jar:5.1.8.RELEASE]
	at org.springframework.test.context.junit4.statements.RunAfterTestClassCallbacks.evaluate(RunAfterTestClassCallbacks.java:70) [spring-test-5.1.8.RELEASE.jar:5.1.8.RELEASE]
	at org.junit.runners.ParentRunner.run(ParentRunner.java:363) [junit-4.12.jar:4.12]
	at org.springframework.test.context.junit4.SpringJUnit4ClassRunner.run(SpringJUnit4ClassRunner.java:190) [spring-test-5.1.8.RELEASE.jar:5.1.8.RELEASE]
	at org.apache.maven.surefire.junit4.JUnit4Provider.execute(JUnit4Provider.java:365) [surefire-junit4-2.22.2.jar:2.22.2]
	at org.apache.maven.surefire.junit4.JUnit4Provider.executeWithRerun(JUnit4Provider.java:273) [surefire-junit4-2.22.2.jar:2.22.2]
	at org.apache.maven.surefire.junit4.JUnit4Provider.executeTestSet(JUnit4Provider.java:238) [surefire-junit4-2.22.2.jar:2.22.2]
	at org.apache.maven.surefire.junit4.JUnit4Provider.invoke(JUnit4Provider.java:159) [surefire-junit4-2.22.2.jar:2.22.2]
	at org.apache.maven.surefire.booter.ForkedBooter.invokeProviderInSameClassLoader(ForkedBooter.java:384) [surefire-booter-2.22.2.jar:2.22.2]
	at org.apache.maven.surefire.booter.ForkedBooter.runSuitesInProcess(ForkedBooter.java:345) [surefire-booter-2.22.2.jar:2.22.2]
	at org.apache.maven.surefire.booter.ForkedBooter.execute(ForkedBooter.java:126) [surefire-booter-2.22.2.jar:2.22.2]
	at org.apache.maven.surefire.booter.ForkedBooter.main(ForkedBooter.java:418) [surefire-booter-2.22.2.jar:2.22.2]
Caused by: org.springframework.beans.factory.BeanCreationException: Error creating bean with name 'dataSource': Post-processing of FactoryBean's singleton object failed; nested exception is org.springframework.beans.factory.BeanCreationException: Error creating bean with name 'org.springframework.boot.autoconfigure.jdbc.DataSourceInitializerInvoker': Invocation of init method failed; nested exception is org.springframework.jdbc.datasource.init.ScriptStatementFailedException: Failed to execute SQL script statement #5 of URL [file:/D:/Documents/BscIT/ThirdYear/Semester%202/CMPG323/Project%201/Software/AccountSystemRepository/target/test-classes/schema.sql]: CREATE TABLE CMPG323.ACCOUNT_TX_DETAILS ( ACCOUNT_TX_DETAILS_ID BIGINT NOT NULL, TX_ID BIGINT NOT NULL, PARTNER_NAME VARCHAR(255) NOT NULL, NUMBER_OF_ITEMS BIGINT NOT NULL, PRIMARY KEY (ACCOUNT_TX_DETAILS_ID), CONSTRAINT FK_ACCOUNT_TYPE_IDL FOREIGN KEY (ACCOUNT_TYPE_ID) REFERENCES CMPG323.DEMO_ACCOUNT_TYPE (ACCOUNT_TYPE_ID), ); nested exception is org.h2.jdbc.JdbcSQLSyntaxErrorException: Constraint "FK_ACCOUNT_TYPE_IDL" already exists; SQL statement:
CREATE TABLE CMPG323.ACCOUNT_TX_DETAILS ( ACCOUNT_TX_DETAILS_ID BIGINT NOT NULL, TX_ID BIGINT NOT NULL, PARTNER_NAME VARCHAR(255) NOT NULL, NUMBER_OF_ITEMS BIGINT NOT NULL, PRIMARY KEY (ACCOUNT_TX_DETAILS_ID), CONSTRAINT FK_ACCOUNT_TYPE_IDL FOREIGN KEY (ACCOUNT_TYPE_ID) REFERENCES CMPG323.DEMO_ACCOUNT_TYPE (ACCOUNT_TYPE_ID), ) [90045-199]
	at org.springframework.beans.factory.support.FactoryBeanRegistrySupport.getObjectFromFactoryBean(FactoryBeanRegistrySupport.java:119) ~[spring-beans-5.1.8.RELEASE.jar:5.1.8.RELEASE]
	at org.springframework.beans.factory.support.AbstractBeanFactory.getObjectForBeanInstance(AbstractBeanFactory.java:1674) ~[spring-beans-5.1.8.RELEASE.jar:5.1.8.RELEASE]
	at org.springframework.beans.factory.support.AbstractAutowireCapableBeanFactory.getObjectForBeanInstance(AbstractAutowireCapableBeanFactory.java:1249) ~[spring-beans-5.1.8.RELEASE.jar:5.1.8.RELEASE]
	at org.springframework.beans.factory.support.AbstractBeanFactory.doGetBean(AbstractBeanFactory.java:330) ~[spring-beans-5.1.8.RELEASE.jar:5.1.8.RELEASE]
	at org.springframework.beans.factory.support.AbstractBeanFactory.getBean(AbstractBeanFactory.java:199) ~[spring-beans-5.1.8.RELEASE.jar:5.1.8.RELEASE]
	at org.springframework.beans.factory.config.DependencyDescriptor.resolveCandidate(DependencyDescriptor.java:277) ~[spring-beans-5.1.8.RELEASE.jar:5.1.8.RELEASE]
	at org.springframework.beans.factory.support.DefaultListableBeanFactory.doResolveDependency(DefaultListableBeanFactory.java:1251) ~[spring-beans-5.1.8.RELEASE.jar:5.1.8.RELEASE]
	at org.springframework.beans.factory.support.DefaultListableBeanFactory.resolveDependency(DefaultListableBeanFactory.java:1171) ~[spring-beans-5.1.8.RELEASE.jar:5.1.8.RELEASE]
	at org.springframework.beans.factory.support.ConstructorResolver.resolveAutowiredArgument(ConstructorResolver.java:857) ~[spring-beans-5.1.8.RELEASE.jar:5.1.8.RELEASE]
	at org.springframework.beans.factory.support.ConstructorResolver.createArgumentArray(ConstructorResolver.java:760) ~[spring-beans-5.1.8.RELEASE.jar:5.1.8.RELEASE]
	... 54 common frames omitted
Caused by: org.springframework.beans.factory.BeanCreationException: Error creating bean with name 'org.springframework.boot.autoconfigure.jdbc.DataSourceInitializerInvoker': Invocation of init method failed; nested exception is org.springframework.jdbc.datasource.init.ScriptStatementFailedException: Failed to execute SQL script statement #5 of URL [file:/D:/Documents/BscIT/ThirdYear/Semester%202/CMPG323/Project%201/Software/AccountSystemRepository/target/test-classes/schema.sql]: CREATE TABLE CMPG323.ACCOUNT_TX_DETAILS ( ACCOUNT_TX_DETAILS_ID BIGINT NOT NULL, TX_ID BIGINT NOT NULL, PARTNER_NAME VARCHAR(255) NOT NULL, NUMBER_OF_ITEMS BIGINT NOT NULL, PRIMARY KEY (ACCOUNT_TX_DETAILS_ID), CONSTRAINT FK_ACCOUNT_TYPE_IDL FOREIGN KEY (ACCOUNT_TYPE_ID) REFERENCES CMPG323.DEMO_ACCOUNT_TYPE (ACCOUNT_TYPE_ID), ); nested exception is org.h2.jdbc.JdbcSQLSyntaxErrorException: Constraint "FK_ACCOUNT_TYPE_IDL" already exists; SQL statement:
CREATE TABLE CMPG323.ACCOUNT_TX_DETAILS ( ACCOUNT_TX_DETAILS_ID BIGINT NOT NULL, TX_ID BIGINT NOT NULL, PARTNER_NAME VARCHAR(255) NOT NULL, NUMBER_OF_ITEMS BIGINT NOT NULL, PRIMARY KEY (ACCOUNT_TX_DETAILS_ID), CONSTRAINT FK_ACCOUNT_TYPE_IDL FOREIGN KEY (ACCOUNT_TYPE_ID) REFERENCES CMPG323.DEMO_ACCOUNT_TYPE (ACCOUNT_TYPE_ID), ) [90045-199]
	at org.springframework.beans.factory.support.AbstractAutowireCapableBeanFactory.initializeBean(AbstractAutowireCapableBeanFactory.java:1778) ~[spring-beans-5.1.8.RELEASE.jar:5.1.8.RELEASE]
	at org.springframework.beans.factory.support.AbstractAutowireCapableBeanFactory.doCreateBean(AbstractAutowireCapableBeanFactory.java:593) ~[spring-beans-5.1.8.RELEASE.jar:5.1.8.RELEASE]
	at org.springframework.beans.factory.support.AbstractAutowireCapableBeanFactory.createBean(AbstractAutowireCapableBeanFactory.java:515) ~[spring-beans-5.1.8.RELEASE.jar:5.1.8.RELEASE]
	at org.springframework.beans.factory.support.AbstractBeanFactory.lambda$doGetBean$0(AbstractBeanFactory.java:320) ~[spring-beans-5.1.8.RELEASE.jar:5.1.8.RELEASE]
	at org.springframework.beans.factory.support.DefaultSingletonBeanRegistry.getSingleton(DefaultSingletonBeanRegistry.java:222) ~[spring-beans-5.1.8.RELEASE.jar:5.1.8.RELEASE]
	at org.springframework.beans.factory.support.AbstractBeanFactory.doGetBean(AbstractBeanFactory.java:318) ~[spring-beans-5.1.8.RELEASE.jar:5.1.8.RELEASE]
	at org.springframework.beans.factory.support.AbstractBeanFactory.getBean(AbstractBeanFactory.java:224) ~[spring-beans-5.1.8.RELEASE.jar:5.1.8.RELEASE]
	at org.springframework.beans.factory.support.DefaultListableBeanFactory.resolveNamedBean(DefaultListableBeanFactory.java:1119) ~[spring-beans-5.1.8.RELEASE.jar:5.1.8.RELEASE]
	at org.springframework.beans.factory.support.DefaultListableBeanFactory.resolveBean(DefaultListableBeanFactory.java:411) ~[spring-beans-5.1.8.RELEASE.jar:5.1.8.RELEASE]
	at org.springframework.beans.factory.support.DefaultListableBeanFactory.getBean(DefaultListableBeanFactory.java:344) ~[spring-beans-5.1.8.RELEASE.jar:5.1.8.RELEASE]
	at org.springframework.beans.factory.support.DefaultListableBeanFactory.getBean(DefaultListableBeanFactory.java:337) ~[spring-beans-5.1.8.RELEASE.jar:5.1.8.RELEASE]
	at org.springframework.boot.autoconfigure.jdbc.DataSourceInitializerPostProcessor.postProcessAfterInitialization(DataSourceInitializerPostProcessor.java:53) ~[spring-boot-autoconfigure-2.1.6.RELEASE.jar:2.1.6.RELEASE]
	at org.springframework.beans.factory.support.AbstractAutowireCapableBeanFactory.applyBeanPostProcessorsAfterInitialization(AbstractAutowireCapableBeanFactory.java:429) ~[spring-beans-5.1.8.RELEASE.jar:5.1.8.RELEASE]
	at org.springframework.beans.factory.support.AbstractAutowireCapableBeanFactory.postProcessObjectFromFactoryBean(AbstractAutowireCapableBeanFactory.java:1921) ~[spring-beans-5.1.8.RELEASE.jar:5.1.8.RELEASE]
	at org.springframework.beans.factory.support.FactoryBeanRegistrySupport.getObjectFromFactoryBean(FactoryBeanRegistrySupport.java:116) ~[spring-beans-5.1.8.RELEASE.jar:5.1.8.RELEASE]
	... 63 common frames omitted
Caused by: org.springframework.jdbc.datasource.init.ScriptStatementFailedException: Failed to execute SQL script statement #5 of URL [file:/D:/Documents/BscIT/ThirdYear/Semester%202/CMPG323/Project%201/Software/AccountSystemRepository/target/test-classes/schema.sql]: CREATE TABLE CMPG323.ACCOUNT_TX_DETAILS ( ACCOUNT_TX_DETAILS_ID BIGINT NOT NULL, TX_ID BIGINT NOT NULL, PARTNER_NAME VARCHAR(255) NOT NULL, NUMBER_OF_ITEMS BIGINT NOT NULL, PRIMARY KEY (ACCOUNT_TX_DETAILS_ID), CONSTRAINT FK_ACCOUNT_TYPE_IDL FOREIGN KEY (ACCOUNT_TYPE_ID) REFERENCES CMPG323.DEMO_ACCOUNT_TYPE (ACCOUNT_TYPE_ID), ); nested exception is org.h2.jdbc.JdbcSQLSyntaxErrorException: Constraint "FK_ACCOUNT_TYPE_IDL" already exists; SQL statement:
CREATE TABLE CMPG323.ACCOUNT_TX_DETAILS ( ACCOUNT_TX_DETAILS_ID BIGINT NOT NULL, TX_ID BIGINT NOT NULL, PARTNER_NAME VARCHAR(255) NOT NULL, NUMBER_OF_ITEMS BIGINT NOT NULL, PRIMARY KEY (ACCOUNT_TX_DETAILS_ID), CONSTRAINT FK_ACCOUNT_TYPE_IDL FOREIGN KEY (ACCOUNT_TYPE_ID) REFERENCES CMPG323.DEMO_ACCOUNT_TYPE (ACCOUNT_TYPE_ID), ) [90045-199]
	at org.springframework.jdbc.datasource.init.ScriptUtils.executeSqlScript(ScriptUtils.java:509) ~[spring-jdbc-5.1.8.RELEASE.jar:5.1.8.RELEASE]
	at org.springframework.jdbc.datasource.init.ResourceDatabasePopulator.populate(ResourceDatabasePopulator.java:238) ~[spring-jdbc-5.1.8.RELEASE.jar:5.1.8.RELEASE]
	at org.springframework.jdbc.datasource.init.DatabasePopulatorUtils.execute(DatabasePopulatorUtils.java:48) ~[spring-jdbc-5.1.8.RELEASE.jar:5.1.8.RELEASE]
	at org.springframework.boot.autoconfigure.jdbc.DataSourceInitializer.runScripts(DataSourceInitializer.java:202) ~[spring-boot-autoconfigure-2.1.6.RELEASE.jar:2.1.6.RELEASE]
	at org.springframework.boot.autoconfigure.jdbc.DataSourceInitializer.createSchema(DataSourceInitializer.java:101) ~[spring-boot-autoconfigure-2.1.6.RELEASE.jar:2.1.6.RELEASE]
	at org.springframework.boot.autoconfigure.jdbc.DataSourceInitializerInvoker.afterPropertiesSet(DataSourceInitializerInvoker.java:62) ~[spring-boot-autoconfigure-2.1.6.RELEASE.jar:2.1.6.RELEASE]
	at org.springframework.beans.factory.support.AbstractAutowireCapableBeanFactory.invokeInitMethods(AbstractAutowireCapableBeanFactory.java:1837) ~[spring-beans-5.1.8.RELEASE.jar:5.1.8.RELEASE]
	at org.springframework.beans.factory.support.AbstractAutowireCapableBeanFactory.initializeBean(AbstractAutowireCapableBeanFactory.java:1774) ~[spring-beans-5.1.8.RELEASE.jar:5.1.8.RELEASE]
	... 77 common frames omitted
Caused by: org.h2.jdbc.JdbcSQLSyntaxErrorException: Constraint "FK_ACCOUNT_TYPE_IDL" already exists; SQL statement:
CREATE TABLE CMPG323.ACCOUNT_TX_DETAILS ( ACCOUNT_TX_DETAILS_ID BIGINT NOT NULL, TX_ID BIGINT NOT NULL, PARTNER_NAME VARCHAR(255) NOT NULL, NUMBER_OF_ITEMS BIGINT NOT NULL, PRIMARY KEY (ACCOUNT_TX_DETAILS_ID), CONSTRAINT FK_ACCOUNT_TYPE_IDL FOREIGN KEY (ACCOUNT_TYPE_ID) REFERENCES CMPG323.DEMO_ACCOUNT_TYPE (ACCOUNT_TYPE_ID), ) [90045-199]
	at org.h2.message.DbException.getJdbcSQLException(DbException.java:573) ~[h2-1.4.199.jar:1.4.199]
	at org.h2.message.DbException.getJdbcSQLException(DbException.java:427) ~[h2-1.4.199.jar:1.4.199]
	at org.h2.message.DbException.get(DbException.java:205) ~[h2-1.4.199.jar:1.4.199]
	at org.h2.message.DbException.get(DbException.java:181) ~[h2-1.4.199.jar:1.4.199]
	at org.h2.command.ddl.AlterTableAddConstraint.tryUpdate(AlterTableAddConstraint.java:114) ~[h2-1.4.199.jar:1.4.199]
	at org.h2.command.ddl.AlterTableAddConstraint.update(AlterTableAddConstraint.java:78) ~[h2-1.4.199.jar:1.4.199]
	at org.h2.command.ddl.CommandWithColumns.createConstraints(CommandWithColumns.java:83) ~[h2-1.4.199.jar:1.4.199]
	at org.h2.command.ddl.CreateTable.update(CreateTable.java:129) ~[h2-1.4.199.jar:1.4.199]
	at org.h2.command.CommandContainer.update(CommandContainer.java:133) ~[h2-1.4.199.jar:1.4.199]
	at org.h2.command.Command.executeUpdate(Command.java:267) ~[h2-1.4.199.jar:1.4.199]
	at org.h2.jdbc.JdbcStatement.executeInternal(JdbcStatement.java:233) ~[h2-1.4.199.jar:1.4.199]
	at org.h2.jdbc.JdbcStatement.execute(JdbcStatement.java:205) ~[h2-1.4.199.jar:1.4.199]
	at org.springframework.jdbc.datasource.init.ScriptUtils.executeSqlScript(ScriptUtils.java:488) ~[spring-jdbc-5.1.8.RELEASE.jar:5.1.8.RELEASE]
	... 84 common frames omitted

2021-10-09 07:35:02.161 ERROR 13704 --- [           main] o.s.test.context.TestContextManager      : Caught exception while allowing TestExecutionListener [org.springframework.boot.test.autoconfigure.SpringBootDependencyInjectionTestExecutionListener@2b546384] to prepare test instance [za.ac.nwu.ac.repo.persistence.AccountTypeRepositoryTest@34aeacd1]

java.lang.IllegalStateException: Failed to load ApplicationContext
	at org.springframework.test.context.cache.DefaultCacheAwareContextLoaderDelegate.loadContext(DefaultCacheAwareContextLoaderDelegate.java:125) ~[spring-test-5.1.8.RELEASE.jar:5.1.8.RELEASE]
	at org.springframework.test.context.support.DefaultTestContext.getApplicationContext(DefaultTestContext.java:108) ~[spring-test-5.1.8.RELEASE.jar:5.1.8.RELEASE]
	at org.springframework.test.context.support.DependencyInjectionTestExecutionListener.injectDependencies(DependencyInjectionTestExecutionListener.java:118) ~[spring-test-5.1.8.RELEASE.jar:5.1.8.RELEASE]
	at org.springframework.test.context.support.DependencyInjectionTestExecutionListener.prepareTestInstance(DependencyInjectionTestExecutionListener.java:83) ~[spring-test-5.1.8.RELEASE.jar:5.1.8.RELEASE]
	at org.springframework.boot.test.autoconfigure.SpringBootDependencyInjectionTestExecutionListener.prepareTestInstance(SpringBootDependencyInjectionTestExecutionListener.java:43) ~[spring-boot-test-autoconfigure-2.1.6.RELEASE.jar:2.1.6.RELEASE]
	at org.springframework.test.context.TestContextManager.prepareTestInstance(TestContextManager.java:246) ~[spring-test-5.1.8.RELEASE.jar:5.1.8.RELEASE]
	at org.springframework.test.context.junit4.SpringJUnit4ClassRunner.createTest(SpringJUnit4ClassRunner.java:227) [spring-test-5.1.8.RELEASE.jar:5.1.8.RELEASE]
	at org.springframework.test.context.junit4.SpringJUnit4ClassRunner$1.runReflectiveCall(SpringJUnit4ClassRunner.java:289) [spring-test-5.1.8.RELEASE.jar:5.1.8.RELEASE]
	at org.junit.internal.runners.model.ReflectiveCallable.run(ReflectiveCallable.java:12) [junit-4.12.jar:4.12]
	at org.springframework.test.context.junit4.SpringJUnit4ClassRunner.methodBlock(SpringJUnit4ClassRunner.java:291) [spring-test-5.1.8.RELEASE.jar:5.1.8.RELEASE]
	at org.springframework.test.context.junit4.SpringJUnit4ClassRunner.runChild(SpringJUnit4ClassRunner.java:246) [spring-test-5.1.8.RELEASE.jar:5.1.8.RELEASE]
	at org.springframework.test.context.junit4.SpringJUnit4ClassRunner.runChild(SpringJUnit4ClassRunner.java:97) [spring-test-5.1.8.RELEASE.jar:5.1.8.RELEASE]
	at org.junit.runners.ParentRunner$3.run(ParentRunner.java:290) [junit-4.12.jar:4.12]
	at org.junit.runners.ParentRunner$1.schedule(ParentRunner.java:71) [junit-4.12.jar:4.12]
	at org.junit.runners.ParentRunner.runChildren(ParentRunner.java:288) [junit-4.12.jar:4.12]
	at org.junit.runners.ParentRunner.access$000(ParentRunner.java:58) [junit-4.12.jar:4.12]
	at org.junit.runners.ParentRunner$2.evaluate(ParentRunner.java:268) [junit-4.12.jar:4.12]
	at org.springframework.test.context.junit4.statements.RunBeforeTestClassCallbacks.evaluate(RunBeforeTestClassCallbacks.java:61) [spring-test-5.1.8.RELEASE.jar:5.1.8.RELEASE]
	at org.springframework.test.context.junit4.statements.RunAfterTestClassCallbacks.evaluate(RunAfterTestClassCallbacks.java:70) [spring-test-5.1.8.RELEASE.jar:5.1.8.RELEASE]
	at org.junit.runners.ParentRunner.run(ParentRunner.java:363) [junit-4.12.jar:4.12]
	at org.springframework.test.context.junit4.SpringJUnit4ClassRunner.run(SpringJUnit4ClassRunner.java:190) [spring-test-5.1.8.RELEASE.jar:5.1.8.RELEASE]
	at org.apache.maven.surefire.junit4.JUnit4Provider.execute(JUnit4Provider.java:365) [surefire-junit4-2.22.2.jar:2.22.2]
	at org.apache.maven.surefire.junit4.JUnit4Provider.executeWithRerun(JUnit4Provider.java:273) [surefire-junit4-2.22.2.jar:2.22.2]
	at org.apache.maven.surefire.junit4.JUnit4Provider.executeTestSet(JUnit4Provider.java:238) [surefire-junit4-2.22.2.jar:2.22.2]
	at org.apache.maven.surefire.junit4.JUnit4Provider.invoke(JUnit4Provider.java:159) [surefire-junit4-2.22.2.jar:2.22.2]
	at org.apache.maven.surefire.booter.ForkedBooter.invokeProviderInSameClassLoader(ForkedBooter.java:384) [surefire-booter-2.22.2.jar:2.22.2]
	at org.apache.maven.surefire.booter.ForkedBooter.runSuitesInProcess(ForkedBooter.java:345) [surefire-booter-2.22.2.jar:2.22.2]
	at org.apache.maven.surefire.booter.ForkedBooter.execute(ForkedBooter.java:126) [surefire-booter-2.22.2.jar:2.22.2]
	at org.apache.maven.surefire.booter.ForkedBooter.main(ForkedBooter.java:418) [surefire-booter-2.22.2.jar:2.22.2]
Caused by: org.springframework.beans.factory.UnsatisfiedDependencyException: Error creating bean with name 'org.springframework.boot.autoconfigure.orm.jpa.HibernateJpaConfiguration': Unsatisfied dependency expressed through constructor parameter 0; nested exception is org.springframework.beans.factory.BeanCreationException: Error creating bean with name 'dataSource': Post-processing of FactoryBean's singleton object failed; nested exception is org.springframework.beans.factory.BeanCreationException: Error creating bean with name 'org.springframework.boot.autoconfigure.jdbc.DataSourceInitializerInvoker': Invocation of init method failed; nested exception is org.springframework.jdbc.datasource.init.ScriptStatementFailedException: Failed to execute SQL script statement #5 of URL [file:/D:/Documents/BscIT/ThirdYear/Semester%202/CMPG323/Project%201/Software/AccountSystemRepository/target/test-classes/schema.sql]: CREATE TABLE CMPG323.ACCOUNT_TX_DETAILS ( ACCOUNT_TX_DETAILS_ID BIGINT NOT NULL, TX_ID BIGINT NOT NULL, PARTNER_NAME VARCHAR(255) NOT NULL, NUMBER_OF_ITEMS BIGINT NOT NULL, PRIMARY KEY (ACCOUNT_TX_DETAILS_ID), CONSTRAINT FK_ACCOUNT_TYPE_IDL FOREIGN KEY (ACCOUNT_TYPE_ID) REFERENCES CMPG323.DEMO_ACCOUNT_TYPE (ACCOUNT_TYPE_ID), ); nested exception is org.h2.jdbc.JdbcSQLSyntaxErrorException: Constraint "FK_ACCOUNT_TYPE_IDL" already exists; SQL statement:
CREATE TABLE CMPG323.ACCOUNT_TX_DETAILS ( ACCOUNT_TX_DETAILS_ID BIGINT NOT NULL, TX_ID BIGINT NOT NULL, PARTNER_NAME VARCHAR(255) NOT NULL, NUMBER_OF_ITEMS BIGINT NOT NULL, PRIMARY KEY (ACCOUNT_TX_DETAILS_ID), CONSTRAINT FK_ACCOUNT_TYPE_IDL FOREIGN KEY (ACCOUNT_TYPE_ID) REFERENCES CMPG323.DEMO_ACCOUNT_TYPE (ACCOUNT_TYPE_ID), ) [90045-199]
	at org.springframework.beans.factory.support.ConstructorResolver.createArgumentArray(ConstructorResolver.java:769) ~[spring-beans-5.1.8.RELEASE.jar:5.1.8.RELEASE]
	at org.springframework.beans.factory.support.ConstructorResolver.autowireConstructor(ConstructorResolver.java:218) ~[spring-beans-5.1.8.RELEASE.jar:5.1.8.RELEASE]
	at org.springframework.beans.factory.support.AbstractAutowireCapableBeanFactory.autowireConstructor(AbstractAutowireCapableBeanFactory.java:1341) ~[spring-beans-5.1.8.RELEASE.jar:5.1.8.RELEASE]
	at org.springframework.beans.factory.support.AbstractAutowireCapableBeanFactory.createBeanInstance(AbstractAutowireCapableBeanFactory.java:1187) ~[spring-beans-5.1.8.RELEASE.jar:5.1.8.RELEASE]
	at org.springframework.beans.factory.support.AbstractAutowireCapableBeanFactory.doCreateBean(AbstractAutowireCapableBeanFactory.java:555) ~[spring-beans-5.1.8.RELEASE.jar:5.1.8.RELEASE]
	at org.springframework.beans.factory.support.AbstractAutowireCapableBeanFactory.createBean(AbstractAutowireCapableBeanFactory.java:515) ~[spring-beans-5.1.8.RELEASE.jar:5.1.8.RELEASE]
	at org.springframework.beans.factory.support.AbstractBeanFactory.lambda$doGetBean$0(AbstractBeanFactory.java:320) ~[spring-beans-5.1.8.RELEASE.jar:5.1.8.RELEASE]
	at org.springframework.beans.factory.support.DefaultSingletonBeanRegistry.getSingleton(DefaultSingletonBeanRegistry.java:222) ~[spring-beans-5.1.8.RELEASE.jar:5.1.8.RELEASE]
	at org.springframework.beans.factory.support.AbstractBeanFactory.doGetBean(AbstractBeanFactory.java:318) ~[spring-beans-5.1.8.RELEASE.jar:5.1.8.RELEASE]
	at org.springframework.beans.factory.support.AbstractBeanFactory.getBean(AbstractBeanFactory.java:199) ~[spring-beans-5.1.8.RELEASE.jar:5.1.8.RELEASE]
	at org.springframework.beans.factory.support.ConstructorResolver.instantiateUsingFactoryMethod(ConstructorResolver.java:392) ~[spring-beans-5.1.8.RELEASE.jar:5.1.8.RELEASE]
	at org.springframework.beans.factory.support.AbstractAutowireCapableBeanFactory.instantiateUsingFactoryMethod(AbstractAutowireCapableBeanFactory.java:1321) ~[spring-beans-5.1.8.RELEASE.jar:5.1.8.RELEASE]
	at org.springframework.beans.factory.support.AbstractAutowireCapableBeanFactory.createBeanInstance(AbstractAutowireCapableBeanFactory.java:1160) ~[spring-beans-5.1.8.RELEASE.jar:5.1.8.RELEASE]
	at org.springframework.beans.factory.support.AbstractAutowireCapableBeanFactory.doCreateBean(AbstractAutowireCapableBeanFactory.java:555) ~[spring-beans-5.1.8.RELEASE.jar:5.1.8.RELEASE]
	at org.springframework.beans.factory.support.AbstractAutowireCapableBeanFactory.createBean(AbstractAutowireCapableBeanFactory.java:515) ~[spring-beans-5.1.8.RELEASE.jar:5.1.8.RELEASE]
	at org.springframework.beans.factory.support.AbstractBeanFactory.lambda$doGetBean$0(AbstractBeanFactory.java:320) ~[spring-beans-5.1.8.RELEASE.jar:5.1.8.RELEASE]
	at org.springframework.beans.factory.support.DefaultSingletonBeanRegistry.getSingleton(DefaultSingletonBeanRegistry.java:222) ~[spring-beans-5.1.8.RELEASE.jar:5.1.8.RELEASE]
	at org.springframework.beans.factory.support.AbstractBeanFactory.doGetBean(AbstractBeanFactory.java:318) ~[spring-beans-5.1.8.RELEASE.jar:5.1.8.RELEASE]
	at org.springframework.beans.factory.support.AbstractBeanFactory.getBean(AbstractBeanFactory.java:199) ~[spring-beans-5.1.8.RELEASE.jar:5.1.8.RELEASE]
	at org.springframework.context.support.AbstractApplicationContext.getBean(AbstractApplicationContext.java:1105) ~[spring-context-5.1.8.RELEASE.jar:5.1.8.RELEASE]
	at org.springframework.context.support.AbstractApplicationContext.finishBeanFactoryInitialization(AbstractApplicationContext.java:867) ~[spring-context-5.1.8.RELEASE.jar:5.1.8.RELEASE]
	at org.springframework.context.support.AbstractApplicationContext.refresh(AbstractApplicationContext.java:549) ~[spring-context-5.1.8.RELEASE.jar:5.1.8.RELEASE]
	at org.springframework.boot.SpringApplication.refresh(SpringApplication.java:742) ~[spring-boot-2.1.6.RELEASE.jar:2.1.6.RELEASE]
	at org.springframework.boot.SpringApplication.refreshContext(SpringApplication.java:389) ~[spring-boot-2.1.6.RELEASE.jar:2.1.6.RELEASE]
	at org.springframework.boot.SpringApplication.run(SpringApplication.java:311) ~[spring-boot-2.1.6.RELEASE.jar:2.1.6.RELEASE]
	at org.springframework.boot.test.context.SpringBootContextLoader.loadContext(SpringBootContextLoader.java:119) ~[spring-boot-test-2.1.6.RELEASE.jar:2.1.6.RELEASE]
	at org.springframework.test.context.cache.DefaultCacheAwareContextLoaderDelegate.loadContextInternal(DefaultCacheAwareContextLoaderDelegate.java:99) ~[spring-test-5.1.8.RELEASE.jar:5.1.8.RELEASE]
	at org.springframework.test.context.cache.DefaultCacheAwareContextLoaderDelegate.loadContext(DefaultCacheAwareContextLoaderDelegate.java:117) ~[spring-test-5.1.8.RELEASE.jar:5.1.8.RELEASE]
	... 28 common frames omitted
Caused by: org.springframework.beans.factory.BeanCreationException: Error creating bean with name 'dataSource': Post-processing of FactoryBean's singleton object failed; nested exception is org.springframework.beans.factory.BeanCreationException: Error creating bean with name 'org.springframework.boot.autoconfigure.jdbc.DataSourceInitializerInvoker': Invocation of init method failed; nested exception is org.springframework.jdbc.datasource.init.ScriptStatementFailedException: Failed to execute SQL script statement #5 of URL [file:/D:/Documents/BscIT/ThirdYear/Semester%202/CMPG323/Project%201/Software/AccountSystemRepository/target/test-classes/schema.sql]: CREATE TABLE CMPG323.ACCOUNT_TX_DETAILS ( ACCOUNT_TX_DETAILS_ID BIGINT NOT NULL, TX_ID BIGINT NOT NULL, PARTNER_NAME VARCHAR(255) NOT NULL, NUMBER_OF_ITEMS BIGINT NOT NULL, PRIMARY KEY (ACCOUNT_TX_DETAILS_ID), CONSTRAINT FK_ACCOUNT_TYPE_IDL FOREIGN KEY (ACCOUNT_TYPE_ID) REFERENCES CMPG323.DEMO_ACCOUNT_TYPE (ACCOUNT_TYPE_ID), ); nested exception is org.h2.jdbc.JdbcSQLSyntaxErrorException: Constraint "FK_ACCOUNT_TYPE_IDL" already exists; SQL statement:
CREATE TABLE CMPG323.ACCOUNT_TX_DETAILS ( ACCOUNT_TX_DETAILS_ID BIGINT NOT NULL, TX_ID BIGINT NOT NULL, PARTNER_NAME VARCHAR(255) NOT NULL, NUMBER_OF_ITEMS BIGINT NOT NULL, PRIMARY KEY (ACCOUNT_TX_DETAILS_ID), CONSTRAINT FK_ACCOUNT_TYPE_IDL FOREIGN KEY (ACCOUNT_TYPE_ID) REFERENCES CMPG323.DEMO_ACCOUNT_TYPE (ACCOUNT_TYPE_ID), ) [90045-199]
	at org.springframework.beans.factory.support.FactoryBeanRegistrySupport.getObjectFromFactoryBean(FactoryBeanRegistrySupport.java:119) ~[spring-beans-5.1.8.RELEASE.jar:5.1.8.RELEASE]
	at org.springframework.beans.factory.support.AbstractBeanFactory.getObjectForBeanInstance(AbstractBeanFactory.java:1674) ~[spring-beans-5.1.8.RELEASE.jar:5.1.8.RELEASE]
	at org.springframework.beans.factory.support.AbstractAutowireCapableBeanFactory.getObjectForBeanInstance(AbstractAutowireCapableBeanFactory.java:1249) ~[spring-beans-5.1.8.RELEASE.jar:5.1.8.RELEASE]
	at org.springframework.beans.factory.support.AbstractBeanFactory.doGetBean(AbstractBeanFactory.java:330) ~[spring-beans-5.1.8.RELEASE.jar:5.1.8.RELEASE]
	at org.springframework.beans.factory.support.AbstractBeanFactory.getBean(AbstractBeanFactory.java:199) ~[spring-beans-5.1.8.RELEASE.jar:5.1.8.RELEASE]
	at org.springframework.beans.factory.config.DependencyDescriptor.resolveCandidate(DependencyDescriptor.java:277) ~[spring-beans-5.1.8.RELEASE.jar:5.1.8.RELEASE]
	at org.springframework.beans.factory.support.DefaultListableBeanFactory.doResolveDependency(DefaultListableBeanFactory.java:1251) ~[spring-beans-5.1.8.RELEASE.jar:5.1.8.RELEASE]
	at org.springframework.beans.factory.support.DefaultListableBeanFactory.resolveDependency(DefaultListableBeanFactory.java:1171) ~[spring-beans-5.1.8.RELEASE.jar:5.1.8.RELEASE]
	at org.springframework.beans.factory.support.ConstructorResolver.resolveAutowiredArgument(ConstructorResolver.java:857) ~[spring-beans-5.1.8.RELEASE.jar:5.1.8.RELEASE]
	at org.springframework.beans.factory.support.ConstructorResolver.createArgumentArray(ConstructorResolver.java:760) ~[spring-beans-5.1.8.RELEASE.jar:5.1.8.RELEASE]
	... 55 common frames omitted
Caused by: org.springframework.beans.factory.BeanCreationException: Error creating bean with name 'org.springframework.boot.autoconfigure.jdbc.DataSourceInitializerInvoker': Invocation of init method failed; nested exception is org.springframework.jdbc.datasource.init.ScriptStatementFailedException: Failed to execute SQL script statement #5 of URL [file:/D:/Documents/BscIT/ThirdYear/Semester%202/CMPG323/Project%201/Software/AccountSystemRepository/target/test-classes/schema.sql]: CREATE TABLE CMPG323.ACCOUNT_TX_DETAILS ( ACCOUNT_TX_DETAILS_ID BIGINT NOT NULL, TX_ID BIGINT NOT NULL, PARTNER_NAME VARCHAR(255) NOT NULL, NUMBER_OF_ITEMS BIGINT NOT NULL, PRIMARY KEY (ACCOUNT_TX_DETAILS_ID), CONSTRAINT FK_ACCOUNT_TYPE_IDL FOREIGN KEY (ACCOUNT_TYPE_ID) REFERENCES CMPG323.DEMO_ACCOUNT_TYPE (ACCOUNT_TYPE_ID), ); nested exception is org.h2.jdbc.JdbcSQLSyntaxErrorException: Constraint "FK_ACCOUNT_TYPE_IDL" already exists; SQL statement:
CREATE TABLE CMPG323.ACCOUNT_TX_DETAILS ( ACCOUNT_TX_DETAILS_ID BIGINT NOT NULL, TX_ID BIGINT NOT NULL, PARTNER_NAME VARCHAR(255) NOT NULL, NUMBER_OF_ITEMS BIGINT NOT NULL, PRIMARY KEY (ACCOUNT_TX_DETAILS_ID), CONSTRAINT FK_ACCOUNT_TYPE_IDL FOREIGN KEY (ACCOUNT_TYPE_ID) REFERENCES CMPG323.DEMO_ACCOUNT_TYPE (ACCOUNT_TYPE_ID), ) [90045-199]
	at org.springframework.beans.factory.support.AbstractAutowireCapableBeanFactory.initializeBean(AbstractAutowireCapableBeanFactory.java:1778) ~[spring-beans-5.1.8.RELEASE.jar:5.1.8.RELEASE]
	at org.springframework.beans.factory.support.AbstractAutowireCapableBeanFactory.doCreateBean(AbstractAutowireCapableBeanFactory.java:593) ~[spring-beans-5.1.8.RELEASE.jar:5.1.8.RELEASE]
	at org.springframework.beans.factory.support.AbstractAutowireCapableBeanFactory.createBean(AbstractAutowireCapableBeanFactory.java:515) ~[spring-beans-5.1.8.RELEASE.jar:5.1.8.RELEASE]
	at org.springframework.beans.factory.support.AbstractBeanFactory.lambda$doGetBean$0(AbstractBeanFactory.java:320) ~[spring-beans-5.1.8.RELEASE.jar:5.1.8.RELEASE]
	at org.springframework.beans.factory.support.DefaultSingletonBeanRegistry.getSingleton(DefaultSingletonBeanRegistry.java:222) ~[spring-beans-5.1.8.RELEASE.jar:5.1.8.RELEASE]
	at org.springframework.beans.factory.support.AbstractBeanFactory.doGetBean(AbstractBeanFactory.java:318) ~[spring-beans-5.1.8.RELEASE.jar:5.1.8.RELEASE]
	at org.springframework.beans.factory.support.AbstractBeanFactory.getBean(AbstractBeanFactory.java:224) ~[spring-beans-5.1.8.RELEASE.jar:5.1.8.RELEASE]
	at org.springframework.beans.factory.support.DefaultListableBeanFactory.resolveNamedBean(DefaultListableBeanFactory.java:1119) ~[spring-beans-5.1.8.RELEASE.jar:5.1.8.RELEASE]
	at org.springframework.beans.factory.support.DefaultListableBeanFactory.resolveBean(DefaultListableBeanFactory.java:411) ~[spring-beans-5.1.8.RELEASE.jar:5.1.8.RELEASE]
	at org.springframework.beans.factory.support.DefaultListableBeanFactory.getBean(DefaultListableBeanFactory.java:344) ~[spring-beans-5.1.8.RELEASE.jar:5.1.8.RELEASE]
	at org.springframework.beans.factory.support.DefaultListableBeanFactory.getBean(DefaultListableBeanFactory.java:337) ~[spring-beans-5.1.8.RELEASE.jar:5.1.8.RELEASE]
	at org.springframework.boot.autoconfigure.jdbc.DataSourceInitializerPostProcessor.postProcessAfterInitialization(DataSourceInitializerPostProcessor.java:53) ~[spring-boot-autoconfigure-2.1.6.RELEASE.jar:2.1.6.RELEASE]
	at org.springframework.beans.factory.support.AbstractAutowireCapableBeanFactory.applyBeanPostProcessorsAfterInitialization(AbstractAutowireCapableBeanFactory.java:429) ~[spring-beans-5.1.8.RELEASE.jar:5.1.8.RELEASE]
	at org.springframework.beans.factory.support.AbstractAutowireCapableBeanFactory.postProcessObjectFromFactoryBean(AbstractAutowireCapableBeanFactory.java:1921) ~[spring-beans-5.1.8.RELEASE.jar:5.1.8.RELEASE]
	at org.springframework.beans.factory.support.FactoryBeanRegistrySupport.getObjectFromFactoryBean(FactoryBeanRegistrySupport.java:116) ~[spring-beans-5.1.8.RELEASE.jar:5.1.8.RELEASE]
	... 64 common frames omitted
Caused by: org.springframework.jdbc.datasource.init.ScriptStatementFailedException: Failed to execute SQL script statement #5 of URL [file:/D:/Documents/BscIT/ThirdYear/Semester%202/CMPG323/Project%201/Software/AccountSystemRepository/target/test-classes/schema.sql]: CREATE TABLE CMPG323.ACCOUNT_TX_DETAILS ( ACCOUNT_TX_DETAILS_ID BIGINT NOT NULL, TX_ID BIGINT NOT NULL, PARTNER_NAME VARCHAR(255) NOT NULL, NUMBER_OF_ITEMS BIGINT NOT NULL, PRIMARY KEY (ACCOUNT_TX_DETAILS_ID), CONSTRAINT FK_ACCOUNT_TYPE_IDL FOREIGN KEY (ACCOUNT_TYPE_ID) REFERENCES CMPG323.DEMO_ACCOUNT_TYPE (ACCOUNT_TYPE_ID), ); nested exception is org.h2.jdbc.JdbcSQLSyntaxErrorException: Constraint "FK_ACCOUNT_TYPE_IDL" already exists; SQL statement:
CREATE TABLE CMPG323.ACCOUNT_TX_DETAILS ( ACCOUNT_TX_DETAILS_ID BIGINT NOT NULL, TX_ID BIGINT NOT NULL, PARTNER_NAME VARCHAR(255) NOT NULL, NUMBER_OF_ITEMS BIGINT NOT NULL, PRIMARY KEY (ACCOUNT_TX_DETAILS_ID), CONSTRAINT FK_ACCOUNT_TYPE_IDL FOREIGN KEY (ACCOUNT_TYPE_ID) REFERENCES CMPG323.DEMO_ACCOUNT_TYPE (ACCOUNT_TYPE_ID), ) [90045-199]
	at org.springframework.jdbc.datasource.init.ScriptUtils.executeSqlScript(ScriptUtils.java:509) ~[spring-jdbc-5.1.8.RELEASE.jar:5.1.8.RELEASE]
	at org.springframework.jdbc.datasource.init.ResourceDatabasePopulator.populate(ResourceDatabasePopulator.java:238) ~[spring-jdbc-5.1.8.RELEASE.jar:5.1.8.RELEASE]
	at org.springframework.jdbc.datasource.init.DatabasePopulatorUtils.execute(DatabasePopulatorUtils.java:48) ~[spring-jdbc-5.1.8.RELEASE.jar:5.1.8.RELEASE]
	at org.springframework.boot.autoconfigure.jdbc.DataSourceInitializer.runScripts(DataSourceInitializer.java:202) ~[spring-boot-autoconfigure-2.1.6.RELEASE.jar:2.1.6.RELEASE]
	at org.springframework.boot.autoconfigure.jdbc.DataSourceInitializer.createSchema(DataSourceInitializer.java:101) ~[spring-boot-autoconfigure-2.1.6.RELEASE.jar:2.1.6.RELEASE]
	at org.springframework.boot.autoconfigure.jdbc.DataSourceInitializerInvoker.afterPropertiesSet(DataSourceInitializerInvoker.java:62) ~[spring-boot-autoconfigure-2.1.6.RELEASE.jar:2.1.6.RELEASE]
	at org.springframework.beans.factory.support.AbstractAutowireCapableBeanFactory.invokeInitMethods(AbstractAutowireCapableBeanFactory.java:1837) ~[spring-beans-5.1.8.RELEASE.jar:5.1.8.RELEASE]
	at org.springframework.beans.factory.support.AbstractAutowireCapableBeanFactory.initializeBean(AbstractAutowireCapableBeanFactory.java:1774) ~[spring-beans-5.1.8.RELEASE.jar:5.1.8.RELEASE]
	... 78 common frames omitted
Caused by: org.h2.jdbc.JdbcSQLSyntaxErrorException: Constraint "FK_ACCOUNT_TYPE_IDL" already exists; SQL statement:
CREATE TABLE CMPG323.ACCOUNT_TX_DETAILS ( ACCOUNT_TX_DETAILS_ID BIGINT NOT NULL, TX_ID BIGINT NOT NULL, PARTNER_NAME VARCHAR(255) NOT NULL, NUMBER_OF_ITEMS BIGINT NOT NULL, PRIMARY KEY (ACCOUNT_TX_DETAILS_ID), CONSTRAINT FK_ACCOUNT_TYPE_IDL FOREIGN KEY (ACCOUNT_TYPE_ID) REFERENCES CMPG323.DEMO_ACCOUNT_TYPE (ACCOUNT_TYPE_ID), ) [90045-199]
	at org.h2.message.DbException.getJdbcSQLException(DbException.java:573) ~[h2-1.4.199.jar:1.4.199]
	at org.h2.message.DbException.getJdbcSQLException(DbException.java:427) ~[h2-1.4.199.jar:1.4.199]
	at org.h2.message.DbException.get(DbException.java:205) ~[h2-1.4.199.jar:1.4.199]
	at org.h2.message.DbException.get(DbException.java:181) ~[h2-1.4.199.jar:1.4.199]
	at org.h2.command.ddl.AlterTableAddConstraint.tryUpdate(AlterTableAddConstraint.java:114) ~[h2-1.4.199.jar:1.4.199]
	at org.h2.command.ddl.AlterTableAddConstraint.update(AlterTableAddConstraint.java:78) ~[h2-1.4.199.jar:1.4.199]
	at org.h2.command.ddl.CommandWithColumns.createConstraints(CommandWithColumns.java:83) ~[h2-1.4.199.jar:1.4.199]
	at org.h2.command.ddl.CreateTable.update(CreateTable.java:129) ~[h2-1.4.199.jar:1.4.199]
	at org.h2.command.CommandContainer.update(CommandContainer.java:133) ~[h2-1.4.199.jar:1.4.199]
	at org.h2.command.Command.executeUpdate(Command.java:267) ~[h2-1.4.199.jar:1.4.199]
	at org.h2.jdbc.JdbcStatement.executeInternal(JdbcStatement.java:233) ~[h2-1.4.199.jar:1.4.199]
	at org.h2.jdbc.JdbcStatement.execute(JdbcStatement.java:205) ~[h2-1.4.199.jar:1.4.199]
	at org.springframework.jdbc.datasource.init.ScriptUtils.executeSqlScript(ScriptUtils.java:488) ~[spring-jdbc-5.1.8.RELEASE.jar:5.1.8.RELEASE]
	... 85 common frames omitted

]]></system-out>
  </testcase>
  <testcase name="getAccountTypeByMnemonicMiles" classname="za.ac.nwu.ac.repo.persistence.AccountTypeRepositoryTest" time="0">
    <error message="Failed to load ApplicationContext" type="java.lang.IllegalStateException">java.lang.IllegalStateException: Failed to load ApplicationContext
Caused by: org.springframework.beans.factory.UnsatisfiedDependencyException: 
Error creating bean with name 'org.springframework.boot.autoconfigure.orm.jpa.HibernateJpaConfiguration': Unsatisfied dependency expressed through constructor parameter 0; nested exception is org.springframework.beans.factory.BeanCreationException: Error creating bean with name 'dataSource': Post-processing of FactoryBean's singleton object failed; nested exception is org.springframework.beans.factory.BeanCreationException: Error creating bean with name 'org.springframework.boot.autoconfigure.jdbc.DataSourceInitializerInvoker': Invocation of init method failed; nested exception is org.springframework.jdbc.datasource.init.ScriptStatementFailedException: Failed to execute SQL script statement #5 of URL [file:/D:/Documents/BscIT/ThirdYear/Semester%202/CMPG323/Project%201/Software/AccountSystemRepository/target/test-classes/schema.sql]: CREATE TABLE CMPG323.ACCOUNT_TX_DETAILS ( ACCOUNT_TX_DETAILS_ID BIGINT NOT NULL, TX_ID BIGINT NOT NULL, PARTNER_NAME VARCHAR(255) NOT NULL, NUMBER_OF_ITEMS BIGINT NOT NULL, PRIMARY KEY (ACCOUNT_TX_DETAILS_ID), CONSTRAINT FK_ACCOUNT_TYPE_IDL FOREIGN KEY (ACCOUNT_TYPE_ID) REFERENCES CMPG323.DEMO_ACCOUNT_TYPE (ACCOUNT_TYPE_ID), ); nested exception is org.h2.jdbc.JdbcSQLSyntaxErrorException: Constraint "FK_ACCOUNT_TYPE_IDL" already exists; SQL statement:
CREATE TABLE CMPG323.ACCOUNT_TX_DETAILS ( ACCOUNT_TX_DETAILS_ID BIGINT NOT NULL, TX_ID BIGINT NOT NULL, PARTNER_NAME VARCHAR(255) NOT NULL, NUMBER_OF_ITEMS BIGINT NOT NULL, PRIMARY KEY (ACCOUNT_TX_DETAILS_ID), CONSTRAINT FK_ACCOUNT_TYPE_IDL FOREIGN KEY (ACCOUNT_TYPE_ID) REFERENCES CMPG323.DEMO_ACCOUNT_TYPE (ACCOUNT_TYPE_ID), ) [90045-199]
Caused by: org.springframework.beans.factory.BeanCreationException: 
Error creating bean with name 'dataSource': Post-processing of FactoryBean's singleton object failed; nested exception is org.springframework.beans.factory.BeanCreationException: Error creating bean with name 'org.springframework.boot.autoconfigure.jdbc.DataSourceInitializerInvoker': Invocation of init method failed; nested exception is org.springframework.jdbc.datasource.init.ScriptStatementFailedException: Failed to execute SQL script statement #5 of URL [file:/D:/Documents/BscIT/ThirdYear/Semester%202/CMPG323/Project%201/Software/AccountSystemRepository/target/test-classes/schema.sql]: CREATE TABLE CMPG323.ACCOUNT_TX_DETAILS ( ACCOUNT_TX_DETAILS_ID BIGINT NOT NULL, TX_ID BIGINT NOT NULL, PARTNER_NAME VARCHAR(255) NOT NULL, NUMBER_OF_ITEMS BIGINT NOT NULL, PRIMARY KEY (ACCOUNT_TX_DETAILS_ID), CONSTRAINT FK_ACCOUNT_TYPE_IDL FOREIGN KEY (ACCOUNT_TYPE_ID) REFERENCES CMPG323.DEMO_ACCOUNT_TYPE (ACCOUNT_TYPE_ID), ); nested exception is org.h2.jdbc.JdbcSQLSyntaxErrorException: Constraint "FK_ACCOUNT_TYPE_IDL" already exists; SQL statement:
CREATE TABLE CMPG323.ACCOUNT_TX_DETAILS ( ACCOUNT_TX_DETAILS_ID BIGINT NOT NULL, TX_ID BIGINT NOT NULL, PARTNER_NAME VARCHAR(255) NOT NULL, NUMBER_OF_ITEMS BIGINT NOT NULL, PRIMARY KEY (ACCOUNT_TX_DETAILS_ID), CONSTRAINT FK_ACCOUNT_TYPE_IDL FOREIGN KEY (ACCOUNT_TYPE_ID) REFERENCES CMPG323.DEMO_ACCOUNT_TYPE (ACCOUNT_TYPE_ID), ) [90045-199]
Caused by: org.springframework.beans.factory.BeanCreationException: 
Error creating bean with name 'org.springframework.boot.autoconfigure.jdbc.DataSourceInitializerInvoker': Invocation of init method failed; nested exception is org.springframework.jdbc.datasource.init.ScriptStatementFailedException: Failed to execute SQL script statement #5 of URL [file:/D:/Documents/BscIT/ThirdYear/Semester%202/CMPG323/Project%201/Software/AccountSystemRepository/target/test-classes/schema.sql]: CREATE TABLE CMPG323.ACCOUNT_TX_DETAILS ( ACCOUNT_TX_DETAILS_ID BIGINT NOT NULL, TX_ID BIGINT NOT NULL, PARTNER_NAME VARCHAR(255) NOT NULL, NUMBER_OF_ITEMS BIGINT NOT NULL, PRIMARY KEY (ACCOUNT_TX_DETAILS_ID), CONSTRAINT FK_ACCOUNT_TYPE_IDL FOREIGN KEY (ACCOUNT_TYPE_ID) REFERENCES CMPG323.DEMO_ACCOUNT_TYPE (ACCOUNT_TYPE_ID), ); nested exception is org.h2.jdbc.JdbcSQLSyntaxErrorException: Constraint "FK_ACCOUNT_TYPE_IDL" already exists; SQL statement:
CREATE TABLE CMPG323.ACCOUNT_TX_DETAILS ( ACCOUNT_TX_DETAILS_ID BIGINT NOT NULL, TX_ID BIGINT NOT NULL, PARTNER_NAME VARCHAR(255) NOT NULL, NUMBER_OF_ITEMS BIGINT NOT NULL, PRIMARY KEY (ACCOUNT_TX_DETAILS_ID), CONSTRAINT FK_ACCOUNT_TYPE_IDL FOREIGN KEY (ACCOUNT_TYPE_ID) REFERENCES CMPG323.DEMO_ACCOUNT_TYPE (ACCOUNT_TYPE_ID), ) [90045-199]
Caused by: org.springframework.jdbc.datasource.init.ScriptStatementFailedException: 
Failed to execute SQL script statement #5 of URL [file:/D:/Documents/BscIT/ThirdYear/Semester%202/CMPG323/Project%201/Software/AccountSystemRepository/target/test-classes/schema.sql]: CREATE TABLE CMPG323.ACCOUNT_TX_DETAILS ( ACCOUNT_TX_DETAILS_ID BIGINT NOT NULL, TX_ID BIGINT NOT NULL, PARTNER_NAME VARCHAR(255) NOT NULL, NUMBER_OF_ITEMS BIGINT NOT NULL, PRIMARY KEY (ACCOUNT_TX_DETAILS_ID), CONSTRAINT FK_ACCOUNT_TYPE_IDL FOREIGN KEY (ACCOUNT_TYPE_ID) REFERENCES CMPG323.DEMO_ACCOUNT_TYPE (ACCOUNT_TYPE_ID), ); nested exception is org.h2.jdbc.JdbcSQLSyntaxErrorException: Constraint "FK_ACCOUNT_TYPE_IDL" already exists; SQL statement:
CREATE TABLE CMPG323.ACCOUNT_TX_DETAILS ( ACCOUNT_TX_DETAILS_ID BIGINT NOT NULL, TX_ID BIGINT NOT NULL, PARTNER_NAME VARCHAR(255) NOT NULL, NUMBER_OF_ITEMS BIGINT NOT NULL, PRIMARY KEY (ACCOUNT_TX_DETAILS_ID), CONSTRAINT FK_ACCOUNT_TYPE_IDL FOREIGN KEY (ACCOUNT_TYPE_ID) REFERENCES CMPG323.DEMO_ACCOUNT_TYPE (ACCOUNT_TYPE_ID), ) [90045-199]
Caused by: org.h2.jdbc.JdbcSQLSyntaxErrorException: 
Constraint "FK_ACCOUNT_TYPE_IDL" already exists; SQL statement:
CREATE TABLE CMPG323.ACCOUNT_TX_DETAILS ( ACCOUNT_TX_DETAILS_ID BIGINT NOT NULL, TX_ID BIGINT NOT NULL, PARTNER_NAME VARCHAR(255) NOT NULL, NUMBER_OF_ITEMS BIGINT NOT NULL, PRIMARY KEY (ACCOUNT_TX_DETAILS_ID), CONSTRAINT FK_ACCOUNT_TYPE_IDL FOREIGN KEY (ACCOUNT_TYPE_ID) REFERENCES CMPG323.DEMO_ACCOUNT_TYPE (ACCOUNT_TYPE_ID), ) [90045-199]
</error>
    <system-out><![CDATA[
  .   ____          _            __ _ _
 /\\ / ___'_ __ _ _(_)_ __  __ _ \ \ \ \
( ( )\___ | '_ | '_| | '_ \/ _` | \ \ \ \
 \\/  ___)| |_)| | | | | || (_| |  ) ) ) )
  '  |____| .__|_| |_|_| |_\__, | / / / /
 =========|_|==============|___/=/_/_/_/
 :: Spring Boot ::        (v2.1.6.RELEASE)

2021-10-09 07:35:02.177  INFO 13704 --- [           main] z.a.n.a.r.p.AccountTypeRepositoryTest    : Starting AccountTypeRepositoryTest on DESKTOP-88F48D2 with PID 13704 (started by Bianca Piek in D:\Documents\BscIT\ThirdYear\Semester 2\CMPG323\Project 1\Software\AccountSystemRepository)
2021-10-09 07:35:02.177  INFO 13704 --- [           main] z.a.n.a.r.p.AccountTypeRepositoryTest    : No active profile set, falling back to default profiles: default
2021-10-09 07:35:02.212  INFO 13704 --- [           main] .s.d.r.c.RepositoryConfigurationDelegate : Bootstrapping Spring Data repositories in DEFAULT mode.
2021-10-09 07:35:02.217  INFO 13704 --- [           main] .s.d.r.c.RepositoryConfigurationDelegate : Finished Spring Data repository scanning in 5ms. Found 3 repository interfaces.
2021-10-09 07:35:02.227  INFO 13704 --- [           main] beddedDataSourceBeanFactoryPostProcessor : Replacing 'dataSource' DataSource bean with embedded version
2021-10-09 07:35:02.237  INFO 13704 --- [           main] o.s.j.d.e.EmbeddedDatabaseFactory        : Starting embedded database: url='jdbc:h2:mem:cca66627-41d3-491a-84c0-ee37d0ceb708;DB_CLOSE_DELAY=-1;DB_CLOSE_ON_EXIT=false', username='sa'
2021-10-09 07:35:02.256  WARN 13704 --- [           main] s.c.a.AnnotationConfigApplicationContext : Exception encountered during context initialization - cancelling refresh attempt: org.springframework.beans.factory.UnsatisfiedDependencyException: Error creating bean with name 'org.springframework.boot.autoconfigure.orm.jpa.HibernateJpaConfiguration': Unsatisfied dependency expressed through constructor parameter 0; nested exception is org.springframework.beans.factory.BeanCreationException: Error creating bean with name 'dataSource': Post-processing of FactoryBean's singleton object failed; nested exception is org.springframework.beans.factory.BeanCreationException: Error creating bean with name 'org.springframework.boot.autoconfigure.jdbc.DataSourceInitializerInvoker': Invocation of init method failed; nested exception is org.springframework.jdbc.datasource.init.ScriptStatementFailedException: Failed to execute SQL script statement #5 of URL [file:/D:/Documents/BscIT/ThirdYear/Semester%202/CMPG323/Project%201/Software/AccountSystemRepository/target/test-classes/schema.sql]: CREATE TABLE CMPG323.ACCOUNT_TX_DETAILS ( ACCOUNT_TX_DETAILS_ID BIGINT NOT NULL, TX_ID BIGINT NOT NULL, PARTNER_NAME VARCHAR(255) NOT NULL, NUMBER_OF_ITEMS BIGINT NOT NULL, PRIMARY KEY (ACCOUNT_TX_DETAILS_ID), CONSTRAINT FK_ACCOUNT_TYPE_IDL FOREIGN KEY (ACCOUNT_TYPE_ID) REFERENCES CMPG323.DEMO_ACCOUNT_TYPE (ACCOUNT_TYPE_ID), ); nested exception is org.h2.jdbc.JdbcSQLSyntaxErrorException: Constraint "FK_ACCOUNT_TYPE_IDL" already exists; SQL statement:
CREATE TABLE CMPG323.ACCOUNT_TX_DETAILS ( ACCOUNT_TX_DETAILS_ID BIGINT NOT NULL, TX_ID BIGINT NOT NULL, PARTNER_NAME VARCHAR(255) NOT NULL, NUMBER_OF_ITEMS BIGINT NOT NULL, PRIMARY KEY (ACCOUNT_TX_DETAILS_ID), CONSTRAINT FK_ACCOUNT_TYPE_IDL FOREIGN KEY (ACCOUNT_TYPE_ID) REFERENCES CMPG323.DEMO_ACCOUNT_TYPE (ACCOUNT_TYPE_ID), ) [90045-199]
2021-10-09 07:35:02.256  INFO 13704 --- [           main] ConditionEvaluationReportLoggingListener : 

Error starting ApplicationContext. To display the conditions report re-run your application with 'debug' enabled.
2021-10-09 07:35:02.261 ERROR 13704 --- [           main] o.s.boot.SpringApplication               : Application run failed

org.springframework.beans.factory.UnsatisfiedDependencyException: Error creating bean with name 'org.springframework.boot.autoconfigure.orm.jpa.HibernateJpaConfiguration': Unsatisfied dependency expressed through constructor parameter 0; nested exception is org.springframework.beans.factory.BeanCreationException: Error creating bean with name 'dataSource': Post-processing of FactoryBean's singleton object failed; nested exception is org.springframework.beans.factory.BeanCreationException: Error creating bean with name 'org.springframework.boot.autoconfigure.jdbc.DataSourceInitializerInvoker': Invocation of init method failed; nested exception is org.springframework.jdbc.datasource.init.ScriptStatementFailedException: Failed to execute SQL script statement #5 of URL [file:/D:/Documents/BscIT/ThirdYear/Semester%202/CMPG323/Project%201/Software/AccountSystemRepository/target/test-classes/schema.sql]: CREATE TABLE CMPG323.ACCOUNT_TX_DETAILS ( ACCOUNT_TX_DETAILS_ID BIGINT NOT NULL, TX_ID BIGINT NOT NULL, PARTNER_NAME VARCHAR(255) NOT NULL, NUMBER_OF_ITEMS BIGINT NOT NULL, PRIMARY KEY (ACCOUNT_TX_DETAILS_ID), CONSTRAINT FK_ACCOUNT_TYPE_IDL FOREIGN KEY (ACCOUNT_TYPE_ID) REFERENCES CMPG323.DEMO_ACCOUNT_TYPE (ACCOUNT_TYPE_ID), ); nested exception is org.h2.jdbc.JdbcSQLSyntaxErrorException: Constraint "FK_ACCOUNT_TYPE_IDL" already exists; SQL statement:
CREATE TABLE CMPG323.ACCOUNT_TX_DETAILS ( ACCOUNT_TX_DETAILS_ID BIGINT NOT NULL, TX_ID BIGINT NOT NULL, PARTNER_NAME VARCHAR(255) NOT NULL, NUMBER_OF_ITEMS BIGINT NOT NULL, PRIMARY KEY (ACCOUNT_TX_DETAILS_ID), CONSTRAINT FK_ACCOUNT_TYPE_IDL FOREIGN KEY (ACCOUNT_TYPE_ID) REFERENCES CMPG323.DEMO_ACCOUNT_TYPE (ACCOUNT_TYPE_ID), ) [90045-199]
	at org.springframework.beans.factory.support.ConstructorResolver.createArgumentArray(ConstructorResolver.java:769) ~[spring-beans-5.1.8.RELEASE.jar:5.1.8.RELEASE]
	at org.springframework.beans.factory.support.ConstructorResolver.autowireConstructor(ConstructorResolver.java:218) ~[spring-beans-5.1.8.RELEASE.jar:5.1.8.RELEASE]
	at org.springframework.beans.factory.support.AbstractAutowireCapableBeanFactory.autowireConstructor(AbstractAutowireCapableBeanFactory.java:1341) ~[spring-beans-5.1.8.RELEASE.jar:5.1.8.RELEASE]
	at org.springframework.beans.factory.support.AbstractAutowireCapableBeanFactory.createBeanInstance(AbstractAutowireCapableBeanFactory.java:1187) ~[spring-beans-5.1.8.RELEASE.jar:5.1.8.RELEASE]
	at org.springframework.beans.factory.support.AbstractAutowireCapableBeanFactory.doCreateBean(AbstractAutowireCapableBeanFactory.java:555) ~[spring-beans-5.1.8.RELEASE.jar:5.1.8.RELEASE]
	at org.springframework.beans.factory.support.AbstractAutowireCapableBeanFactory.createBean(AbstractAutowireCapableBeanFactory.java:515) ~[spring-beans-5.1.8.RELEASE.jar:5.1.8.RELEASE]
	at org.springframework.beans.factory.support.AbstractBeanFactory.lambda$doGetBean$0(AbstractBeanFactory.java:320) ~[spring-beans-5.1.8.RELEASE.jar:5.1.8.RELEASE]
	at org.springframework.beans.factory.support.DefaultSingletonBeanRegistry.getSingleton(DefaultSingletonBeanRegistry.java:222) ~[spring-beans-5.1.8.RELEASE.jar:5.1.8.RELEASE]
	at org.springframework.beans.factory.support.AbstractBeanFactory.doGetBean(AbstractBeanFactory.java:318) ~[spring-beans-5.1.8.RELEASE.jar:5.1.8.RELEASE]
	at org.springframework.beans.factory.support.AbstractBeanFactory.getBean(AbstractBeanFactory.java:199) ~[spring-beans-5.1.8.RELEASE.jar:5.1.8.RELEASE]
	at org.springframework.beans.factory.support.ConstructorResolver.instantiateUsingFactoryMethod(ConstructorResolver.java:392) ~[spring-beans-5.1.8.RELEASE.jar:5.1.8.RELEASE]
	at org.springframework.beans.factory.support.AbstractAutowireCapableBeanFactory.instantiateUsingFactoryMethod(AbstractAutowireCapableBeanFactory.java:1321) ~[spring-beans-5.1.8.RELEASE.jar:5.1.8.RELEASE]
	at org.springframework.beans.factory.support.AbstractAutowireCapableBeanFactory.createBeanInstance(AbstractAutowireCapableBeanFactory.java:1160) ~[spring-beans-5.1.8.RELEASE.jar:5.1.8.RELEASE]
	at org.springframework.beans.factory.support.AbstractAutowireCapableBeanFactory.doCreateBean(AbstractAutowireCapableBeanFactory.java:555) ~[spring-beans-5.1.8.RELEASE.jar:5.1.8.RELEASE]
	at org.springframework.beans.factory.support.AbstractAutowireCapableBeanFactory.createBean(AbstractAutowireCapableBeanFactory.java:515) ~[spring-beans-5.1.8.RELEASE.jar:5.1.8.RELEASE]
	at org.springframework.beans.factory.support.AbstractBeanFactory.lambda$doGetBean$0(AbstractBeanFactory.java:320) ~[spring-beans-5.1.8.RELEASE.jar:5.1.8.RELEASE]
	at org.springframework.beans.factory.support.DefaultSingletonBeanRegistry.getSingleton(DefaultSingletonBeanRegistry.java:222) ~[spring-beans-5.1.8.RELEASE.jar:5.1.8.RELEASE]
	at org.springframework.beans.factory.support.AbstractBeanFactory.doGetBean(AbstractBeanFactory.java:318) ~[spring-beans-5.1.8.RELEASE.jar:5.1.8.RELEASE]
	at org.springframework.beans.factory.support.AbstractBeanFactory.getBean(AbstractBeanFactory.java:199) ~[spring-beans-5.1.8.RELEASE.jar:5.1.8.RELEASE]
	at org.springframework.context.support.AbstractApplicationContext.getBean(AbstractApplicationContext.java:1105) ~[spring-context-5.1.8.RELEASE.jar:5.1.8.RELEASE]
	at org.springframework.context.support.AbstractApplicationContext.finishBeanFactoryInitialization(AbstractApplicationContext.java:867) ~[spring-context-5.1.8.RELEASE.jar:5.1.8.RELEASE]
	at org.springframework.context.support.AbstractApplicationContext.refresh(AbstractApplicationContext.java:549) ~[spring-context-5.1.8.RELEASE.jar:5.1.8.RELEASE]
	at org.springframework.boot.SpringApplication.refresh(SpringApplication.java:742) ~[spring-boot-2.1.6.RELEASE.jar:2.1.6.RELEASE]
	at org.springframework.boot.SpringApplication.refreshContext(SpringApplication.java:389) ~[spring-boot-2.1.6.RELEASE.jar:2.1.6.RELEASE]
	at org.springframework.boot.SpringApplication.run(SpringApplication.java:311) ~[spring-boot-2.1.6.RELEASE.jar:2.1.6.RELEASE]
	at org.springframework.boot.test.context.SpringBootContextLoader.loadContext(SpringBootContextLoader.java:119) [spring-boot-test-2.1.6.RELEASE.jar:2.1.6.RELEASE]
	at org.springframework.test.context.cache.DefaultCacheAwareContextLoaderDelegate.loadContextInternal(DefaultCacheAwareContextLoaderDelegate.java:99) [spring-test-5.1.8.RELEASE.jar:5.1.8.RELEASE]
	at org.springframework.test.context.cache.DefaultCacheAwareContextLoaderDelegate.loadContext(DefaultCacheAwareContextLoaderDelegate.java:117) [spring-test-5.1.8.RELEASE.jar:5.1.8.RELEASE]
	at org.springframework.test.context.support.DefaultTestContext.getApplicationContext(DefaultTestContext.java:108) [spring-test-5.1.8.RELEASE.jar:5.1.8.RELEASE]
	at org.springframework.test.context.support.DependencyInjectionTestExecutionListener.injectDependencies(DependencyInjectionTestExecutionListener.java:118) [spring-test-5.1.8.RELEASE.jar:5.1.8.RELEASE]
	at org.springframework.test.context.support.DependencyInjectionTestExecutionListener.prepareTestInstance(DependencyInjectionTestExecutionListener.java:83) [spring-test-5.1.8.RELEASE.jar:5.1.8.RELEASE]
	at org.springframework.boot.test.autoconfigure.SpringBootDependencyInjectionTestExecutionListener.prepareTestInstance(SpringBootDependencyInjectionTestExecutionListener.java:43) [spring-boot-test-autoconfigure-2.1.6.RELEASE.jar:2.1.6.RELEASE]
	at org.springframework.test.context.TestContextManager.prepareTestInstance(TestContextManager.java:246) [spring-test-5.1.8.RELEASE.jar:5.1.8.RELEASE]
	at org.springframework.test.context.junit4.SpringJUnit4ClassRunner.createTest(SpringJUnit4ClassRunner.java:227) [spring-test-5.1.8.RELEASE.jar:5.1.8.RELEASE]
	at org.springframework.test.context.junit4.SpringJUnit4ClassRunner$1.runReflectiveCall(SpringJUnit4ClassRunner.java:289) [spring-test-5.1.8.RELEASE.jar:5.1.8.RELEASE]
	at org.junit.internal.runners.model.ReflectiveCallable.run(ReflectiveCallable.java:12) [junit-4.12.jar:4.12]
	at org.springframework.test.context.junit4.SpringJUnit4ClassRunner.methodBlock(SpringJUnit4ClassRunner.java:291) [spring-test-5.1.8.RELEASE.jar:5.1.8.RELEASE]
	at org.springframework.test.context.junit4.SpringJUnit4ClassRunner.runChild(SpringJUnit4ClassRunner.java:246) [spring-test-5.1.8.RELEASE.jar:5.1.8.RELEASE]
	at org.springframework.test.context.junit4.SpringJUnit4ClassRunner.runChild(SpringJUnit4ClassRunner.java:97) [spring-test-5.1.8.RELEASE.jar:5.1.8.RELEASE]
	at org.junit.runners.ParentRunner$3.run(ParentRunner.java:290) [junit-4.12.jar:4.12]
	at org.junit.runners.ParentRunner$1.schedule(ParentRunner.java:71) [junit-4.12.jar:4.12]
	at org.junit.runners.ParentRunner.runChildren(ParentRunner.java:288) [junit-4.12.jar:4.12]
	at org.junit.runners.ParentRunner.access$000(ParentRunner.java:58) [junit-4.12.jar:4.12]
	at org.junit.runners.ParentRunner$2.evaluate(ParentRunner.java:268) [junit-4.12.jar:4.12]
	at org.springframework.test.context.junit4.statements.RunBeforeTestClassCallbacks.evaluate(RunBeforeTestClassCallbacks.java:61) [spring-test-5.1.8.RELEASE.jar:5.1.8.RELEASE]
	at org.springframework.test.context.junit4.statements.RunAfterTestClassCallbacks.evaluate(RunAfterTestClassCallbacks.java:70) [spring-test-5.1.8.RELEASE.jar:5.1.8.RELEASE]
	at org.junit.runners.ParentRunner.run(ParentRunner.java:363) [junit-4.12.jar:4.12]
	at org.springframework.test.context.junit4.SpringJUnit4ClassRunner.run(SpringJUnit4ClassRunner.java:190) [spring-test-5.1.8.RELEASE.jar:5.1.8.RELEASE]
	at org.apache.maven.surefire.junit4.JUnit4Provider.execute(JUnit4Provider.java:365) [surefire-junit4-2.22.2.jar:2.22.2]
	at org.apache.maven.surefire.junit4.JUnit4Provider.executeWithRerun(JUnit4Provider.java:273) [surefire-junit4-2.22.2.jar:2.22.2]
	at org.apache.maven.surefire.junit4.JUnit4Provider.executeTestSet(JUnit4Provider.java:238) [surefire-junit4-2.22.2.jar:2.22.2]
	at org.apache.maven.surefire.junit4.JUnit4Provider.invoke(JUnit4Provider.java:159) [surefire-junit4-2.22.2.jar:2.22.2]
	at org.apache.maven.surefire.booter.ForkedBooter.invokeProviderInSameClassLoader(ForkedBooter.java:384) [surefire-booter-2.22.2.jar:2.22.2]
	at org.apache.maven.surefire.booter.ForkedBooter.runSuitesInProcess(ForkedBooter.java:345) [surefire-booter-2.22.2.jar:2.22.2]
	at org.apache.maven.surefire.booter.ForkedBooter.execute(ForkedBooter.java:126) [surefire-booter-2.22.2.jar:2.22.2]
	at org.apache.maven.surefire.booter.ForkedBooter.main(ForkedBooter.java:418) [surefire-booter-2.22.2.jar:2.22.2]
Caused by: org.springframework.beans.factory.BeanCreationException: Error creating bean with name 'dataSource': Post-processing of FactoryBean's singleton object failed; nested exception is org.springframework.beans.factory.BeanCreationException: Error creating bean with name 'org.springframework.boot.autoconfigure.jdbc.DataSourceInitializerInvoker': Invocation of init method failed; nested exception is org.springframework.jdbc.datasource.init.ScriptStatementFailedException: Failed to execute SQL script statement #5 of URL [file:/D:/Documents/BscIT/ThirdYear/Semester%202/CMPG323/Project%201/Software/AccountSystemRepository/target/test-classes/schema.sql]: CREATE TABLE CMPG323.ACCOUNT_TX_DETAILS ( ACCOUNT_TX_DETAILS_ID BIGINT NOT NULL, TX_ID BIGINT NOT NULL, PARTNER_NAME VARCHAR(255) NOT NULL, NUMBER_OF_ITEMS BIGINT NOT NULL, PRIMARY KEY (ACCOUNT_TX_DETAILS_ID), CONSTRAINT FK_ACCOUNT_TYPE_IDL FOREIGN KEY (ACCOUNT_TYPE_ID) REFERENCES CMPG323.DEMO_ACCOUNT_TYPE (ACCOUNT_TYPE_ID), ); nested exception is org.h2.jdbc.JdbcSQLSyntaxErrorException: Constraint "FK_ACCOUNT_TYPE_IDL" already exists; SQL statement:
CREATE TABLE CMPG323.ACCOUNT_TX_DETAILS ( ACCOUNT_TX_DETAILS_ID BIGINT NOT NULL, TX_ID BIGINT NOT NULL, PARTNER_NAME VARCHAR(255) NOT NULL, NUMBER_OF_ITEMS BIGINT NOT NULL, PRIMARY KEY (ACCOUNT_TX_DETAILS_ID), CONSTRAINT FK_ACCOUNT_TYPE_IDL FOREIGN KEY (ACCOUNT_TYPE_ID) REFERENCES CMPG323.DEMO_ACCOUNT_TYPE (ACCOUNT_TYPE_ID), ) [90045-199]
	at org.springframework.beans.factory.support.FactoryBeanRegistrySupport.getObjectFromFactoryBean(FactoryBeanRegistrySupport.java:119) ~[spring-beans-5.1.8.RELEASE.jar:5.1.8.RELEASE]
	at org.springframework.beans.factory.support.AbstractBeanFactory.getObjectForBeanInstance(AbstractBeanFactory.java:1674) ~[spring-beans-5.1.8.RELEASE.jar:5.1.8.RELEASE]
	at org.springframework.beans.factory.support.AbstractAutowireCapableBeanFactory.getObjectForBeanInstance(AbstractAutowireCapableBeanFactory.java:1249) ~[spring-beans-5.1.8.RELEASE.jar:5.1.8.RELEASE]
	at org.springframework.beans.factory.support.AbstractBeanFactory.doGetBean(AbstractBeanFactory.java:330) ~[spring-beans-5.1.8.RELEASE.jar:5.1.8.RELEASE]
	at org.springframework.beans.factory.support.AbstractBeanFactory.getBean(AbstractBeanFactory.java:199) ~[spring-beans-5.1.8.RELEASE.jar:5.1.8.RELEASE]
	at org.springframework.beans.factory.config.DependencyDescriptor.resolveCandidate(DependencyDescriptor.java:277) ~[spring-beans-5.1.8.RELEASE.jar:5.1.8.RELEASE]
	at org.springframework.beans.factory.support.DefaultListableBeanFactory.doResolveDependency(DefaultListableBeanFactory.java:1251) ~[spring-beans-5.1.8.RELEASE.jar:5.1.8.RELEASE]
	at org.springframework.beans.factory.support.DefaultListableBeanFactory.resolveDependency(DefaultListableBeanFactory.java:1171) ~[spring-beans-5.1.8.RELEASE.jar:5.1.8.RELEASE]
	at org.springframework.beans.factory.support.ConstructorResolver.resolveAutowiredArgument(ConstructorResolver.java:857) ~[spring-beans-5.1.8.RELEASE.jar:5.1.8.RELEASE]
	at org.springframework.beans.factory.support.ConstructorResolver.createArgumentArray(ConstructorResolver.java:760) ~[spring-beans-5.1.8.RELEASE.jar:5.1.8.RELEASE]
	... 55 common frames omitted
Caused by: org.springframework.beans.factory.BeanCreationException: Error creating bean with name 'org.springframework.boot.autoconfigure.jdbc.DataSourceInitializerInvoker': Invocation of init method failed; nested exception is org.springframework.jdbc.datasource.init.ScriptStatementFailedException: Failed to execute SQL script statement #5 of URL [file:/D:/Documents/BscIT/ThirdYear/Semester%202/CMPG323/Project%201/Software/AccountSystemRepository/target/test-classes/schema.sql]: CREATE TABLE CMPG323.ACCOUNT_TX_DETAILS ( ACCOUNT_TX_DETAILS_ID BIGINT NOT NULL, TX_ID BIGINT NOT NULL, PARTNER_NAME VARCHAR(255) NOT NULL, NUMBER_OF_ITEMS BIGINT NOT NULL, PRIMARY KEY (ACCOUNT_TX_DETAILS_ID), CONSTRAINT FK_ACCOUNT_TYPE_IDL FOREIGN KEY (ACCOUNT_TYPE_ID) REFERENCES CMPG323.DEMO_ACCOUNT_TYPE (ACCOUNT_TYPE_ID), ); nested exception is org.h2.jdbc.JdbcSQLSyntaxErrorException: Constraint "FK_ACCOUNT_TYPE_IDL" already exists; SQL statement:
CREATE TABLE CMPG323.ACCOUNT_TX_DETAILS ( ACCOUNT_TX_DETAILS_ID BIGINT NOT NULL, TX_ID BIGINT NOT NULL, PARTNER_NAME VARCHAR(255) NOT NULL, NUMBER_OF_ITEMS BIGINT NOT NULL, PRIMARY KEY (ACCOUNT_TX_DETAILS_ID), CONSTRAINT FK_ACCOUNT_TYPE_IDL FOREIGN KEY (ACCOUNT_TYPE_ID) REFERENCES CMPG323.DEMO_ACCOUNT_TYPE (ACCOUNT_TYPE_ID), ) [90045-199]
	at org.springframework.beans.factory.support.AbstractAutowireCapableBeanFactory.initializeBean(AbstractAutowireCapableBeanFactory.java:1778) ~[spring-beans-5.1.8.RELEASE.jar:5.1.8.RELEASE]
	at org.springframework.beans.factory.support.AbstractAutowireCapableBeanFactory.doCreateBean(AbstractAutowireCapableBeanFactory.java:593) ~[spring-beans-5.1.8.RELEASE.jar:5.1.8.RELEASE]
	at org.springframework.beans.factory.support.AbstractAutowireCapableBeanFactory.createBean(AbstractAutowireCapableBeanFactory.java:515) ~[spring-beans-5.1.8.RELEASE.jar:5.1.8.RELEASE]
	at org.springframework.beans.factory.support.AbstractBeanFactory.lambda$doGetBean$0(AbstractBeanFactory.java:320) ~[spring-beans-5.1.8.RELEASE.jar:5.1.8.RELEASE]
	at org.springframework.beans.factory.support.DefaultSingletonBeanRegistry.getSingleton(DefaultSingletonBeanRegistry.java:222) ~[spring-beans-5.1.8.RELEASE.jar:5.1.8.RELEASE]
	at org.springframework.beans.factory.support.AbstractBeanFactory.doGetBean(AbstractBeanFactory.java:318) ~[spring-beans-5.1.8.RELEASE.jar:5.1.8.RELEASE]
	at org.springframework.beans.factory.support.AbstractBeanFactory.getBean(AbstractBeanFactory.java:224) ~[spring-beans-5.1.8.RELEASE.jar:5.1.8.RELEASE]
	at org.springframework.beans.factory.support.DefaultListableBeanFactory.resolveNamedBean(DefaultListableBeanFactory.java:1119) ~[spring-beans-5.1.8.RELEASE.jar:5.1.8.RELEASE]
	at org.springframework.beans.factory.support.DefaultListableBeanFactory.resolveBean(DefaultListableBeanFactory.java:411) ~[spring-beans-5.1.8.RELEASE.jar:5.1.8.RELEASE]
	at org.springframework.beans.factory.support.DefaultListableBeanFactory.getBean(DefaultListableBeanFactory.java:344) ~[spring-beans-5.1.8.RELEASE.jar:5.1.8.RELEASE]
	at org.springframework.beans.factory.support.DefaultListableBeanFactory.getBean(DefaultListableBeanFactory.java:337) ~[spring-beans-5.1.8.RELEASE.jar:5.1.8.RELEASE]
	at org.springframework.boot.autoconfigure.jdbc.DataSourceInitializerPostProcessor.postProcessAfterInitialization(DataSourceInitializerPostProcessor.java:53) ~[spring-boot-autoconfigure-2.1.6.RELEASE.jar:2.1.6.RELEASE]
	at org.springframework.beans.factory.support.AbstractAutowireCapableBeanFactory.applyBeanPostProcessorsAfterInitialization(AbstractAutowireCapableBeanFactory.java:429) ~[spring-beans-5.1.8.RELEASE.jar:5.1.8.RELEASE]
	at org.springframework.beans.factory.support.AbstractAutowireCapableBeanFactory.postProcessObjectFromFactoryBean(AbstractAutowireCapableBeanFactory.java:1921) ~[spring-beans-5.1.8.RELEASE.jar:5.1.8.RELEASE]
	at org.springframework.beans.factory.support.FactoryBeanRegistrySupport.getObjectFromFactoryBean(FactoryBeanRegistrySupport.java:116) ~[spring-beans-5.1.8.RELEASE.jar:5.1.8.RELEASE]
	... 64 common frames omitted
Caused by: org.springframework.jdbc.datasource.init.ScriptStatementFailedException: Failed to execute SQL script statement #5 of URL [file:/D:/Documents/BscIT/ThirdYear/Semester%202/CMPG323/Project%201/Software/AccountSystemRepository/target/test-classes/schema.sql]: CREATE TABLE CMPG323.ACCOUNT_TX_DETAILS ( ACCOUNT_TX_DETAILS_ID BIGINT NOT NULL, TX_ID BIGINT NOT NULL, PARTNER_NAME VARCHAR(255) NOT NULL, NUMBER_OF_ITEMS BIGINT NOT NULL, PRIMARY KEY (ACCOUNT_TX_DETAILS_ID), CONSTRAINT FK_ACCOUNT_TYPE_IDL FOREIGN KEY (ACCOUNT_TYPE_ID) REFERENCES CMPG323.DEMO_ACCOUNT_TYPE (ACCOUNT_TYPE_ID), ); nested exception is org.h2.jdbc.JdbcSQLSyntaxErrorException: Constraint "FK_ACCOUNT_TYPE_IDL" already exists; SQL statement:
CREATE TABLE CMPG323.ACCOUNT_TX_DETAILS ( ACCOUNT_TX_DETAILS_ID BIGINT NOT NULL, TX_ID BIGINT NOT NULL, PARTNER_NAME VARCHAR(255) NOT NULL, NUMBER_OF_ITEMS BIGINT NOT NULL, PRIMARY KEY (ACCOUNT_TX_DETAILS_ID), CONSTRAINT FK_ACCOUNT_TYPE_IDL FOREIGN KEY (ACCOUNT_TYPE_ID) REFERENCES CMPG323.DEMO_ACCOUNT_TYPE (ACCOUNT_TYPE_ID), ) [90045-199]
	at org.springframework.jdbc.datasource.init.ScriptUtils.executeSqlScript(ScriptUtils.java:509) ~[spring-jdbc-5.1.8.RELEASE.jar:5.1.8.RELEASE]
	at org.springframework.jdbc.datasource.init.ResourceDatabasePopulator.populate(ResourceDatabasePopulator.java:238) ~[spring-jdbc-5.1.8.RELEASE.jar:5.1.8.RELEASE]
	at org.springframework.jdbc.datasource.init.DatabasePopulatorUtils.execute(DatabasePopulatorUtils.java:48) ~[spring-jdbc-5.1.8.RELEASE.jar:5.1.8.RELEASE]
	at org.springframework.boot.autoconfigure.jdbc.DataSourceInitializer.runScripts(DataSourceInitializer.java:202) ~[spring-boot-autoconfigure-2.1.6.RELEASE.jar:2.1.6.RELEASE]
	at org.springframework.boot.autoconfigure.jdbc.DataSourceInitializer.createSchema(DataSourceInitializer.java:101) ~[spring-boot-autoconfigure-2.1.6.RELEASE.jar:2.1.6.RELEASE]
	at org.springframework.boot.autoconfigure.jdbc.DataSourceInitializerInvoker.afterPropertiesSet(DataSourceInitializerInvoker.java:62) ~[spring-boot-autoconfigure-2.1.6.RELEASE.jar:2.1.6.RELEASE]
	at org.springframework.beans.factory.support.AbstractAutowireCapableBeanFactory.invokeInitMethods(AbstractAutowireCapableBeanFactory.java:1837) ~[spring-beans-5.1.8.RELEASE.jar:5.1.8.RELEASE]
	at org.springframework.beans.factory.support.AbstractAutowireCapableBeanFactory.initializeBean(AbstractAutowireCapableBeanFactory.java:1774) ~[spring-beans-5.1.8.RELEASE.jar:5.1.8.RELEASE]
	... 78 common frames omitted
Caused by: org.h2.jdbc.JdbcSQLSyntaxErrorException: Constraint "FK_ACCOUNT_TYPE_IDL" already exists; SQL statement:
CREATE TABLE CMPG323.ACCOUNT_TX_DETAILS ( ACCOUNT_TX_DETAILS_ID BIGINT NOT NULL, TX_ID BIGINT NOT NULL, PARTNER_NAME VARCHAR(255) NOT NULL, NUMBER_OF_ITEMS BIGINT NOT NULL, PRIMARY KEY (ACCOUNT_TX_DETAILS_ID), CONSTRAINT FK_ACCOUNT_TYPE_IDL FOREIGN KEY (ACCOUNT_TYPE_ID) REFERENCES CMPG323.DEMO_ACCOUNT_TYPE (ACCOUNT_TYPE_ID), ) [90045-199]
	at org.h2.message.DbException.getJdbcSQLException(DbException.java:573) ~[h2-1.4.199.jar:1.4.199]
	at org.h2.message.DbException.getJdbcSQLException(DbException.java:427) ~[h2-1.4.199.jar:1.4.199]
	at org.h2.message.DbException.get(DbException.java:205) ~[h2-1.4.199.jar:1.4.199]
	at org.h2.message.DbException.get(DbException.java:181) ~[h2-1.4.199.jar:1.4.199]
	at org.h2.command.ddl.AlterTableAddConstraint.tryUpdate(AlterTableAddConstraint.java:114) ~[h2-1.4.199.jar:1.4.199]
	at org.h2.command.ddl.AlterTableAddConstraint.update(AlterTableAddConstraint.java:78) ~[h2-1.4.199.jar:1.4.199]
	at org.h2.command.ddl.CommandWithColumns.createConstraints(CommandWithColumns.java:83) ~[h2-1.4.199.jar:1.4.199]
	at org.h2.command.ddl.CreateTable.update(CreateTable.java:129) ~[h2-1.4.199.jar:1.4.199]
	at org.h2.command.CommandContainer.update(CommandContainer.java:133) ~[h2-1.4.199.jar:1.4.199]
	at org.h2.command.Command.executeUpdate(Command.java:267) ~[h2-1.4.199.jar:1.4.199]
	at org.h2.jdbc.JdbcStatement.executeInternal(JdbcStatement.java:233) ~[h2-1.4.199.jar:1.4.199]
	at org.h2.jdbc.JdbcStatement.execute(JdbcStatement.java:205) ~[h2-1.4.199.jar:1.4.199]
	at org.springframework.jdbc.datasource.init.ScriptUtils.executeSqlScript(ScriptUtils.java:488) ~[spring-jdbc-5.1.8.RELEASE.jar:5.1.8.RELEASE]
	... 85 common frames omitted


  .   ____          _            __ _ _
 /\\ / ___'_ __ _ _(_)_ __  __ _ \ \ \ \
( ( )\___ | '_ | '_| | '_ \/ _` | \ \ \ \
 \\/  ___)| |_)| | | | | || (_| |  ) ) ) )
  '  |____| .__|_| |_|_| |_\__, | / / / /
 =========|_|==============|___/=/_/_/_/
 :: Spring Boot ::        (v2.1.6.RELEASE)

2021-10-09 07:35:02.277  INFO 13704 --- [           main] z.a.n.a.r.p.AccountTypeRepositoryTest    : Starting AccountTypeRepositoryTest on DESKTOP-88F48D2 with PID 13704 (started by Bianca Piek in D:\Documents\BscIT\ThirdYear\Semester 2\CMPG323\Project 1\Software\AccountSystemRepository)
2021-10-09 07:35:02.277  INFO 13704 --- [           main] z.a.n.a.r.p.AccountTypeRepositoryTest    : No active profile set, falling back to default profiles: default
2021-10-09 07:35:02.331  INFO 13704 --- [           main] .s.d.r.c.RepositoryConfigurationDelegate : Bootstrapping Spring Data repositories in DEFAULT mode.
2021-10-09 07:35:02.337  INFO 13704 --- [           main] .s.d.r.c.RepositoryConfigurationDelegate : Finished Spring Data repository scanning in 6ms. Found 3 repository interfaces.
2021-10-09 07:35:02.347  INFO 13704 --- [           main] beddedDataSourceBeanFactoryPostProcessor : Replacing 'dataSource' DataSource bean with embedded version
2021-10-09 07:35:02.357  INFO 13704 --- [           main] o.s.j.d.e.EmbeddedDatabaseFactory        : Starting embedded database: url='jdbc:h2:mem:bf5d4e5f-3487-469e-8b5b-42ab69958646;DB_CLOSE_DELAY=-1;DB_CLOSE_ON_EXIT=false', username='sa'
2021-10-09 07:35:02.372  WARN 13704 --- [           main] s.c.a.AnnotationConfigApplicationContext : Exception encountered during context initialization - cancelling refresh attempt: org.springframework.beans.factory.UnsatisfiedDependencyException: Error creating bean with name 'org.springframework.boot.autoconfigure.orm.jpa.HibernateJpaConfiguration': Unsatisfied dependency expressed through constructor parameter 0; nested exception is org.springframework.beans.factory.BeanCreationException: Error creating bean with name 'dataSource': Post-processing of FactoryBean's singleton object failed; nested exception is org.springframework.beans.factory.BeanCreationException: Error creating bean with name 'org.springframework.boot.autoconfigure.jdbc.DataSourceInitializerInvoker': Invocation of init method failed; nested exception is org.springframework.jdbc.datasource.init.ScriptStatementFailedException: Failed to execute SQL script statement #5 of URL [file:/D:/Documents/BscIT/ThirdYear/Semester%202/CMPG323/Project%201/Software/AccountSystemRepository/target/test-classes/schema.sql]: CREATE TABLE CMPG323.ACCOUNT_TX_DETAILS ( ACCOUNT_TX_DETAILS_ID BIGINT NOT NULL, TX_ID BIGINT NOT NULL, PARTNER_NAME VARCHAR(255) NOT NULL, NUMBER_OF_ITEMS BIGINT NOT NULL, PRIMARY KEY (ACCOUNT_TX_DETAILS_ID), CONSTRAINT FK_ACCOUNT_TYPE_IDL FOREIGN KEY (ACCOUNT_TYPE_ID) REFERENCES CMPG323.DEMO_ACCOUNT_TYPE (ACCOUNT_TYPE_ID), ); nested exception is org.h2.jdbc.JdbcSQLSyntaxErrorException: Constraint "FK_ACCOUNT_TYPE_IDL" already exists; SQL statement:
CREATE TABLE CMPG323.ACCOUNT_TX_DETAILS ( ACCOUNT_TX_DETAILS_ID BIGINT NOT NULL, TX_ID BIGINT NOT NULL, PARTNER_NAME VARCHAR(255) NOT NULL, NUMBER_OF_ITEMS BIGINT NOT NULL, PRIMARY KEY (ACCOUNT_TX_DETAILS_ID), CONSTRAINT FK_ACCOUNT_TYPE_IDL FOREIGN KEY (ACCOUNT_TYPE_ID) REFERENCES CMPG323.DEMO_ACCOUNT_TYPE (ACCOUNT_TYPE_ID), ) [90045-199]
2021-10-09 07:35:02.372  INFO 13704 --- [           main] ConditionEvaluationReportLoggingListener : 

Error starting ApplicationContext. To display the conditions report re-run your application with 'debug' enabled.
2021-10-09 07:35:02.372 ERROR 13704 --- [           main] o.s.boot.SpringApplication               : Application run failed

org.springframework.beans.factory.UnsatisfiedDependencyException: Error creating bean with name 'org.springframework.boot.autoconfigure.orm.jpa.HibernateJpaConfiguration': Unsatisfied dependency expressed through constructor parameter 0; nested exception is org.springframework.beans.factory.BeanCreationException: Error creating bean with name 'dataSource': Post-processing of FactoryBean's singleton object failed; nested exception is org.springframework.beans.factory.BeanCreationException: Error creating bean with name 'org.springframework.boot.autoconfigure.jdbc.DataSourceInitializerInvoker': Invocation of init method failed; nested exception is org.springframework.jdbc.datasource.init.ScriptStatementFailedException: Failed to execute SQL script statement #5 of URL [file:/D:/Documents/BscIT/ThirdYear/Semester%202/CMPG323/Project%201/Software/AccountSystemRepository/target/test-classes/schema.sql]: CREATE TABLE CMPG323.ACCOUNT_TX_DETAILS ( ACCOUNT_TX_DETAILS_ID BIGINT NOT NULL, TX_ID BIGINT NOT NULL, PARTNER_NAME VARCHAR(255) NOT NULL, NUMBER_OF_ITEMS BIGINT NOT NULL, PRIMARY KEY (ACCOUNT_TX_DETAILS_ID), CONSTRAINT FK_ACCOUNT_TYPE_IDL FOREIGN KEY (ACCOUNT_TYPE_ID) REFERENCES CMPG323.DEMO_ACCOUNT_TYPE (ACCOUNT_TYPE_ID), ); nested exception is org.h2.jdbc.JdbcSQLSyntaxErrorException: Constraint "FK_ACCOUNT_TYPE_IDL" already exists; SQL statement:
CREATE TABLE CMPG323.ACCOUNT_TX_DETAILS ( ACCOUNT_TX_DETAILS_ID BIGINT NOT NULL, TX_ID BIGINT NOT NULL, PARTNER_NAME VARCHAR(255) NOT NULL, NUMBER_OF_ITEMS BIGINT NOT NULL, PRIMARY KEY (ACCOUNT_TX_DETAILS_ID), CONSTRAINT FK_ACCOUNT_TYPE_IDL FOREIGN KEY (ACCOUNT_TYPE_ID) REFERENCES CMPG323.DEMO_ACCOUNT_TYPE (ACCOUNT_TYPE_ID), ) [90045-199]
	at org.springframework.beans.factory.support.ConstructorResolver.createArgumentArray(ConstructorResolver.java:769) ~[spring-beans-5.1.8.RELEASE.jar:5.1.8.RELEASE]
	at org.springframework.beans.factory.support.ConstructorResolver.autowireConstructor(ConstructorResolver.java:218) ~[spring-beans-5.1.8.RELEASE.jar:5.1.8.RELEASE]
	at org.springframework.beans.factory.support.AbstractAutowireCapableBeanFactory.autowireConstructor(AbstractAutowireCapableBeanFactory.java:1341) ~[spring-beans-5.1.8.RELEASE.jar:5.1.8.RELEASE]
	at org.springframework.beans.factory.support.AbstractAutowireCapableBeanFactory.createBeanInstance(AbstractAutowireCapableBeanFactory.java:1187) ~[spring-beans-5.1.8.RELEASE.jar:5.1.8.RELEASE]
	at org.springframework.beans.factory.support.AbstractAutowireCapableBeanFactory.doCreateBean(AbstractAutowireCapableBeanFactory.java:555) ~[spring-beans-5.1.8.RELEASE.jar:5.1.8.RELEASE]
	at org.springframework.beans.factory.support.AbstractAutowireCapableBeanFactory.createBean(AbstractAutowireCapableBeanFactory.java:515) ~[spring-beans-5.1.8.RELEASE.jar:5.1.8.RELEASE]
	at org.springframework.beans.factory.support.AbstractBeanFactory.lambda$doGetBean$0(AbstractBeanFactory.java:320) ~[spring-beans-5.1.8.RELEASE.jar:5.1.8.RELEASE]
	at org.springframework.beans.factory.support.DefaultSingletonBeanRegistry.getSingleton(DefaultSingletonBeanRegistry.java:222) ~[spring-beans-5.1.8.RELEASE.jar:5.1.8.RELEASE]
	at org.springframework.beans.factory.support.AbstractBeanFactory.doGetBean(AbstractBeanFactory.java:318) ~[spring-beans-5.1.8.RELEASE.jar:5.1.8.RELEASE]
	at org.springframework.beans.factory.support.AbstractBeanFactory.getBean(AbstractBeanFactory.java:199) ~[spring-beans-5.1.8.RELEASE.jar:5.1.8.RELEASE]
	at org.springframework.beans.factory.support.ConstructorResolver.instantiateUsingFactoryMethod(ConstructorResolver.java:392) ~[spring-beans-5.1.8.RELEASE.jar:5.1.8.RELEASE]
	at org.springframework.beans.factory.support.AbstractAutowireCapableBeanFactory.instantiateUsingFactoryMethod(AbstractAutowireCapableBeanFactory.java:1321) ~[spring-beans-5.1.8.RELEASE.jar:5.1.8.RELEASE]
	at org.springframework.beans.factory.support.AbstractAutowireCapableBeanFactory.createBeanInstance(AbstractAutowireCapableBeanFactory.java:1160) ~[spring-beans-5.1.8.RELEASE.jar:5.1.8.RELEASE]
	at org.springframework.beans.factory.support.AbstractAutowireCapableBeanFactory.doCreateBean(AbstractAutowireCapableBeanFactory.java:555) ~[spring-beans-5.1.8.RELEASE.jar:5.1.8.RELEASE]
	at org.springframework.beans.factory.support.AbstractAutowireCapableBeanFactory.createBean(AbstractAutowireCapableBeanFactory.java:515) ~[spring-beans-5.1.8.RELEASE.jar:5.1.8.RELEASE]
	at org.springframework.beans.factory.support.AbstractBeanFactory.lambda$doGetBean$0(AbstractBeanFactory.java:320) ~[spring-beans-5.1.8.RELEASE.jar:5.1.8.RELEASE]
	at org.springframework.beans.factory.support.DefaultSingletonBeanRegistry.getSingleton(DefaultSingletonBeanRegistry.java:222) ~[spring-beans-5.1.8.RELEASE.jar:5.1.8.RELEASE]
	at org.springframework.beans.factory.support.AbstractBeanFactory.doGetBean(AbstractBeanFactory.java:318) ~[spring-beans-5.1.8.RELEASE.jar:5.1.8.RELEASE]
	at org.springframework.beans.factory.support.AbstractBeanFactory.getBean(AbstractBeanFactory.java:199) ~[spring-beans-5.1.8.RELEASE.jar:5.1.8.RELEASE]
	at org.springframework.context.support.AbstractApplicationContext.getBean(AbstractApplicationContext.java:1105) ~[spring-context-5.1.8.RELEASE.jar:5.1.8.RELEASE]
	at org.springframework.context.support.AbstractApplicationContext.finishBeanFactoryInitialization(AbstractApplicationContext.java:867) ~[spring-context-5.1.8.RELEASE.jar:5.1.8.RELEASE]
	at org.springframework.context.support.AbstractApplicationContext.refresh(AbstractApplicationContext.java:549) ~[spring-context-5.1.8.RELEASE.jar:5.1.8.RELEASE]
	at org.springframework.boot.SpringApplication.refresh(SpringApplication.java:742) ~[spring-boot-2.1.6.RELEASE.jar:2.1.6.RELEASE]
	at org.springframework.boot.SpringApplication.refreshContext(SpringApplication.java:389) ~[spring-boot-2.1.6.RELEASE.jar:2.1.6.RELEASE]
	at org.springframework.boot.SpringApplication.run(SpringApplication.java:311) ~[spring-boot-2.1.6.RELEASE.jar:2.1.6.RELEASE]
	at org.springframework.boot.test.context.SpringBootContextLoader.loadContext(SpringBootContextLoader.java:119) [spring-boot-test-2.1.6.RELEASE.jar:2.1.6.RELEASE]
	at org.springframework.test.context.cache.DefaultCacheAwareContextLoaderDelegate.loadContextInternal(DefaultCacheAwareContextLoaderDelegate.java:99) [spring-test-5.1.8.RELEASE.jar:5.1.8.RELEASE]
	at org.springframework.test.context.cache.DefaultCacheAwareContextLoaderDelegate.loadContext(DefaultCacheAwareContextLoaderDelegate.java:117) [spring-test-5.1.8.RELEASE.jar:5.1.8.RELEASE]
	at org.springframework.test.context.support.DefaultTestContext.getApplicationContext(DefaultTestContext.java:108) [spring-test-5.1.8.RELEASE.jar:5.1.8.RELEASE]
	at org.springframework.boot.test.autoconfigure.SpringBootDependencyInjectionTestExecutionListener.outputConditionEvaluationReport(SpringBootDependencyInjectionTestExecutionListener.java:53) [spring-boot-test-autoconfigure-2.1.6.RELEASE.jar:2.1.6.RELEASE]
	at org.springframework.boot.test.autoconfigure.SpringBootDependencyInjectionTestExecutionListener.prepareTestInstance(SpringBootDependencyInjectionTestExecutionListener.java:46) [spring-boot-test-autoconfigure-2.1.6.RELEASE.jar:2.1.6.RELEASE]
	at org.springframework.test.context.TestContextManager.prepareTestInstance(TestContextManager.java:246) [spring-test-5.1.8.RELEASE.jar:5.1.8.RELEASE]
	at org.springframework.test.context.junit4.SpringJUnit4ClassRunner.createTest(SpringJUnit4ClassRunner.java:227) [spring-test-5.1.8.RELEASE.jar:5.1.8.RELEASE]
	at org.springframework.test.context.junit4.SpringJUnit4ClassRunner$1.runReflectiveCall(SpringJUnit4ClassRunner.java:289) [spring-test-5.1.8.RELEASE.jar:5.1.8.RELEASE]
	at org.junit.internal.runners.model.ReflectiveCallable.run(ReflectiveCallable.java:12) [junit-4.12.jar:4.12]
	at org.springframework.test.context.junit4.SpringJUnit4ClassRunner.methodBlock(SpringJUnit4ClassRunner.java:291) [spring-test-5.1.8.RELEASE.jar:5.1.8.RELEASE]
	at org.springframework.test.context.junit4.SpringJUnit4ClassRunner.runChild(SpringJUnit4ClassRunner.java:246) [spring-test-5.1.8.RELEASE.jar:5.1.8.RELEASE]
	at org.springframework.test.context.junit4.SpringJUnit4ClassRunner.runChild(SpringJUnit4ClassRunner.java:97) [spring-test-5.1.8.RELEASE.jar:5.1.8.RELEASE]
	at org.junit.runners.ParentRunner$3.run(ParentRunner.java:290) [junit-4.12.jar:4.12]
	at org.junit.runners.ParentRunner$1.schedule(ParentRunner.java:71) [junit-4.12.jar:4.12]
	at org.junit.runners.ParentRunner.runChildren(ParentRunner.java:288) [junit-4.12.jar:4.12]
	at org.junit.runners.ParentRunner.access$000(ParentRunner.java:58) [junit-4.12.jar:4.12]
	at org.junit.runners.ParentRunner$2.evaluate(ParentRunner.java:268) [junit-4.12.jar:4.12]
	at org.springframework.test.context.junit4.statements.RunBeforeTestClassCallbacks.evaluate(RunBeforeTestClassCallbacks.java:61) [spring-test-5.1.8.RELEASE.jar:5.1.8.RELEASE]
	at org.springframework.test.context.junit4.statements.RunAfterTestClassCallbacks.evaluate(RunAfterTestClassCallbacks.java:70) [spring-test-5.1.8.RELEASE.jar:5.1.8.RELEASE]
	at org.junit.runners.ParentRunner.run(ParentRunner.java:363) [junit-4.12.jar:4.12]
	at org.springframework.test.context.junit4.SpringJUnit4ClassRunner.run(SpringJUnit4ClassRunner.java:190) [spring-test-5.1.8.RELEASE.jar:5.1.8.RELEASE]
	at org.apache.maven.surefire.junit4.JUnit4Provider.execute(JUnit4Provider.java:365) [surefire-junit4-2.22.2.jar:2.22.2]
	at org.apache.maven.surefire.junit4.JUnit4Provider.executeWithRerun(JUnit4Provider.java:273) [surefire-junit4-2.22.2.jar:2.22.2]
	at org.apache.maven.surefire.junit4.JUnit4Provider.executeTestSet(JUnit4Provider.java:238) [surefire-junit4-2.22.2.jar:2.22.2]
	at org.apache.maven.surefire.junit4.JUnit4Provider.invoke(JUnit4Provider.java:159) [surefire-junit4-2.22.2.jar:2.22.2]
	at org.apache.maven.surefire.booter.ForkedBooter.invokeProviderInSameClassLoader(ForkedBooter.java:384) [surefire-booter-2.22.2.jar:2.22.2]
	at org.apache.maven.surefire.booter.ForkedBooter.runSuitesInProcess(ForkedBooter.java:345) [surefire-booter-2.22.2.jar:2.22.2]
	at org.apache.maven.surefire.booter.ForkedBooter.execute(ForkedBooter.java:126) [surefire-booter-2.22.2.jar:2.22.2]
	at org.apache.maven.surefire.booter.ForkedBooter.main(ForkedBooter.java:418) [surefire-booter-2.22.2.jar:2.22.2]
Caused by: org.springframework.beans.factory.BeanCreationException: Error creating bean with name 'dataSource': Post-processing of FactoryBean's singleton object failed; nested exception is org.springframework.beans.factory.BeanCreationException: Error creating bean with name 'org.springframework.boot.autoconfigure.jdbc.DataSourceInitializerInvoker': Invocation of init method failed; nested exception is org.springframework.jdbc.datasource.init.ScriptStatementFailedException: Failed to execute SQL script statement #5 of URL [file:/D:/Documents/BscIT/ThirdYear/Semester%202/CMPG323/Project%201/Software/AccountSystemRepository/target/test-classes/schema.sql]: CREATE TABLE CMPG323.ACCOUNT_TX_DETAILS ( ACCOUNT_TX_DETAILS_ID BIGINT NOT NULL, TX_ID BIGINT NOT NULL, PARTNER_NAME VARCHAR(255) NOT NULL, NUMBER_OF_ITEMS BIGINT NOT NULL, PRIMARY KEY (ACCOUNT_TX_DETAILS_ID), CONSTRAINT FK_ACCOUNT_TYPE_IDL FOREIGN KEY (ACCOUNT_TYPE_ID) REFERENCES CMPG323.DEMO_ACCOUNT_TYPE (ACCOUNT_TYPE_ID), ); nested exception is org.h2.jdbc.JdbcSQLSyntaxErrorException: Constraint "FK_ACCOUNT_TYPE_IDL" already exists; SQL statement:
CREATE TABLE CMPG323.ACCOUNT_TX_DETAILS ( ACCOUNT_TX_DETAILS_ID BIGINT NOT NULL, TX_ID BIGINT NOT NULL, PARTNER_NAME VARCHAR(255) NOT NULL, NUMBER_OF_ITEMS BIGINT NOT NULL, PRIMARY KEY (ACCOUNT_TX_DETAILS_ID), CONSTRAINT FK_ACCOUNT_TYPE_IDL FOREIGN KEY (ACCOUNT_TYPE_ID) REFERENCES CMPG323.DEMO_ACCOUNT_TYPE (ACCOUNT_TYPE_ID), ) [90045-199]
	at org.springframework.beans.factory.support.FactoryBeanRegistrySupport.getObjectFromFactoryBean(FactoryBeanRegistrySupport.java:119) ~[spring-beans-5.1.8.RELEASE.jar:5.1.8.RELEASE]
	at org.springframework.beans.factory.support.AbstractBeanFactory.getObjectForBeanInstance(AbstractBeanFactory.java:1674) ~[spring-beans-5.1.8.RELEASE.jar:5.1.8.RELEASE]
	at org.springframework.beans.factory.support.AbstractAutowireCapableBeanFactory.getObjectForBeanInstance(AbstractAutowireCapableBeanFactory.java:1249) ~[spring-beans-5.1.8.RELEASE.jar:5.1.8.RELEASE]
	at org.springframework.beans.factory.support.AbstractBeanFactory.doGetBean(AbstractBeanFactory.java:330) ~[spring-beans-5.1.8.RELEASE.jar:5.1.8.RELEASE]
	at org.springframework.beans.factory.support.AbstractBeanFactory.getBean(AbstractBeanFactory.java:199) ~[spring-beans-5.1.8.RELEASE.jar:5.1.8.RELEASE]
	at org.springframework.beans.factory.config.DependencyDescriptor.resolveCandidate(DependencyDescriptor.java:277) ~[spring-beans-5.1.8.RELEASE.jar:5.1.8.RELEASE]
	at org.springframework.beans.factory.support.DefaultListableBeanFactory.doResolveDependency(DefaultListableBeanFactory.java:1251) ~[spring-beans-5.1.8.RELEASE.jar:5.1.8.RELEASE]
	at org.springframework.beans.factory.support.DefaultListableBeanFactory.resolveDependency(DefaultListableBeanFactory.java:1171) ~[spring-beans-5.1.8.RELEASE.jar:5.1.8.RELEASE]
	at org.springframework.beans.factory.support.ConstructorResolver.resolveAutowiredArgument(ConstructorResolver.java:857) ~[spring-beans-5.1.8.RELEASE.jar:5.1.8.RELEASE]
	at org.springframework.beans.factory.support.ConstructorResolver.createArgumentArray(ConstructorResolver.java:760) ~[spring-beans-5.1.8.RELEASE.jar:5.1.8.RELEASE]
	... 54 common frames omitted
Caused by: org.springframework.beans.factory.BeanCreationException: Error creating bean with name 'org.springframework.boot.autoconfigure.jdbc.DataSourceInitializerInvoker': Invocation of init method failed; nested exception is org.springframework.jdbc.datasource.init.ScriptStatementFailedException: Failed to execute SQL script statement #5 of URL [file:/D:/Documents/BscIT/ThirdYear/Semester%202/CMPG323/Project%201/Software/AccountSystemRepository/target/test-classes/schema.sql]: CREATE TABLE CMPG323.ACCOUNT_TX_DETAILS ( ACCOUNT_TX_DETAILS_ID BIGINT NOT NULL, TX_ID BIGINT NOT NULL, PARTNER_NAME VARCHAR(255) NOT NULL, NUMBER_OF_ITEMS BIGINT NOT NULL, PRIMARY KEY (ACCOUNT_TX_DETAILS_ID), CONSTRAINT FK_ACCOUNT_TYPE_IDL FOREIGN KEY (ACCOUNT_TYPE_ID) REFERENCES CMPG323.DEMO_ACCOUNT_TYPE (ACCOUNT_TYPE_ID), ); nested exception is org.h2.jdbc.JdbcSQLSyntaxErrorException: Constraint "FK_ACCOUNT_TYPE_IDL" already exists; SQL statement:
CREATE TABLE CMPG323.ACCOUNT_TX_DETAILS ( ACCOUNT_TX_DETAILS_ID BIGINT NOT NULL, TX_ID BIGINT NOT NULL, PARTNER_NAME VARCHAR(255) NOT NULL, NUMBER_OF_ITEMS BIGINT NOT NULL, PRIMARY KEY (ACCOUNT_TX_DETAILS_ID), CONSTRAINT FK_ACCOUNT_TYPE_IDL FOREIGN KEY (ACCOUNT_TYPE_ID) REFERENCES CMPG323.DEMO_ACCOUNT_TYPE (ACCOUNT_TYPE_ID), ) [90045-199]
	at org.springframework.beans.factory.support.AbstractAutowireCapableBeanFactory.initializeBean(AbstractAutowireCapableBeanFactory.java:1778) ~[spring-beans-5.1.8.RELEASE.jar:5.1.8.RELEASE]
	at org.springframework.beans.factory.support.AbstractAutowireCapableBeanFactory.doCreateBean(AbstractAutowireCapableBeanFactory.java:593) ~[spring-beans-5.1.8.RELEASE.jar:5.1.8.RELEASE]
	at org.springframework.beans.factory.support.AbstractAutowireCapableBeanFactory.createBean(AbstractAutowireCapableBeanFactory.java:515) ~[spring-beans-5.1.8.RELEASE.jar:5.1.8.RELEASE]
	at org.springframework.beans.factory.support.AbstractBeanFactory.lambda$doGetBean$0(AbstractBeanFactory.java:320) ~[spring-beans-5.1.8.RELEASE.jar:5.1.8.RELEASE]
	at org.springframework.beans.factory.support.DefaultSingletonBeanRegistry.getSingleton(DefaultSingletonBeanRegistry.java:222) ~[spring-beans-5.1.8.RELEASE.jar:5.1.8.RELEASE]
	at org.springframework.beans.factory.support.AbstractBeanFactory.doGetBean(AbstractBeanFactory.java:318) ~[spring-beans-5.1.8.RELEASE.jar:5.1.8.RELEASE]
	at org.springframework.beans.factory.support.AbstractBeanFactory.getBean(AbstractBeanFactory.java:224) ~[spring-beans-5.1.8.RELEASE.jar:5.1.8.RELEASE]
	at org.springframework.beans.factory.support.DefaultListableBeanFactory.resolveNamedBean(DefaultListableBeanFactory.java:1119) ~[spring-beans-5.1.8.RELEASE.jar:5.1.8.RELEASE]
	at org.springframework.beans.factory.support.DefaultListableBeanFactory.resolveBean(DefaultListableBeanFactory.java:411) ~[spring-beans-5.1.8.RELEASE.jar:5.1.8.RELEASE]
	at org.springframework.beans.factory.support.DefaultListableBeanFactory.getBean(DefaultListableBeanFactory.java:344) ~[spring-beans-5.1.8.RELEASE.jar:5.1.8.RELEASE]
	at org.springframework.beans.factory.support.DefaultListableBeanFactory.getBean(DefaultListableBeanFactory.java:337) ~[spring-beans-5.1.8.RELEASE.jar:5.1.8.RELEASE]
	at org.springframework.boot.autoconfigure.jdbc.DataSourceInitializerPostProcessor.postProcessAfterInitialization(DataSourceInitializerPostProcessor.java:53) ~[spring-boot-autoconfigure-2.1.6.RELEASE.jar:2.1.6.RELEASE]
	at org.springframework.beans.factory.support.AbstractAutowireCapableBeanFactory.applyBeanPostProcessorsAfterInitialization(AbstractAutowireCapableBeanFactory.java:429) ~[spring-beans-5.1.8.RELEASE.jar:5.1.8.RELEASE]
	at org.springframework.beans.factory.support.AbstractAutowireCapableBeanFactory.postProcessObjectFromFactoryBean(AbstractAutowireCapableBeanFactory.java:1921) ~[spring-beans-5.1.8.RELEASE.jar:5.1.8.RELEASE]
	at org.springframework.beans.factory.support.FactoryBeanRegistrySupport.getObjectFromFactoryBean(FactoryBeanRegistrySupport.java:116) ~[spring-beans-5.1.8.RELEASE.jar:5.1.8.RELEASE]
	... 63 common frames omitted
Caused by: org.springframework.jdbc.datasource.init.ScriptStatementFailedException: Failed to execute SQL script statement #5 of URL [file:/D:/Documents/BscIT/ThirdYear/Semester%202/CMPG323/Project%201/Software/AccountSystemRepository/target/test-classes/schema.sql]: CREATE TABLE CMPG323.ACCOUNT_TX_DETAILS ( ACCOUNT_TX_DETAILS_ID BIGINT NOT NULL, TX_ID BIGINT NOT NULL, PARTNER_NAME VARCHAR(255) NOT NULL, NUMBER_OF_ITEMS BIGINT NOT NULL, PRIMARY KEY (ACCOUNT_TX_DETAILS_ID), CONSTRAINT FK_ACCOUNT_TYPE_IDL FOREIGN KEY (ACCOUNT_TYPE_ID) REFERENCES CMPG323.DEMO_ACCOUNT_TYPE (ACCOUNT_TYPE_ID), ); nested exception is org.h2.jdbc.JdbcSQLSyntaxErrorException: Constraint "FK_ACCOUNT_TYPE_IDL" already exists; SQL statement:
CREATE TABLE CMPG323.ACCOUNT_TX_DETAILS ( ACCOUNT_TX_DETAILS_ID BIGINT NOT NULL, TX_ID BIGINT NOT NULL, PARTNER_NAME VARCHAR(255) NOT NULL, NUMBER_OF_ITEMS BIGINT NOT NULL, PRIMARY KEY (ACCOUNT_TX_DETAILS_ID), CONSTRAINT FK_ACCOUNT_TYPE_IDL FOREIGN KEY (ACCOUNT_TYPE_ID) REFERENCES CMPG323.DEMO_ACCOUNT_TYPE (ACCOUNT_TYPE_ID), ) [90045-199]
	at org.springframework.jdbc.datasource.init.ScriptUtils.executeSqlScript(ScriptUtils.java:509) ~[spring-jdbc-5.1.8.RELEASE.jar:5.1.8.RELEASE]
	at org.springframework.jdbc.datasource.init.ResourceDatabasePopulator.populate(ResourceDatabasePopulator.java:238) ~[spring-jdbc-5.1.8.RELEASE.jar:5.1.8.RELEASE]
	at org.springframework.jdbc.datasource.init.DatabasePopulatorUtils.execute(DatabasePopulatorUtils.java:48) ~[spring-jdbc-5.1.8.RELEASE.jar:5.1.8.RELEASE]
	at org.springframework.boot.autoconfigure.jdbc.DataSourceInitializer.runScripts(DataSourceInitializer.java:202) ~[spring-boot-autoconfigure-2.1.6.RELEASE.jar:2.1.6.RELEASE]
	at org.springframework.boot.autoconfigure.jdbc.DataSourceInitializer.createSchema(DataSourceInitializer.java:101) ~[spring-boot-autoconfigure-2.1.6.RELEASE.jar:2.1.6.RELEASE]
	at org.springframework.boot.autoconfigure.jdbc.DataSourceInitializerInvoker.afterPropertiesSet(DataSourceInitializerInvoker.java:62) ~[spring-boot-autoconfigure-2.1.6.RELEASE.jar:2.1.6.RELEASE]
	at org.springframework.beans.factory.support.AbstractAutowireCapableBeanFactory.invokeInitMethods(AbstractAutowireCapableBeanFactory.java:1837) ~[spring-beans-5.1.8.RELEASE.jar:5.1.8.RELEASE]
	at org.springframework.beans.factory.support.AbstractAutowireCapableBeanFactory.initializeBean(AbstractAutowireCapableBeanFactory.java:1774) ~[spring-beans-5.1.8.RELEASE.jar:5.1.8.RELEASE]
	... 77 common frames omitted
Caused by: org.h2.jdbc.JdbcSQLSyntaxErrorException: Constraint "FK_ACCOUNT_TYPE_IDL" already exists; SQL statement:
CREATE TABLE CMPG323.ACCOUNT_TX_DETAILS ( ACCOUNT_TX_DETAILS_ID BIGINT NOT NULL, TX_ID BIGINT NOT NULL, PARTNER_NAME VARCHAR(255) NOT NULL, NUMBER_OF_ITEMS BIGINT NOT NULL, PRIMARY KEY (ACCOUNT_TX_DETAILS_ID), CONSTRAINT FK_ACCOUNT_TYPE_IDL FOREIGN KEY (ACCOUNT_TYPE_ID) REFERENCES CMPG323.DEMO_ACCOUNT_TYPE (ACCOUNT_TYPE_ID), ) [90045-199]
	at org.h2.message.DbException.getJdbcSQLException(DbException.java:573) ~[h2-1.4.199.jar:1.4.199]
	at org.h2.message.DbException.getJdbcSQLException(DbException.java:427) ~[h2-1.4.199.jar:1.4.199]
	at org.h2.message.DbException.get(DbException.java:205) ~[h2-1.4.199.jar:1.4.199]
	at org.h2.message.DbException.get(DbException.java:181) ~[h2-1.4.199.jar:1.4.199]
	at org.h2.command.ddl.AlterTableAddConstraint.tryUpdate(AlterTableAddConstraint.java:114) ~[h2-1.4.199.jar:1.4.199]
	at org.h2.command.ddl.AlterTableAddConstraint.update(AlterTableAddConstraint.java:78) ~[h2-1.4.199.jar:1.4.199]
	at org.h2.command.ddl.CommandWithColumns.createConstraints(CommandWithColumns.java:83) ~[h2-1.4.199.jar:1.4.199]
	at org.h2.command.ddl.CreateTable.update(CreateTable.java:129) ~[h2-1.4.199.jar:1.4.199]
	at org.h2.command.CommandContainer.update(CommandContainer.java:133) ~[h2-1.4.199.jar:1.4.199]
	at org.h2.command.Command.executeUpdate(Command.java:267) ~[h2-1.4.199.jar:1.4.199]
	at org.h2.jdbc.JdbcStatement.executeInternal(JdbcStatement.java:233) ~[h2-1.4.199.jar:1.4.199]
	at org.h2.jdbc.JdbcStatement.execute(JdbcStatement.java:205) ~[h2-1.4.199.jar:1.4.199]
	at org.springframework.jdbc.datasource.init.ScriptUtils.executeSqlScript(ScriptUtils.java:488) ~[spring-jdbc-5.1.8.RELEASE.jar:5.1.8.RELEASE]
	... 84 common frames omitted

2021-10-09 07:35:02.377 ERROR 13704 --- [           main] o.s.test.context.TestContextManager      : Caught exception while allowing TestExecutionListener [org.springframework.boot.test.autoconfigure.SpringBootDependencyInjectionTestExecutionListener@2b546384] to prepare test instance [za.ac.nwu.ac.repo.persistence.AccountTypeRepositoryTest@57ad1178]

java.lang.IllegalStateException: Failed to load ApplicationContext
	at org.springframework.test.context.cache.DefaultCacheAwareContextLoaderDelegate.loadContext(DefaultCacheAwareContextLoaderDelegate.java:125) ~[spring-test-5.1.8.RELEASE.jar:5.1.8.RELEASE]
	at org.springframework.test.context.support.DefaultTestContext.getApplicationContext(DefaultTestContext.java:108) ~[spring-test-5.1.8.RELEASE.jar:5.1.8.RELEASE]
	at org.springframework.test.context.support.DependencyInjectionTestExecutionListener.injectDependencies(DependencyInjectionTestExecutionListener.java:118) ~[spring-test-5.1.8.RELEASE.jar:5.1.8.RELEASE]
	at org.springframework.test.context.support.DependencyInjectionTestExecutionListener.prepareTestInstance(DependencyInjectionTestExecutionListener.java:83) ~[spring-test-5.1.8.RELEASE.jar:5.1.8.RELEASE]
	at org.springframework.boot.test.autoconfigure.SpringBootDependencyInjectionTestExecutionListener.prepareTestInstance(SpringBootDependencyInjectionTestExecutionListener.java:43) ~[spring-boot-test-autoconfigure-2.1.6.RELEASE.jar:2.1.6.RELEASE]
	at org.springframework.test.context.TestContextManager.prepareTestInstance(TestContextManager.java:246) ~[spring-test-5.1.8.RELEASE.jar:5.1.8.RELEASE]
	at org.springframework.test.context.junit4.SpringJUnit4ClassRunner.createTest(SpringJUnit4ClassRunner.java:227) [spring-test-5.1.8.RELEASE.jar:5.1.8.RELEASE]
	at org.springframework.test.context.junit4.SpringJUnit4ClassRunner$1.runReflectiveCall(SpringJUnit4ClassRunner.java:289) [spring-test-5.1.8.RELEASE.jar:5.1.8.RELEASE]
	at org.junit.internal.runners.model.ReflectiveCallable.run(ReflectiveCallable.java:12) [junit-4.12.jar:4.12]
	at org.springframework.test.context.junit4.SpringJUnit4ClassRunner.methodBlock(SpringJUnit4ClassRunner.java:291) [spring-test-5.1.8.RELEASE.jar:5.1.8.RELEASE]
	at org.springframework.test.context.junit4.SpringJUnit4ClassRunner.runChild(SpringJUnit4ClassRunner.java:246) [spring-test-5.1.8.RELEASE.jar:5.1.8.RELEASE]
	at org.springframework.test.context.junit4.SpringJUnit4ClassRunner.runChild(SpringJUnit4ClassRunner.java:97) [spring-test-5.1.8.RELEASE.jar:5.1.8.RELEASE]
	at org.junit.runners.ParentRunner$3.run(ParentRunner.java:290) [junit-4.12.jar:4.12]
	at org.junit.runners.ParentRunner$1.schedule(ParentRunner.java:71) [junit-4.12.jar:4.12]
	at org.junit.runners.ParentRunner.runChildren(ParentRunner.java:288) [junit-4.12.jar:4.12]
	at org.junit.runners.ParentRunner.access$000(ParentRunner.java:58) [junit-4.12.jar:4.12]
	at org.junit.runners.ParentRunner$2.evaluate(ParentRunner.java:268) [junit-4.12.jar:4.12]
	at org.springframework.test.context.junit4.statements.RunBeforeTestClassCallbacks.evaluate(RunBeforeTestClassCallbacks.java:61) [spring-test-5.1.8.RELEASE.jar:5.1.8.RELEASE]
	at org.springframework.test.context.junit4.statements.RunAfterTestClassCallbacks.evaluate(RunAfterTestClassCallbacks.java:70) [spring-test-5.1.8.RELEASE.jar:5.1.8.RELEASE]
	at org.junit.runners.ParentRunner.run(ParentRunner.java:363) [junit-4.12.jar:4.12]
	at org.springframework.test.context.junit4.SpringJUnit4ClassRunner.run(SpringJUnit4ClassRunner.java:190) [spring-test-5.1.8.RELEASE.jar:5.1.8.RELEASE]
	at org.apache.maven.surefire.junit4.JUnit4Provider.execute(JUnit4Provider.java:365) [surefire-junit4-2.22.2.jar:2.22.2]
	at org.apache.maven.surefire.junit4.JUnit4Provider.executeWithRerun(JUnit4Provider.java:273) [surefire-junit4-2.22.2.jar:2.22.2]
	at org.apache.maven.surefire.junit4.JUnit4Provider.executeTestSet(JUnit4Provider.java:238) [surefire-junit4-2.22.2.jar:2.22.2]
	at org.apache.maven.surefire.junit4.JUnit4Provider.invoke(JUnit4Provider.java:159) [surefire-junit4-2.22.2.jar:2.22.2]
	at org.apache.maven.surefire.booter.ForkedBooter.invokeProviderInSameClassLoader(ForkedBooter.java:384) [surefire-booter-2.22.2.jar:2.22.2]
	at org.apache.maven.surefire.booter.ForkedBooter.runSuitesInProcess(ForkedBooter.java:345) [surefire-booter-2.22.2.jar:2.22.2]
	at org.apache.maven.surefire.booter.ForkedBooter.execute(ForkedBooter.java:126) [surefire-booter-2.22.2.jar:2.22.2]
	at org.apache.maven.surefire.booter.ForkedBooter.main(ForkedBooter.java:418) [surefire-booter-2.22.2.jar:2.22.2]
Caused by: org.springframework.beans.factory.UnsatisfiedDependencyException: Error creating bean with name 'org.springframework.boot.autoconfigure.orm.jpa.HibernateJpaConfiguration': Unsatisfied dependency expressed through constructor parameter 0; nested exception is org.springframework.beans.factory.BeanCreationException: Error creating bean with name 'dataSource': Post-processing of FactoryBean's singleton object failed; nested exception is org.springframework.beans.factory.BeanCreationException: Error creating bean with name 'org.springframework.boot.autoconfigure.jdbc.DataSourceInitializerInvoker': Invocation of init method failed; nested exception is org.springframework.jdbc.datasource.init.ScriptStatementFailedException: Failed to execute SQL script statement #5 of URL [file:/D:/Documents/BscIT/ThirdYear/Semester%202/CMPG323/Project%201/Software/AccountSystemRepository/target/test-classes/schema.sql]: CREATE TABLE CMPG323.ACCOUNT_TX_DETAILS ( ACCOUNT_TX_DETAILS_ID BIGINT NOT NULL, TX_ID BIGINT NOT NULL, PARTNER_NAME VARCHAR(255) NOT NULL, NUMBER_OF_ITEMS BIGINT NOT NULL, PRIMARY KEY (ACCOUNT_TX_DETAILS_ID), CONSTRAINT FK_ACCOUNT_TYPE_IDL FOREIGN KEY (ACCOUNT_TYPE_ID) REFERENCES CMPG323.DEMO_ACCOUNT_TYPE (ACCOUNT_TYPE_ID), ); nested exception is org.h2.jdbc.JdbcSQLSyntaxErrorException: Constraint "FK_ACCOUNT_TYPE_IDL" already exists; SQL statement:
CREATE TABLE CMPG323.ACCOUNT_TX_DETAILS ( ACCOUNT_TX_DETAILS_ID BIGINT NOT NULL, TX_ID BIGINT NOT NULL, PARTNER_NAME VARCHAR(255) NOT NULL, NUMBER_OF_ITEMS BIGINT NOT NULL, PRIMARY KEY (ACCOUNT_TX_DETAILS_ID), CONSTRAINT FK_ACCOUNT_TYPE_IDL FOREIGN KEY (ACCOUNT_TYPE_ID) REFERENCES CMPG323.DEMO_ACCOUNT_TYPE (ACCOUNT_TYPE_ID), ) [90045-199]
	at org.springframework.beans.factory.support.ConstructorResolver.createArgumentArray(ConstructorResolver.java:769) ~[spring-beans-5.1.8.RELEASE.jar:5.1.8.RELEASE]
	at org.springframework.beans.factory.support.ConstructorResolver.autowireConstructor(ConstructorResolver.java:218) ~[spring-beans-5.1.8.RELEASE.jar:5.1.8.RELEASE]
	at org.springframework.beans.factory.support.AbstractAutowireCapableBeanFactory.autowireConstructor(AbstractAutowireCapableBeanFactory.java:1341) ~[spring-beans-5.1.8.RELEASE.jar:5.1.8.RELEASE]
	at org.springframework.beans.factory.support.AbstractAutowireCapableBeanFactory.createBeanInstance(AbstractAutowireCapableBeanFactory.java:1187) ~[spring-beans-5.1.8.RELEASE.jar:5.1.8.RELEASE]
	at org.springframework.beans.factory.support.AbstractAutowireCapableBeanFactory.doCreateBean(AbstractAutowireCapableBeanFactory.java:555) ~[spring-beans-5.1.8.RELEASE.jar:5.1.8.RELEASE]
	at org.springframework.beans.factory.support.AbstractAutowireCapableBeanFactory.createBean(AbstractAutowireCapableBeanFactory.java:515) ~[spring-beans-5.1.8.RELEASE.jar:5.1.8.RELEASE]
	at org.springframework.beans.factory.support.AbstractBeanFactory.lambda$doGetBean$0(AbstractBeanFactory.java:320) ~[spring-beans-5.1.8.RELEASE.jar:5.1.8.RELEASE]
	at org.springframework.beans.factory.support.DefaultSingletonBeanRegistry.getSingleton(DefaultSingletonBeanRegistry.java:222) ~[spring-beans-5.1.8.RELEASE.jar:5.1.8.RELEASE]
	at org.springframework.beans.factory.support.AbstractBeanFactory.doGetBean(AbstractBeanFactory.java:318) ~[spring-beans-5.1.8.RELEASE.jar:5.1.8.RELEASE]
	at org.springframework.beans.factory.support.AbstractBeanFactory.getBean(AbstractBeanFactory.java:199) ~[spring-beans-5.1.8.RELEASE.jar:5.1.8.RELEASE]
	at org.springframework.beans.factory.support.ConstructorResolver.instantiateUsingFactoryMethod(ConstructorResolver.java:392) ~[spring-beans-5.1.8.RELEASE.jar:5.1.8.RELEASE]
	at org.springframework.beans.factory.support.AbstractAutowireCapableBeanFactory.instantiateUsingFactoryMethod(AbstractAutowireCapableBeanFactory.java:1321) ~[spring-beans-5.1.8.RELEASE.jar:5.1.8.RELEASE]
	at org.springframework.beans.factory.support.AbstractAutowireCapableBeanFactory.createBeanInstance(AbstractAutowireCapableBeanFactory.java:1160) ~[spring-beans-5.1.8.RELEASE.jar:5.1.8.RELEASE]
	at org.springframework.beans.factory.support.AbstractAutowireCapableBeanFactory.doCreateBean(AbstractAutowireCapableBeanFactory.java:555) ~[spring-beans-5.1.8.RELEASE.jar:5.1.8.RELEASE]
	at org.springframework.beans.factory.support.AbstractAutowireCapableBeanFactory.createBean(AbstractAutowireCapableBeanFactory.java:515) ~[spring-beans-5.1.8.RELEASE.jar:5.1.8.RELEASE]
	at org.springframework.beans.factory.support.AbstractBeanFactory.lambda$doGetBean$0(AbstractBeanFactory.java:320) ~[spring-beans-5.1.8.RELEASE.jar:5.1.8.RELEASE]
	at org.springframework.beans.factory.support.DefaultSingletonBeanRegistry.getSingleton(DefaultSingletonBeanRegistry.java:222) ~[spring-beans-5.1.8.RELEASE.jar:5.1.8.RELEASE]
	at org.springframework.beans.factory.support.AbstractBeanFactory.doGetBean(AbstractBeanFactory.java:318) ~[spring-beans-5.1.8.RELEASE.jar:5.1.8.RELEASE]
	at org.springframework.beans.factory.support.AbstractBeanFactory.getBean(AbstractBeanFactory.java:199) ~[spring-beans-5.1.8.RELEASE.jar:5.1.8.RELEASE]
	at org.springframework.context.support.AbstractApplicationContext.getBean(AbstractApplicationContext.java:1105) ~[spring-context-5.1.8.RELEASE.jar:5.1.8.RELEASE]
	at org.springframework.context.support.AbstractApplicationContext.finishBeanFactoryInitialization(AbstractApplicationContext.java:867) ~[spring-context-5.1.8.RELEASE.jar:5.1.8.RELEASE]
	at org.springframework.context.support.AbstractApplicationContext.refresh(AbstractApplicationContext.java:549) ~[spring-context-5.1.8.RELEASE.jar:5.1.8.RELEASE]
	at org.springframework.boot.SpringApplication.refresh(SpringApplication.java:742) ~[spring-boot-2.1.6.RELEASE.jar:2.1.6.RELEASE]
	at org.springframework.boot.SpringApplication.refreshContext(SpringApplication.java:389) ~[spring-boot-2.1.6.RELEASE.jar:2.1.6.RELEASE]
	at org.springframework.boot.SpringApplication.run(SpringApplication.java:311) ~[spring-boot-2.1.6.RELEASE.jar:2.1.6.RELEASE]
	at org.springframework.boot.test.context.SpringBootContextLoader.loadContext(SpringBootContextLoader.java:119) ~[spring-boot-test-2.1.6.RELEASE.jar:2.1.6.RELEASE]
	at org.springframework.test.context.cache.DefaultCacheAwareContextLoaderDelegate.loadContextInternal(DefaultCacheAwareContextLoaderDelegate.java:99) ~[spring-test-5.1.8.RELEASE.jar:5.1.8.RELEASE]
	at org.springframework.test.context.cache.DefaultCacheAwareContextLoaderDelegate.loadContext(DefaultCacheAwareContextLoaderDelegate.java:117) ~[spring-test-5.1.8.RELEASE.jar:5.1.8.RELEASE]
	... 28 common frames omitted
Caused by: org.springframework.beans.factory.BeanCreationException: Error creating bean with name 'dataSource': Post-processing of FactoryBean's singleton object failed; nested exception is org.springframework.beans.factory.BeanCreationException: Error creating bean with name 'org.springframework.boot.autoconfigure.jdbc.DataSourceInitializerInvoker': Invocation of init method failed; nested exception is org.springframework.jdbc.datasource.init.ScriptStatementFailedException: Failed to execute SQL script statement #5 of URL [file:/D:/Documents/BscIT/ThirdYear/Semester%202/CMPG323/Project%201/Software/AccountSystemRepository/target/test-classes/schema.sql]: CREATE TABLE CMPG323.ACCOUNT_TX_DETAILS ( ACCOUNT_TX_DETAILS_ID BIGINT NOT NULL, TX_ID BIGINT NOT NULL, PARTNER_NAME VARCHAR(255) NOT NULL, NUMBER_OF_ITEMS BIGINT NOT NULL, PRIMARY KEY (ACCOUNT_TX_DETAILS_ID), CONSTRAINT FK_ACCOUNT_TYPE_IDL FOREIGN KEY (ACCOUNT_TYPE_ID) REFERENCES CMPG323.DEMO_ACCOUNT_TYPE (ACCOUNT_TYPE_ID), ); nested exception is org.h2.jdbc.JdbcSQLSyntaxErrorException: Constraint "FK_ACCOUNT_TYPE_IDL" already exists; SQL statement:
CREATE TABLE CMPG323.ACCOUNT_TX_DETAILS ( ACCOUNT_TX_DETAILS_ID BIGINT NOT NULL, TX_ID BIGINT NOT NULL, PARTNER_NAME VARCHAR(255) NOT NULL, NUMBER_OF_ITEMS BIGINT NOT NULL, PRIMARY KEY (ACCOUNT_TX_DETAILS_ID), CONSTRAINT FK_ACCOUNT_TYPE_IDL FOREIGN KEY (ACCOUNT_TYPE_ID) REFERENCES CMPG323.DEMO_ACCOUNT_TYPE (ACCOUNT_TYPE_ID), ) [90045-199]
	at org.springframework.beans.factory.support.FactoryBeanRegistrySupport.getObjectFromFactoryBean(FactoryBeanRegistrySupport.java:119) ~[spring-beans-5.1.8.RELEASE.jar:5.1.8.RELEASE]
	at org.springframework.beans.factory.support.AbstractBeanFactory.getObjectForBeanInstance(AbstractBeanFactory.java:1674) ~[spring-beans-5.1.8.RELEASE.jar:5.1.8.RELEASE]
	at org.springframework.beans.factory.support.AbstractAutowireCapableBeanFactory.getObjectForBeanInstance(AbstractAutowireCapableBeanFactory.java:1249) ~[spring-beans-5.1.8.RELEASE.jar:5.1.8.RELEASE]
	at org.springframework.beans.factory.support.AbstractBeanFactory.doGetBean(AbstractBeanFactory.java:330) ~[spring-beans-5.1.8.RELEASE.jar:5.1.8.RELEASE]
	at org.springframework.beans.factory.support.AbstractBeanFactory.getBean(AbstractBeanFactory.java:199) ~[spring-beans-5.1.8.RELEASE.jar:5.1.8.RELEASE]
	at org.springframework.beans.factory.config.DependencyDescriptor.resolveCandidate(DependencyDescriptor.java:277) ~[spring-beans-5.1.8.RELEASE.jar:5.1.8.RELEASE]
	at org.springframework.beans.factory.support.DefaultListableBeanFactory.doResolveDependency(DefaultListableBeanFactory.java:1251) ~[spring-beans-5.1.8.RELEASE.jar:5.1.8.RELEASE]
	at org.springframework.beans.factory.support.DefaultListableBeanFactory.resolveDependency(DefaultListableBeanFactory.java:1171) ~[spring-beans-5.1.8.RELEASE.jar:5.1.8.RELEASE]
	at org.springframework.beans.factory.support.ConstructorResolver.resolveAutowiredArgument(ConstructorResolver.java:857) ~[spring-beans-5.1.8.RELEASE.jar:5.1.8.RELEASE]
	at org.springframework.beans.factory.support.ConstructorResolver.createArgumentArray(ConstructorResolver.java:760) ~[spring-beans-5.1.8.RELEASE.jar:5.1.8.RELEASE]
	... 55 common frames omitted
Caused by: org.springframework.beans.factory.BeanCreationException: Error creating bean with name 'org.springframework.boot.autoconfigure.jdbc.DataSourceInitializerInvoker': Invocation of init method failed; nested exception is org.springframework.jdbc.datasource.init.ScriptStatementFailedException: Failed to execute SQL script statement #5 of URL [file:/D:/Documents/BscIT/ThirdYear/Semester%202/CMPG323/Project%201/Software/AccountSystemRepository/target/test-classes/schema.sql]: CREATE TABLE CMPG323.ACCOUNT_TX_DETAILS ( ACCOUNT_TX_DETAILS_ID BIGINT NOT NULL, TX_ID BIGINT NOT NULL, PARTNER_NAME VARCHAR(255) NOT NULL, NUMBER_OF_ITEMS BIGINT NOT NULL, PRIMARY KEY (ACCOUNT_TX_DETAILS_ID), CONSTRAINT FK_ACCOUNT_TYPE_IDL FOREIGN KEY (ACCOUNT_TYPE_ID) REFERENCES CMPG323.DEMO_ACCOUNT_TYPE (ACCOUNT_TYPE_ID), ); nested exception is org.h2.jdbc.JdbcSQLSyntaxErrorException: Constraint "FK_ACCOUNT_TYPE_IDL" already exists; SQL statement:
CREATE TABLE CMPG323.ACCOUNT_TX_DETAILS ( ACCOUNT_TX_DETAILS_ID BIGINT NOT NULL, TX_ID BIGINT NOT NULL, PARTNER_NAME VARCHAR(255) NOT NULL, NUMBER_OF_ITEMS BIGINT NOT NULL, PRIMARY KEY (ACCOUNT_TX_DETAILS_ID), CONSTRAINT FK_ACCOUNT_TYPE_IDL FOREIGN KEY (ACCOUNT_TYPE_ID) REFERENCES CMPG323.DEMO_ACCOUNT_TYPE (ACCOUNT_TYPE_ID), ) [90045-199]
	at org.springframework.beans.factory.support.AbstractAutowireCapableBeanFactory.initializeBean(AbstractAutowireCapableBeanFactory.java:1778) ~[spring-beans-5.1.8.RELEASE.jar:5.1.8.RELEASE]
	at org.springframework.beans.factory.support.AbstractAutowireCapableBeanFactory.doCreateBean(AbstractAutowireCapableBeanFactory.java:593) ~[spring-beans-5.1.8.RELEASE.jar:5.1.8.RELEASE]
	at org.springframework.beans.factory.support.AbstractAutowireCapableBeanFactory.createBean(AbstractAutowireCapableBeanFactory.java:515) ~[spring-beans-5.1.8.RELEASE.jar:5.1.8.RELEASE]
	at org.springframework.beans.factory.support.AbstractBeanFactory.lambda$doGetBean$0(AbstractBeanFactory.java:320) ~[spring-beans-5.1.8.RELEASE.jar:5.1.8.RELEASE]
	at org.springframework.beans.factory.support.DefaultSingletonBeanRegistry.getSingleton(DefaultSingletonBeanRegistry.java:222) ~[spring-beans-5.1.8.RELEASE.jar:5.1.8.RELEASE]
	at org.springframework.beans.factory.support.AbstractBeanFactory.doGetBean(AbstractBeanFactory.java:318) ~[spring-beans-5.1.8.RELEASE.jar:5.1.8.RELEASE]
	at org.springframework.beans.factory.support.AbstractBeanFactory.getBean(AbstractBeanFactory.java:224) ~[spring-beans-5.1.8.RELEASE.jar:5.1.8.RELEASE]
	at org.springframework.beans.factory.support.DefaultListableBeanFactory.resolveNamedBean(DefaultListableBeanFactory.java:1119) ~[spring-beans-5.1.8.RELEASE.jar:5.1.8.RELEASE]
	at org.springframework.beans.factory.support.DefaultListableBeanFactory.resolveBean(DefaultListableBeanFactory.java:411) ~[spring-beans-5.1.8.RELEASE.jar:5.1.8.RELEASE]
	at org.springframework.beans.factory.support.DefaultListableBeanFactory.getBean(DefaultListableBeanFactory.java:344) ~[spring-beans-5.1.8.RELEASE.jar:5.1.8.RELEASE]
	at org.springframework.beans.factory.support.DefaultListableBeanFactory.getBean(DefaultListableBeanFactory.java:337) ~[spring-beans-5.1.8.RELEASE.jar:5.1.8.RELEASE]
	at org.springframework.boot.autoconfigure.jdbc.DataSourceInitializerPostProcessor.postProcessAfterInitialization(DataSourceInitializerPostProcessor.java:53) ~[spring-boot-autoconfigure-2.1.6.RELEASE.jar:2.1.6.RELEASE]
	at org.springframework.beans.factory.support.AbstractAutowireCapableBeanFactory.applyBeanPostProcessorsAfterInitialization(AbstractAutowireCapableBeanFactory.java:429) ~[spring-beans-5.1.8.RELEASE.jar:5.1.8.RELEASE]
	at org.springframework.beans.factory.support.AbstractAutowireCapableBeanFactory.postProcessObjectFromFactoryBean(AbstractAutowireCapableBeanFactory.java:1921) ~[spring-beans-5.1.8.RELEASE.jar:5.1.8.RELEASE]
	at org.springframework.beans.factory.support.FactoryBeanRegistrySupport.getObjectFromFactoryBean(FactoryBeanRegistrySupport.java:116) ~[spring-beans-5.1.8.RELEASE.jar:5.1.8.RELEASE]
	... 64 common frames omitted
Caused by: org.springframework.jdbc.datasource.init.ScriptStatementFailedException: Failed to execute SQL script statement #5 of URL [file:/D:/Documents/BscIT/ThirdYear/Semester%202/CMPG323/Project%201/Software/AccountSystemRepository/target/test-classes/schema.sql]: CREATE TABLE CMPG323.ACCOUNT_TX_DETAILS ( ACCOUNT_TX_DETAILS_ID BIGINT NOT NULL, TX_ID BIGINT NOT NULL, PARTNER_NAME VARCHAR(255) NOT NULL, NUMBER_OF_ITEMS BIGINT NOT NULL, PRIMARY KEY (ACCOUNT_TX_DETAILS_ID), CONSTRAINT FK_ACCOUNT_TYPE_IDL FOREIGN KEY (ACCOUNT_TYPE_ID) REFERENCES CMPG323.DEMO_ACCOUNT_TYPE (ACCOUNT_TYPE_ID), ); nested exception is org.h2.jdbc.JdbcSQLSyntaxErrorException: Constraint "FK_ACCOUNT_TYPE_IDL" already exists; SQL statement:
CREATE TABLE CMPG323.ACCOUNT_TX_DETAILS ( ACCOUNT_TX_DETAILS_ID BIGINT NOT NULL, TX_ID BIGINT NOT NULL, PARTNER_NAME VARCHAR(255) NOT NULL, NUMBER_OF_ITEMS BIGINT NOT NULL, PRIMARY KEY (ACCOUNT_TX_DETAILS_ID), CONSTRAINT FK_ACCOUNT_TYPE_IDL FOREIGN KEY (ACCOUNT_TYPE_ID) REFERENCES CMPG323.DEMO_ACCOUNT_TYPE (ACCOUNT_TYPE_ID), ) [90045-199]
	at org.springframework.jdbc.datasource.init.ScriptUtils.executeSqlScript(ScriptUtils.java:509) ~[spring-jdbc-5.1.8.RELEASE.jar:5.1.8.RELEASE]
	at org.springframework.jdbc.datasource.init.ResourceDatabasePopulator.populate(ResourceDatabasePopulator.java:238) ~[spring-jdbc-5.1.8.RELEASE.jar:5.1.8.RELEASE]
	at org.springframework.jdbc.datasource.init.DatabasePopulatorUtils.execute(DatabasePopulatorUtils.java:48) ~[spring-jdbc-5.1.8.RELEASE.jar:5.1.8.RELEASE]
	at org.springframework.boot.autoconfigure.jdbc.DataSourceInitializer.runScripts(DataSourceInitializer.java:202) ~[spring-boot-autoconfigure-2.1.6.RELEASE.jar:2.1.6.RELEASE]
	at org.springframework.boot.autoconfigure.jdbc.DataSourceInitializer.createSchema(DataSourceInitializer.java:101) ~[spring-boot-autoconfigure-2.1.6.RELEASE.jar:2.1.6.RELEASE]
	at org.springframework.boot.autoconfigure.jdbc.DataSourceInitializerInvoker.afterPropertiesSet(DataSourceInitializerInvoker.java:62) ~[spring-boot-autoconfigure-2.1.6.RELEASE.jar:2.1.6.RELEASE]
	at org.springframework.beans.factory.support.AbstractAutowireCapableBeanFactory.invokeInitMethods(AbstractAutowireCapableBeanFactory.java:1837) ~[spring-beans-5.1.8.RELEASE.jar:5.1.8.RELEASE]
	at org.springframework.beans.factory.support.AbstractAutowireCapableBeanFactory.initializeBean(AbstractAutowireCapableBeanFactory.java:1774) ~[spring-beans-5.1.8.RELEASE.jar:5.1.8.RELEASE]
	... 78 common frames omitted
Caused by: org.h2.jdbc.JdbcSQLSyntaxErrorException: Constraint "FK_ACCOUNT_TYPE_IDL" already exists; SQL statement:
CREATE TABLE CMPG323.ACCOUNT_TX_DETAILS ( ACCOUNT_TX_DETAILS_ID BIGINT NOT NULL, TX_ID BIGINT NOT NULL, PARTNER_NAME VARCHAR(255) NOT NULL, NUMBER_OF_ITEMS BIGINT NOT NULL, PRIMARY KEY (ACCOUNT_TX_DETAILS_ID), CONSTRAINT FK_ACCOUNT_TYPE_IDL FOREIGN KEY (ACCOUNT_TYPE_ID) REFERENCES CMPG323.DEMO_ACCOUNT_TYPE (ACCOUNT_TYPE_ID), ) [90045-199]
	at org.h2.message.DbException.getJdbcSQLException(DbException.java:573) ~[h2-1.4.199.jar:1.4.199]
	at org.h2.message.DbException.getJdbcSQLException(DbException.java:427) ~[h2-1.4.199.jar:1.4.199]
	at org.h2.message.DbException.get(DbException.java:205) ~[h2-1.4.199.jar:1.4.199]
	at org.h2.message.DbException.get(DbException.java:181) ~[h2-1.4.199.jar:1.4.199]
	at org.h2.command.ddl.AlterTableAddConstraint.tryUpdate(AlterTableAddConstraint.java:114) ~[h2-1.4.199.jar:1.4.199]
	at org.h2.command.ddl.AlterTableAddConstraint.update(AlterTableAddConstraint.java:78) ~[h2-1.4.199.jar:1.4.199]
	at org.h2.command.ddl.CommandWithColumns.createConstraints(CommandWithColumns.java:83) ~[h2-1.4.199.jar:1.4.199]
	at org.h2.command.ddl.CreateTable.update(CreateTable.java:129) ~[h2-1.4.199.jar:1.4.199]
	at org.h2.command.CommandContainer.update(CommandContainer.java:133) ~[h2-1.4.199.jar:1.4.199]
	at org.h2.command.Command.executeUpdate(Command.java:267) ~[h2-1.4.199.jar:1.4.199]
	at org.h2.jdbc.JdbcStatement.executeInternal(JdbcStatement.java:233) ~[h2-1.4.199.jar:1.4.199]
	at org.h2.jdbc.JdbcStatement.execute(JdbcStatement.java:205) ~[h2-1.4.199.jar:1.4.199]
	at org.springframework.jdbc.datasource.init.ScriptUtils.executeSqlScript(ScriptUtils.java:488) ~[spring-jdbc-5.1.8.RELEASE.jar:5.1.8.RELEASE]
	... 85 common frames omitted

]]></system-out>
  </testcase>
  <testcase name="getAccountTypeDtoByMnemonicMiles" classname="za.ac.nwu.ac.repo.persistence.AccountTypeRepositoryTest" time="0">
    <error message="Failed to load ApplicationContext" type="java.lang.IllegalStateException">java.lang.IllegalStateException: Failed to load ApplicationContext
Caused by: org.springframework.beans.factory.UnsatisfiedDependencyException: 
Error creating bean with name 'org.springframework.boot.autoconfigure.orm.jpa.HibernateJpaConfiguration': Unsatisfied dependency expressed through constructor parameter 0; nested exception is org.springframework.beans.factory.BeanCreationException: Error creating bean with name 'dataSource': Post-processing of FactoryBean's singleton object failed; nested exception is org.springframework.beans.factory.BeanCreationException: Error creating bean with name 'org.springframework.boot.autoconfigure.jdbc.DataSourceInitializerInvoker': Invocation of init method failed; nested exception is org.springframework.jdbc.datasource.init.ScriptStatementFailedException: Failed to execute SQL script statement #5 of URL [file:/D:/Documents/BscIT/ThirdYear/Semester%202/CMPG323/Project%201/Software/AccountSystemRepository/target/test-classes/schema.sql]: CREATE TABLE CMPG323.ACCOUNT_TX_DETAILS ( ACCOUNT_TX_DETAILS_ID BIGINT NOT NULL, TX_ID BIGINT NOT NULL, PARTNER_NAME VARCHAR(255) NOT NULL, NUMBER_OF_ITEMS BIGINT NOT NULL, PRIMARY KEY (ACCOUNT_TX_DETAILS_ID), CONSTRAINT FK_ACCOUNT_TYPE_IDL FOREIGN KEY (ACCOUNT_TYPE_ID) REFERENCES CMPG323.DEMO_ACCOUNT_TYPE (ACCOUNT_TYPE_ID), ); nested exception is org.h2.jdbc.JdbcSQLSyntaxErrorException: Constraint "FK_ACCOUNT_TYPE_IDL" already exists; SQL statement:
CREATE TABLE CMPG323.ACCOUNT_TX_DETAILS ( ACCOUNT_TX_DETAILS_ID BIGINT NOT NULL, TX_ID BIGINT NOT NULL, PARTNER_NAME VARCHAR(255) NOT NULL, NUMBER_OF_ITEMS BIGINT NOT NULL, PRIMARY KEY (ACCOUNT_TX_DETAILS_ID), CONSTRAINT FK_ACCOUNT_TYPE_IDL FOREIGN KEY (ACCOUNT_TYPE_ID) REFERENCES CMPG323.DEMO_ACCOUNT_TYPE (ACCOUNT_TYPE_ID), ) [90045-199]
Caused by: org.springframework.beans.factory.BeanCreationException: 
Error creating bean with name 'dataSource': Post-processing of FactoryBean's singleton object failed; nested exception is org.springframework.beans.factory.BeanCreationException: Error creating bean with name 'org.springframework.boot.autoconfigure.jdbc.DataSourceInitializerInvoker': Invocation of init method failed; nested exception is org.springframework.jdbc.datasource.init.ScriptStatementFailedException: Failed to execute SQL script statement #5 of URL [file:/D:/Documents/BscIT/ThirdYear/Semester%202/CMPG323/Project%201/Software/AccountSystemRepository/target/test-classes/schema.sql]: CREATE TABLE CMPG323.ACCOUNT_TX_DETAILS ( ACCOUNT_TX_DETAILS_ID BIGINT NOT NULL, TX_ID BIGINT NOT NULL, PARTNER_NAME VARCHAR(255) NOT NULL, NUMBER_OF_ITEMS BIGINT NOT NULL, PRIMARY KEY (ACCOUNT_TX_DETAILS_ID), CONSTRAINT FK_ACCOUNT_TYPE_IDL FOREIGN KEY (ACCOUNT_TYPE_ID) REFERENCES CMPG323.DEMO_ACCOUNT_TYPE (ACCOUNT_TYPE_ID), ); nested exception is org.h2.jdbc.JdbcSQLSyntaxErrorException: Constraint "FK_ACCOUNT_TYPE_IDL" already exists; SQL statement:
CREATE TABLE CMPG323.ACCOUNT_TX_DETAILS ( ACCOUNT_TX_DETAILS_ID BIGINT NOT NULL, TX_ID BIGINT NOT NULL, PARTNER_NAME VARCHAR(255) NOT NULL, NUMBER_OF_ITEMS BIGINT NOT NULL, PRIMARY KEY (ACCOUNT_TX_DETAILS_ID), CONSTRAINT FK_ACCOUNT_TYPE_IDL FOREIGN KEY (ACCOUNT_TYPE_ID) REFERENCES CMPG323.DEMO_ACCOUNT_TYPE (ACCOUNT_TYPE_ID), ) [90045-199]
Caused by: org.springframework.beans.factory.BeanCreationException: 
Error creating bean with name 'org.springframework.boot.autoconfigure.jdbc.DataSourceInitializerInvoker': Invocation of init method failed; nested exception is org.springframework.jdbc.datasource.init.ScriptStatementFailedException: Failed to execute SQL script statement #5 of URL [file:/D:/Documents/BscIT/ThirdYear/Semester%202/CMPG323/Project%201/Software/AccountSystemRepository/target/test-classes/schema.sql]: CREATE TABLE CMPG323.ACCOUNT_TX_DETAILS ( ACCOUNT_TX_DETAILS_ID BIGINT NOT NULL, TX_ID BIGINT NOT NULL, PARTNER_NAME VARCHAR(255) NOT NULL, NUMBER_OF_ITEMS BIGINT NOT NULL, PRIMARY KEY (ACCOUNT_TX_DETAILS_ID), CONSTRAINT FK_ACCOUNT_TYPE_IDL FOREIGN KEY (ACCOUNT_TYPE_ID) REFERENCES CMPG323.DEMO_ACCOUNT_TYPE (ACCOUNT_TYPE_ID), ); nested exception is org.h2.jdbc.JdbcSQLSyntaxErrorException: Constraint "FK_ACCOUNT_TYPE_IDL" already exists; SQL statement:
CREATE TABLE CMPG323.ACCOUNT_TX_DETAILS ( ACCOUNT_TX_DETAILS_ID BIGINT NOT NULL, TX_ID BIGINT NOT NULL, PARTNER_NAME VARCHAR(255) NOT NULL, NUMBER_OF_ITEMS BIGINT NOT NULL, PRIMARY KEY (ACCOUNT_TX_DETAILS_ID), CONSTRAINT FK_ACCOUNT_TYPE_IDL FOREIGN KEY (ACCOUNT_TYPE_ID) REFERENCES CMPG323.DEMO_ACCOUNT_TYPE (ACCOUNT_TYPE_ID), ) [90045-199]
Caused by: org.springframework.jdbc.datasource.init.ScriptStatementFailedException: 
Failed to execute SQL script statement #5 of URL [file:/D:/Documents/BscIT/ThirdYear/Semester%202/CMPG323/Project%201/Software/AccountSystemRepository/target/test-classes/schema.sql]: CREATE TABLE CMPG323.ACCOUNT_TX_DETAILS ( ACCOUNT_TX_DETAILS_ID BIGINT NOT NULL, TX_ID BIGINT NOT NULL, PARTNER_NAME VARCHAR(255) NOT NULL, NUMBER_OF_ITEMS BIGINT NOT NULL, PRIMARY KEY (ACCOUNT_TX_DETAILS_ID), CONSTRAINT FK_ACCOUNT_TYPE_IDL FOREIGN KEY (ACCOUNT_TYPE_ID) REFERENCES CMPG323.DEMO_ACCOUNT_TYPE (ACCOUNT_TYPE_ID), ); nested exception is org.h2.jdbc.JdbcSQLSyntaxErrorException: Constraint "FK_ACCOUNT_TYPE_IDL" already exists; SQL statement:
CREATE TABLE CMPG323.ACCOUNT_TX_DETAILS ( ACCOUNT_TX_DETAILS_ID BIGINT NOT NULL, TX_ID BIGINT NOT NULL, PARTNER_NAME VARCHAR(255) NOT NULL, NUMBER_OF_ITEMS BIGINT NOT NULL, PRIMARY KEY (ACCOUNT_TX_DETAILS_ID), CONSTRAINT FK_ACCOUNT_TYPE_IDL FOREIGN KEY (ACCOUNT_TYPE_ID) REFERENCES CMPG323.DEMO_ACCOUNT_TYPE (ACCOUNT_TYPE_ID), ) [90045-199]
Caused by: org.h2.jdbc.JdbcSQLSyntaxErrorException: 
Constraint "FK_ACCOUNT_TYPE_IDL" already exists; SQL statement:
CREATE TABLE CMPG323.ACCOUNT_TX_DETAILS ( ACCOUNT_TX_DETAILS_ID BIGINT NOT NULL, TX_ID BIGINT NOT NULL, PARTNER_NAME VARCHAR(255) NOT NULL, NUMBER_OF_ITEMS BIGINT NOT NULL, PRIMARY KEY (ACCOUNT_TX_DETAILS_ID), CONSTRAINT FK_ACCOUNT_TYPE_IDL FOREIGN KEY (ACCOUNT_TYPE_ID) REFERENCES CMPG323.DEMO_ACCOUNT_TYPE (ACCOUNT_TYPE_ID), ) [90045-199]
</error>
    <system-out><![CDATA[
  .   ____          _            __ _ _
 /\\ / ___'_ __ _ _(_)_ __  __ _ \ \ \ \
( ( )\___ | '_ | '_| | '_ \/ _` | \ \ \ \
 \\/  ___)| |_)| | | | | || (_| |  ) ) ) )
  '  |____| .__|_| |_|_| |_\__, | / / / /
 =========|_|==============|___/=/_/_/_/
 :: Spring Boot ::        (v2.1.6.RELEASE)

2021-10-09 07:35:02.387  INFO 13704 --- [           main] z.a.n.a.r.p.AccountTypeRepositoryTest    : Starting AccountTypeRepositoryTest on DESKTOP-88F48D2 with PID 13704 (started by Bianca Piek in D:\Documents\BscIT\ThirdYear\Semester 2\CMPG323\Project 1\Software\AccountSystemRepository)
2021-10-09 07:35:02.387  INFO 13704 --- [           main] z.a.n.a.r.p.AccountTypeRepositoryTest    : No active profile set, falling back to default profiles: default
2021-10-09 07:35:02.427  INFO 13704 --- [           main] .s.d.r.c.RepositoryConfigurationDelegate : Bootstrapping Spring Data repositories in DEFAULT mode.
2021-10-09 07:35:02.433  INFO 13704 --- [           main] .s.d.r.c.RepositoryConfigurationDelegate : Finished Spring Data repository scanning in 6ms. Found 3 repository interfaces.
2021-10-09 07:35:02.437  INFO 13704 --- [           main] beddedDataSourceBeanFactoryPostProcessor : Replacing 'dataSource' DataSource bean with embedded version
2021-10-09 07:35:02.451  INFO 13704 --- [           main] o.s.j.d.e.EmbeddedDatabaseFactory        : Starting embedded database: url='jdbc:h2:mem:cf9c5aae-d1ba-46a0-9156-25bffe64b426;DB_CLOSE_DELAY=-1;DB_CLOSE_ON_EXIT=false', username='sa'
2021-10-09 07:35:02.474  WARN 13704 --- [           main] s.c.a.AnnotationConfigApplicationContext : Exception encountered during context initialization - cancelling refresh attempt: org.springframework.beans.factory.UnsatisfiedDependencyException: Error creating bean with name 'org.springframework.boot.autoconfigure.orm.jpa.HibernateJpaConfiguration': Unsatisfied dependency expressed through constructor parameter 0; nested exception is org.springframework.beans.factory.BeanCreationException: Error creating bean with name 'dataSource': Post-processing of FactoryBean's singleton object failed; nested exception is org.springframework.beans.factory.BeanCreationException: Error creating bean with name 'org.springframework.boot.autoconfigure.jdbc.DataSourceInitializerInvoker': Invocation of init method failed; nested exception is org.springframework.jdbc.datasource.init.ScriptStatementFailedException: Failed to execute SQL script statement #5 of URL [file:/D:/Documents/BscIT/ThirdYear/Semester%202/CMPG323/Project%201/Software/AccountSystemRepository/target/test-classes/schema.sql]: CREATE TABLE CMPG323.ACCOUNT_TX_DETAILS ( ACCOUNT_TX_DETAILS_ID BIGINT NOT NULL, TX_ID BIGINT NOT NULL, PARTNER_NAME VARCHAR(255) NOT NULL, NUMBER_OF_ITEMS BIGINT NOT NULL, PRIMARY KEY (ACCOUNT_TX_DETAILS_ID), CONSTRAINT FK_ACCOUNT_TYPE_IDL FOREIGN KEY (ACCOUNT_TYPE_ID) REFERENCES CMPG323.DEMO_ACCOUNT_TYPE (ACCOUNT_TYPE_ID), ); nested exception is org.h2.jdbc.JdbcSQLSyntaxErrorException: Constraint "FK_ACCOUNT_TYPE_IDL" already exists; SQL statement:
CREATE TABLE CMPG323.ACCOUNT_TX_DETAILS ( ACCOUNT_TX_DETAILS_ID BIGINT NOT NULL, TX_ID BIGINT NOT NULL, PARTNER_NAME VARCHAR(255) NOT NULL, NUMBER_OF_ITEMS BIGINT NOT NULL, PRIMARY KEY (ACCOUNT_TX_DETAILS_ID), CONSTRAINT FK_ACCOUNT_TYPE_IDL FOREIGN KEY (ACCOUNT_TYPE_ID) REFERENCES CMPG323.DEMO_ACCOUNT_TYPE (ACCOUNT_TYPE_ID), ) [90045-199]
2021-10-09 07:35:02.474  INFO 13704 --- [           main] ConditionEvaluationReportLoggingListener : 

Error starting ApplicationContext. To display the conditions report re-run your application with 'debug' enabled.
2021-10-09 07:35:02.477 ERROR 13704 --- [           main] o.s.boot.SpringApplication               : Application run failed

org.springframework.beans.factory.UnsatisfiedDependencyException: Error creating bean with name 'org.springframework.boot.autoconfigure.orm.jpa.HibernateJpaConfiguration': Unsatisfied dependency expressed through constructor parameter 0; nested exception is org.springframework.beans.factory.BeanCreationException: Error creating bean with name 'dataSource': Post-processing of FactoryBean's singleton object failed; nested exception is org.springframework.beans.factory.BeanCreationException: Error creating bean with name 'org.springframework.boot.autoconfigure.jdbc.DataSourceInitializerInvoker': Invocation of init method failed; nested exception is org.springframework.jdbc.datasource.init.ScriptStatementFailedException: Failed to execute SQL script statement #5 of URL [file:/D:/Documents/BscIT/ThirdYear/Semester%202/CMPG323/Project%201/Software/AccountSystemRepository/target/test-classes/schema.sql]: CREATE TABLE CMPG323.ACCOUNT_TX_DETAILS ( ACCOUNT_TX_DETAILS_ID BIGINT NOT NULL, TX_ID BIGINT NOT NULL, PARTNER_NAME VARCHAR(255) NOT NULL, NUMBER_OF_ITEMS BIGINT NOT NULL, PRIMARY KEY (ACCOUNT_TX_DETAILS_ID), CONSTRAINT FK_ACCOUNT_TYPE_IDL FOREIGN KEY (ACCOUNT_TYPE_ID) REFERENCES CMPG323.DEMO_ACCOUNT_TYPE (ACCOUNT_TYPE_ID), ); nested exception is org.h2.jdbc.JdbcSQLSyntaxErrorException: Constraint "FK_ACCOUNT_TYPE_IDL" already exists; SQL statement:
CREATE TABLE CMPG323.ACCOUNT_TX_DETAILS ( ACCOUNT_TX_DETAILS_ID BIGINT NOT NULL, TX_ID BIGINT NOT NULL, PARTNER_NAME VARCHAR(255) NOT NULL, NUMBER_OF_ITEMS BIGINT NOT NULL, PRIMARY KEY (ACCOUNT_TX_DETAILS_ID), CONSTRAINT FK_ACCOUNT_TYPE_IDL FOREIGN KEY (ACCOUNT_TYPE_ID) REFERENCES CMPG323.DEMO_ACCOUNT_TYPE (ACCOUNT_TYPE_ID), ) [90045-199]
	at org.springframework.beans.factory.support.ConstructorResolver.createArgumentArray(ConstructorResolver.java:769) ~[spring-beans-5.1.8.RELEASE.jar:5.1.8.RELEASE]
	at org.springframework.beans.factory.support.ConstructorResolver.autowireConstructor(ConstructorResolver.java:218) ~[spring-beans-5.1.8.RELEASE.jar:5.1.8.RELEASE]
	at org.springframework.beans.factory.support.AbstractAutowireCapableBeanFactory.autowireConstructor(AbstractAutowireCapableBeanFactory.java:1341) ~[spring-beans-5.1.8.RELEASE.jar:5.1.8.RELEASE]
	at org.springframework.beans.factory.support.AbstractAutowireCapableBeanFactory.createBeanInstance(AbstractAutowireCapableBeanFactory.java:1187) ~[spring-beans-5.1.8.RELEASE.jar:5.1.8.RELEASE]
	at org.springframework.beans.factory.support.AbstractAutowireCapableBeanFactory.doCreateBean(AbstractAutowireCapableBeanFactory.java:555) ~[spring-beans-5.1.8.RELEASE.jar:5.1.8.RELEASE]
	at org.springframework.beans.factory.support.AbstractAutowireCapableBeanFactory.createBean(AbstractAutowireCapableBeanFactory.java:515) ~[spring-beans-5.1.8.RELEASE.jar:5.1.8.RELEASE]
	at org.springframework.beans.factory.support.AbstractBeanFactory.lambda$doGetBean$0(AbstractBeanFactory.java:320) ~[spring-beans-5.1.8.RELEASE.jar:5.1.8.RELEASE]
	at org.springframework.beans.factory.support.DefaultSingletonBeanRegistry.getSingleton(DefaultSingletonBeanRegistry.java:222) ~[spring-beans-5.1.8.RELEASE.jar:5.1.8.RELEASE]
	at org.springframework.beans.factory.support.AbstractBeanFactory.doGetBean(AbstractBeanFactory.java:318) ~[spring-beans-5.1.8.RELEASE.jar:5.1.8.RELEASE]
	at org.springframework.beans.factory.support.AbstractBeanFactory.getBean(AbstractBeanFactory.java:199) ~[spring-beans-5.1.8.RELEASE.jar:5.1.8.RELEASE]
	at org.springframework.beans.factory.support.ConstructorResolver.instantiateUsingFactoryMethod(ConstructorResolver.java:392) ~[spring-beans-5.1.8.RELEASE.jar:5.1.8.RELEASE]
	at org.springframework.beans.factory.support.AbstractAutowireCapableBeanFactory.instantiateUsingFactoryMethod(AbstractAutowireCapableBeanFactory.java:1321) ~[spring-beans-5.1.8.RELEASE.jar:5.1.8.RELEASE]
	at org.springframework.beans.factory.support.AbstractAutowireCapableBeanFactory.createBeanInstance(AbstractAutowireCapableBeanFactory.java:1160) ~[spring-beans-5.1.8.RELEASE.jar:5.1.8.RELEASE]
	at org.springframework.beans.factory.support.AbstractAutowireCapableBeanFactory.doCreateBean(AbstractAutowireCapableBeanFactory.java:555) ~[spring-beans-5.1.8.RELEASE.jar:5.1.8.RELEASE]
	at org.springframework.beans.factory.support.AbstractAutowireCapableBeanFactory.createBean(AbstractAutowireCapableBeanFactory.java:515) ~[spring-beans-5.1.8.RELEASE.jar:5.1.8.RELEASE]
	at org.springframework.beans.factory.support.AbstractBeanFactory.lambda$doGetBean$0(AbstractBeanFactory.java:320) ~[spring-beans-5.1.8.RELEASE.jar:5.1.8.RELEASE]
	at org.springframework.beans.factory.support.DefaultSingletonBeanRegistry.getSingleton(DefaultSingletonBeanRegistry.java:222) ~[spring-beans-5.1.8.RELEASE.jar:5.1.8.RELEASE]
	at org.springframework.beans.factory.support.AbstractBeanFactory.doGetBean(AbstractBeanFactory.java:318) ~[spring-beans-5.1.8.RELEASE.jar:5.1.8.RELEASE]
	at org.springframework.beans.factory.support.AbstractBeanFactory.getBean(AbstractBeanFactory.java:199) ~[spring-beans-5.1.8.RELEASE.jar:5.1.8.RELEASE]
	at org.springframework.context.support.AbstractApplicationContext.getBean(AbstractApplicationContext.java:1105) ~[spring-context-5.1.8.RELEASE.jar:5.1.8.RELEASE]
	at org.springframework.context.support.AbstractApplicationContext.finishBeanFactoryInitialization(AbstractApplicationContext.java:867) ~[spring-context-5.1.8.RELEASE.jar:5.1.8.RELEASE]
	at org.springframework.context.support.AbstractApplicationContext.refresh(AbstractApplicationContext.java:549) ~[spring-context-5.1.8.RELEASE.jar:5.1.8.RELEASE]
	at org.springframework.boot.SpringApplication.refresh(SpringApplication.java:742) ~[spring-boot-2.1.6.RELEASE.jar:2.1.6.RELEASE]
	at org.springframework.boot.SpringApplication.refreshContext(SpringApplication.java:389) ~[spring-boot-2.1.6.RELEASE.jar:2.1.6.RELEASE]
	at org.springframework.boot.SpringApplication.run(SpringApplication.java:311) ~[spring-boot-2.1.6.RELEASE.jar:2.1.6.RELEASE]
	at org.springframework.boot.test.context.SpringBootContextLoader.loadContext(SpringBootContextLoader.java:119) [spring-boot-test-2.1.6.RELEASE.jar:2.1.6.RELEASE]
	at org.springframework.test.context.cache.DefaultCacheAwareContextLoaderDelegate.loadContextInternal(DefaultCacheAwareContextLoaderDelegate.java:99) [spring-test-5.1.8.RELEASE.jar:5.1.8.RELEASE]
	at org.springframework.test.context.cache.DefaultCacheAwareContextLoaderDelegate.loadContext(DefaultCacheAwareContextLoaderDelegate.java:117) [spring-test-5.1.8.RELEASE.jar:5.1.8.RELEASE]
	at org.springframework.test.context.support.DefaultTestContext.getApplicationContext(DefaultTestContext.java:108) [spring-test-5.1.8.RELEASE.jar:5.1.8.RELEASE]
	at org.springframework.test.context.support.DependencyInjectionTestExecutionListener.injectDependencies(DependencyInjectionTestExecutionListener.java:118) [spring-test-5.1.8.RELEASE.jar:5.1.8.RELEASE]
	at org.springframework.test.context.support.DependencyInjectionTestExecutionListener.prepareTestInstance(DependencyInjectionTestExecutionListener.java:83) [spring-test-5.1.8.RELEASE.jar:5.1.8.RELEASE]
	at org.springframework.boot.test.autoconfigure.SpringBootDependencyInjectionTestExecutionListener.prepareTestInstance(SpringBootDependencyInjectionTestExecutionListener.java:43) [spring-boot-test-autoconfigure-2.1.6.RELEASE.jar:2.1.6.RELEASE]
	at org.springframework.test.context.TestContextManager.prepareTestInstance(TestContextManager.java:246) [spring-test-5.1.8.RELEASE.jar:5.1.8.RELEASE]
	at org.springframework.test.context.junit4.SpringJUnit4ClassRunner.createTest(SpringJUnit4ClassRunner.java:227) [spring-test-5.1.8.RELEASE.jar:5.1.8.RELEASE]
	at org.springframework.test.context.junit4.SpringJUnit4ClassRunner$1.runReflectiveCall(SpringJUnit4ClassRunner.java:289) [spring-test-5.1.8.RELEASE.jar:5.1.8.RELEASE]
	at org.junit.internal.runners.model.ReflectiveCallable.run(ReflectiveCallable.java:12) [junit-4.12.jar:4.12]
	at org.springframework.test.context.junit4.SpringJUnit4ClassRunner.methodBlock(SpringJUnit4ClassRunner.java:291) [spring-test-5.1.8.RELEASE.jar:5.1.8.RELEASE]
	at org.springframework.test.context.junit4.SpringJUnit4ClassRunner.runChild(SpringJUnit4ClassRunner.java:246) [spring-test-5.1.8.RELEASE.jar:5.1.8.RELEASE]
	at org.springframework.test.context.junit4.SpringJUnit4ClassRunner.runChild(SpringJUnit4ClassRunner.java:97) [spring-test-5.1.8.RELEASE.jar:5.1.8.RELEASE]
	at org.junit.runners.ParentRunner$3.run(ParentRunner.java:290) [junit-4.12.jar:4.12]
	at org.junit.runners.ParentRunner$1.schedule(ParentRunner.java:71) [junit-4.12.jar:4.12]
	at org.junit.runners.ParentRunner.runChildren(ParentRunner.java:288) [junit-4.12.jar:4.12]
	at org.junit.runners.ParentRunner.access$000(ParentRunner.java:58) [junit-4.12.jar:4.12]
	at org.junit.runners.ParentRunner$2.evaluate(ParentRunner.java:268) [junit-4.12.jar:4.12]
	at org.springframework.test.context.junit4.statements.RunBeforeTestClassCallbacks.evaluate(RunBeforeTestClassCallbacks.java:61) [spring-test-5.1.8.RELEASE.jar:5.1.8.RELEASE]
	at org.springframework.test.context.junit4.statements.RunAfterTestClassCallbacks.evaluate(RunAfterTestClassCallbacks.java:70) [spring-test-5.1.8.RELEASE.jar:5.1.8.RELEASE]
	at org.junit.runners.ParentRunner.run(ParentRunner.java:363) [junit-4.12.jar:4.12]
	at org.springframework.test.context.junit4.SpringJUnit4ClassRunner.run(SpringJUnit4ClassRunner.java:190) [spring-test-5.1.8.RELEASE.jar:5.1.8.RELEASE]
	at org.apache.maven.surefire.junit4.JUnit4Provider.execute(JUnit4Provider.java:365) [surefire-junit4-2.22.2.jar:2.22.2]
	at org.apache.maven.surefire.junit4.JUnit4Provider.executeWithRerun(JUnit4Provider.java:273) [surefire-junit4-2.22.2.jar:2.22.2]
	at org.apache.maven.surefire.junit4.JUnit4Provider.executeTestSet(JUnit4Provider.java:238) [surefire-junit4-2.22.2.jar:2.22.2]
	at org.apache.maven.surefire.junit4.JUnit4Provider.invoke(JUnit4Provider.java:159) [surefire-junit4-2.22.2.jar:2.22.2]
	at org.apache.maven.surefire.booter.ForkedBooter.invokeProviderInSameClassLoader(ForkedBooter.java:384) [surefire-booter-2.22.2.jar:2.22.2]
	at org.apache.maven.surefire.booter.ForkedBooter.runSuitesInProcess(ForkedBooter.java:345) [surefire-booter-2.22.2.jar:2.22.2]
	at org.apache.maven.surefire.booter.ForkedBooter.execute(ForkedBooter.java:126) [surefire-booter-2.22.2.jar:2.22.2]
	at org.apache.maven.surefire.booter.ForkedBooter.main(ForkedBooter.java:418) [surefire-booter-2.22.2.jar:2.22.2]
Caused by: org.springframework.beans.factory.BeanCreationException: Error creating bean with name 'dataSource': Post-processing of FactoryBean's singleton object failed; nested exception is org.springframework.beans.factory.BeanCreationException: Error creating bean with name 'org.springframework.boot.autoconfigure.jdbc.DataSourceInitializerInvoker': Invocation of init method failed; nested exception is org.springframework.jdbc.datasource.init.ScriptStatementFailedException: Failed to execute SQL script statement #5 of URL [file:/D:/Documents/BscIT/ThirdYear/Semester%202/CMPG323/Project%201/Software/AccountSystemRepository/target/test-classes/schema.sql]: CREATE TABLE CMPG323.ACCOUNT_TX_DETAILS ( ACCOUNT_TX_DETAILS_ID BIGINT NOT NULL, TX_ID BIGINT NOT NULL, PARTNER_NAME VARCHAR(255) NOT NULL, NUMBER_OF_ITEMS BIGINT NOT NULL, PRIMARY KEY (ACCOUNT_TX_DETAILS_ID), CONSTRAINT FK_ACCOUNT_TYPE_IDL FOREIGN KEY (ACCOUNT_TYPE_ID) REFERENCES CMPG323.DEMO_ACCOUNT_TYPE (ACCOUNT_TYPE_ID), ); nested exception is org.h2.jdbc.JdbcSQLSyntaxErrorException: Constraint "FK_ACCOUNT_TYPE_IDL" already exists; SQL statement:
CREATE TABLE CMPG323.ACCOUNT_TX_DETAILS ( ACCOUNT_TX_DETAILS_ID BIGINT NOT NULL, TX_ID BIGINT NOT NULL, PARTNER_NAME VARCHAR(255) NOT NULL, NUMBER_OF_ITEMS BIGINT NOT NULL, PRIMARY KEY (ACCOUNT_TX_DETAILS_ID), CONSTRAINT FK_ACCOUNT_TYPE_IDL FOREIGN KEY (ACCOUNT_TYPE_ID) REFERENCES CMPG323.DEMO_ACCOUNT_TYPE (ACCOUNT_TYPE_ID), ) [90045-199]
	at org.springframework.beans.factory.support.FactoryBeanRegistrySupport.getObjectFromFactoryBean(FactoryBeanRegistrySupport.java:119) ~[spring-beans-5.1.8.RELEASE.jar:5.1.8.RELEASE]
	at org.springframework.beans.factory.support.AbstractBeanFactory.getObjectForBeanInstance(AbstractBeanFactory.java:1674) ~[spring-beans-5.1.8.RELEASE.jar:5.1.8.RELEASE]
	at org.springframework.beans.factory.support.AbstractAutowireCapableBeanFactory.getObjectForBeanInstance(AbstractAutowireCapableBeanFactory.java:1249) ~[spring-beans-5.1.8.RELEASE.jar:5.1.8.RELEASE]
	at org.springframework.beans.factory.support.AbstractBeanFactory.doGetBean(AbstractBeanFactory.java:330) ~[spring-beans-5.1.8.RELEASE.jar:5.1.8.RELEASE]
	at org.springframework.beans.factory.support.AbstractBeanFactory.getBean(AbstractBeanFactory.java:199) ~[spring-beans-5.1.8.RELEASE.jar:5.1.8.RELEASE]
	at org.springframework.beans.factory.config.DependencyDescriptor.resolveCandidate(DependencyDescriptor.java:277) ~[spring-beans-5.1.8.RELEASE.jar:5.1.8.RELEASE]
	at org.springframework.beans.factory.support.DefaultListableBeanFactory.doResolveDependency(DefaultListableBeanFactory.java:1251) ~[spring-beans-5.1.8.RELEASE.jar:5.1.8.RELEASE]
	at org.springframework.beans.factory.support.DefaultListableBeanFactory.resolveDependency(DefaultListableBeanFactory.java:1171) ~[spring-beans-5.1.8.RELEASE.jar:5.1.8.RELEASE]
	at org.springframework.beans.factory.support.ConstructorResolver.resolveAutowiredArgument(ConstructorResolver.java:857) ~[spring-beans-5.1.8.RELEASE.jar:5.1.8.RELEASE]
	at org.springframework.beans.factory.support.ConstructorResolver.createArgumentArray(ConstructorResolver.java:760) ~[spring-beans-5.1.8.RELEASE.jar:5.1.8.RELEASE]
	... 55 common frames omitted
Caused by: org.springframework.beans.factory.BeanCreationException: Error creating bean with name 'org.springframework.boot.autoconfigure.jdbc.DataSourceInitializerInvoker': Invocation of init method failed; nested exception is org.springframework.jdbc.datasource.init.ScriptStatementFailedException: Failed to execute SQL script statement #5 of URL [file:/D:/Documents/BscIT/ThirdYear/Semester%202/CMPG323/Project%201/Software/AccountSystemRepository/target/test-classes/schema.sql]: CREATE TABLE CMPG323.ACCOUNT_TX_DETAILS ( ACCOUNT_TX_DETAILS_ID BIGINT NOT NULL, TX_ID BIGINT NOT NULL, PARTNER_NAME VARCHAR(255) NOT NULL, NUMBER_OF_ITEMS BIGINT NOT NULL, PRIMARY KEY (ACCOUNT_TX_DETAILS_ID), CONSTRAINT FK_ACCOUNT_TYPE_IDL FOREIGN KEY (ACCOUNT_TYPE_ID) REFERENCES CMPG323.DEMO_ACCOUNT_TYPE (ACCOUNT_TYPE_ID), ); nested exception is org.h2.jdbc.JdbcSQLSyntaxErrorException: Constraint "FK_ACCOUNT_TYPE_IDL" already exists; SQL statement:
CREATE TABLE CMPG323.ACCOUNT_TX_DETAILS ( ACCOUNT_TX_DETAILS_ID BIGINT NOT NULL, TX_ID BIGINT NOT NULL, PARTNER_NAME VARCHAR(255) NOT NULL, NUMBER_OF_ITEMS BIGINT NOT NULL, PRIMARY KEY (ACCOUNT_TX_DETAILS_ID), CONSTRAINT FK_ACCOUNT_TYPE_IDL FOREIGN KEY (ACCOUNT_TYPE_ID) REFERENCES CMPG323.DEMO_ACCOUNT_TYPE (ACCOUNT_TYPE_ID), ) [90045-199]
	at org.springframework.beans.factory.support.AbstractAutowireCapableBeanFactory.initializeBean(AbstractAutowireCapableBeanFactory.java:1778) ~[spring-beans-5.1.8.RELEASE.jar:5.1.8.RELEASE]
	at org.springframework.beans.factory.support.AbstractAutowireCapableBeanFactory.doCreateBean(AbstractAutowireCapableBeanFactory.java:593) ~[spring-beans-5.1.8.RELEASE.jar:5.1.8.RELEASE]
	at org.springframework.beans.factory.support.AbstractAutowireCapableBeanFactory.createBean(AbstractAutowireCapableBeanFactory.java:515) ~[spring-beans-5.1.8.RELEASE.jar:5.1.8.RELEASE]
	at org.springframework.beans.factory.support.AbstractBeanFactory.lambda$doGetBean$0(AbstractBeanFactory.java:320) ~[spring-beans-5.1.8.RELEASE.jar:5.1.8.RELEASE]
	at org.springframework.beans.factory.support.DefaultSingletonBeanRegistry.getSingleton(DefaultSingletonBeanRegistry.java:222) ~[spring-beans-5.1.8.RELEASE.jar:5.1.8.RELEASE]
	at org.springframework.beans.factory.support.AbstractBeanFactory.doGetBean(AbstractBeanFactory.java:318) ~[spring-beans-5.1.8.RELEASE.jar:5.1.8.RELEASE]
	at org.springframework.beans.factory.support.AbstractBeanFactory.getBean(AbstractBeanFactory.java:224) ~[spring-beans-5.1.8.RELEASE.jar:5.1.8.RELEASE]
	at org.springframework.beans.factory.support.DefaultListableBeanFactory.resolveNamedBean(DefaultListableBeanFactory.java:1119) ~[spring-beans-5.1.8.RELEASE.jar:5.1.8.RELEASE]
	at org.springframework.beans.factory.support.DefaultListableBeanFactory.resolveBean(DefaultListableBeanFactory.java:411) ~[spring-beans-5.1.8.RELEASE.jar:5.1.8.RELEASE]
	at org.springframework.beans.factory.support.DefaultListableBeanFactory.getBean(DefaultListableBeanFactory.java:344) ~[spring-beans-5.1.8.RELEASE.jar:5.1.8.RELEASE]
	at org.springframework.beans.factory.support.DefaultListableBeanFactory.getBean(DefaultListableBeanFactory.java:337) ~[spring-beans-5.1.8.RELEASE.jar:5.1.8.RELEASE]
	at org.springframework.boot.autoconfigure.jdbc.DataSourceInitializerPostProcessor.postProcessAfterInitialization(DataSourceInitializerPostProcessor.java:53) ~[spring-boot-autoconfigure-2.1.6.RELEASE.jar:2.1.6.RELEASE]
	at org.springframework.beans.factory.support.AbstractAutowireCapableBeanFactory.applyBeanPostProcessorsAfterInitialization(AbstractAutowireCapableBeanFactory.java:429) ~[spring-beans-5.1.8.RELEASE.jar:5.1.8.RELEASE]
	at org.springframework.beans.factory.support.AbstractAutowireCapableBeanFactory.postProcessObjectFromFactoryBean(AbstractAutowireCapableBeanFactory.java:1921) ~[spring-beans-5.1.8.RELEASE.jar:5.1.8.RELEASE]
	at org.springframework.beans.factory.support.FactoryBeanRegistrySupport.getObjectFromFactoryBean(FactoryBeanRegistrySupport.java:116) ~[spring-beans-5.1.8.RELEASE.jar:5.1.8.RELEASE]
	... 64 common frames omitted
Caused by: org.springframework.jdbc.datasource.init.ScriptStatementFailedException: Failed to execute SQL script statement #5 of URL [file:/D:/Documents/BscIT/ThirdYear/Semester%202/CMPG323/Project%201/Software/AccountSystemRepository/target/test-classes/schema.sql]: CREATE TABLE CMPG323.ACCOUNT_TX_DETAILS ( ACCOUNT_TX_DETAILS_ID BIGINT NOT NULL, TX_ID BIGINT NOT NULL, PARTNER_NAME VARCHAR(255) NOT NULL, NUMBER_OF_ITEMS BIGINT NOT NULL, PRIMARY KEY (ACCOUNT_TX_DETAILS_ID), CONSTRAINT FK_ACCOUNT_TYPE_IDL FOREIGN KEY (ACCOUNT_TYPE_ID) REFERENCES CMPG323.DEMO_ACCOUNT_TYPE (ACCOUNT_TYPE_ID), ); nested exception is org.h2.jdbc.JdbcSQLSyntaxErrorException: Constraint "FK_ACCOUNT_TYPE_IDL" already exists; SQL statement:
CREATE TABLE CMPG323.ACCOUNT_TX_DETAILS ( ACCOUNT_TX_DETAILS_ID BIGINT NOT NULL, TX_ID BIGINT NOT NULL, PARTNER_NAME VARCHAR(255) NOT NULL, NUMBER_OF_ITEMS BIGINT NOT NULL, PRIMARY KEY (ACCOUNT_TX_DETAILS_ID), CONSTRAINT FK_ACCOUNT_TYPE_IDL FOREIGN KEY (ACCOUNT_TYPE_ID) REFERENCES CMPG323.DEMO_ACCOUNT_TYPE (ACCOUNT_TYPE_ID), ) [90045-199]
	at org.springframework.jdbc.datasource.init.ScriptUtils.executeSqlScript(ScriptUtils.java:509) ~[spring-jdbc-5.1.8.RELEASE.jar:5.1.8.RELEASE]
	at org.springframework.jdbc.datasource.init.ResourceDatabasePopulator.populate(ResourceDatabasePopulator.java:238) ~[spring-jdbc-5.1.8.RELEASE.jar:5.1.8.RELEASE]
	at org.springframework.jdbc.datasource.init.DatabasePopulatorUtils.execute(DatabasePopulatorUtils.java:48) ~[spring-jdbc-5.1.8.RELEASE.jar:5.1.8.RELEASE]
	at org.springframework.boot.autoconfigure.jdbc.DataSourceInitializer.runScripts(DataSourceInitializer.java:202) ~[spring-boot-autoconfigure-2.1.6.RELEASE.jar:2.1.6.RELEASE]
	at org.springframework.boot.autoconfigure.jdbc.DataSourceInitializer.createSchema(DataSourceInitializer.java:101) ~[spring-boot-autoconfigure-2.1.6.RELEASE.jar:2.1.6.RELEASE]
	at org.springframework.boot.autoconfigure.jdbc.DataSourceInitializerInvoker.afterPropertiesSet(DataSourceInitializerInvoker.java:62) ~[spring-boot-autoconfigure-2.1.6.RELEASE.jar:2.1.6.RELEASE]
	at org.springframework.beans.factory.support.AbstractAutowireCapableBeanFactory.invokeInitMethods(AbstractAutowireCapableBeanFactory.java:1837) ~[spring-beans-5.1.8.RELEASE.jar:5.1.8.RELEASE]
	at org.springframework.beans.factory.support.AbstractAutowireCapableBeanFactory.initializeBean(AbstractAutowireCapableBeanFactory.java:1774) ~[spring-beans-5.1.8.RELEASE.jar:5.1.8.RELEASE]
	... 78 common frames omitted
Caused by: org.h2.jdbc.JdbcSQLSyntaxErrorException: Constraint "FK_ACCOUNT_TYPE_IDL" already exists; SQL statement:
CREATE TABLE CMPG323.ACCOUNT_TX_DETAILS ( ACCOUNT_TX_DETAILS_ID BIGINT NOT NULL, TX_ID BIGINT NOT NULL, PARTNER_NAME VARCHAR(255) NOT NULL, NUMBER_OF_ITEMS BIGINT NOT NULL, PRIMARY KEY (ACCOUNT_TX_DETAILS_ID), CONSTRAINT FK_ACCOUNT_TYPE_IDL FOREIGN KEY (ACCOUNT_TYPE_ID) REFERENCES CMPG323.DEMO_ACCOUNT_TYPE (ACCOUNT_TYPE_ID), ) [90045-199]
	at org.h2.message.DbException.getJdbcSQLException(DbException.java:573) ~[h2-1.4.199.jar:1.4.199]
	at org.h2.message.DbException.getJdbcSQLException(DbException.java:427) ~[h2-1.4.199.jar:1.4.199]
	at org.h2.message.DbException.get(DbException.java:205) ~[h2-1.4.199.jar:1.4.199]
	at org.h2.message.DbException.get(DbException.java:181) ~[h2-1.4.199.jar:1.4.199]
	at org.h2.command.ddl.AlterTableAddConstraint.tryUpdate(AlterTableAddConstraint.java:114) ~[h2-1.4.199.jar:1.4.199]
	at org.h2.command.ddl.AlterTableAddConstraint.update(AlterTableAddConstraint.java:78) ~[h2-1.4.199.jar:1.4.199]
	at org.h2.command.ddl.CommandWithColumns.createConstraints(CommandWithColumns.java:83) ~[h2-1.4.199.jar:1.4.199]
	at org.h2.command.ddl.CreateTable.update(CreateTable.java:129) ~[h2-1.4.199.jar:1.4.199]
	at org.h2.command.CommandContainer.update(CommandContainer.java:133) ~[h2-1.4.199.jar:1.4.199]
	at org.h2.command.Command.executeUpdate(Command.java:267) ~[h2-1.4.199.jar:1.4.199]
	at org.h2.jdbc.JdbcStatement.executeInternal(JdbcStatement.java:233) ~[h2-1.4.199.jar:1.4.199]
	at org.h2.jdbc.JdbcStatement.execute(JdbcStatement.java:205) ~[h2-1.4.199.jar:1.4.199]
	at org.springframework.jdbc.datasource.init.ScriptUtils.executeSqlScript(ScriptUtils.java:488) ~[spring-jdbc-5.1.8.RELEASE.jar:5.1.8.RELEASE]
	... 85 common frames omitted


  .   ____          _            __ _ _
 /\\ / ___'_ __ _ _(_)_ __  __ _ \ \ \ \
( ( )\___ | '_ | '_| | '_ \/ _` | \ \ \ \
 \\/  ___)| |_)| | | | | || (_| |  ) ) ) )
  '  |____| .__|_| |_|_| |_\__, | / / / /
 =========|_|==============|___/=/_/_/_/
 :: Spring Boot ::        (v2.1.6.RELEASE)

2021-10-09 07:35:02.487  INFO 13704 --- [           main] z.a.n.a.r.p.AccountTypeRepositoryTest    : Starting AccountTypeRepositoryTest on DESKTOP-88F48D2 with PID 13704 (started by Bianca Piek in D:\Documents\BscIT\ThirdYear\Semester 2\CMPG323\Project 1\Software\AccountSystemRepository)
2021-10-09 07:35:02.487  INFO 13704 --- [           main] z.a.n.a.r.p.AccountTypeRepositoryTest    : No active profile set, falling back to default profiles: default
2021-10-09 07:35:02.524  INFO 13704 --- [           main] .s.d.r.c.RepositoryConfigurationDelegate : Bootstrapping Spring Data repositories in DEFAULT mode.
2021-10-09 07:35:02.532  INFO 13704 --- [           main] .s.d.r.c.RepositoryConfigurationDelegate : Finished Spring Data repository scanning in 8ms. Found 3 repository interfaces.
2021-10-09 07:35:02.537  INFO 13704 --- [           main] beddedDataSourceBeanFactoryPostProcessor : Replacing 'dataSource' DataSource bean with embedded version
2021-10-09 07:35:02.547  INFO 13704 --- [           main] o.s.j.d.e.EmbeddedDatabaseFactory        : Starting embedded database: url='jdbc:h2:mem:892750d5-4eaa-4f6d-9314-31a9239800bc;DB_CLOSE_DELAY=-1;DB_CLOSE_ON_EXIT=false', username='sa'
2021-10-09 07:35:02.567  WARN 13704 --- [           main] s.c.a.AnnotationConfigApplicationContext : Exception encountered during context initialization - cancelling refresh attempt: org.springframework.beans.factory.UnsatisfiedDependencyException: Error creating bean with name 'org.springframework.boot.autoconfigure.orm.jpa.HibernateJpaConfiguration': Unsatisfied dependency expressed through constructor parameter 0; nested exception is org.springframework.beans.factory.BeanCreationException: Error creating bean with name 'dataSource': Post-processing of FactoryBean's singleton object failed; nested exception is org.springframework.beans.factory.BeanCreationException: Error creating bean with name 'org.springframework.boot.autoconfigure.jdbc.DataSourceInitializerInvoker': Invocation of init method failed; nested exception is org.springframework.jdbc.datasource.init.ScriptStatementFailedException: Failed to execute SQL script statement #5 of URL [file:/D:/Documents/BscIT/ThirdYear/Semester%202/CMPG323/Project%201/Software/AccountSystemRepository/target/test-classes/schema.sql]: CREATE TABLE CMPG323.ACCOUNT_TX_DETAILS ( ACCOUNT_TX_DETAILS_ID BIGINT NOT NULL, TX_ID BIGINT NOT NULL, PARTNER_NAME VARCHAR(255) NOT NULL, NUMBER_OF_ITEMS BIGINT NOT NULL, PRIMARY KEY (ACCOUNT_TX_DETAILS_ID), CONSTRAINT FK_ACCOUNT_TYPE_IDL FOREIGN KEY (ACCOUNT_TYPE_ID) REFERENCES CMPG323.DEMO_ACCOUNT_TYPE (ACCOUNT_TYPE_ID), ); nested exception is org.h2.jdbc.JdbcSQLSyntaxErrorException: Constraint "FK_ACCOUNT_TYPE_IDL" already exists; SQL statement:
CREATE TABLE CMPG323.ACCOUNT_TX_DETAILS ( ACCOUNT_TX_DETAILS_ID BIGINT NOT NULL, TX_ID BIGINT NOT NULL, PARTNER_NAME VARCHAR(255) NOT NULL, NUMBER_OF_ITEMS BIGINT NOT NULL, PRIMARY KEY (ACCOUNT_TX_DETAILS_ID), CONSTRAINT FK_ACCOUNT_TYPE_IDL FOREIGN KEY (ACCOUNT_TYPE_ID) REFERENCES CMPG323.DEMO_ACCOUNT_TYPE (ACCOUNT_TYPE_ID), ) [90045-199]
2021-10-09 07:35:02.567  INFO 13704 --- [           main] ConditionEvaluationReportLoggingListener : 

Error starting ApplicationContext. To display the conditions report re-run your application with 'debug' enabled.
2021-10-09 07:35:02.567 ERROR 13704 --- [           main] o.s.boot.SpringApplication               : Application run failed

org.springframework.beans.factory.UnsatisfiedDependencyException: Error creating bean with name 'org.springframework.boot.autoconfigure.orm.jpa.HibernateJpaConfiguration': Unsatisfied dependency expressed through constructor parameter 0; nested exception is org.springframework.beans.factory.BeanCreationException: Error creating bean with name 'dataSource': Post-processing of FactoryBean's singleton object failed; nested exception is org.springframework.beans.factory.BeanCreationException: Error creating bean with name 'org.springframework.boot.autoconfigure.jdbc.DataSourceInitializerInvoker': Invocation of init method failed; nested exception is org.springframework.jdbc.datasource.init.ScriptStatementFailedException: Failed to execute SQL script statement #5 of URL [file:/D:/Documents/BscIT/ThirdYear/Semester%202/CMPG323/Project%201/Software/AccountSystemRepository/target/test-classes/schema.sql]: CREATE TABLE CMPG323.ACCOUNT_TX_DETAILS ( ACCOUNT_TX_DETAILS_ID BIGINT NOT NULL, TX_ID BIGINT NOT NULL, PARTNER_NAME VARCHAR(255) NOT NULL, NUMBER_OF_ITEMS BIGINT NOT NULL, PRIMARY KEY (ACCOUNT_TX_DETAILS_ID), CONSTRAINT FK_ACCOUNT_TYPE_IDL FOREIGN KEY (ACCOUNT_TYPE_ID) REFERENCES CMPG323.DEMO_ACCOUNT_TYPE (ACCOUNT_TYPE_ID), ); nested exception is org.h2.jdbc.JdbcSQLSyntaxErrorException: Constraint "FK_ACCOUNT_TYPE_IDL" already exists; SQL statement:
CREATE TABLE CMPG323.ACCOUNT_TX_DETAILS ( ACCOUNT_TX_DETAILS_ID BIGINT NOT NULL, TX_ID BIGINT NOT NULL, PARTNER_NAME VARCHAR(255) NOT NULL, NUMBER_OF_ITEMS BIGINT NOT NULL, PRIMARY KEY (ACCOUNT_TX_DETAILS_ID), CONSTRAINT FK_ACCOUNT_TYPE_IDL FOREIGN KEY (ACCOUNT_TYPE_ID) REFERENCES CMPG323.DEMO_ACCOUNT_TYPE (ACCOUNT_TYPE_ID), ) [90045-199]
	at org.springframework.beans.factory.support.ConstructorResolver.createArgumentArray(ConstructorResolver.java:769) ~[spring-beans-5.1.8.RELEASE.jar:5.1.8.RELEASE]
	at org.springframework.beans.factory.support.ConstructorResolver.autowireConstructor(ConstructorResolver.java:218) ~[spring-beans-5.1.8.RELEASE.jar:5.1.8.RELEASE]
	at org.springframework.beans.factory.support.AbstractAutowireCapableBeanFactory.autowireConstructor(AbstractAutowireCapableBeanFactory.java:1341) ~[spring-beans-5.1.8.RELEASE.jar:5.1.8.RELEASE]
	at org.springframework.beans.factory.support.AbstractAutowireCapableBeanFactory.createBeanInstance(AbstractAutowireCapableBeanFactory.java:1187) ~[spring-beans-5.1.8.RELEASE.jar:5.1.8.RELEASE]
	at org.springframework.beans.factory.support.AbstractAutowireCapableBeanFactory.doCreateBean(AbstractAutowireCapableBeanFactory.java:555) ~[spring-beans-5.1.8.RELEASE.jar:5.1.8.RELEASE]
	at org.springframework.beans.factory.support.AbstractAutowireCapableBeanFactory.createBean(AbstractAutowireCapableBeanFactory.java:515) ~[spring-beans-5.1.8.RELEASE.jar:5.1.8.RELEASE]
	at org.springframework.beans.factory.support.AbstractBeanFactory.lambda$doGetBean$0(AbstractBeanFactory.java:320) ~[spring-beans-5.1.8.RELEASE.jar:5.1.8.RELEASE]
	at org.springframework.beans.factory.support.DefaultSingletonBeanRegistry.getSingleton(DefaultSingletonBeanRegistry.java:222) ~[spring-beans-5.1.8.RELEASE.jar:5.1.8.RELEASE]
	at org.springframework.beans.factory.support.AbstractBeanFactory.doGetBean(AbstractBeanFactory.java:318) ~[spring-beans-5.1.8.RELEASE.jar:5.1.8.RELEASE]
	at org.springframework.beans.factory.support.AbstractBeanFactory.getBean(AbstractBeanFactory.java:199) ~[spring-beans-5.1.8.RELEASE.jar:5.1.8.RELEASE]
	at org.springframework.beans.factory.support.ConstructorResolver.instantiateUsingFactoryMethod(ConstructorResolver.java:392) ~[spring-beans-5.1.8.RELEASE.jar:5.1.8.RELEASE]
	at org.springframework.beans.factory.support.AbstractAutowireCapableBeanFactory.instantiateUsingFactoryMethod(AbstractAutowireCapableBeanFactory.java:1321) ~[spring-beans-5.1.8.RELEASE.jar:5.1.8.RELEASE]
	at org.springframework.beans.factory.support.AbstractAutowireCapableBeanFactory.createBeanInstance(AbstractAutowireCapableBeanFactory.java:1160) ~[spring-beans-5.1.8.RELEASE.jar:5.1.8.RELEASE]
	at org.springframework.beans.factory.support.AbstractAutowireCapableBeanFactory.doCreateBean(AbstractAutowireCapableBeanFactory.java:555) ~[spring-beans-5.1.8.RELEASE.jar:5.1.8.RELEASE]
	at org.springframework.beans.factory.support.AbstractAutowireCapableBeanFactory.createBean(AbstractAutowireCapableBeanFactory.java:515) ~[spring-beans-5.1.8.RELEASE.jar:5.1.8.RELEASE]
	at org.springframework.beans.factory.support.AbstractBeanFactory.lambda$doGetBean$0(AbstractBeanFactory.java:320) ~[spring-beans-5.1.8.RELEASE.jar:5.1.8.RELEASE]
	at org.springframework.beans.factory.support.DefaultSingletonBeanRegistry.getSingleton(DefaultSingletonBeanRegistry.java:222) ~[spring-beans-5.1.8.RELEASE.jar:5.1.8.RELEASE]
	at org.springframework.beans.factory.support.AbstractBeanFactory.doGetBean(AbstractBeanFactory.java:318) ~[spring-beans-5.1.8.RELEASE.jar:5.1.8.RELEASE]
	at org.springframework.beans.factory.support.AbstractBeanFactory.getBean(AbstractBeanFactory.java:199) ~[spring-beans-5.1.8.RELEASE.jar:5.1.8.RELEASE]
	at org.springframework.context.support.AbstractApplicationContext.getBean(AbstractApplicationContext.java:1105) ~[spring-context-5.1.8.RELEASE.jar:5.1.8.RELEASE]
	at org.springframework.context.support.AbstractApplicationContext.finishBeanFactoryInitialization(AbstractApplicationContext.java:867) ~[spring-context-5.1.8.RELEASE.jar:5.1.8.RELEASE]
	at org.springframework.context.support.AbstractApplicationContext.refresh(AbstractApplicationContext.java:549) ~[spring-context-5.1.8.RELEASE.jar:5.1.8.RELEASE]
	at org.springframework.boot.SpringApplication.refresh(SpringApplication.java:742) ~[spring-boot-2.1.6.RELEASE.jar:2.1.6.RELEASE]
	at org.springframework.boot.SpringApplication.refreshContext(SpringApplication.java:389) ~[spring-boot-2.1.6.RELEASE.jar:2.1.6.RELEASE]
	at org.springframework.boot.SpringApplication.run(SpringApplication.java:311) ~[spring-boot-2.1.6.RELEASE.jar:2.1.6.RELEASE]
	at org.springframework.boot.test.context.SpringBootContextLoader.loadContext(SpringBootContextLoader.java:119) [spring-boot-test-2.1.6.RELEASE.jar:2.1.6.RELEASE]
	at org.springframework.test.context.cache.DefaultCacheAwareContextLoaderDelegate.loadContextInternal(DefaultCacheAwareContextLoaderDelegate.java:99) [spring-test-5.1.8.RELEASE.jar:5.1.8.RELEASE]
	at org.springframework.test.context.cache.DefaultCacheAwareContextLoaderDelegate.loadContext(DefaultCacheAwareContextLoaderDelegate.java:117) [spring-test-5.1.8.RELEASE.jar:5.1.8.RELEASE]
	at org.springframework.test.context.support.DefaultTestContext.getApplicationContext(DefaultTestContext.java:108) [spring-test-5.1.8.RELEASE.jar:5.1.8.RELEASE]
	at org.springframework.boot.test.autoconfigure.SpringBootDependencyInjectionTestExecutionListener.outputConditionEvaluationReport(SpringBootDependencyInjectionTestExecutionListener.java:53) [spring-boot-test-autoconfigure-2.1.6.RELEASE.jar:2.1.6.RELEASE]
	at org.springframework.boot.test.autoconfigure.SpringBootDependencyInjectionTestExecutionListener.prepareTestInstance(SpringBootDependencyInjectionTestExecutionListener.java:46) [spring-boot-test-autoconfigure-2.1.6.RELEASE.jar:2.1.6.RELEASE]
	at org.springframework.test.context.TestContextManager.prepareTestInstance(TestContextManager.java:246) [spring-test-5.1.8.RELEASE.jar:5.1.8.RELEASE]
	at org.springframework.test.context.junit4.SpringJUnit4ClassRunner.createTest(SpringJUnit4ClassRunner.java:227) [spring-test-5.1.8.RELEASE.jar:5.1.8.RELEASE]
	at org.springframework.test.context.junit4.SpringJUnit4ClassRunner$1.runReflectiveCall(SpringJUnit4ClassRunner.java:289) [spring-test-5.1.8.RELEASE.jar:5.1.8.RELEASE]
	at org.junit.internal.runners.model.ReflectiveCallable.run(ReflectiveCallable.java:12) [junit-4.12.jar:4.12]
	at org.springframework.test.context.junit4.SpringJUnit4ClassRunner.methodBlock(SpringJUnit4ClassRunner.java:291) [spring-test-5.1.8.RELEASE.jar:5.1.8.RELEASE]
	at org.springframework.test.context.junit4.SpringJUnit4ClassRunner.runChild(SpringJUnit4ClassRunner.java:246) [spring-test-5.1.8.RELEASE.jar:5.1.8.RELEASE]
	at org.springframework.test.context.junit4.SpringJUnit4ClassRunner.runChild(SpringJUnit4ClassRunner.java:97) [spring-test-5.1.8.RELEASE.jar:5.1.8.RELEASE]
	at org.junit.runners.ParentRunner$3.run(ParentRunner.java:290) [junit-4.12.jar:4.12]
	at org.junit.runners.ParentRunner$1.schedule(ParentRunner.java:71) [junit-4.12.jar:4.12]
	at org.junit.runners.ParentRunner.runChildren(ParentRunner.java:288) [junit-4.12.jar:4.12]
	at org.junit.runners.ParentRunner.access$000(ParentRunner.java:58) [junit-4.12.jar:4.12]
	at org.junit.runners.ParentRunner$2.evaluate(ParentRunner.java:268) [junit-4.12.jar:4.12]
	at org.springframework.test.context.junit4.statements.RunBeforeTestClassCallbacks.evaluate(RunBeforeTestClassCallbacks.java:61) [spring-test-5.1.8.RELEASE.jar:5.1.8.RELEASE]
	at org.springframework.test.context.junit4.statements.RunAfterTestClassCallbacks.evaluate(RunAfterTestClassCallbacks.java:70) [spring-test-5.1.8.RELEASE.jar:5.1.8.RELEASE]
	at org.junit.runners.ParentRunner.run(ParentRunner.java:363) [junit-4.12.jar:4.12]
	at org.springframework.test.context.junit4.SpringJUnit4ClassRunner.run(SpringJUnit4ClassRunner.java:190) [spring-test-5.1.8.RELEASE.jar:5.1.8.RELEASE]
	at org.apache.maven.surefire.junit4.JUnit4Provider.execute(JUnit4Provider.java:365) [surefire-junit4-2.22.2.jar:2.22.2]
	at org.apache.maven.surefire.junit4.JUnit4Provider.executeWithRerun(JUnit4Provider.java:273) [surefire-junit4-2.22.2.jar:2.22.2]
	at org.apache.maven.surefire.junit4.JUnit4Provider.executeTestSet(JUnit4Provider.java:238) [surefire-junit4-2.22.2.jar:2.22.2]
	at org.apache.maven.surefire.junit4.JUnit4Provider.invoke(JUnit4Provider.java:159) [surefire-junit4-2.22.2.jar:2.22.2]
	at org.apache.maven.surefire.booter.ForkedBooter.invokeProviderInSameClassLoader(ForkedBooter.java:384) [surefire-booter-2.22.2.jar:2.22.2]
	at org.apache.maven.surefire.booter.ForkedBooter.runSuitesInProcess(ForkedBooter.java:345) [surefire-booter-2.22.2.jar:2.22.2]
	at org.apache.maven.surefire.booter.ForkedBooter.execute(ForkedBooter.java:126) [surefire-booter-2.22.2.jar:2.22.2]
	at org.apache.maven.surefire.booter.ForkedBooter.main(ForkedBooter.java:418) [surefire-booter-2.22.2.jar:2.22.2]
Caused by: org.springframework.beans.factory.BeanCreationException: Error creating bean with name 'dataSource': Post-processing of FactoryBean's singleton object failed; nested exception is org.springframework.beans.factory.BeanCreationException: Error creating bean with name 'org.springframework.boot.autoconfigure.jdbc.DataSourceInitializerInvoker': Invocation of init method failed; nested exception is org.springframework.jdbc.datasource.init.ScriptStatementFailedException: Failed to execute SQL script statement #5 of URL [file:/D:/Documents/BscIT/ThirdYear/Semester%202/CMPG323/Project%201/Software/AccountSystemRepository/target/test-classes/schema.sql]: CREATE TABLE CMPG323.ACCOUNT_TX_DETAILS ( ACCOUNT_TX_DETAILS_ID BIGINT NOT NULL, TX_ID BIGINT NOT NULL, PARTNER_NAME VARCHAR(255) NOT NULL, NUMBER_OF_ITEMS BIGINT NOT NULL, PRIMARY KEY (ACCOUNT_TX_DETAILS_ID), CONSTRAINT FK_ACCOUNT_TYPE_IDL FOREIGN KEY (ACCOUNT_TYPE_ID) REFERENCES CMPG323.DEMO_ACCOUNT_TYPE (ACCOUNT_TYPE_ID), ); nested exception is org.h2.jdbc.JdbcSQLSyntaxErrorException: Constraint "FK_ACCOUNT_TYPE_IDL" already exists; SQL statement:
CREATE TABLE CMPG323.ACCOUNT_TX_DETAILS ( ACCOUNT_TX_DETAILS_ID BIGINT NOT NULL, TX_ID BIGINT NOT NULL, PARTNER_NAME VARCHAR(255) NOT NULL, NUMBER_OF_ITEMS BIGINT NOT NULL, PRIMARY KEY (ACCOUNT_TX_DETAILS_ID), CONSTRAINT FK_ACCOUNT_TYPE_IDL FOREIGN KEY (ACCOUNT_TYPE_ID) REFERENCES CMPG323.DEMO_ACCOUNT_TYPE (ACCOUNT_TYPE_ID), ) [90045-199]
	at org.springframework.beans.factory.support.FactoryBeanRegistrySupport.getObjectFromFactoryBean(FactoryBeanRegistrySupport.java:119) ~[spring-beans-5.1.8.RELEASE.jar:5.1.8.RELEASE]
	at org.springframework.beans.factory.support.AbstractBeanFactory.getObjectForBeanInstance(AbstractBeanFactory.java:1674) ~[spring-beans-5.1.8.RELEASE.jar:5.1.8.RELEASE]
	at org.springframework.beans.factory.support.AbstractAutowireCapableBeanFactory.getObjectForBeanInstance(AbstractAutowireCapableBeanFactory.java:1249) ~[spring-beans-5.1.8.RELEASE.jar:5.1.8.RELEASE]
	at org.springframework.beans.factory.support.AbstractBeanFactory.doGetBean(AbstractBeanFactory.java:330) ~[spring-beans-5.1.8.RELEASE.jar:5.1.8.RELEASE]
	at org.springframework.beans.factory.support.AbstractBeanFactory.getBean(AbstractBeanFactory.java:199) ~[spring-beans-5.1.8.RELEASE.jar:5.1.8.RELEASE]
	at org.springframework.beans.factory.config.DependencyDescriptor.resolveCandidate(DependencyDescriptor.java:277) ~[spring-beans-5.1.8.RELEASE.jar:5.1.8.RELEASE]
	at org.springframework.beans.factory.support.DefaultListableBeanFactory.doResolveDependency(DefaultListableBeanFactory.java:1251) ~[spring-beans-5.1.8.RELEASE.jar:5.1.8.RELEASE]
	at org.springframework.beans.factory.support.DefaultListableBeanFactory.resolveDependency(DefaultListableBeanFactory.java:1171) ~[spring-beans-5.1.8.RELEASE.jar:5.1.8.RELEASE]
	at org.springframework.beans.factory.support.ConstructorResolver.resolveAutowiredArgument(ConstructorResolver.java:857) ~[spring-beans-5.1.8.RELEASE.jar:5.1.8.RELEASE]
	at org.springframework.beans.factory.support.ConstructorResolver.createArgumentArray(ConstructorResolver.java:760) ~[spring-beans-5.1.8.RELEASE.jar:5.1.8.RELEASE]
	... 54 common frames omitted
Caused by: org.springframework.beans.factory.BeanCreationException: Error creating bean with name 'org.springframework.boot.autoconfigure.jdbc.DataSourceInitializerInvoker': Invocation of init method failed; nested exception is org.springframework.jdbc.datasource.init.ScriptStatementFailedException: Failed to execute SQL script statement #5 of URL [file:/D:/Documents/BscIT/ThirdYear/Semester%202/CMPG323/Project%201/Software/AccountSystemRepository/target/test-classes/schema.sql]: CREATE TABLE CMPG323.ACCOUNT_TX_DETAILS ( ACCOUNT_TX_DETAILS_ID BIGINT NOT NULL, TX_ID BIGINT NOT NULL, PARTNER_NAME VARCHAR(255) NOT NULL, NUMBER_OF_ITEMS BIGINT NOT NULL, PRIMARY KEY (ACCOUNT_TX_DETAILS_ID), CONSTRAINT FK_ACCOUNT_TYPE_IDL FOREIGN KEY (ACCOUNT_TYPE_ID) REFERENCES CMPG323.DEMO_ACCOUNT_TYPE (ACCOUNT_TYPE_ID), ); nested exception is org.h2.jdbc.JdbcSQLSyntaxErrorException: Constraint "FK_ACCOUNT_TYPE_IDL" already exists; SQL statement:
CREATE TABLE CMPG323.ACCOUNT_TX_DETAILS ( ACCOUNT_TX_DETAILS_ID BIGINT NOT NULL, TX_ID BIGINT NOT NULL, PARTNER_NAME VARCHAR(255) NOT NULL, NUMBER_OF_ITEMS BIGINT NOT NULL, PRIMARY KEY (ACCOUNT_TX_DETAILS_ID), CONSTRAINT FK_ACCOUNT_TYPE_IDL FOREIGN KEY (ACCOUNT_TYPE_ID) REFERENCES CMPG323.DEMO_ACCOUNT_TYPE (ACCOUNT_TYPE_ID), ) [90045-199]
	at org.springframework.beans.factory.support.AbstractAutowireCapableBeanFactory.initializeBean(AbstractAutowireCapableBeanFactory.java:1778) ~[spring-beans-5.1.8.RELEASE.jar:5.1.8.RELEASE]
	at org.springframework.beans.factory.support.AbstractAutowireCapableBeanFactory.doCreateBean(AbstractAutowireCapableBeanFactory.java:593) ~[spring-beans-5.1.8.RELEASE.jar:5.1.8.RELEASE]
	at org.springframework.beans.factory.support.AbstractAutowireCapableBeanFactory.createBean(AbstractAutowireCapableBeanFactory.java:515) ~[spring-beans-5.1.8.RELEASE.jar:5.1.8.RELEASE]
	at org.springframework.beans.factory.support.AbstractBeanFactory.lambda$doGetBean$0(AbstractBeanFactory.java:320) ~[spring-beans-5.1.8.RELEASE.jar:5.1.8.RELEASE]
	at org.springframework.beans.factory.support.DefaultSingletonBeanRegistry.getSingleton(DefaultSingletonBeanRegistry.java:222) ~[spring-beans-5.1.8.RELEASE.jar:5.1.8.RELEASE]
	at org.springframework.beans.factory.support.AbstractBeanFactory.doGetBean(AbstractBeanFactory.java:318) ~[spring-beans-5.1.8.RELEASE.jar:5.1.8.RELEASE]
	at org.springframework.beans.factory.support.AbstractBeanFactory.getBean(AbstractBeanFactory.java:224) ~[spring-beans-5.1.8.RELEASE.jar:5.1.8.RELEASE]
	at org.springframework.beans.factory.support.DefaultListableBeanFactory.resolveNamedBean(DefaultListableBeanFactory.java:1119) ~[spring-beans-5.1.8.RELEASE.jar:5.1.8.RELEASE]
	at org.springframework.beans.factory.support.DefaultListableBeanFactory.resolveBean(DefaultListableBeanFactory.java:411) ~[spring-beans-5.1.8.RELEASE.jar:5.1.8.RELEASE]
	at org.springframework.beans.factory.support.DefaultListableBeanFactory.getBean(DefaultListableBeanFactory.java:344) ~[spring-beans-5.1.8.RELEASE.jar:5.1.8.RELEASE]
	at org.springframework.beans.factory.support.DefaultListableBeanFactory.getBean(DefaultListableBeanFactory.java:337) ~[spring-beans-5.1.8.RELEASE.jar:5.1.8.RELEASE]
	at org.springframework.boot.autoconfigure.jdbc.DataSourceInitializerPostProcessor.postProcessAfterInitialization(DataSourceInitializerPostProcessor.java:53) ~[spring-boot-autoconfigure-2.1.6.RELEASE.jar:2.1.6.RELEASE]
	at org.springframework.beans.factory.support.AbstractAutowireCapableBeanFactory.applyBeanPostProcessorsAfterInitialization(AbstractAutowireCapableBeanFactory.java:429) ~[spring-beans-5.1.8.RELEASE.jar:5.1.8.RELEASE]
	at org.springframework.beans.factory.support.AbstractAutowireCapableBeanFactory.postProcessObjectFromFactoryBean(AbstractAutowireCapableBeanFactory.java:1921) ~[spring-beans-5.1.8.RELEASE.jar:5.1.8.RELEASE]
	at org.springframework.beans.factory.support.FactoryBeanRegistrySupport.getObjectFromFactoryBean(FactoryBeanRegistrySupport.java:116) ~[spring-beans-5.1.8.RELEASE.jar:5.1.8.RELEASE]
	... 63 common frames omitted
Caused by: org.springframework.jdbc.datasource.init.ScriptStatementFailedException: Failed to execute SQL script statement #5 of URL [file:/D:/Documents/BscIT/ThirdYear/Semester%202/CMPG323/Project%201/Software/AccountSystemRepository/target/test-classes/schema.sql]: CREATE TABLE CMPG323.ACCOUNT_TX_DETAILS ( ACCOUNT_TX_DETAILS_ID BIGINT NOT NULL, TX_ID BIGINT NOT NULL, PARTNER_NAME VARCHAR(255) NOT NULL, NUMBER_OF_ITEMS BIGINT NOT NULL, PRIMARY KEY (ACCOUNT_TX_DETAILS_ID), CONSTRAINT FK_ACCOUNT_TYPE_IDL FOREIGN KEY (ACCOUNT_TYPE_ID) REFERENCES CMPG323.DEMO_ACCOUNT_TYPE (ACCOUNT_TYPE_ID), ); nested exception is org.h2.jdbc.JdbcSQLSyntaxErrorException: Constraint "FK_ACCOUNT_TYPE_IDL" already exists; SQL statement:
CREATE TABLE CMPG323.ACCOUNT_TX_DETAILS ( ACCOUNT_TX_DETAILS_ID BIGINT NOT NULL, TX_ID BIGINT NOT NULL, PARTNER_NAME VARCHAR(255) NOT NULL, NUMBER_OF_ITEMS BIGINT NOT NULL, PRIMARY KEY (ACCOUNT_TX_DETAILS_ID), CONSTRAINT FK_ACCOUNT_TYPE_IDL FOREIGN KEY (ACCOUNT_TYPE_ID) REFERENCES CMPG323.DEMO_ACCOUNT_TYPE (ACCOUNT_TYPE_ID), ) [90045-199]
	at org.springframework.jdbc.datasource.init.ScriptUtils.executeSqlScript(ScriptUtils.java:509) ~[spring-jdbc-5.1.8.RELEASE.jar:5.1.8.RELEASE]
	at org.springframework.jdbc.datasource.init.ResourceDatabasePopulator.populate(ResourceDatabasePopulator.java:238) ~[spring-jdbc-5.1.8.RELEASE.jar:5.1.8.RELEASE]
	at org.springframework.jdbc.datasource.init.DatabasePopulatorUtils.execute(DatabasePopulatorUtils.java:48) ~[spring-jdbc-5.1.8.RELEASE.jar:5.1.8.RELEASE]
	at org.springframework.boot.autoconfigure.jdbc.DataSourceInitializer.runScripts(DataSourceInitializer.java:202) ~[spring-boot-autoconfigure-2.1.6.RELEASE.jar:2.1.6.RELEASE]
	at org.springframework.boot.autoconfigure.jdbc.DataSourceInitializer.createSchema(DataSourceInitializer.java:101) ~[spring-boot-autoconfigure-2.1.6.RELEASE.jar:2.1.6.RELEASE]
	at org.springframework.boot.autoconfigure.jdbc.DataSourceInitializerInvoker.afterPropertiesSet(DataSourceInitializerInvoker.java:62) ~[spring-boot-autoconfigure-2.1.6.RELEASE.jar:2.1.6.RELEASE]
	at org.springframework.beans.factory.support.AbstractAutowireCapableBeanFactory.invokeInitMethods(AbstractAutowireCapableBeanFactory.java:1837) ~[spring-beans-5.1.8.RELEASE.jar:5.1.8.RELEASE]
	at org.springframework.beans.factory.support.AbstractAutowireCapableBeanFactory.initializeBean(AbstractAutowireCapableBeanFactory.java:1774) ~[spring-beans-5.1.8.RELEASE.jar:5.1.8.RELEASE]
	... 77 common frames omitted
Caused by: org.h2.jdbc.JdbcSQLSyntaxErrorException: Constraint "FK_ACCOUNT_TYPE_IDL" already exists; SQL statement:
CREATE TABLE CMPG323.ACCOUNT_TX_DETAILS ( ACCOUNT_TX_DETAILS_ID BIGINT NOT NULL, TX_ID BIGINT NOT NULL, PARTNER_NAME VARCHAR(255) NOT NULL, NUMBER_OF_ITEMS BIGINT NOT NULL, PRIMARY KEY (ACCOUNT_TX_DETAILS_ID), CONSTRAINT FK_ACCOUNT_TYPE_IDL FOREIGN KEY (ACCOUNT_TYPE_ID) REFERENCES CMPG323.DEMO_ACCOUNT_TYPE (ACCOUNT_TYPE_ID), ) [90045-199]
	at org.h2.message.DbException.getJdbcSQLException(DbException.java:573) ~[h2-1.4.199.jar:1.4.199]
	at org.h2.message.DbException.getJdbcSQLException(DbException.java:427) ~[h2-1.4.199.jar:1.4.199]
	at org.h2.message.DbException.get(DbException.java:205) ~[h2-1.4.199.jar:1.4.199]
	at org.h2.message.DbException.get(DbException.java:181) ~[h2-1.4.199.jar:1.4.199]
	at org.h2.command.ddl.AlterTableAddConstraint.tryUpdate(AlterTableAddConstraint.java:114) ~[h2-1.4.199.jar:1.4.199]
	at org.h2.command.ddl.AlterTableAddConstraint.update(AlterTableAddConstraint.java:78) ~[h2-1.4.199.jar:1.4.199]
	at org.h2.command.ddl.CommandWithColumns.createConstraints(CommandWithColumns.java:83) ~[h2-1.4.199.jar:1.4.199]
	at org.h2.command.ddl.CreateTable.update(CreateTable.java:129) ~[h2-1.4.199.jar:1.4.199]
	at org.h2.command.CommandContainer.update(CommandContainer.java:133) ~[h2-1.4.199.jar:1.4.199]
	at org.h2.command.Command.executeUpdate(Command.java:267) ~[h2-1.4.199.jar:1.4.199]
	at org.h2.jdbc.JdbcStatement.executeInternal(JdbcStatement.java:233) ~[h2-1.4.199.jar:1.4.199]
	at org.h2.jdbc.JdbcStatement.execute(JdbcStatement.java:205) ~[h2-1.4.199.jar:1.4.199]
	at org.springframework.jdbc.datasource.init.ScriptUtils.executeSqlScript(ScriptUtils.java:488) ~[spring-jdbc-5.1.8.RELEASE.jar:5.1.8.RELEASE]
	... 84 common frames omitted

2021-10-09 07:35:02.567 ERROR 13704 --- [           main] o.s.test.context.TestContextManager      : Caught exception while allowing TestExecutionListener [org.springframework.boot.test.autoconfigure.SpringBootDependencyInjectionTestExecutionListener@2b546384] to prepare test instance [za.ac.nwu.ac.repo.persistence.AccountTypeRepositoryTest@733c464f]

java.lang.IllegalStateException: Failed to load ApplicationContext
	at org.springframework.test.context.cache.DefaultCacheAwareContextLoaderDelegate.loadContext(DefaultCacheAwareContextLoaderDelegate.java:125) ~[spring-test-5.1.8.RELEASE.jar:5.1.8.RELEASE]
	at org.springframework.test.context.support.DefaultTestContext.getApplicationContext(DefaultTestContext.java:108) ~[spring-test-5.1.8.RELEASE.jar:5.1.8.RELEASE]
	at org.springframework.test.context.support.DependencyInjectionTestExecutionListener.injectDependencies(DependencyInjectionTestExecutionListener.java:118) ~[spring-test-5.1.8.RELEASE.jar:5.1.8.RELEASE]
	at org.springframework.test.context.support.DependencyInjectionTestExecutionListener.prepareTestInstance(DependencyInjectionTestExecutionListener.java:83) ~[spring-test-5.1.8.RELEASE.jar:5.1.8.RELEASE]
	at org.springframework.boot.test.autoconfigure.SpringBootDependencyInjectionTestExecutionListener.prepareTestInstance(SpringBootDependencyInjectionTestExecutionListener.java:43) ~[spring-boot-test-autoconfigure-2.1.6.RELEASE.jar:2.1.6.RELEASE]
	at org.springframework.test.context.TestContextManager.prepareTestInstance(TestContextManager.java:246) ~[spring-test-5.1.8.RELEASE.jar:5.1.8.RELEASE]
	at org.springframework.test.context.junit4.SpringJUnit4ClassRunner.createTest(SpringJUnit4ClassRunner.java:227) [spring-test-5.1.8.RELEASE.jar:5.1.8.RELEASE]
	at org.springframework.test.context.junit4.SpringJUnit4ClassRunner$1.runReflectiveCall(SpringJUnit4ClassRunner.java:289) [spring-test-5.1.8.RELEASE.jar:5.1.8.RELEASE]
	at org.junit.internal.runners.model.ReflectiveCallable.run(ReflectiveCallable.java:12) [junit-4.12.jar:4.12]
	at org.springframework.test.context.junit4.SpringJUnit4ClassRunner.methodBlock(SpringJUnit4ClassRunner.java:291) [spring-test-5.1.8.RELEASE.jar:5.1.8.RELEASE]
	at org.springframework.test.context.junit4.SpringJUnit4ClassRunner.runChild(SpringJUnit4ClassRunner.java:246) [spring-test-5.1.8.RELEASE.jar:5.1.8.RELEASE]
	at org.springframework.test.context.junit4.SpringJUnit4ClassRunner.runChild(SpringJUnit4ClassRunner.java:97) [spring-test-5.1.8.RELEASE.jar:5.1.8.RELEASE]
	at org.junit.runners.ParentRunner$3.run(ParentRunner.java:290) [junit-4.12.jar:4.12]
	at org.junit.runners.ParentRunner$1.schedule(ParentRunner.java:71) [junit-4.12.jar:4.12]
	at org.junit.runners.ParentRunner.runChildren(ParentRunner.java:288) [junit-4.12.jar:4.12]
	at org.junit.runners.ParentRunner.access$000(ParentRunner.java:58) [junit-4.12.jar:4.12]
	at org.junit.runners.ParentRunner$2.evaluate(ParentRunner.java:268) [junit-4.12.jar:4.12]
	at org.springframework.test.context.junit4.statements.RunBeforeTestClassCallbacks.evaluate(RunBeforeTestClassCallbacks.java:61) [spring-test-5.1.8.RELEASE.jar:5.1.8.RELEASE]
	at org.springframework.test.context.junit4.statements.RunAfterTestClassCallbacks.evaluate(RunAfterTestClassCallbacks.java:70) [spring-test-5.1.8.RELEASE.jar:5.1.8.RELEASE]
	at org.junit.runners.ParentRunner.run(ParentRunner.java:363) [junit-4.12.jar:4.12]
	at org.springframework.test.context.junit4.SpringJUnit4ClassRunner.run(SpringJUnit4ClassRunner.java:190) [spring-test-5.1.8.RELEASE.jar:5.1.8.RELEASE]
	at org.apache.maven.surefire.junit4.JUnit4Provider.execute(JUnit4Provider.java:365) [surefire-junit4-2.22.2.jar:2.22.2]
	at org.apache.maven.surefire.junit4.JUnit4Provider.executeWithRerun(JUnit4Provider.java:273) [surefire-junit4-2.22.2.jar:2.22.2]
	at org.apache.maven.surefire.junit4.JUnit4Provider.executeTestSet(JUnit4Provider.java:238) [surefire-junit4-2.22.2.jar:2.22.2]
	at org.apache.maven.surefire.junit4.JUnit4Provider.invoke(JUnit4Provider.java:159) [surefire-junit4-2.22.2.jar:2.22.2]
	at org.apache.maven.surefire.booter.ForkedBooter.invokeProviderInSameClassLoader(ForkedBooter.java:384) [surefire-booter-2.22.2.jar:2.22.2]
	at org.apache.maven.surefire.booter.ForkedBooter.runSuitesInProcess(ForkedBooter.java:345) [surefire-booter-2.22.2.jar:2.22.2]
	at org.apache.maven.surefire.booter.ForkedBooter.execute(ForkedBooter.java:126) [surefire-booter-2.22.2.jar:2.22.2]
	at org.apache.maven.surefire.booter.ForkedBooter.main(ForkedBooter.java:418) [surefire-booter-2.22.2.jar:2.22.2]
Caused by: org.springframework.beans.factory.UnsatisfiedDependencyException: Error creating bean with name 'org.springframework.boot.autoconfigure.orm.jpa.HibernateJpaConfiguration': Unsatisfied dependency expressed through constructor parameter 0; nested exception is org.springframework.beans.factory.BeanCreationException: Error creating bean with name 'dataSource': Post-processing of FactoryBean's singleton object failed; nested exception is org.springframework.beans.factory.BeanCreationException: Error creating bean with name 'org.springframework.boot.autoconfigure.jdbc.DataSourceInitializerInvoker': Invocation of init method failed; nested exception is org.springframework.jdbc.datasource.init.ScriptStatementFailedException: Failed to execute SQL script statement #5 of URL [file:/D:/Documents/BscIT/ThirdYear/Semester%202/CMPG323/Project%201/Software/AccountSystemRepository/target/test-classes/schema.sql]: CREATE TABLE CMPG323.ACCOUNT_TX_DETAILS ( ACCOUNT_TX_DETAILS_ID BIGINT NOT NULL, TX_ID BIGINT NOT NULL, PARTNER_NAME VARCHAR(255) NOT NULL, NUMBER_OF_ITEMS BIGINT NOT NULL, PRIMARY KEY (ACCOUNT_TX_DETAILS_ID), CONSTRAINT FK_ACCOUNT_TYPE_IDL FOREIGN KEY (ACCOUNT_TYPE_ID) REFERENCES CMPG323.DEMO_ACCOUNT_TYPE (ACCOUNT_TYPE_ID), ); nested exception is org.h2.jdbc.JdbcSQLSyntaxErrorException: Constraint "FK_ACCOUNT_TYPE_IDL" already exists; SQL statement:
CREATE TABLE CMPG323.ACCOUNT_TX_DETAILS ( ACCOUNT_TX_DETAILS_ID BIGINT NOT NULL, TX_ID BIGINT NOT NULL, PARTNER_NAME VARCHAR(255) NOT NULL, NUMBER_OF_ITEMS BIGINT NOT NULL, PRIMARY KEY (ACCOUNT_TX_DETAILS_ID), CONSTRAINT FK_ACCOUNT_TYPE_IDL FOREIGN KEY (ACCOUNT_TYPE_ID) REFERENCES CMPG323.DEMO_ACCOUNT_TYPE (ACCOUNT_TYPE_ID), ) [90045-199]
	at org.springframework.beans.factory.support.ConstructorResolver.createArgumentArray(ConstructorResolver.java:769) ~[spring-beans-5.1.8.RELEASE.jar:5.1.8.RELEASE]
	at org.springframework.beans.factory.support.ConstructorResolver.autowireConstructor(ConstructorResolver.java:218) ~[spring-beans-5.1.8.RELEASE.jar:5.1.8.RELEASE]
	at org.springframework.beans.factory.support.AbstractAutowireCapableBeanFactory.autowireConstructor(AbstractAutowireCapableBeanFactory.java:1341) ~[spring-beans-5.1.8.RELEASE.jar:5.1.8.RELEASE]
	at org.springframework.beans.factory.support.AbstractAutowireCapableBeanFactory.createBeanInstance(AbstractAutowireCapableBeanFactory.java:1187) ~[spring-beans-5.1.8.RELEASE.jar:5.1.8.RELEASE]
	at org.springframework.beans.factory.support.AbstractAutowireCapableBeanFactory.doCreateBean(AbstractAutowireCapableBeanFactory.java:555) ~[spring-beans-5.1.8.RELEASE.jar:5.1.8.RELEASE]
	at org.springframework.beans.factory.support.AbstractAutowireCapableBeanFactory.createBean(AbstractAutowireCapableBeanFactory.java:515) ~[spring-beans-5.1.8.RELEASE.jar:5.1.8.RELEASE]
	at org.springframework.beans.factory.support.AbstractBeanFactory.lambda$doGetBean$0(AbstractBeanFactory.java:320) ~[spring-beans-5.1.8.RELEASE.jar:5.1.8.RELEASE]
	at org.springframework.beans.factory.support.DefaultSingletonBeanRegistry.getSingleton(DefaultSingletonBeanRegistry.java:222) ~[spring-beans-5.1.8.RELEASE.jar:5.1.8.RELEASE]
	at org.springframework.beans.factory.support.AbstractBeanFactory.doGetBean(AbstractBeanFactory.java:318) ~[spring-beans-5.1.8.RELEASE.jar:5.1.8.RELEASE]
	at org.springframework.beans.factory.support.AbstractBeanFactory.getBean(AbstractBeanFactory.java:199) ~[spring-beans-5.1.8.RELEASE.jar:5.1.8.RELEASE]
	at org.springframework.beans.factory.support.ConstructorResolver.instantiateUsingFactoryMethod(ConstructorResolver.java:392) ~[spring-beans-5.1.8.RELEASE.jar:5.1.8.RELEASE]
	at org.springframework.beans.factory.support.AbstractAutowireCapableBeanFactory.instantiateUsingFactoryMethod(AbstractAutowireCapableBeanFactory.java:1321) ~[spring-beans-5.1.8.RELEASE.jar:5.1.8.RELEASE]
	at org.springframework.beans.factory.support.AbstractAutowireCapableBeanFactory.createBeanInstance(AbstractAutowireCapableBeanFactory.java:1160) ~[spring-beans-5.1.8.RELEASE.jar:5.1.8.RELEASE]
	at org.springframework.beans.factory.support.AbstractAutowireCapableBeanFactory.doCreateBean(AbstractAutowireCapableBeanFactory.java:555) ~[spring-beans-5.1.8.RELEASE.jar:5.1.8.RELEASE]
	at org.springframework.beans.factory.support.AbstractAutowireCapableBeanFactory.createBean(AbstractAutowireCapableBeanFactory.java:515) ~[spring-beans-5.1.8.RELEASE.jar:5.1.8.RELEASE]
	at org.springframework.beans.factory.support.AbstractBeanFactory.lambda$doGetBean$0(AbstractBeanFactory.java:320) ~[spring-beans-5.1.8.RELEASE.jar:5.1.8.RELEASE]
	at org.springframework.beans.factory.support.DefaultSingletonBeanRegistry.getSingleton(DefaultSingletonBeanRegistry.java:222) ~[spring-beans-5.1.8.RELEASE.jar:5.1.8.RELEASE]
	at org.springframework.beans.factory.support.AbstractBeanFactory.doGetBean(AbstractBeanFactory.java:318) ~[spring-beans-5.1.8.RELEASE.jar:5.1.8.RELEASE]
	at org.springframework.beans.factory.support.AbstractBeanFactory.getBean(AbstractBeanFactory.java:199) ~[spring-beans-5.1.8.RELEASE.jar:5.1.8.RELEASE]
	at org.springframework.context.support.AbstractApplicationContext.getBean(AbstractApplicationContext.java:1105) ~[spring-context-5.1.8.RELEASE.jar:5.1.8.RELEASE]
	at org.springframework.context.support.AbstractApplicationContext.finishBeanFactoryInitialization(AbstractApplicationContext.java:867) ~[spring-context-5.1.8.RELEASE.jar:5.1.8.RELEASE]
	at org.springframework.context.support.AbstractApplicationContext.refresh(AbstractApplicationContext.java:549) ~[spring-context-5.1.8.RELEASE.jar:5.1.8.RELEASE]
	at org.springframework.boot.SpringApplication.refresh(SpringApplication.java:742) ~[spring-boot-2.1.6.RELEASE.jar:2.1.6.RELEASE]
	at org.springframework.boot.SpringApplication.refreshContext(SpringApplication.java:389) ~[spring-boot-2.1.6.RELEASE.jar:2.1.6.RELEASE]
	at org.springframework.boot.SpringApplication.run(SpringApplication.java:311) ~[spring-boot-2.1.6.RELEASE.jar:2.1.6.RELEASE]
	at org.springframework.boot.test.context.SpringBootContextLoader.loadContext(SpringBootContextLoader.java:119) ~[spring-boot-test-2.1.6.RELEASE.jar:2.1.6.RELEASE]
	at org.springframework.test.context.cache.DefaultCacheAwareContextLoaderDelegate.loadContextInternal(DefaultCacheAwareContextLoaderDelegate.java:99) ~[spring-test-5.1.8.RELEASE.jar:5.1.8.RELEASE]
	at org.springframework.test.context.cache.DefaultCacheAwareContextLoaderDelegate.loadContext(DefaultCacheAwareContextLoaderDelegate.java:117) ~[spring-test-5.1.8.RELEASE.jar:5.1.8.RELEASE]
	... 28 common frames omitted
Caused by: org.springframework.beans.factory.BeanCreationException: Error creating bean with name 'dataSource': Post-processing of FactoryBean's singleton object failed; nested exception is org.springframework.beans.factory.BeanCreationException: Error creating bean with name 'org.springframework.boot.autoconfigure.jdbc.DataSourceInitializerInvoker': Invocation of init method failed; nested exception is org.springframework.jdbc.datasource.init.ScriptStatementFailedException: Failed to execute SQL script statement #5 of URL [file:/D:/Documents/BscIT/ThirdYear/Semester%202/CMPG323/Project%201/Software/AccountSystemRepository/target/test-classes/schema.sql]: CREATE TABLE CMPG323.ACCOUNT_TX_DETAILS ( ACCOUNT_TX_DETAILS_ID BIGINT NOT NULL, TX_ID BIGINT NOT NULL, PARTNER_NAME VARCHAR(255) NOT NULL, NUMBER_OF_ITEMS BIGINT NOT NULL, PRIMARY KEY (ACCOUNT_TX_DETAILS_ID), CONSTRAINT FK_ACCOUNT_TYPE_IDL FOREIGN KEY (ACCOUNT_TYPE_ID) REFERENCES CMPG323.DEMO_ACCOUNT_TYPE (ACCOUNT_TYPE_ID), ); nested exception is org.h2.jdbc.JdbcSQLSyntaxErrorException: Constraint "FK_ACCOUNT_TYPE_IDL" already exists; SQL statement:
CREATE TABLE CMPG323.ACCOUNT_TX_DETAILS ( ACCOUNT_TX_DETAILS_ID BIGINT NOT NULL, TX_ID BIGINT NOT NULL, PARTNER_NAME VARCHAR(255) NOT NULL, NUMBER_OF_ITEMS BIGINT NOT NULL, PRIMARY KEY (ACCOUNT_TX_DETAILS_ID), CONSTRAINT FK_ACCOUNT_TYPE_IDL FOREIGN KEY (ACCOUNT_TYPE_ID) REFERENCES CMPG323.DEMO_ACCOUNT_TYPE (ACCOUNT_TYPE_ID), ) [90045-199]
	at org.springframework.beans.factory.support.FactoryBeanRegistrySupport.getObjectFromFactoryBean(FactoryBeanRegistrySupport.java:119) ~[spring-beans-5.1.8.RELEASE.jar:5.1.8.RELEASE]
	at org.springframework.beans.factory.support.AbstractBeanFactory.getObjectForBeanInstance(AbstractBeanFactory.java:1674) ~[spring-beans-5.1.8.RELEASE.jar:5.1.8.RELEASE]
	at org.springframework.beans.factory.support.AbstractAutowireCapableBeanFactory.getObjectForBeanInstance(AbstractAutowireCapableBeanFactory.java:1249) ~[spring-beans-5.1.8.RELEASE.jar:5.1.8.RELEASE]
	at org.springframework.beans.factory.support.AbstractBeanFactory.doGetBean(AbstractBeanFactory.java:330) ~[spring-beans-5.1.8.RELEASE.jar:5.1.8.RELEASE]
	at org.springframework.beans.factory.support.AbstractBeanFactory.getBean(AbstractBeanFactory.java:199) ~[spring-beans-5.1.8.RELEASE.jar:5.1.8.RELEASE]
	at org.springframework.beans.factory.config.DependencyDescriptor.resolveCandidate(DependencyDescriptor.java:277) ~[spring-beans-5.1.8.RELEASE.jar:5.1.8.RELEASE]
	at org.springframework.beans.factory.support.DefaultListableBeanFactory.doResolveDependency(DefaultListableBeanFactory.java:1251) ~[spring-beans-5.1.8.RELEASE.jar:5.1.8.RELEASE]
	at org.springframework.beans.factory.support.DefaultListableBeanFactory.resolveDependency(DefaultListableBeanFactory.java:1171) ~[spring-beans-5.1.8.RELEASE.jar:5.1.8.RELEASE]
	at org.springframework.beans.factory.support.ConstructorResolver.resolveAutowiredArgument(ConstructorResolver.java:857) ~[spring-beans-5.1.8.RELEASE.jar:5.1.8.RELEASE]
	at org.springframework.beans.factory.support.ConstructorResolver.createArgumentArray(ConstructorResolver.java:760) ~[spring-beans-5.1.8.RELEASE.jar:5.1.8.RELEASE]
	... 55 common frames omitted
Caused by: org.springframework.beans.factory.BeanCreationException: Error creating bean with name 'org.springframework.boot.autoconfigure.jdbc.DataSourceInitializerInvoker': Invocation of init method failed; nested exception is org.springframework.jdbc.datasource.init.ScriptStatementFailedException: Failed to execute SQL script statement #5 of URL [file:/D:/Documents/BscIT/ThirdYear/Semester%202/CMPG323/Project%201/Software/AccountSystemRepository/target/test-classes/schema.sql]: CREATE TABLE CMPG323.ACCOUNT_TX_DETAILS ( ACCOUNT_TX_DETAILS_ID BIGINT NOT NULL, TX_ID BIGINT NOT NULL, PARTNER_NAME VARCHAR(255) NOT NULL, NUMBER_OF_ITEMS BIGINT NOT NULL, PRIMARY KEY (ACCOUNT_TX_DETAILS_ID), CONSTRAINT FK_ACCOUNT_TYPE_IDL FOREIGN KEY (ACCOUNT_TYPE_ID) REFERENCES CMPG323.DEMO_ACCOUNT_TYPE (ACCOUNT_TYPE_ID), ); nested exception is org.h2.jdbc.JdbcSQLSyntaxErrorException: Constraint "FK_ACCOUNT_TYPE_IDL" already exists; SQL statement:
CREATE TABLE CMPG323.ACCOUNT_TX_DETAILS ( ACCOUNT_TX_DETAILS_ID BIGINT NOT NULL, TX_ID BIGINT NOT NULL, PARTNER_NAME VARCHAR(255) NOT NULL, NUMBER_OF_ITEMS BIGINT NOT NULL, PRIMARY KEY (ACCOUNT_TX_DETAILS_ID), CONSTRAINT FK_ACCOUNT_TYPE_IDL FOREIGN KEY (ACCOUNT_TYPE_ID) REFERENCES CMPG323.DEMO_ACCOUNT_TYPE (ACCOUNT_TYPE_ID), ) [90045-199]
	at org.springframework.beans.factory.support.AbstractAutowireCapableBeanFactory.initializeBean(AbstractAutowireCapableBeanFactory.java:1778) ~[spring-beans-5.1.8.RELEASE.jar:5.1.8.RELEASE]
	at org.springframework.beans.factory.support.AbstractAutowireCapableBeanFactory.doCreateBean(AbstractAutowireCapableBeanFactory.java:593) ~[spring-beans-5.1.8.RELEASE.jar:5.1.8.RELEASE]
	at org.springframework.beans.factory.support.AbstractAutowireCapableBeanFactory.createBean(AbstractAutowireCapableBeanFactory.java:515) ~[spring-beans-5.1.8.RELEASE.jar:5.1.8.RELEASE]
	at org.springframework.beans.factory.support.AbstractBeanFactory.lambda$doGetBean$0(AbstractBeanFactory.java:320) ~[spring-beans-5.1.8.RELEASE.jar:5.1.8.RELEASE]
	at org.springframework.beans.factory.support.DefaultSingletonBeanRegistry.getSingleton(DefaultSingletonBeanRegistry.java:222) ~[spring-beans-5.1.8.RELEASE.jar:5.1.8.RELEASE]
	at org.springframework.beans.factory.support.AbstractBeanFactory.doGetBean(AbstractBeanFactory.java:318) ~[spring-beans-5.1.8.RELEASE.jar:5.1.8.RELEASE]
	at org.springframework.beans.factory.support.AbstractBeanFactory.getBean(AbstractBeanFactory.java:224) ~[spring-beans-5.1.8.RELEASE.jar:5.1.8.RELEASE]
	at org.springframework.beans.factory.support.DefaultListableBeanFactory.resolveNamedBean(DefaultListableBeanFactory.java:1119) ~[spring-beans-5.1.8.RELEASE.jar:5.1.8.RELEASE]
	at org.springframework.beans.factory.support.DefaultListableBeanFactory.resolveBean(DefaultListableBeanFactory.java:411) ~[spring-beans-5.1.8.RELEASE.jar:5.1.8.RELEASE]
	at org.springframework.beans.factory.support.DefaultListableBeanFactory.getBean(DefaultListableBeanFactory.java:344) ~[spring-beans-5.1.8.RELEASE.jar:5.1.8.RELEASE]
	at org.springframework.beans.factory.support.DefaultListableBeanFactory.getBean(DefaultListableBeanFactory.java:337) ~[spring-beans-5.1.8.RELEASE.jar:5.1.8.RELEASE]
	at org.springframework.boot.autoconfigure.jdbc.DataSourceInitializerPostProcessor.postProcessAfterInitialization(DataSourceInitializerPostProcessor.java:53) ~[spring-boot-autoconfigure-2.1.6.RELEASE.jar:2.1.6.RELEASE]
	at org.springframework.beans.factory.support.AbstractAutowireCapableBeanFactory.applyBeanPostProcessorsAfterInitialization(AbstractAutowireCapableBeanFactory.java:429) ~[spring-beans-5.1.8.RELEASE.jar:5.1.8.RELEASE]
	at org.springframework.beans.factory.support.AbstractAutowireCapableBeanFactory.postProcessObjectFromFactoryBean(AbstractAutowireCapableBeanFactory.java:1921) ~[spring-beans-5.1.8.RELEASE.jar:5.1.8.RELEASE]
	at org.springframework.beans.factory.support.FactoryBeanRegistrySupport.getObjectFromFactoryBean(FactoryBeanRegistrySupport.java:116) ~[spring-beans-5.1.8.RELEASE.jar:5.1.8.RELEASE]
	... 64 common frames omitted
Caused by: org.springframework.jdbc.datasource.init.ScriptStatementFailedException: Failed to execute SQL script statement #5 of URL [file:/D:/Documents/BscIT/ThirdYear/Semester%202/CMPG323/Project%201/Software/AccountSystemRepository/target/test-classes/schema.sql]: CREATE TABLE CMPG323.ACCOUNT_TX_DETAILS ( ACCOUNT_TX_DETAILS_ID BIGINT NOT NULL, TX_ID BIGINT NOT NULL, PARTNER_NAME VARCHAR(255) NOT NULL, NUMBER_OF_ITEMS BIGINT NOT NULL, PRIMARY KEY (ACCOUNT_TX_DETAILS_ID), CONSTRAINT FK_ACCOUNT_TYPE_IDL FOREIGN KEY (ACCOUNT_TYPE_ID) REFERENCES CMPG323.DEMO_ACCOUNT_TYPE (ACCOUNT_TYPE_ID), ); nested exception is org.h2.jdbc.JdbcSQLSyntaxErrorException: Constraint "FK_ACCOUNT_TYPE_IDL" already exists; SQL statement:
CREATE TABLE CMPG323.ACCOUNT_TX_DETAILS ( ACCOUNT_TX_DETAILS_ID BIGINT NOT NULL, TX_ID BIGINT NOT NULL, PARTNER_NAME VARCHAR(255) NOT NULL, NUMBER_OF_ITEMS BIGINT NOT NULL, PRIMARY KEY (ACCOUNT_TX_DETAILS_ID), CONSTRAINT FK_ACCOUNT_TYPE_IDL FOREIGN KEY (ACCOUNT_TYPE_ID) REFERENCES CMPG323.DEMO_ACCOUNT_TYPE (ACCOUNT_TYPE_ID), ) [90045-199]
	at org.springframework.jdbc.datasource.init.ScriptUtils.executeSqlScript(ScriptUtils.java:509) ~[spring-jdbc-5.1.8.RELEASE.jar:5.1.8.RELEASE]
	at org.springframework.jdbc.datasource.init.ResourceDatabasePopulator.populate(ResourceDatabasePopulator.java:238) ~[spring-jdbc-5.1.8.RELEASE.jar:5.1.8.RELEASE]
	at org.springframework.jdbc.datasource.init.DatabasePopulatorUtils.execute(DatabasePopulatorUtils.java:48) ~[spring-jdbc-5.1.8.RELEASE.jar:5.1.8.RELEASE]
	at org.springframework.boot.autoconfigure.jdbc.DataSourceInitializer.runScripts(DataSourceInitializer.java:202) ~[spring-boot-autoconfigure-2.1.6.RELEASE.jar:2.1.6.RELEASE]
	at org.springframework.boot.autoconfigure.jdbc.DataSourceInitializer.createSchema(DataSourceInitializer.java:101) ~[spring-boot-autoconfigure-2.1.6.RELEASE.jar:2.1.6.RELEASE]
	at org.springframework.boot.autoconfigure.jdbc.DataSourceInitializerInvoker.afterPropertiesSet(DataSourceInitializerInvoker.java:62) ~[spring-boot-autoconfigure-2.1.6.RELEASE.jar:2.1.6.RELEASE]
	at org.springframework.beans.factory.support.AbstractAutowireCapableBeanFactory.invokeInitMethods(AbstractAutowireCapableBeanFactory.java:1837) ~[spring-beans-5.1.8.RELEASE.jar:5.1.8.RELEASE]
	at org.springframework.beans.factory.support.AbstractAutowireCapableBeanFactory.initializeBean(AbstractAutowireCapableBeanFactory.java:1774) ~[spring-beans-5.1.8.RELEASE.jar:5.1.8.RELEASE]
	... 78 common frames omitted
Caused by: org.h2.jdbc.JdbcSQLSyntaxErrorException: Constraint "FK_ACCOUNT_TYPE_IDL" already exists; SQL statement:
CREATE TABLE CMPG323.ACCOUNT_TX_DETAILS ( ACCOUNT_TX_DETAILS_ID BIGINT NOT NULL, TX_ID BIGINT NOT NULL, PARTNER_NAME VARCHAR(255) NOT NULL, NUMBER_OF_ITEMS BIGINT NOT NULL, PRIMARY KEY (ACCOUNT_TX_DETAILS_ID), CONSTRAINT FK_ACCOUNT_TYPE_IDL FOREIGN KEY (ACCOUNT_TYPE_ID) REFERENCES CMPG323.DEMO_ACCOUNT_TYPE (ACCOUNT_TYPE_ID), ) [90045-199]
	at org.h2.message.DbException.getJdbcSQLException(DbException.java:573) ~[h2-1.4.199.jar:1.4.199]
	at org.h2.message.DbException.getJdbcSQLException(DbException.java:427) ~[h2-1.4.199.jar:1.4.199]
	at org.h2.message.DbException.get(DbException.java:205) ~[h2-1.4.199.jar:1.4.199]
	at org.h2.message.DbException.get(DbException.java:181) ~[h2-1.4.199.jar:1.4.199]
	at org.h2.command.ddl.AlterTableAddConstraint.tryUpdate(AlterTableAddConstraint.java:114) ~[h2-1.4.199.jar:1.4.199]
	at org.h2.command.ddl.AlterTableAddConstraint.update(AlterTableAddConstraint.java:78) ~[h2-1.4.199.jar:1.4.199]
	at org.h2.command.ddl.CommandWithColumns.createConstraints(CommandWithColumns.java:83) ~[h2-1.4.199.jar:1.4.199]
	at org.h2.command.ddl.CreateTable.update(CreateTable.java:129) ~[h2-1.4.199.jar:1.4.199]
	at org.h2.command.CommandContainer.update(CommandContainer.java:133) ~[h2-1.4.199.jar:1.4.199]
	at org.h2.command.Command.executeUpdate(Command.java:267) ~[h2-1.4.199.jar:1.4.199]
	at org.h2.jdbc.JdbcStatement.executeInternal(JdbcStatement.java:233) ~[h2-1.4.199.jar:1.4.199]
	at org.h2.jdbc.JdbcStatement.execute(JdbcStatement.java:205) ~[h2-1.4.199.jar:1.4.199]
	at org.springframework.jdbc.datasource.init.ScriptUtils.executeSqlScript(ScriptUtils.java:488) ~[spring-jdbc-5.1.8.RELEASE.jar:5.1.8.RELEASE]
	... 85 common frames omitted

]]></system-out>
  </testcase>
  <testcase name="getAccountTypeByMnemonicNativeQuery" classname="za.ac.nwu.ac.repo.persistence.AccountTypeRepositoryTest" time="0.005">
    <error message="Failed to load ApplicationContext" type="java.lang.IllegalStateException">java.lang.IllegalStateException: Failed to load ApplicationContext
Caused by: org.springframework.beans.factory.UnsatisfiedDependencyException: 
Error creating bean with name 'org.springframework.boot.autoconfigure.orm.jpa.HibernateJpaConfiguration': Unsatisfied dependency expressed through constructor parameter 0; nested exception is org.springframework.beans.factory.BeanCreationException: Error creating bean with name 'dataSource': Post-processing of FactoryBean's singleton object failed; nested exception is org.springframework.beans.factory.BeanCreationException: Error creating bean with name 'org.springframework.boot.autoconfigure.jdbc.DataSourceInitializerInvoker': Invocation of init method failed; nested exception is org.springframework.jdbc.datasource.init.ScriptStatementFailedException: Failed to execute SQL script statement #5 of URL [file:/D:/Documents/BscIT/ThirdYear/Semester%202/CMPG323/Project%201/Software/AccountSystemRepository/target/test-classes/schema.sql]: CREATE TABLE CMPG323.ACCOUNT_TX_DETAILS ( ACCOUNT_TX_DETAILS_ID BIGINT NOT NULL, TX_ID BIGINT NOT NULL, PARTNER_NAME VARCHAR(255) NOT NULL, NUMBER_OF_ITEMS BIGINT NOT NULL, PRIMARY KEY (ACCOUNT_TX_DETAILS_ID), CONSTRAINT FK_ACCOUNT_TYPE_IDL FOREIGN KEY (ACCOUNT_TYPE_ID) REFERENCES CMPG323.DEMO_ACCOUNT_TYPE (ACCOUNT_TYPE_ID), ); nested exception is org.h2.jdbc.JdbcSQLSyntaxErrorException: Constraint "FK_ACCOUNT_TYPE_IDL" already exists; SQL statement:
CREATE TABLE CMPG323.ACCOUNT_TX_DETAILS ( ACCOUNT_TX_DETAILS_ID BIGINT NOT NULL, TX_ID BIGINT NOT NULL, PARTNER_NAME VARCHAR(255) NOT NULL, NUMBER_OF_ITEMS BIGINT NOT NULL, PRIMARY KEY (ACCOUNT_TX_DETAILS_ID), CONSTRAINT FK_ACCOUNT_TYPE_IDL FOREIGN KEY (ACCOUNT_TYPE_ID) REFERENCES CMPG323.DEMO_ACCOUNT_TYPE (ACCOUNT_TYPE_ID), ) [90045-199]
Caused by: org.springframework.beans.factory.BeanCreationException: 
Error creating bean with name 'dataSource': Post-processing of FactoryBean's singleton object failed; nested exception is org.springframework.beans.factory.BeanCreationException: Error creating bean with name 'org.springframework.boot.autoconfigure.jdbc.DataSourceInitializerInvoker': Invocation of init method failed; nested exception is org.springframework.jdbc.datasource.init.ScriptStatementFailedException: Failed to execute SQL script statement #5 of URL [file:/D:/Documents/BscIT/ThirdYear/Semester%202/CMPG323/Project%201/Software/AccountSystemRepository/target/test-classes/schema.sql]: CREATE TABLE CMPG323.ACCOUNT_TX_DETAILS ( ACCOUNT_TX_DETAILS_ID BIGINT NOT NULL, TX_ID BIGINT NOT NULL, PARTNER_NAME VARCHAR(255) NOT NULL, NUMBER_OF_ITEMS BIGINT NOT NULL, PRIMARY KEY (ACCOUNT_TX_DETAILS_ID), CONSTRAINT FK_ACCOUNT_TYPE_IDL FOREIGN KEY (ACCOUNT_TYPE_ID) REFERENCES CMPG323.DEMO_ACCOUNT_TYPE (ACCOUNT_TYPE_ID), ); nested exception is org.h2.jdbc.JdbcSQLSyntaxErrorException: Constraint "FK_ACCOUNT_TYPE_IDL" already exists; SQL statement:
CREATE TABLE CMPG323.ACCOUNT_TX_DETAILS ( ACCOUNT_TX_DETAILS_ID BIGINT NOT NULL, TX_ID BIGINT NOT NULL, PARTNER_NAME VARCHAR(255) NOT NULL, NUMBER_OF_ITEMS BIGINT NOT NULL, PRIMARY KEY (ACCOUNT_TX_DETAILS_ID), CONSTRAINT FK_ACCOUNT_TYPE_IDL FOREIGN KEY (ACCOUNT_TYPE_ID) REFERENCES CMPG323.DEMO_ACCOUNT_TYPE (ACCOUNT_TYPE_ID), ) [90045-199]
Caused by: org.springframework.beans.factory.BeanCreationException: 
Error creating bean with name 'org.springframework.boot.autoconfigure.jdbc.DataSourceInitializerInvoker': Invocation of init method failed; nested exception is org.springframework.jdbc.datasource.init.ScriptStatementFailedException: Failed to execute SQL script statement #5 of URL [file:/D:/Documents/BscIT/ThirdYear/Semester%202/CMPG323/Project%201/Software/AccountSystemRepository/target/test-classes/schema.sql]: CREATE TABLE CMPG323.ACCOUNT_TX_DETAILS ( ACCOUNT_TX_DETAILS_ID BIGINT NOT NULL, TX_ID BIGINT NOT NULL, PARTNER_NAME VARCHAR(255) NOT NULL, NUMBER_OF_ITEMS BIGINT NOT NULL, PRIMARY KEY (ACCOUNT_TX_DETAILS_ID), CONSTRAINT FK_ACCOUNT_TYPE_IDL FOREIGN KEY (ACCOUNT_TYPE_ID) REFERENCES CMPG323.DEMO_ACCOUNT_TYPE (ACCOUNT_TYPE_ID), ); nested exception is org.h2.jdbc.JdbcSQLSyntaxErrorException: Constraint "FK_ACCOUNT_TYPE_IDL" already exists; SQL statement:
CREATE TABLE CMPG323.ACCOUNT_TX_DETAILS ( ACCOUNT_TX_DETAILS_ID BIGINT NOT NULL, TX_ID BIGINT NOT NULL, PARTNER_NAME VARCHAR(255) NOT NULL, NUMBER_OF_ITEMS BIGINT NOT NULL, PRIMARY KEY (ACCOUNT_TX_DETAILS_ID), CONSTRAINT FK_ACCOUNT_TYPE_IDL FOREIGN KEY (ACCOUNT_TYPE_ID) REFERENCES CMPG323.DEMO_ACCOUNT_TYPE (ACCOUNT_TYPE_ID), ) [90045-199]
Caused by: org.springframework.jdbc.datasource.init.ScriptStatementFailedException: 
Failed to execute SQL script statement #5 of URL [file:/D:/Documents/BscIT/ThirdYear/Semester%202/CMPG323/Project%201/Software/AccountSystemRepository/target/test-classes/schema.sql]: CREATE TABLE CMPG323.ACCOUNT_TX_DETAILS ( ACCOUNT_TX_DETAILS_ID BIGINT NOT NULL, TX_ID BIGINT NOT NULL, PARTNER_NAME VARCHAR(255) NOT NULL, NUMBER_OF_ITEMS BIGINT NOT NULL, PRIMARY KEY (ACCOUNT_TX_DETAILS_ID), CONSTRAINT FK_ACCOUNT_TYPE_IDL FOREIGN KEY (ACCOUNT_TYPE_ID) REFERENCES CMPG323.DEMO_ACCOUNT_TYPE (ACCOUNT_TYPE_ID), ); nested exception is org.h2.jdbc.JdbcSQLSyntaxErrorException: Constraint "FK_ACCOUNT_TYPE_IDL" already exists; SQL statement:
CREATE TABLE CMPG323.ACCOUNT_TX_DETAILS ( ACCOUNT_TX_DETAILS_ID BIGINT NOT NULL, TX_ID BIGINT NOT NULL, PARTNER_NAME VARCHAR(255) NOT NULL, NUMBER_OF_ITEMS BIGINT NOT NULL, PRIMARY KEY (ACCOUNT_TX_DETAILS_ID), CONSTRAINT FK_ACCOUNT_TYPE_IDL FOREIGN KEY (ACCOUNT_TYPE_ID) REFERENCES CMPG323.DEMO_ACCOUNT_TYPE (ACCOUNT_TYPE_ID), ) [90045-199]
Caused by: org.h2.jdbc.JdbcSQLSyntaxErrorException: 
Constraint "FK_ACCOUNT_TYPE_IDL" already exists; SQL statement:
CREATE TABLE CMPG323.ACCOUNT_TX_DETAILS ( ACCOUNT_TX_DETAILS_ID BIGINT NOT NULL, TX_ID BIGINT NOT NULL, PARTNER_NAME VARCHAR(255) NOT NULL, NUMBER_OF_ITEMS BIGINT NOT NULL, PRIMARY KEY (ACCOUNT_TX_DETAILS_ID), CONSTRAINT FK_ACCOUNT_TYPE_IDL FOREIGN KEY (ACCOUNT_TYPE_ID) REFERENCES CMPG323.DEMO_ACCOUNT_TYPE (ACCOUNT_TYPE_ID), ) [90045-199]
</error>
    <system-out><![CDATA[
  .   ____          _            __ _ _
 /\\ / ___'_ __ _ _(_)_ __  __ _ \ \ \ \
( ( )\___ | '_ | '_| | '_ \/ _` | \ \ \ \
 \\/  ___)| |_)| | | | | || (_| |  ) ) ) )
  '  |____| .__|_| |_|_| |_\__, | / / / /
 =========|_|==============|___/=/_/_/_/
 :: Spring Boot ::        (v2.1.6.RELEASE)

2021-10-09 07:35:02.582  INFO 13704 --- [           main] z.a.n.a.r.p.AccountTypeRepositoryTest    : Starting AccountTypeRepositoryTest on DESKTOP-88F48D2 with PID 13704 (started by Bianca Piek in D:\Documents\BscIT\ThirdYear\Semester 2\CMPG323\Project 1\Software\AccountSystemRepository)
2021-10-09 07:35:02.584  INFO 13704 --- [           main] z.a.n.a.r.p.AccountTypeRepositoryTest    : No active profile set, falling back to default profiles: default
2021-10-09 07:35:02.616  INFO 13704 --- [           main] .s.d.r.c.RepositoryConfigurationDelegate : Bootstrapping Spring Data repositories in DEFAULT mode.
2021-10-09 07:35:02.627  INFO 13704 --- [           main] .s.d.r.c.RepositoryConfigurationDelegate : Finished Spring Data repository scanning in 11ms. Found 3 repository interfaces.
2021-10-09 07:35:02.635  INFO 13704 --- [           main] beddedDataSourceBeanFactoryPostProcessor : Replacing 'dataSource' DataSource bean with embedded version
2021-10-09 07:35:02.647  INFO 13704 --- [           main] o.s.j.d.e.EmbeddedDatabaseFactory        : Starting embedded database: url='jdbc:h2:mem:67d9b624-6daf-4644-966e-ad1aa953f57d;DB_CLOSE_DELAY=-1;DB_CLOSE_ON_EXIT=false', username='sa'
2021-10-09 07:35:02.677  WARN 13704 --- [           main] s.c.a.AnnotationConfigApplicationContext : Exception encountered during context initialization - cancelling refresh attempt: org.springframework.beans.factory.UnsatisfiedDependencyException: Error creating bean with name 'org.springframework.boot.autoconfigure.orm.jpa.HibernateJpaConfiguration': Unsatisfied dependency expressed through constructor parameter 0; nested exception is org.springframework.beans.factory.BeanCreationException: Error creating bean with name 'dataSource': Post-processing of FactoryBean's singleton object failed; nested exception is org.springframework.beans.factory.BeanCreationException: Error creating bean with name 'org.springframework.boot.autoconfigure.jdbc.DataSourceInitializerInvoker': Invocation of init method failed; nested exception is org.springframework.jdbc.datasource.init.ScriptStatementFailedException: Failed to execute SQL script statement #5 of URL [file:/D:/Documents/BscIT/ThirdYear/Semester%202/CMPG323/Project%201/Software/AccountSystemRepository/target/test-classes/schema.sql]: CREATE TABLE CMPG323.ACCOUNT_TX_DETAILS ( ACCOUNT_TX_DETAILS_ID BIGINT NOT NULL, TX_ID BIGINT NOT NULL, PARTNER_NAME VARCHAR(255) NOT NULL, NUMBER_OF_ITEMS BIGINT NOT NULL, PRIMARY KEY (ACCOUNT_TX_DETAILS_ID), CONSTRAINT FK_ACCOUNT_TYPE_IDL FOREIGN KEY (ACCOUNT_TYPE_ID) REFERENCES CMPG323.DEMO_ACCOUNT_TYPE (ACCOUNT_TYPE_ID), ); nested exception is org.h2.jdbc.JdbcSQLSyntaxErrorException: Constraint "FK_ACCOUNT_TYPE_IDL" already exists; SQL statement:
CREATE TABLE CMPG323.ACCOUNT_TX_DETAILS ( ACCOUNT_TX_DETAILS_ID BIGINT NOT NULL, TX_ID BIGINT NOT NULL, PARTNER_NAME VARCHAR(255) NOT NULL, NUMBER_OF_ITEMS BIGINT NOT NULL, PRIMARY KEY (ACCOUNT_TX_DETAILS_ID), CONSTRAINT FK_ACCOUNT_TYPE_IDL FOREIGN KEY (ACCOUNT_TYPE_ID) REFERENCES CMPG323.DEMO_ACCOUNT_TYPE (ACCOUNT_TYPE_ID), ) [90045-199]
2021-10-09 07:35:02.677  INFO 13704 --- [           main] ConditionEvaluationReportLoggingListener : 

Error starting ApplicationContext. To display the conditions report re-run your application with 'debug' enabled.
2021-10-09 07:35:02.677 ERROR 13704 --- [           main] o.s.boot.SpringApplication               : Application run failed

org.springframework.beans.factory.UnsatisfiedDependencyException: Error creating bean with name 'org.springframework.boot.autoconfigure.orm.jpa.HibernateJpaConfiguration': Unsatisfied dependency expressed through constructor parameter 0; nested exception is org.springframework.beans.factory.BeanCreationException: Error creating bean with name 'dataSource': Post-processing of FactoryBean's singleton object failed; nested exception is org.springframework.beans.factory.BeanCreationException: Error creating bean with name 'org.springframework.boot.autoconfigure.jdbc.DataSourceInitializerInvoker': Invocation of init method failed; nested exception is org.springframework.jdbc.datasource.init.ScriptStatementFailedException: Failed to execute SQL script statement #5 of URL [file:/D:/Documents/BscIT/ThirdYear/Semester%202/CMPG323/Project%201/Software/AccountSystemRepository/target/test-classes/schema.sql]: CREATE TABLE CMPG323.ACCOUNT_TX_DETAILS ( ACCOUNT_TX_DETAILS_ID BIGINT NOT NULL, TX_ID BIGINT NOT NULL, PARTNER_NAME VARCHAR(255) NOT NULL, NUMBER_OF_ITEMS BIGINT NOT NULL, PRIMARY KEY (ACCOUNT_TX_DETAILS_ID), CONSTRAINT FK_ACCOUNT_TYPE_IDL FOREIGN KEY (ACCOUNT_TYPE_ID) REFERENCES CMPG323.DEMO_ACCOUNT_TYPE (ACCOUNT_TYPE_ID), ); nested exception is org.h2.jdbc.JdbcSQLSyntaxErrorException: Constraint "FK_ACCOUNT_TYPE_IDL" already exists; SQL statement:
CREATE TABLE CMPG323.ACCOUNT_TX_DETAILS ( ACCOUNT_TX_DETAILS_ID BIGINT NOT NULL, TX_ID BIGINT NOT NULL, PARTNER_NAME VARCHAR(255) NOT NULL, NUMBER_OF_ITEMS BIGINT NOT NULL, PRIMARY KEY (ACCOUNT_TX_DETAILS_ID), CONSTRAINT FK_ACCOUNT_TYPE_IDL FOREIGN KEY (ACCOUNT_TYPE_ID) REFERENCES CMPG323.DEMO_ACCOUNT_TYPE (ACCOUNT_TYPE_ID), ) [90045-199]
	at org.springframework.beans.factory.support.ConstructorResolver.createArgumentArray(ConstructorResolver.java:769) ~[spring-beans-5.1.8.RELEASE.jar:5.1.8.RELEASE]
	at org.springframework.beans.factory.support.ConstructorResolver.autowireConstructor(ConstructorResolver.java:218) ~[spring-beans-5.1.8.RELEASE.jar:5.1.8.RELEASE]
	at org.springframework.beans.factory.support.AbstractAutowireCapableBeanFactory.autowireConstructor(AbstractAutowireCapableBeanFactory.java:1341) ~[spring-beans-5.1.8.RELEASE.jar:5.1.8.RELEASE]
	at org.springframework.beans.factory.support.AbstractAutowireCapableBeanFactory.createBeanInstance(AbstractAutowireCapableBeanFactory.java:1187) ~[spring-beans-5.1.8.RELEASE.jar:5.1.8.RELEASE]
	at org.springframework.beans.factory.support.AbstractAutowireCapableBeanFactory.doCreateBean(AbstractAutowireCapableBeanFactory.java:555) ~[spring-beans-5.1.8.RELEASE.jar:5.1.8.RELEASE]
	at org.springframework.beans.factory.support.AbstractAutowireCapableBeanFactory.createBean(AbstractAutowireCapableBeanFactory.java:515) ~[spring-beans-5.1.8.RELEASE.jar:5.1.8.RELEASE]
	at org.springframework.beans.factory.support.AbstractBeanFactory.lambda$doGetBean$0(AbstractBeanFactory.java:320) ~[spring-beans-5.1.8.RELEASE.jar:5.1.8.RELEASE]
	at org.springframework.beans.factory.support.DefaultSingletonBeanRegistry.getSingleton(DefaultSingletonBeanRegistry.java:222) ~[spring-beans-5.1.8.RELEASE.jar:5.1.8.RELEASE]
	at org.springframework.beans.factory.support.AbstractBeanFactory.doGetBean(AbstractBeanFactory.java:318) ~[spring-beans-5.1.8.RELEASE.jar:5.1.8.RELEASE]
	at org.springframework.beans.factory.support.AbstractBeanFactory.getBean(AbstractBeanFactory.java:199) ~[spring-beans-5.1.8.RELEASE.jar:5.1.8.RELEASE]
	at org.springframework.beans.factory.support.ConstructorResolver.instantiateUsingFactoryMethod(ConstructorResolver.java:392) ~[spring-beans-5.1.8.RELEASE.jar:5.1.8.RELEASE]
	at org.springframework.beans.factory.support.AbstractAutowireCapableBeanFactory.instantiateUsingFactoryMethod(AbstractAutowireCapableBeanFactory.java:1321) ~[spring-beans-5.1.8.RELEASE.jar:5.1.8.RELEASE]
	at org.springframework.beans.factory.support.AbstractAutowireCapableBeanFactory.createBeanInstance(AbstractAutowireCapableBeanFactory.java:1160) ~[spring-beans-5.1.8.RELEASE.jar:5.1.8.RELEASE]
	at org.springframework.beans.factory.support.AbstractAutowireCapableBeanFactory.doCreateBean(AbstractAutowireCapableBeanFactory.java:555) ~[spring-beans-5.1.8.RELEASE.jar:5.1.8.RELEASE]
	at org.springframework.beans.factory.support.AbstractAutowireCapableBeanFactory.createBean(AbstractAutowireCapableBeanFactory.java:515) ~[spring-beans-5.1.8.RELEASE.jar:5.1.8.RELEASE]
	at org.springframework.beans.factory.support.AbstractBeanFactory.lambda$doGetBean$0(AbstractBeanFactory.java:320) ~[spring-beans-5.1.8.RELEASE.jar:5.1.8.RELEASE]
	at org.springframework.beans.factory.support.DefaultSingletonBeanRegistry.getSingleton(DefaultSingletonBeanRegistry.java:222) ~[spring-beans-5.1.8.RELEASE.jar:5.1.8.RELEASE]
	at org.springframework.beans.factory.support.AbstractBeanFactory.doGetBean(AbstractBeanFactory.java:318) ~[spring-beans-5.1.8.RELEASE.jar:5.1.8.RELEASE]
	at org.springframework.beans.factory.support.AbstractBeanFactory.getBean(AbstractBeanFactory.java:199) ~[spring-beans-5.1.8.RELEASE.jar:5.1.8.RELEASE]
	at org.springframework.context.support.AbstractApplicationContext.getBean(AbstractApplicationContext.java:1105) ~[spring-context-5.1.8.RELEASE.jar:5.1.8.RELEASE]
	at org.springframework.context.support.AbstractApplicationContext.finishBeanFactoryInitialization(AbstractApplicationContext.java:867) ~[spring-context-5.1.8.RELEASE.jar:5.1.8.RELEASE]
	at org.springframework.context.support.AbstractApplicationContext.refresh(AbstractApplicationContext.java:549) ~[spring-context-5.1.8.RELEASE.jar:5.1.8.RELEASE]
	at org.springframework.boot.SpringApplication.refresh(SpringApplication.java:742) ~[spring-boot-2.1.6.RELEASE.jar:2.1.6.RELEASE]
	at org.springframework.boot.SpringApplication.refreshContext(SpringApplication.java:389) ~[spring-boot-2.1.6.RELEASE.jar:2.1.6.RELEASE]
	at org.springframework.boot.SpringApplication.run(SpringApplication.java:311) ~[spring-boot-2.1.6.RELEASE.jar:2.1.6.RELEASE]
	at org.springframework.boot.test.context.SpringBootContextLoader.loadContext(SpringBootContextLoader.java:119) [spring-boot-test-2.1.6.RELEASE.jar:2.1.6.RELEASE]
	at org.springframework.test.context.cache.DefaultCacheAwareContextLoaderDelegate.loadContextInternal(DefaultCacheAwareContextLoaderDelegate.java:99) [spring-test-5.1.8.RELEASE.jar:5.1.8.RELEASE]
	at org.springframework.test.context.cache.DefaultCacheAwareContextLoaderDelegate.loadContext(DefaultCacheAwareContextLoaderDelegate.java:117) [spring-test-5.1.8.RELEASE.jar:5.1.8.RELEASE]
	at org.springframework.test.context.support.DefaultTestContext.getApplicationContext(DefaultTestContext.java:108) [spring-test-5.1.8.RELEASE.jar:5.1.8.RELEASE]
	at org.springframework.test.context.support.DependencyInjectionTestExecutionListener.injectDependencies(DependencyInjectionTestExecutionListener.java:118) [spring-test-5.1.8.RELEASE.jar:5.1.8.RELEASE]
	at org.springframework.test.context.support.DependencyInjectionTestExecutionListener.prepareTestInstance(DependencyInjectionTestExecutionListener.java:83) [spring-test-5.1.8.RELEASE.jar:5.1.8.RELEASE]
	at org.springframework.boot.test.autoconfigure.SpringBootDependencyInjectionTestExecutionListener.prepareTestInstance(SpringBootDependencyInjectionTestExecutionListener.java:43) [spring-boot-test-autoconfigure-2.1.6.RELEASE.jar:2.1.6.RELEASE]
	at org.springframework.test.context.TestContextManager.prepareTestInstance(TestContextManager.java:246) [spring-test-5.1.8.RELEASE.jar:5.1.8.RELEASE]
	at org.springframework.test.context.junit4.SpringJUnit4ClassRunner.createTest(SpringJUnit4ClassRunner.java:227) [spring-test-5.1.8.RELEASE.jar:5.1.8.RELEASE]
	at org.springframework.test.context.junit4.SpringJUnit4ClassRunner$1.runReflectiveCall(SpringJUnit4ClassRunner.java:289) [spring-test-5.1.8.RELEASE.jar:5.1.8.RELEASE]
	at org.junit.internal.runners.model.ReflectiveCallable.run(ReflectiveCallable.java:12) [junit-4.12.jar:4.12]
	at org.springframework.test.context.junit4.SpringJUnit4ClassRunner.methodBlock(SpringJUnit4ClassRunner.java:291) [spring-test-5.1.8.RELEASE.jar:5.1.8.RELEASE]
	at org.springframework.test.context.junit4.SpringJUnit4ClassRunner.runChild(SpringJUnit4ClassRunner.java:246) [spring-test-5.1.8.RELEASE.jar:5.1.8.RELEASE]
	at org.springframework.test.context.junit4.SpringJUnit4ClassRunner.runChild(SpringJUnit4ClassRunner.java:97) [spring-test-5.1.8.RELEASE.jar:5.1.8.RELEASE]
	at org.junit.runners.ParentRunner$3.run(ParentRunner.java:290) [junit-4.12.jar:4.12]
	at org.junit.runners.ParentRunner$1.schedule(ParentRunner.java:71) [junit-4.12.jar:4.12]
	at org.junit.runners.ParentRunner.runChildren(ParentRunner.java:288) [junit-4.12.jar:4.12]
	at org.junit.runners.ParentRunner.access$000(ParentRunner.java:58) [junit-4.12.jar:4.12]
	at org.junit.runners.ParentRunner$2.evaluate(ParentRunner.java:268) [junit-4.12.jar:4.12]
	at org.springframework.test.context.junit4.statements.RunBeforeTestClassCallbacks.evaluate(RunBeforeTestClassCallbacks.java:61) [spring-test-5.1.8.RELEASE.jar:5.1.8.RELEASE]
	at org.springframework.test.context.junit4.statements.RunAfterTestClassCallbacks.evaluate(RunAfterTestClassCallbacks.java:70) [spring-test-5.1.8.RELEASE.jar:5.1.8.RELEASE]
	at org.junit.runners.ParentRunner.run(ParentRunner.java:363) [junit-4.12.jar:4.12]
	at org.springframework.test.context.junit4.SpringJUnit4ClassRunner.run(SpringJUnit4ClassRunner.java:190) [spring-test-5.1.8.RELEASE.jar:5.1.8.RELEASE]
	at org.apache.maven.surefire.junit4.JUnit4Provider.execute(JUnit4Provider.java:365) [surefire-junit4-2.22.2.jar:2.22.2]
	at org.apache.maven.surefire.junit4.JUnit4Provider.executeWithRerun(JUnit4Provider.java:273) [surefire-junit4-2.22.2.jar:2.22.2]
	at org.apache.maven.surefire.junit4.JUnit4Provider.executeTestSet(JUnit4Provider.java:238) [surefire-junit4-2.22.2.jar:2.22.2]
	at org.apache.maven.surefire.junit4.JUnit4Provider.invoke(JUnit4Provider.java:159) [surefire-junit4-2.22.2.jar:2.22.2]
	at org.apache.maven.surefire.booter.ForkedBooter.invokeProviderInSameClassLoader(ForkedBooter.java:384) [surefire-booter-2.22.2.jar:2.22.2]
	at org.apache.maven.surefire.booter.ForkedBooter.runSuitesInProcess(ForkedBooter.java:345) [surefire-booter-2.22.2.jar:2.22.2]
	at org.apache.maven.surefire.booter.ForkedBooter.execute(ForkedBooter.java:126) [surefire-booter-2.22.2.jar:2.22.2]
	at org.apache.maven.surefire.booter.ForkedBooter.main(ForkedBooter.java:418) [surefire-booter-2.22.2.jar:2.22.2]
Caused by: org.springframework.beans.factory.BeanCreationException: Error creating bean with name 'dataSource': Post-processing of FactoryBean's singleton object failed; nested exception is org.springframework.beans.factory.BeanCreationException: Error creating bean with name 'org.springframework.boot.autoconfigure.jdbc.DataSourceInitializerInvoker': Invocation of init method failed; nested exception is org.springframework.jdbc.datasource.init.ScriptStatementFailedException: Failed to execute SQL script statement #5 of URL [file:/D:/Documents/BscIT/ThirdYear/Semester%202/CMPG323/Project%201/Software/AccountSystemRepository/target/test-classes/schema.sql]: CREATE TABLE CMPG323.ACCOUNT_TX_DETAILS ( ACCOUNT_TX_DETAILS_ID BIGINT NOT NULL, TX_ID BIGINT NOT NULL, PARTNER_NAME VARCHAR(255) NOT NULL, NUMBER_OF_ITEMS BIGINT NOT NULL, PRIMARY KEY (ACCOUNT_TX_DETAILS_ID), CONSTRAINT FK_ACCOUNT_TYPE_IDL FOREIGN KEY (ACCOUNT_TYPE_ID) REFERENCES CMPG323.DEMO_ACCOUNT_TYPE (ACCOUNT_TYPE_ID), ); nested exception is org.h2.jdbc.JdbcSQLSyntaxErrorException: Constraint "FK_ACCOUNT_TYPE_IDL" already exists; SQL statement:
CREATE TABLE CMPG323.ACCOUNT_TX_DETAILS ( ACCOUNT_TX_DETAILS_ID BIGINT NOT NULL, TX_ID BIGINT NOT NULL, PARTNER_NAME VARCHAR(255) NOT NULL, NUMBER_OF_ITEMS BIGINT NOT NULL, PRIMARY KEY (ACCOUNT_TX_DETAILS_ID), CONSTRAINT FK_ACCOUNT_TYPE_IDL FOREIGN KEY (ACCOUNT_TYPE_ID) REFERENCES CMPG323.DEMO_ACCOUNT_TYPE (ACCOUNT_TYPE_ID), ) [90045-199]
	at org.springframework.beans.factory.support.FactoryBeanRegistrySupport.getObjectFromFactoryBean(FactoryBeanRegistrySupport.java:119) ~[spring-beans-5.1.8.RELEASE.jar:5.1.8.RELEASE]
	at org.springframework.beans.factory.support.AbstractBeanFactory.getObjectForBeanInstance(AbstractBeanFactory.java:1674) ~[spring-beans-5.1.8.RELEASE.jar:5.1.8.RELEASE]
	at org.springframework.beans.factory.support.AbstractAutowireCapableBeanFactory.getObjectForBeanInstance(AbstractAutowireCapableBeanFactory.java:1249) ~[spring-beans-5.1.8.RELEASE.jar:5.1.8.RELEASE]
	at org.springframework.beans.factory.support.AbstractBeanFactory.doGetBean(AbstractBeanFactory.java:330) ~[spring-beans-5.1.8.RELEASE.jar:5.1.8.RELEASE]
	at org.springframework.beans.factory.support.AbstractBeanFactory.getBean(AbstractBeanFactory.java:199) ~[spring-beans-5.1.8.RELEASE.jar:5.1.8.RELEASE]
	at org.springframework.beans.factory.config.DependencyDescriptor.resolveCandidate(DependencyDescriptor.java:277) ~[spring-beans-5.1.8.RELEASE.jar:5.1.8.RELEASE]
	at org.springframework.beans.factory.support.DefaultListableBeanFactory.doResolveDependency(DefaultListableBeanFactory.java:1251) ~[spring-beans-5.1.8.RELEASE.jar:5.1.8.RELEASE]
	at org.springframework.beans.factory.support.DefaultListableBeanFactory.resolveDependency(DefaultListableBeanFactory.java:1171) ~[spring-beans-5.1.8.RELEASE.jar:5.1.8.RELEASE]
	at org.springframework.beans.factory.support.ConstructorResolver.resolveAutowiredArgument(ConstructorResolver.java:857) ~[spring-beans-5.1.8.RELEASE.jar:5.1.8.RELEASE]
	at org.springframework.beans.factory.support.ConstructorResolver.createArgumentArray(ConstructorResolver.java:760) ~[spring-beans-5.1.8.RELEASE.jar:5.1.8.RELEASE]
	... 55 common frames omitted
Caused by: org.springframework.beans.factory.BeanCreationException: Error creating bean with name 'org.springframework.boot.autoconfigure.jdbc.DataSourceInitializerInvoker': Invocation of init method failed; nested exception is org.springframework.jdbc.datasource.init.ScriptStatementFailedException: Failed to execute SQL script statement #5 of URL [file:/D:/Documents/BscIT/ThirdYear/Semester%202/CMPG323/Project%201/Software/AccountSystemRepository/target/test-classes/schema.sql]: CREATE TABLE CMPG323.ACCOUNT_TX_DETAILS ( ACCOUNT_TX_DETAILS_ID BIGINT NOT NULL, TX_ID BIGINT NOT NULL, PARTNER_NAME VARCHAR(255) NOT NULL, NUMBER_OF_ITEMS BIGINT NOT NULL, PRIMARY KEY (ACCOUNT_TX_DETAILS_ID), CONSTRAINT FK_ACCOUNT_TYPE_IDL FOREIGN KEY (ACCOUNT_TYPE_ID) REFERENCES CMPG323.DEMO_ACCOUNT_TYPE (ACCOUNT_TYPE_ID), ); nested exception is org.h2.jdbc.JdbcSQLSyntaxErrorException: Constraint "FK_ACCOUNT_TYPE_IDL" already exists; SQL statement:
CREATE TABLE CMPG323.ACCOUNT_TX_DETAILS ( ACCOUNT_TX_DETAILS_ID BIGINT NOT NULL, TX_ID BIGINT NOT NULL, PARTNER_NAME VARCHAR(255) NOT NULL, NUMBER_OF_ITEMS BIGINT NOT NULL, PRIMARY KEY (ACCOUNT_TX_DETAILS_ID), CONSTRAINT FK_ACCOUNT_TYPE_IDL FOREIGN KEY (ACCOUNT_TYPE_ID) REFERENCES CMPG323.DEMO_ACCOUNT_TYPE (ACCOUNT_TYPE_ID), ) [90045-199]
	at org.springframework.beans.factory.support.AbstractAutowireCapableBeanFactory.initializeBean(AbstractAutowireCapableBeanFactory.java:1778) ~[spring-beans-5.1.8.RELEASE.jar:5.1.8.RELEASE]
	at org.springframework.beans.factory.support.AbstractAutowireCapableBeanFactory.doCreateBean(AbstractAutowireCapableBeanFactory.java:593) ~[spring-beans-5.1.8.RELEASE.jar:5.1.8.RELEASE]
	at org.springframework.beans.factory.support.AbstractAutowireCapableBeanFactory.createBean(AbstractAutowireCapableBeanFactory.java:515) ~[spring-beans-5.1.8.RELEASE.jar:5.1.8.RELEASE]
	at org.springframework.beans.factory.support.AbstractBeanFactory.lambda$doGetBean$0(AbstractBeanFactory.java:320) ~[spring-beans-5.1.8.RELEASE.jar:5.1.8.RELEASE]
	at org.springframework.beans.factory.support.DefaultSingletonBeanRegistry.getSingleton(DefaultSingletonBeanRegistry.java:222) ~[spring-beans-5.1.8.RELEASE.jar:5.1.8.RELEASE]
	at org.springframework.beans.factory.support.AbstractBeanFactory.doGetBean(AbstractBeanFactory.java:318) ~[spring-beans-5.1.8.RELEASE.jar:5.1.8.RELEASE]
	at org.springframework.beans.factory.support.AbstractBeanFactory.getBean(AbstractBeanFactory.java:224) ~[spring-beans-5.1.8.RELEASE.jar:5.1.8.RELEASE]
	at org.springframework.beans.factory.support.DefaultListableBeanFactory.resolveNamedBean(DefaultListableBeanFactory.java:1119) ~[spring-beans-5.1.8.RELEASE.jar:5.1.8.RELEASE]
	at org.springframework.beans.factory.support.DefaultListableBeanFactory.resolveBean(DefaultListableBeanFactory.java:411) ~[spring-beans-5.1.8.RELEASE.jar:5.1.8.RELEASE]
	at org.springframework.beans.factory.support.DefaultListableBeanFactory.getBean(DefaultListableBeanFactory.java:344) ~[spring-beans-5.1.8.RELEASE.jar:5.1.8.RELEASE]
	at org.springframework.beans.factory.support.DefaultListableBeanFactory.getBean(DefaultListableBeanFactory.java:337) ~[spring-beans-5.1.8.RELEASE.jar:5.1.8.RELEASE]
	at org.springframework.boot.autoconfigure.jdbc.DataSourceInitializerPostProcessor.postProcessAfterInitialization(DataSourceInitializerPostProcessor.java:53) ~[spring-boot-autoconfigure-2.1.6.RELEASE.jar:2.1.6.RELEASE]
	at org.springframework.beans.factory.support.AbstractAutowireCapableBeanFactory.applyBeanPostProcessorsAfterInitialization(AbstractAutowireCapableBeanFactory.java:429) ~[spring-beans-5.1.8.RELEASE.jar:5.1.8.RELEASE]
	at org.springframework.beans.factory.support.AbstractAutowireCapableBeanFactory.postProcessObjectFromFactoryBean(AbstractAutowireCapableBeanFactory.java:1921) ~[spring-beans-5.1.8.RELEASE.jar:5.1.8.RELEASE]
	at org.springframework.beans.factory.support.FactoryBeanRegistrySupport.getObjectFromFactoryBean(FactoryBeanRegistrySupport.java:116) ~[spring-beans-5.1.8.RELEASE.jar:5.1.8.RELEASE]
	... 64 common frames omitted
Caused by: org.springframework.jdbc.datasource.init.ScriptStatementFailedException: Failed to execute SQL script statement #5 of URL [file:/D:/Documents/BscIT/ThirdYear/Semester%202/CMPG323/Project%201/Software/AccountSystemRepository/target/test-classes/schema.sql]: CREATE TABLE CMPG323.ACCOUNT_TX_DETAILS ( ACCOUNT_TX_DETAILS_ID BIGINT NOT NULL, TX_ID BIGINT NOT NULL, PARTNER_NAME VARCHAR(255) NOT NULL, NUMBER_OF_ITEMS BIGINT NOT NULL, PRIMARY KEY (ACCOUNT_TX_DETAILS_ID), CONSTRAINT FK_ACCOUNT_TYPE_IDL FOREIGN KEY (ACCOUNT_TYPE_ID) REFERENCES CMPG323.DEMO_ACCOUNT_TYPE (ACCOUNT_TYPE_ID), ); nested exception is org.h2.jdbc.JdbcSQLSyntaxErrorException: Constraint "FK_ACCOUNT_TYPE_IDL" already exists; SQL statement:
CREATE TABLE CMPG323.ACCOUNT_TX_DETAILS ( ACCOUNT_TX_DETAILS_ID BIGINT NOT NULL, TX_ID BIGINT NOT NULL, PARTNER_NAME VARCHAR(255) NOT NULL, NUMBER_OF_ITEMS BIGINT NOT NULL, PRIMARY KEY (ACCOUNT_TX_DETAILS_ID), CONSTRAINT FK_ACCOUNT_TYPE_IDL FOREIGN KEY (ACCOUNT_TYPE_ID) REFERENCES CMPG323.DEMO_ACCOUNT_TYPE (ACCOUNT_TYPE_ID), ) [90045-199]
	at org.springframework.jdbc.datasource.init.ScriptUtils.executeSqlScript(ScriptUtils.java:509) ~[spring-jdbc-5.1.8.RELEASE.jar:5.1.8.RELEASE]
	at org.springframework.jdbc.datasource.init.ResourceDatabasePopulator.populate(ResourceDatabasePopulator.java:238) ~[spring-jdbc-5.1.8.RELEASE.jar:5.1.8.RELEASE]
	at org.springframework.jdbc.datasource.init.DatabasePopulatorUtils.execute(DatabasePopulatorUtils.java:48) ~[spring-jdbc-5.1.8.RELEASE.jar:5.1.8.RELEASE]
	at org.springframework.boot.autoconfigure.jdbc.DataSourceInitializer.runScripts(DataSourceInitializer.java:202) ~[spring-boot-autoconfigure-2.1.6.RELEASE.jar:2.1.6.RELEASE]
	at org.springframework.boot.autoconfigure.jdbc.DataSourceInitializer.createSchema(DataSourceInitializer.java:101) ~[spring-boot-autoconfigure-2.1.6.RELEASE.jar:2.1.6.RELEASE]
	at org.springframework.boot.autoconfigure.jdbc.DataSourceInitializerInvoker.afterPropertiesSet(DataSourceInitializerInvoker.java:62) ~[spring-boot-autoconfigure-2.1.6.RELEASE.jar:2.1.6.RELEASE]
	at org.springframework.beans.factory.support.AbstractAutowireCapableBeanFactory.invokeInitMethods(AbstractAutowireCapableBeanFactory.java:1837) ~[spring-beans-5.1.8.RELEASE.jar:5.1.8.RELEASE]
	at org.springframework.beans.factory.support.AbstractAutowireCapableBeanFactory.initializeBean(AbstractAutowireCapableBeanFactory.java:1774) ~[spring-beans-5.1.8.RELEASE.jar:5.1.8.RELEASE]
	... 78 common frames omitted
Caused by: org.h2.jdbc.JdbcSQLSyntaxErrorException: Constraint "FK_ACCOUNT_TYPE_IDL" already exists; SQL statement:
CREATE TABLE CMPG323.ACCOUNT_TX_DETAILS ( ACCOUNT_TX_DETAILS_ID BIGINT NOT NULL, TX_ID BIGINT NOT NULL, PARTNER_NAME VARCHAR(255) NOT NULL, NUMBER_OF_ITEMS BIGINT NOT NULL, PRIMARY KEY (ACCOUNT_TX_DETAILS_ID), CONSTRAINT FK_ACCOUNT_TYPE_IDL FOREIGN KEY (ACCOUNT_TYPE_ID) REFERENCES CMPG323.DEMO_ACCOUNT_TYPE (ACCOUNT_TYPE_ID), ) [90045-199]
	at org.h2.message.DbException.getJdbcSQLException(DbException.java:573) ~[h2-1.4.199.jar:1.4.199]
	at org.h2.message.DbException.getJdbcSQLException(DbException.java:427) ~[h2-1.4.199.jar:1.4.199]
	at org.h2.message.DbException.get(DbException.java:205) ~[h2-1.4.199.jar:1.4.199]
	at org.h2.message.DbException.get(DbException.java:181) ~[h2-1.4.199.jar:1.4.199]
	at org.h2.command.ddl.AlterTableAddConstraint.tryUpdate(AlterTableAddConstraint.java:114) ~[h2-1.4.199.jar:1.4.199]
	at org.h2.command.ddl.AlterTableAddConstraint.update(AlterTableAddConstraint.java:78) ~[h2-1.4.199.jar:1.4.199]
	at org.h2.command.ddl.CommandWithColumns.createConstraints(CommandWithColumns.java:83) ~[h2-1.4.199.jar:1.4.199]
	at org.h2.command.ddl.CreateTable.update(CreateTable.java:129) ~[h2-1.4.199.jar:1.4.199]
	at org.h2.command.CommandContainer.update(CommandContainer.java:133) ~[h2-1.4.199.jar:1.4.199]
	at org.h2.command.Command.executeUpdate(Command.java:267) ~[h2-1.4.199.jar:1.4.199]
	at org.h2.jdbc.JdbcStatement.executeInternal(JdbcStatement.java:233) ~[h2-1.4.199.jar:1.4.199]
	at org.h2.jdbc.JdbcStatement.execute(JdbcStatement.java:205) ~[h2-1.4.199.jar:1.4.199]
	at org.springframework.jdbc.datasource.init.ScriptUtils.executeSqlScript(ScriptUtils.java:488) ~[spring-jdbc-5.1.8.RELEASE.jar:5.1.8.RELEASE]
	... 85 common frames omitted


  .   ____          _            __ _ _
 /\\ / ___'_ __ _ _(_)_ __  __ _ \ \ \ \
( ( )\___ | '_ | '_| | '_ \/ _` | \ \ \ \
 \\/  ___)| |_)| | | | | || (_| |  ) ) ) )
  '  |____| .__|_| |_|_| |_\__, | / / / /
 =========|_|==============|___/=/_/_/_/
 :: Spring Boot ::        (v2.1.6.RELEASE)

2021-10-09 07:35:02.697  INFO 13704 --- [           main] z.a.n.a.r.p.AccountTypeRepositoryTest    : Starting AccountTypeRepositoryTest on DESKTOP-88F48D2 with PID 13704 (started by Bianca Piek in D:\Documents\BscIT\ThirdYear\Semester 2\CMPG323\Project 1\Software\AccountSystemRepository)
2021-10-09 07:35:02.701  INFO 13704 --- [           main] z.a.n.a.r.p.AccountTypeRepositoryTest    : No active profile set, falling back to default profiles: default
2021-10-09 07:35:02.747  INFO 13704 --- [           main] .s.d.r.c.RepositoryConfigurationDelegate : Bootstrapping Spring Data repositories in DEFAULT mode.
2021-10-09 07:35:02.756  INFO 13704 --- [           main] .s.d.r.c.RepositoryConfigurationDelegate : Finished Spring Data repository scanning in 9ms. Found 3 repository interfaces.
2021-10-09 07:35:02.766  INFO 13704 --- [           main] beddedDataSourceBeanFactoryPostProcessor : Replacing 'dataSource' DataSource bean with embedded version
2021-10-09 07:35:02.784  INFO 13704 --- [           main] o.s.j.d.e.EmbeddedDatabaseFactory        : Starting embedded database: url='jdbc:h2:mem:e2be4486-d3cf-4b12-8a8e-a3bf589f53c4;DB_CLOSE_DELAY=-1;DB_CLOSE_ON_EXIT=false', username='sa'
2021-10-09 07:35:02.807  WARN 13704 --- [           main] s.c.a.AnnotationConfigApplicationContext : Exception encountered during context initialization - cancelling refresh attempt: org.springframework.beans.factory.UnsatisfiedDependencyException: Error creating bean with name 'org.springframework.boot.autoconfigure.orm.jpa.HibernateJpaConfiguration': Unsatisfied dependency expressed through constructor parameter 0; nested exception is org.springframework.beans.factory.BeanCreationException: Error creating bean with name 'dataSource': Post-processing of FactoryBean's singleton object failed; nested exception is org.springframework.beans.factory.BeanCreationException: Error creating bean with name 'org.springframework.boot.autoconfigure.jdbc.DataSourceInitializerInvoker': Invocation of init method failed; nested exception is org.springframework.jdbc.datasource.init.ScriptStatementFailedException: Failed to execute SQL script statement #5 of URL [file:/D:/Documents/BscIT/ThirdYear/Semester%202/CMPG323/Project%201/Software/AccountSystemRepository/target/test-classes/schema.sql]: CREATE TABLE CMPG323.ACCOUNT_TX_DETAILS ( ACCOUNT_TX_DETAILS_ID BIGINT NOT NULL, TX_ID BIGINT NOT NULL, PARTNER_NAME VARCHAR(255) NOT NULL, NUMBER_OF_ITEMS BIGINT NOT NULL, PRIMARY KEY (ACCOUNT_TX_DETAILS_ID), CONSTRAINT FK_ACCOUNT_TYPE_IDL FOREIGN KEY (ACCOUNT_TYPE_ID) REFERENCES CMPG323.DEMO_ACCOUNT_TYPE (ACCOUNT_TYPE_ID), ); nested exception is org.h2.jdbc.JdbcSQLSyntaxErrorException: Constraint "FK_ACCOUNT_TYPE_IDL" already exists; SQL statement:
CREATE TABLE CMPG323.ACCOUNT_TX_DETAILS ( ACCOUNT_TX_DETAILS_ID BIGINT NOT NULL, TX_ID BIGINT NOT NULL, PARTNER_NAME VARCHAR(255) NOT NULL, NUMBER_OF_ITEMS BIGINT NOT NULL, PRIMARY KEY (ACCOUNT_TX_DETAILS_ID), CONSTRAINT FK_ACCOUNT_TYPE_IDL FOREIGN KEY (ACCOUNT_TYPE_ID) REFERENCES CMPG323.DEMO_ACCOUNT_TYPE (ACCOUNT_TYPE_ID), ) [90045-199]
2021-10-09 07:35:02.807  INFO 13704 --- [           main] ConditionEvaluationReportLoggingListener : 

Error starting ApplicationContext. To display the conditions report re-run your application with 'debug' enabled.
2021-10-09 07:35:02.807 ERROR 13704 --- [           main] o.s.boot.SpringApplication               : Application run failed

org.springframework.beans.factory.UnsatisfiedDependencyException: Error creating bean with name 'org.springframework.boot.autoconfigure.orm.jpa.HibernateJpaConfiguration': Unsatisfied dependency expressed through constructor parameter 0; nested exception is org.springframework.beans.factory.BeanCreationException: Error creating bean with name 'dataSource': Post-processing of FactoryBean's singleton object failed; nested exception is org.springframework.beans.factory.BeanCreationException: Error creating bean with name 'org.springframework.boot.autoconfigure.jdbc.DataSourceInitializerInvoker': Invocation of init method failed; nested exception is org.springframework.jdbc.datasource.init.ScriptStatementFailedException: Failed to execute SQL script statement #5 of URL [file:/D:/Documents/BscIT/ThirdYear/Semester%202/CMPG323/Project%201/Software/AccountSystemRepository/target/test-classes/schema.sql]: CREATE TABLE CMPG323.ACCOUNT_TX_DETAILS ( ACCOUNT_TX_DETAILS_ID BIGINT NOT NULL, TX_ID BIGINT NOT NULL, PARTNER_NAME VARCHAR(255) NOT NULL, NUMBER_OF_ITEMS BIGINT NOT NULL, PRIMARY KEY (ACCOUNT_TX_DETAILS_ID), CONSTRAINT FK_ACCOUNT_TYPE_IDL FOREIGN KEY (ACCOUNT_TYPE_ID) REFERENCES CMPG323.DEMO_ACCOUNT_TYPE (ACCOUNT_TYPE_ID), ); nested exception is org.h2.jdbc.JdbcSQLSyntaxErrorException: Constraint "FK_ACCOUNT_TYPE_IDL" already exists; SQL statement:
CREATE TABLE CMPG323.ACCOUNT_TX_DETAILS ( ACCOUNT_TX_DETAILS_ID BIGINT NOT NULL, TX_ID BIGINT NOT NULL, PARTNER_NAME VARCHAR(255) NOT NULL, NUMBER_OF_ITEMS BIGINT NOT NULL, PRIMARY KEY (ACCOUNT_TX_DETAILS_ID), CONSTRAINT FK_ACCOUNT_TYPE_IDL FOREIGN KEY (ACCOUNT_TYPE_ID) REFERENCES CMPG323.DEMO_ACCOUNT_TYPE (ACCOUNT_TYPE_ID), ) [90045-199]
	at org.springframework.beans.factory.support.ConstructorResolver.createArgumentArray(ConstructorResolver.java:769) ~[spring-beans-5.1.8.RELEASE.jar:5.1.8.RELEASE]
	at org.springframework.beans.factory.support.ConstructorResolver.autowireConstructor(ConstructorResolver.java:218) ~[spring-beans-5.1.8.RELEASE.jar:5.1.8.RELEASE]
	at org.springframework.beans.factory.support.AbstractAutowireCapableBeanFactory.autowireConstructor(AbstractAutowireCapableBeanFactory.java:1341) ~[spring-beans-5.1.8.RELEASE.jar:5.1.8.RELEASE]
	at org.springframework.beans.factory.support.AbstractAutowireCapableBeanFactory.createBeanInstance(AbstractAutowireCapableBeanFactory.java:1187) ~[spring-beans-5.1.8.RELEASE.jar:5.1.8.RELEASE]
	at org.springframework.beans.factory.support.AbstractAutowireCapableBeanFactory.doCreateBean(AbstractAutowireCapableBeanFactory.java:555) ~[spring-beans-5.1.8.RELEASE.jar:5.1.8.RELEASE]
	at org.springframework.beans.factory.support.AbstractAutowireCapableBeanFactory.createBean(AbstractAutowireCapableBeanFactory.java:515) ~[spring-beans-5.1.8.RELEASE.jar:5.1.8.RELEASE]
	at org.springframework.beans.factory.support.AbstractBeanFactory.lambda$doGetBean$0(AbstractBeanFactory.java:320) ~[spring-beans-5.1.8.RELEASE.jar:5.1.8.RELEASE]
	at org.springframework.beans.factory.support.DefaultSingletonBeanRegistry.getSingleton(DefaultSingletonBeanRegistry.java:222) ~[spring-beans-5.1.8.RELEASE.jar:5.1.8.RELEASE]
	at org.springframework.beans.factory.support.AbstractBeanFactory.doGetBean(AbstractBeanFactory.java:318) ~[spring-beans-5.1.8.RELEASE.jar:5.1.8.RELEASE]
	at org.springframework.beans.factory.support.AbstractBeanFactory.getBean(AbstractBeanFactory.java:199) ~[spring-beans-5.1.8.RELEASE.jar:5.1.8.RELEASE]
	at org.springframework.beans.factory.support.ConstructorResolver.instantiateUsingFactoryMethod(ConstructorResolver.java:392) ~[spring-beans-5.1.8.RELEASE.jar:5.1.8.RELEASE]
	at org.springframework.beans.factory.support.AbstractAutowireCapableBeanFactory.instantiateUsingFactoryMethod(AbstractAutowireCapableBeanFactory.java:1321) ~[spring-beans-5.1.8.RELEASE.jar:5.1.8.RELEASE]
	at org.springframework.beans.factory.support.AbstractAutowireCapableBeanFactory.createBeanInstance(AbstractAutowireCapableBeanFactory.java:1160) ~[spring-beans-5.1.8.RELEASE.jar:5.1.8.RELEASE]
	at org.springframework.beans.factory.support.AbstractAutowireCapableBeanFactory.doCreateBean(AbstractAutowireCapableBeanFactory.java:555) ~[spring-beans-5.1.8.RELEASE.jar:5.1.8.RELEASE]
	at org.springframework.beans.factory.support.AbstractAutowireCapableBeanFactory.createBean(AbstractAutowireCapableBeanFactory.java:515) ~[spring-beans-5.1.8.RELEASE.jar:5.1.8.RELEASE]
	at org.springframework.beans.factory.support.AbstractBeanFactory.lambda$doGetBean$0(AbstractBeanFactory.java:320) ~[spring-beans-5.1.8.RELEASE.jar:5.1.8.RELEASE]
	at org.springframework.beans.factory.support.DefaultSingletonBeanRegistry.getSingleton(DefaultSingletonBeanRegistry.java:222) ~[spring-beans-5.1.8.RELEASE.jar:5.1.8.RELEASE]
	at org.springframework.beans.factory.support.AbstractBeanFactory.doGetBean(AbstractBeanFactory.java:318) ~[spring-beans-5.1.8.RELEASE.jar:5.1.8.RELEASE]
	at org.springframework.beans.factory.support.AbstractBeanFactory.getBean(AbstractBeanFactory.java:199) ~[spring-beans-5.1.8.RELEASE.jar:5.1.8.RELEASE]
	at org.springframework.context.support.AbstractApplicationContext.getBean(AbstractApplicationContext.java:1105) ~[spring-context-5.1.8.RELEASE.jar:5.1.8.RELEASE]
	at org.springframework.context.support.AbstractApplicationContext.finishBeanFactoryInitialization(AbstractApplicationContext.java:867) ~[spring-context-5.1.8.RELEASE.jar:5.1.8.RELEASE]
	at org.springframework.context.support.AbstractApplicationContext.refresh(AbstractApplicationContext.java:549) ~[spring-context-5.1.8.RELEASE.jar:5.1.8.RELEASE]
	at org.springframework.boot.SpringApplication.refresh(SpringApplication.java:742) ~[spring-boot-2.1.6.RELEASE.jar:2.1.6.RELEASE]
	at org.springframework.boot.SpringApplication.refreshContext(SpringApplication.java:389) ~[spring-boot-2.1.6.RELEASE.jar:2.1.6.RELEASE]
	at org.springframework.boot.SpringApplication.run(SpringApplication.java:311) ~[spring-boot-2.1.6.RELEASE.jar:2.1.6.RELEASE]
	at org.springframework.boot.test.context.SpringBootContextLoader.loadContext(SpringBootContextLoader.java:119) [spring-boot-test-2.1.6.RELEASE.jar:2.1.6.RELEASE]
	at org.springframework.test.context.cache.DefaultCacheAwareContextLoaderDelegate.loadContextInternal(DefaultCacheAwareContextLoaderDelegate.java:99) [spring-test-5.1.8.RELEASE.jar:5.1.8.RELEASE]
	at org.springframework.test.context.cache.DefaultCacheAwareContextLoaderDelegate.loadContext(DefaultCacheAwareContextLoaderDelegate.java:117) [spring-test-5.1.8.RELEASE.jar:5.1.8.RELEASE]
	at org.springframework.test.context.support.DefaultTestContext.getApplicationContext(DefaultTestContext.java:108) [spring-test-5.1.8.RELEASE.jar:5.1.8.RELEASE]
	at org.springframework.boot.test.autoconfigure.SpringBootDependencyInjectionTestExecutionListener.outputConditionEvaluationReport(SpringBootDependencyInjectionTestExecutionListener.java:53) [spring-boot-test-autoconfigure-2.1.6.RELEASE.jar:2.1.6.RELEASE]
	at org.springframework.boot.test.autoconfigure.SpringBootDependencyInjectionTestExecutionListener.prepareTestInstance(SpringBootDependencyInjectionTestExecutionListener.java:46) [spring-boot-test-autoconfigure-2.1.6.RELEASE.jar:2.1.6.RELEASE]
	at org.springframework.test.context.TestContextManager.prepareTestInstance(TestContextManager.java:246) [spring-test-5.1.8.RELEASE.jar:5.1.8.RELEASE]
	at org.springframework.test.context.junit4.SpringJUnit4ClassRunner.createTest(SpringJUnit4ClassRunner.java:227) [spring-test-5.1.8.RELEASE.jar:5.1.8.RELEASE]
	at org.springframework.test.context.junit4.SpringJUnit4ClassRunner$1.runReflectiveCall(SpringJUnit4ClassRunner.java:289) [spring-test-5.1.8.RELEASE.jar:5.1.8.RELEASE]
	at org.junit.internal.runners.model.ReflectiveCallable.run(ReflectiveCallable.java:12) [junit-4.12.jar:4.12]
	at org.springframework.test.context.junit4.SpringJUnit4ClassRunner.methodBlock(SpringJUnit4ClassRunner.java:291) [spring-test-5.1.8.RELEASE.jar:5.1.8.RELEASE]
	at org.springframework.test.context.junit4.SpringJUnit4ClassRunner.runChild(SpringJUnit4ClassRunner.java:246) [spring-test-5.1.8.RELEASE.jar:5.1.8.RELEASE]
	at org.springframework.test.context.junit4.SpringJUnit4ClassRunner.runChild(SpringJUnit4ClassRunner.java:97) [spring-test-5.1.8.RELEASE.jar:5.1.8.RELEASE]
	at org.junit.runners.ParentRunner$3.run(ParentRunner.java:290) [junit-4.12.jar:4.12]
	at org.junit.runners.ParentRunner$1.schedule(ParentRunner.java:71) [junit-4.12.jar:4.12]
	at org.junit.runners.ParentRunner.runChildren(ParentRunner.java:288) [junit-4.12.jar:4.12]
	at org.junit.runners.ParentRunner.access$000(ParentRunner.java:58) [junit-4.12.jar:4.12]
	at org.junit.runners.ParentRunner$2.evaluate(ParentRunner.java:268) [junit-4.12.jar:4.12]
	at org.springframework.test.context.junit4.statements.RunBeforeTestClassCallbacks.evaluate(RunBeforeTestClassCallbacks.java:61) [spring-test-5.1.8.RELEASE.jar:5.1.8.RELEASE]
	at org.springframework.test.context.junit4.statements.RunAfterTestClassCallbacks.evaluate(RunAfterTestClassCallbacks.java:70) [spring-test-5.1.8.RELEASE.jar:5.1.8.RELEASE]
	at org.junit.runners.ParentRunner.run(ParentRunner.java:363) [junit-4.12.jar:4.12]
	at org.springframework.test.context.junit4.SpringJUnit4ClassRunner.run(SpringJUnit4ClassRunner.java:190) [spring-test-5.1.8.RELEASE.jar:5.1.8.RELEASE]
	at org.apache.maven.surefire.junit4.JUnit4Provider.execute(JUnit4Provider.java:365) [surefire-junit4-2.22.2.jar:2.22.2]
	at org.apache.maven.surefire.junit4.JUnit4Provider.executeWithRerun(JUnit4Provider.java:273) [surefire-junit4-2.22.2.jar:2.22.2]
	at org.apache.maven.surefire.junit4.JUnit4Provider.executeTestSet(JUnit4Provider.java:238) [surefire-junit4-2.22.2.jar:2.22.2]
	at org.apache.maven.surefire.junit4.JUnit4Provider.invoke(JUnit4Provider.java:159) [surefire-junit4-2.22.2.jar:2.22.2]
	at org.apache.maven.surefire.booter.ForkedBooter.invokeProviderInSameClassLoader(ForkedBooter.java:384) [surefire-booter-2.22.2.jar:2.22.2]
	at org.apache.maven.surefire.booter.ForkedBooter.runSuitesInProcess(ForkedBooter.java:345) [surefire-booter-2.22.2.jar:2.22.2]
	at org.apache.maven.surefire.booter.ForkedBooter.execute(ForkedBooter.java:126) [surefire-booter-2.22.2.jar:2.22.2]
	at org.apache.maven.surefire.booter.ForkedBooter.main(ForkedBooter.java:418) [surefire-booter-2.22.2.jar:2.22.2]
Caused by: org.springframework.beans.factory.BeanCreationException: Error creating bean with name 'dataSource': Post-processing of FactoryBean's singleton object failed; nested exception is org.springframework.beans.factory.BeanCreationException: Error creating bean with name 'org.springframework.boot.autoconfigure.jdbc.DataSourceInitializerInvoker': Invocation of init method failed; nested exception is org.springframework.jdbc.datasource.init.ScriptStatementFailedException: Failed to execute SQL script statement #5 of URL [file:/D:/Documents/BscIT/ThirdYear/Semester%202/CMPG323/Project%201/Software/AccountSystemRepository/target/test-classes/schema.sql]: CREATE TABLE CMPG323.ACCOUNT_TX_DETAILS ( ACCOUNT_TX_DETAILS_ID BIGINT NOT NULL, TX_ID BIGINT NOT NULL, PARTNER_NAME VARCHAR(255) NOT NULL, NUMBER_OF_ITEMS BIGINT NOT NULL, PRIMARY KEY (ACCOUNT_TX_DETAILS_ID), CONSTRAINT FK_ACCOUNT_TYPE_IDL FOREIGN KEY (ACCOUNT_TYPE_ID) REFERENCES CMPG323.DEMO_ACCOUNT_TYPE (ACCOUNT_TYPE_ID), ); nested exception is org.h2.jdbc.JdbcSQLSyntaxErrorException: Constraint "FK_ACCOUNT_TYPE_IDL" already exists; SQL statement:
CREATE TABLE CMPG323.ACCOUNT_TX_DETAILS ( ACCOUNT_TX_DETAILS_ID BIGINT NOT NULL, TX_ID BIGINT NOT NULL, PARTNER_NAME VARCHAR(255) NOT NULL, NUMBER_OF_ITEMS BIGINT NOT NULL, PRIMARY KEY (ACCOUNT_TX_DETAILS_ID), CONSTRAINT FK_ACCOUNT_TYPE_IDL FOREIGN KEY (ACCOUNT_TYPE_ID) REFERENCES CMPG323.DEMO_ACCOUNT_TYPE (ACCOUNT_TYPE_ID), ) [90045-199]
	at org.springframework.beans.factory.support.FactoryBeanRegistrySupport.getObjectFromFactoryBean(FactoryBeanRegistrySupport.java:119) ~[spring-beans-5.1.8.RELEASE.jar:5.1.8.RELEASE]
	at org.springframework.beans.factory.support.AbstractBeanFactory.getObjectForBeanInstance(AbstractBeanFactory.java:1674) ~[spring-beans-5.1.8.RELEASE.jar:5.1.8.RELEASE]
	at org.springframework.beans.factory.support.AbstractAutowireCapableBeanFactory.getObjectForBeanInstance(AbstractAutowireCapableBeanFactory.java:1249) ~[spring-beans-5.1.8.RELEASE.jar:5.1.8.RELEASE]
	at org.springframework.beans.factory.support.AbstractBeanFactory.doGetBean(AbstractBeanFactory.java:330) ~[spring-beans-5.1.8.RELEASE.jar:5.1.8.RELEASE]
	at org.springframework.beans.factory.support.AbstractBeanFactory.getBean(AbstractBeanFactory.java:199) ~[spring-beans-5.1.8.RELEASE.jar:5.1.8.RELEASE]
	at org.springframework.beans.factory.config.DependencyDescriptor.resolveCandidate(DependencyDescriptor.java:277) ~[spring-beans-5.1.8.RELEASE.jar:5.1.8.RELEASE]
	at org.springframework.beans.factory.support.DefaultListableBeanFactory.doResolveDependency(DefaultListableBeanFactory.java:1251) ~[spring-beans-5.1.8.RELEASE.jar:5.1.8.RELEASE]
	at org.springframework.beans.factory.support.DefaultListableBeanFactory.resolveDependency(DefaultListableBeanFactory.java:1171) ~[spring-beans-5.1.8.RELEASE.jar:5.1.8.RELEASE]
	at org.springframework.beans.factory.support.ConstructorResolver.resolveAutowiredArgument(ConstructorResolver.java:857) ~[spring-beans-5.1.8.RELEASE.jar:5.1.8.RELEASE]
	at org.springframework.beans.factory.support.ConstructorResolver.createArgumentArray(ConstructorResolver.java:760) ~[spring-beans-5.1.8.RELEASE.jar:5.1.8.RELEASE]
	... 54 common frames omitted
Caused by: org.springframework.beans.factory.BeanCreationException: Error creating bean with name 'org.springframework.boot.autoconfigure.jdbc.DataSourceInitializerInvoker': Invocation of init method failed; nested exception is org.springframework.jdbc.datasource.init.ScriptStatementFailedException: Failed to execute SQL script statement #5 of URL [file:/D:/Documents/BscIT/ThirdYear/Semester%202/CMPG323/Project%201/Software/AccountSystemRepository/target/test-classes/schema.sql]: CREATE TABLE CMPG323.ACCOUNT_TX_DETAILS ( ACCOUNT_TX_DETAILS_ID BIGINT NOT NULL, TX_ID BIGINT NOT NULL, PARTNER_NAME VARCHAR(255) NOT NULL, NUMBER_OF_ITEMS BIGINT NOT NULL, PRIMARY KEY (ACCOUNT_TX_DETAILS_ID), CONSTRAINT FK_ACCOUNT_TYPE_IDL FOREIGN KEY (ACCOUNT_TYPE_ID) REFERENCES CMPG323.DEMO_ACCOUNT_TYPE (ACCOUNT_TYPE_ID), ); nested exception is org.h2.jdbc.JdbcSQLSyntaxErrorException: Constraint "FK_ACCOUNT_TYPE_IDL" already exists; SQL statement:
CREATE TABLE CMPG323.ACCOUNT_TX_DETAILS ( ACCOUNT_TX_DETAILS_ID BIGINT NOT NULL, TX_ID BIGINT NOT NULL, PARTNER_NAME VARCHAR(255) NOT NULL, NUMBER_OF_ITEMS BIGINT NOT NULL, PRIMARY KEY (ACCOUNT_TX_DETAILS_ID), CONSTRAINT FK_ACCOUNT_TYPE_IDL FOREIGN KEY (ACCOUNT_TYPE_ID) REFERENCES CMPG323.DEMO_ACCOUNT_TYPE (ACCOUNT_TYPE_ID), ) [90045-199]
	at org.springframework.beans.factory.support.AbstractAutowireCapableBeanFactory.initializeBean(AbstractAutowireCapableBeanFactory.java:1778) ~[spring-beans-5.1.8.RELEASE.jar:5.1.8.RELEASE]
	at org.springframework.beans.factory.support.AbstractAutowireCapableBeanFactory.doCreateBean(AbstractAutowireCapableBeanFactory.java:593) ~[spring-beans-5.1.8.RELEASE.jar:5.1.8.RELEASE]
	at org.springframework.beans.factory.support.AbstractAutowireCapableBeanFactory.createBean(AbstractAutowireCapableBeanFactory.java:515) ~[spring-beans-5.1.8.RELEASE.jar:5.1.8.RELEASE]
	at org.springframework.beans.factory.support.AbstractBeanFactory.lambda$doGetBean$0(AbstractBeanFactory.java:320) ~[spring-beans-5.1.8.RELEASE.jar:5.1.8.RELEASE]
	at org.springframework.beans.factory.support.DefaultSingletonBeanRegistry.getSingleton(DefaultSingletonBeanRegistry.java:222) ~[spring-beans-5.1.8.RELEASE.jar:5.1.8.RELEASE]
	at org.springframework.beans.factory.support.AbstractBeanFactory.doGetBean(AbstractBeanFactory.java:318) ~[spring-beans-5.1.8.RELEASE.jar:5.1.8.RELEASE]
	at org.springframework.beans.factory.support.AbstractBeanFactory.getBean(AbstractBeanFactory.java:224) ~[spring-beans-5.1.8.RELEASE.jar:5.1.8.RELEASE]
	at org.springframework.beans.factory.support.DefaultListableBeanFactory.resolveNamedBean(DefaultListableBeanFactory.java:1119) ~[spring-beans-5.1.8.RELEASE.jar:5.1.8.RELEASE]
	at org.springframework.beans.factory.support.DefaultListableBeanFactory.resolveBean(DefaultListableBeanFactory.java:411) ~[spring-beans-5.1.8.RELEASE.jar:5.1.8.RELEASE]
	at org.springframework.beans.factory.support.DefaultListableBeanFactory.getBean(DefaultListableBeanFactory.java:344) ~[spring-beans-5.1.8.RELEASE.jar:5.1.8.RELEASE]
	at org.springframework.beans.factory.support.DefaultListableBeanFactory.getBean(DefaultListableBeanFactory.java:337) ~[spring-beans-5.1.8.RELEASE.jar:5.1.8.RELEASE]
	at org.springframework.boot.autoconfigure.jdbc.DataSourceInitializerPostProcessor.postProcessAfterInitialization(DataSourceInitializerPostProcessor.java:53) ~[spring-boot-autoconfigure-2.1.6.RELEASE.jar:2.1.6.RELEASE]
	at org.springframework.beans.factory.support.AbstractAutowireCapableBeanFactory.applyBeanPostProcessorsAfterInitialization(AbstractAutowireCapableBeanFactory.java:429) ~[spring-beans-5.1.8.RELEASE.jar:5.1.8.RELEASE]
	at org.springframework.beans.factory.support.AbstractAutowireCapableBeanFactory.postProcessObjectFromFactoryBean(AbstractAutowireCapableBeanFactory.java:1921) ~[spring-beans-5.1.8.RELEASE.jar:5.1.8.RELEASE]
	at org.springframework.beans.factory.support.FactoryBeanRegistrySupport.getObjectFromFactoryBean(FactoryBeanRegistrySupport.java:116) ~[spring-beans-5.1.8.RELEASE.jar:5.1.8.RELEASE]
	... 63 common frames omitted
Caused by: org.springframework.jdbc.datasource.init.ScriptStatementFailedException: Failed to execute SQL script statement #5 of URL [file:/D:/Documents/BscIT/ThirdYear/Semester%202/CMPG323/Project%201/Software/AccountSystemRepository/target/test-classes/schema.sql]: CREATE TABLE CMPG323.ACCOUNT_TX_DETAILS ( ACCOUNT_TX_DETAILS_ID BIGINT NOT NULL, TX_ID BIGINT NOT NULL, PARTNER_NAME VARCHAR(255) NOT NULL, NUMBER_OF_ITEMS BIGINT NOT NULL, PRIMARY KEY (ACCOUNT_TX_DETAILS_ID), CONSTRAINT FK_ACCOUNT_TYPE_IDL FOREIGN KEY (ACCOUNT_TYPE_ID) REFERENCES CMPG323.DEMO_ACCOUNT_TYPE (ACCOUNT_TYPE_ID), ); nested exception is org.h2.jdbc.JdbcSQLSyntaxErrorException: Constraint "FK_ACCOUNT_TYPE_IDL" already exists; SQL statement:
CREATE TABLE CMPG323.ACCOUNT_TX_DETAILS ( ACCOUNT_TX_DETAILS_ID BIGINT NOT NULL, TX_ID BIGINT NOT NULL, PARTNER_NAME VARCHAR(255) NOT NULL, NUMBER_OF_ITEMS BIGINT NOT NULL, PRIMARY KEY (ACCOUNT_TX_DETAILS_ID), CONSTRAINT FK_ACCOUNT_TYPE_IDL FOREIGN KEY (ACCOUNT_TYPE_ID) REFERENCES CMPG323.DEMO_ACCOUNT_TYPE (ACCOUNT_TYPE_ID), ) [90045-199]
	at org.springframework.jdbc.datasource.init.ScriptUtils.executeSqlScript(ScriptUtils.java:509) ~[spring-jdbc-5.1.8.RELEASE.jar:5.1.8.RELEASE]
	at org.springframework.jdbc.datasource.init.ResourceDatabasePopulator.populate(ResourceDatabasePopulator.java:238) ~[spring-jdbc-5.1.8.RELEASE.jar:5.1.8.RELEASE]
	at org.springframework.jdbc.datasource.init.DatabasePopulatorUtils.execute(DatabasePopulatorUtils.java:48) ~[spring-jdbc-5.1.8.RELEASE.jar:5.1.8.RELEASE]
	at org.springframework.boot.autoconfigure.jdbc.DataSourceInitializer.runScripts(DataSourceInitializer.java:202) ~[spring-boot-autoconfigure-2.1.6.RELEASE.jar:2.1.6.RELEASE]
	at org.springframework.boot.autoconfigure.jdbc.DataSourceInitializer.createSchema(DataSourceInitializer.java:101) ~[spring-boot-autoconfigure-2.1.6.RELEASE.jar:2.1.6.RELEASE]
	at org.springframework.boot.autoconfigure.jdbc.DataSourceInitializerInvoker.afterPropertiesSet(DataSourceInitializerInvoker.java:62) ~[spring-boot-autoconfigure-2.1.6.RELEASE.jar:2.1.6.RELEASE]
	at org.springframework.beans.factory.support.AbstractAutowireCapableBeanFactory.invokeInitMethods(AbstractAutowireCapableBeanFactory.java:1837) ~[spring-beans-5.1.8.RELEASE.jar:5.1.8.RELEASE]
	at org.springframework.beans.factory.support.AbstractAutowireCapableBeanFactory.initializeBean(AbstractAutowireCapableBeanFactory.java:1774) ~[spring-beans-5.1.8.RELEASE.jar:5.1.8.RELEASE]
	... 77 common frames omitted
Caused by: org.h2.jdbc.JdbcSQLSyntaxErrorException: Constraint "FK_ACCOUNT_TYPE_IDL" already exists; SQL statement:
CREATE TABLE CMPG323.ACCOUNT_TX_DETAILS ( ACCOUNT_TX_DETAILS_ID BIGINT NOT NULL, TX_ID BIGINT NOT NULL, PARTNER_NAME VARCHAR(255) NOT NULL, NUMBER_OF_ITEMS BIGINT NOT NULL, PRIMARY KEY (ACCOUNT_TX_DETAILS_ID), CONSTRAINT FK_ACCOUNT_TYPE_IDL FOREIGN KEY (ACCOUNT_TYPE_ID) REFERENCES CMPG323.DEMO_ACCOUNT_TYPE (ACCOUNT_TYPE_ID), ) [90045-199]
	at org.h2.message.DbException.getJdbcSQLException(DbException.java:573) ~[h2-1.4.199.jar:1.4.199]
	at org.h2.message.DbException.getJdbcSQLException(DbException.java:427) ~[h2-1.4.199.jar:1.4.199]
	at org.h2.message.DbException.get(DbException.java:205) ~[h2-1.4.199.jar:1.4.199]
	at org.h2.message.DbException.get(DbException.java:181) ~[h2-1.4.199.jar:1.4.199]
	at org.h2.command.ddl.AlterTableAddConstraint.tryUpdate(AlterTableAddConstraint.java:114) ~[h2-1.4.199.jar:1.4.199]
	at org.h2.command.ddl.AlterTableAddConstraint.update(AlterTableAddConstraint.java:78) ~[h2-1.4.199.jar:1.4.199]
	at org.h2.command.ddl.CommandWithColumns.createConstraints(CommandWithColumns.java:83) ~[h2-1.4.199.jar:1.4.199]
	at org.h2.command.ddl.CreateTable.update(CreateTable.java:129) ~[h2-1.4.199.jar:1.4.199]
	at org.h2.command.CommandContainer.update(CommandContainer.java:133) ~[h2-1.4.199.jar:1.4.199]
	at org.h2.command.Command.executeUpdate(Command.java:267) ~[h2-1.4.199.jar:1.4.199]
	at org.h2.jdbc.JdbcStatement.executeInternal(JdbcStatement.java:233) ~[h2-1.4.199.jar:1.4.199]
	at org.h2.jdbc.JdbcStatement.execute(JdbcStatement.java:205) ~[h2-1.4.199.jar:1.4.199]
	at org.springframework.jdbc.datasource.init.ScriptUtils.executeSqlScript(ScriptUtils.java:488) ~[spring-jdbc-5.1.8.RELEASE.jar:5.1.8.RELEASE]
	... 84 common frames omitted

2021-10-09 07:35:02.807 ERROR 13704 --- [           main] o.s.test.context.TestContextManager      : Caught exception while allowing TestExecutionListener [org.springframework.boot.test.autoconfigure.SpringBootDependencyInjectionTestExecutionListener@2b546384] to prepare test instance [za.ac.nwu.ac.repo.persistence.AccountTypeRepositoryTest@b950f82]

java.lang.IllegalStateException: Failed to load ApplicationContext
	at org.springframework.test.context.cache.DefaultCacheAwareContextLoaderDelegate.loadContext(DefaultCacheAwareContextLoaderDelegate.java:125) ~[spring-test-5.1.8.RELEASE.jar:5.1.8.RELEASE]
	at org.springframework.test.context.support.DefaultTestContext.getApplicationContext(DefaultTestContext.java:108) ~[spring-test-5.1.8.RELEASE.jar:5.1.8.RELEASE]
	at org.springframework.test.context.support.DependencyInjectionTestExecutionListener.injectDependencies(DependencyInjectionTestExecutionListener.java:118) ~[spring-test-5.1.8.RELEASE.jar:5.1.8.RELEASE]
	at org.springframework.test.context.support.DependencyInjectionTestExecutionListener.prepareTestInstance(DependencyInjectionTestExecutionListener.java:83) ~[spring-test-5.1.8.RELEASE.jar:5.1.8.RELEASE]
	at org.springframework.boot.test.autoconfigure.SpringBootDependencyInjectionTestExecutionListener.prepareTestInstance(SpringBootDependencyInjectionTestExecutionListener.java:43) ~[spring-boot-test-autoconfigure-2.1.6.RELEASE.jar:2.1.6.RELEASE]
	at org.springframework.test.context.TestContextManager.prepareTestInstance(TestContextManager.java:246) ~[spring-test-5.1.8.RELEASE.jar:5.1.8.RELEASE]
	at org.springframework.test.context.junit4.SpringJUnit4ClassRunner.createTest(SpringJUnit4ClassRunner.java:227) [spring-test-5.1.8.RELEASE.jar:5.1.8.RELEASE]
	at org.springframework.test.context.junit4.SpringJUnit4ClassRunner$1.runReflectiveCall(SpringJUnit4ClassRunner.java:289) [spring-test-5.1.8.RELEASE.jar:5.1.8.RELEASE]
	at org.junit.internal.runners.model.ReflectiveCallable.run(ReflectiveCallable.java:12) [junit-4.12.jar:4.12]
	at org.springframework.test.context.junit4.SpringJUnit4ClassRunner.methodBlock(SpringJUnit4ClassRunner.java:291) [spring-test-5.1.8.RELEASE.jar:5.1.8.RELEASE]
	at org.springframework.test.context.junit4.SpringJUnit4ClassRunner.runChild(SpringJUnit4ClassRunner.java:246) [spring-test-5.1.8.RELEASE.jar:5.1.8.RELEASE]
	at org.springframework.test.context.junit4.SpringJUnit4ClassRunner.runChild(SpringJUnit4ClassRunner.java:97) [spring-test-5.1.8.RELEASE.jar:5.1.8.RELEASE]
	at org.junit.runners.ParentRunner$3.run(ParentRunner.java:290) [junit-4.12.jar:4.12]
	at org.junit.runners.ParentRunner$1.schedule(ParentRunner.java:71) [junit-4.12.jar:4.12]
	at org.junit.runners.ParentRunner.runChildren(ParentRunner.java:288) [junit-4.12.jar:4.12]
	at org.junit.runners.ParentRunner.access$000(ParentRunner.java:58) [junit-4.12.jar:4.12]
	at org.junit.runners.ParentRunner$2.evaluate(ParentRunner.java:268) [junit-4.12.jar:4.12]
	at org.springframework.test.context.junit4.statements.RunBeforeTestClassCallbacks.evaluate(RunBeforeTestClassCallbacks.java:61) [spring-test-5.1.8.RELEASE.jar:5.1.8.RELEASE]
	at org.springframework.test.context.junit4.statements.RunAfterTestClassCallbacks.evaluate(RunAfterTestClassCallbacks.java:70) [spring-test-5.1.8.RELEASE.jar:5.1.8.RELEASE]
	at org.junit.runners.ParentRunner.run(ParentRunner.java:363) [junit-4.12.jar:4.12]
	at org.springframework.test.context.junit4.SpringJUnit4ClassRunner.run(SpringJUnit4ClassRunner.java:190) [spring-test-5.1.8.RELEASE.jar:5.1.8.RELEASE]
	at org.apache.maven.surefire.junit4.JUnit4Provider.execute(JUnit4Provider.java:365) [surefire-junit4-2.22.2.jar:2.22.2]
	at org.apache.maven.surefire.junit4.JUnit4Provider.executeWithRerun(JUnit4Provider.java:273) [surefire-junit4-2.22.2.jar:2.22.2]
	at org.apache.maven.surefire.junit4.JUnit4Provider.executeTestSet(JUnit4Provider.java:238) [surefire-junit4-2.22.2.jar:2.22.2]
	at org.apache.maven.surefire.junit4.JUnit4Provider.invoke(JUnit4Provider.java:159) [surefire-junit4-2.22.2.jar:2.22.2]
	at org.apache.maven.surefire.booter.ForkedBooter.invokeProviderInSameClassLoader(ForkedBooter.java:384) [surefire-booter-2.22.2.jar:2.22.2]
	at org.apache.maven.surefire.booter.ForkedBooter.runSuitesInProcess(ForkedBooter.java:345) [surefire-booter-2.22.2.jar:2.22.2]
	at org.apache.maven.surefire.booter.ForkedBooter.execute(ForkedBooter.java:126) [surefire-booter-2.22.2.jar:2.22.2]
	at org.apache.maven.surefire.booter.ForkedBooter.main(ForkedBooter.java:418) [surefire-booter-2.22.2.jar:2.22.2]
Caused by: org.springframework.beans.factory.UnsatisfiedDependencyException: Error creating bean with name 'org.springframework.boot.autoconfigure.orm.jpa.HibernateJpaConfiguration': Unsatisfied dependency expressed through constructor parameter 0; nested exception is org.springframework.beans.factory.BeanCreationException: Error creating bean with name 'dataSource': Post-processing of FactoryBean's singleton object failed; nested exception is org.springframework.beans.factory.BeanCreationException: Error creating bean with name 'org.springframework.boot.autoconfigure.jdbc.DataSourceInitializerInvoker': Invocation of init method failed; nested exception is org.springframework.jdbc.datasource.init.ScriptStatementFailedException: Failed to execute SQL script statement #5 of URL [file:/D:/Documents/BscIT/ThirdYear/Semester%202/CMPG323/Project%201/Software/AccountSystemRepository/target/test-classes/schema.sql]: CREATE TABLE CMPG323.ACCOUNT_TX_DETAILS ( ACCOUNT_TX_DETAILS_ID BIGINT NOT NULL, TX_ID BIGINT NOT NULL, PARTNER_NAME VARCHAR(255) NOT NULL, NUMBER_OF_ITEMS BIGINT NOT NULL, PRIMARY KEY (ACCOUNT_TX_DETAILS_ID), CONSTRAINT FK_ACCOUNT_TYPE_IDL FOREIGN KEY (ACCOUNT_TYPE_ID) REFERENCES CMPG323.DEMO_ACCOUNT_TYPE (ACCOUNT_TYPE_ID), ); nested exception is org.h2.jdbc.JdbcSQLSyntaxErrorException: Constraint "FK_ACCOUNT_TYPE_IDL" already exists; SQL statement:
CREATE TABLE CMPG323.ACCOUNT_TX_DETAILS ( ACCOUNT_TX_DETAILS_ID BIGINT NOT NULL, TX_ID BIGINT NOT NULL, PARTNER_NAME VARCHAR(255) NOT NULL, NUMBER_OF_ITEMS BIGINT NOT NULL, PRIMARY KEY (ACCOUNT_TX_DETAILS_ID), CONSTRAINT FK_ACCOUNT_TYPE_IDL FOREIGN KEY (ACCOUNT_TYPE_ID) REFERENCES CMPG323.DEMO_ACCOUNT_TYPE (ACCOUNT_TYPE_ID), ) [90045-199]
	at org.springframework.beans.factory.support.ConstructorResolver.createArgumentArray(ConstructorResolver.java:769) ~[spring-beans-5.1.8.RELEASE.jar:5.1.8.RELEASE]
	at org.springframework.beans.factory.support.ConstructorResolver.autowireConstructor(ConstructorResolver.java:218) ~[spring-beans-5.1.8.RELEASE.jar:5.1.8.RELEASE]
	at org.springframework.beans.factory.support.AbstractAutowireCapableBeanFactory.autowireConstructor(AbstractAutowireCapableBeanFactory.java:1341) ~[spring-beans-5.1.8.RELEASE.jar:5.1.8.RELEASE]
	at org.springframework.beans.factory.support.AbstractAutowireCapableBeanFactory.createBeanInstance(AbstractAutowireCapableBeanFactory.java:1187) ~[spring-beans-5.1.8.RELEASE.jar:5.1.8.RELEASE]
	at org.springframework.beans.factory.support.AbstractAutowireCapableBeanFactory.doCreateBean(AbstractAutowireCapableBeanFactory.java:555) ~[spring-beans-5.1.8.RELEASE.jar:5.1.8.RELEASE]
	at org.springframework.beans.factory.support.AbstractAutowireCapableBeanFactory.createBean(AbstractAutowireCapableBeanFactory.java:515) ~[spring-beans-5.1.8.RELEASE.jar:5.1.8.RELEASE]
	at org.springframework.beans.factory.support.AbstractBeanFactory.lambda$doGetBean$0(AbstractBeanFactory.java:320) ~[spring-beans-5.1.8.RELEASE.jar:5.1.8.RELEASE]
	at org.springframework.beans.factory.support.DefaultSingletonBeanRegistry.getSingleton(DefaultSingletonBeanRegistry.java:222) ~[spring-beans-5.1.8.RELEASE.jar:5.1.8.RELEASE]
	at org.springframework.beans.factory.support.AbstractBeanFactory.doGetBean(AbstractBeanFactory.java:318) ~[spring-beans-5.1.8.RELEASE.jar:5.1.8.RELEASE]
	at org.springframework.beans.factory.support.AbstractBeanFactory.getBean(AbstractBeanFactory.java:199) ~[spring-beans-5.1.8.RELEASE.jar:5.1.8.RELEASE]
	at org.springframework.beans.factory.support.ConstructorResolver.instantiateUsingFactoryMethod(ConstructorResolver.java:392) ~[spring-beans-5.1.8.RELEASE.jar:5.1.8.RELEASE]
	at org.springframework.beans.factory.support.AbstractAutowireCapableBeanFactory.instantiateUsingFactoryMethod(AbstractAutowireCapableBeanFactory.java:1321) ~[spring-beans-5.1.8.RELEASE.jar:5.1.8.RELEASE]
	at org.springframework.beans.factory.support.AbstractAutowireCapableBeanFactory.createBeanInstance(AbstractAutowireCapableBeanFactory.java:1160) ~[spring-beans-5.1.8.RELEASE.jar:5.1.8.RELEASE]
	at org.springframework.beans.factory.support.AbstractAutowireCapableBeanFactory.doCreateBean(AbstractAutowireCapableBeanFactory.java:555) ~[spring-beans-5.1.8.RELEASE.jar:5.1.8.RELEASE]
	at org.springframework.beans.factory.support.AbstractAutowireCapableBeanFactory.createBean(AbstractAutowireCapableBeanFactory.java:515) ~[spring-beans-5.1.8.RELEASE.jar:5.1.8.RELEASE]
	at org.springframework.beans.factory.support.AbstractBeanFactory.lambda$doGetBean$0(AbstractBeanFactory.java:320) ~[spring-beans-5.1.8.RELEASE.jar:5.1.8.RELEASE]
	at org.springframework.beans.factory.support.DefaultSingletonBeanRegistry.getSingleton(DefaultSingletonBeanRegistry.java:222) ~[spring-beans-5.1.8.RELEASE.jar:5.1.8.RELEASE]
	at org.springframework.beans.factory.support.AbstractBeanFactory.doGetBean(AbstractBeanFactory.java:318) ~[spring-beans-5.1.8.RELEASE.jar:5.1.8.RELEASE]
	at org.springframework.beans.factory.support.AbstractBeanFactory.getBean(AbstractBeanFactory.java:199) ~[spring-beans-5.1.8.RELEASE.jar:5.1.8.RELEASE]
	at org.springframework.context.support.AbstractApplicationContext.getBean(AbstractApplicationContext.java:1105) ~[spring-context-5.1.8.RELEASE.jar:5.1.8.RELEASE]
	at org.springframework.context.support.AbstractApplicationContext.finishBeanFactoryInitialization(AbstractApplicationContext.java:867) ~[spring-context-5.1.8.RELEASE.jar:5.1.8.RELEASE]
	at org.springframework.context.support.AbstractApplicationContext.refresh(AbstractApplicationContext.java:549) ~[spring-context-5.1.8.RELEASE.jar:5.1.8.RELEASE]
	at org.springframework.boot.SpringApplication.refresh(SpringApplication.java:742) ~[spring-boot-2.1.6.RELEASE.jar:2.1.6.RELEASE]
	at org.springframework.boot.SpringApplication.refreshContext(SpringApplication.java:389) ~[spring-boot-2.1.6.RELEASE.jar:2.1.6.RELEASE]
	at org.springframework.boot.SpringApplication.run(SpringApplication.java:311) ~[spring-boot-2.1.6.RELEASE.jar:2.1.6.RELEASE]
	at org.springframework.boot.test.context.SpringBootContextLoader.loadContext(SpringBootContextLoader.java:119) ~[spring-boot-test-2.1.6.RELEASE.jar:2.1.6.RELEASE]
	at org.springframework.test.context.cache.DefaultCacheAwareContextLoaderDelegate.loadContextInternal(DefaultCacheAwareContextLoaderDelegate.java:99) ~[spring-test-5.1.8.RELEASE.jar:5.1.8.RELEASE]
	at org.springframework.test.context.cache.DefaultCacheAwareContextLoaderDelegate.loadContext(DefaultCacheAwareContextLoaderDelegate.java:117) ~[spring-test-5.1.8.RELEASE.jar:5.1.8.RELEASE]
	... 28 common frames omitted
Caused by: org.springframework.beans.factory.BeanCreationException: Error creating bean with name 'dataSource': Post-processing of FactoryBean's singleton object failed; nested exception is org.springframework.beans.factory.BeanCreationException: Error creating bean with name 'org.springframework.boot.autoconfigure.jdbc.DataSourceInitializerInvoker': Invocation of init method failed; nested exception is org.springframework.jdbc.datasource.init.ScriptStatementFailedException: Failed to execute SQL script statement #5 of URL [file:/D:/Documents/BscIT/ThirdYear/Semester%202/CMPG323/Project%201/Software/AccountSystemRepository/target/test-classes/schema.sql]: CREATE TABLE CMPG323.ACCOUNT_TX_DETAILS ( ACCOUNT_TX_DETAILS_ID BIGINT NOT NULL, TX_ID BIGINT NOT NULL, PARTNER_NAME VARCHAR(255) NOT NULL, NUMBER_OF_ITEMS BIGINT NOT NULL, PRIMARY KEY (ACCOUNT_TX_DETAILS_ID), CONSTRAINT FK_ACCOUNT_TYPE_IDL FOREIGN KEY (ACCOUNT_TYPE_ID) REFERENCES CMPG323.DEMO_ACCOUNT_TYPE (ACCOUNT_TYPE_ID), ); nested exception is org.h2.jdbc.JdbcSQLSyntaxErrorException: Constraint "FK_ACCOUNT_TYPE_IDL" already exists; SQL statement:
CREATE TABLE CMPG323.ACCOUNT_TX_DETAILS ( ACCOUNT_TX_DETAILS_ID BIGINT NOT NULL, TX_ID BIGINT NOT NULL, PARTNER_NAME VARCHAR(255) NOT NULL, NUMBER_OF_ITEMS BIGINT NOT NULL, PRIMARY KEY (ACCOUNT_TX_DETAILS_ID), CONSTRAINT FK_ACCOUNT_TYPE_IDL FOREIGN KEY (ACCOUNT_TYPE_ID) REFERENCES CMPG323.DEMO_ACCOUNT_TYPE (ACCOUNT_TYPE_ID), ) [90045-199]
	at org.springframework.beans.factory.support.FactoryBeanRegistrySupport.getObjectFromFactoryBean(FactoryBeanRegistrySupport.java:119) ~[spring-beans-5.1.8.RELEASE.jar:5.1.8.RELEASE]
	at org.springframework.beans.factory.support.AbstractBeanFactory.getObjectForBeanInstance(AbstractBeanFactory.java:1674) ~[spring-beans-5.1.8.RELEASE.jar:5.1.8.RELEASE]
	at org.springframework.beans.factory.support.AbstractAutowireCapableBeanFactory.getObjectForBeanInstance(AbstractAutowireCapableBeanFactory.java:1249) ~[spring-beans-5.1.8.RELEASE.jar:5.1.8.RELEASE]
	at org.springframework.beans.factory.support.AbstractBeanFactory.doGetBean(AbstractBeanFactory.java:330) ~[spring-beans-5.1.8.RELEASE.jar:5.1.8.RELEASE]
	at org.springframework.beans.factory.support.AbstractBeanFactory.getBean(AbstractBeanFactory.java:199) ~[spring-beans-5.1.8.RELEASE.jar:5.1.8.RELEASE]
	at org.springframework.beans.factory.config.DependencyDescriptor.resolveCandidate(DependencyDescriptor.java:277) ~[spring-beans-5.1.8.RELEASE.jar:5.1.8.RELEASE]
	at org.springframework.beans.factory.support.DefaultListableBeanFactory.doResolveDependency(DefaultListableBeanFactory.java:1251) ~[spring-beans-5.1.8.RELEASE.jar:5.1.8.RELEASE]
	at org.springframework.beans.factory.support.DefaultListableBeanFactory.resolveDependency(DefaultListableBeanFactory.java:1171) ~[spring-beans-5.1.8.RELEASE.jar:5.1.8.RELEASE]
	at org.springframework.beans.factory.support.ConstructorResolver.resolveAutowiredArgument(ConstructorResolver.java:857) ~[spring-beans-5.1.8.RELEASE.jar:5.1.8.RELEASE]
	at org.springframework.beans.factory.support.ConstructorResolver.createArgumentArray(ConstructorResolver.java:760) ~[spring-beans-5.1.8.RELEASE.jar:5.1.8.RELEASE]
	... 55 common frames omitted
Caused by: org.springframework.beans.factory.BeanCreationException: Error creating bean with name 'org.springframework.boot.autoconfigure.jdbc.DataSourceInitializerInvoker': Invocation of init method failed; nested exception is org.springframework.jdbc.datasource.init.ScriptStatementFailedException: Failed to execute SQL script statement #5 of URL [file:/D:/Documents/BscIT/ThirdYear/Semester%202/CMPG323/Project%201/Software/AccountSystemRepository/target/test-classes/schema.sql]: CREATE TABLE CMPG323.ACCOUNT_TX_DETAILS ( ACCOUNT_TX_DETAILS_ID BIGINT NOT NULL, TX_ID BIGINT NOT NULL, PARTNER_NAME VARCHAR(255) NOT NULL, NUMBER_OF_ITEMS BIGINT NOT NULL, PRIMARY KEY (ACCOUNT_TX_DETAILS_ID), CONSTRAINT FK_ACCOUNT_TYPE_IDL FOREIGN KEY (ACCOUNT_TYPE_ID) REFERENCES CMPG323.DEMO_ACCOUNT_TYPE (ACCOUNT_TYPE_ID), ); nested exception is org.h2.jdbc.JdbcSQLSyntaxErrorException: Constraint "FK_ACCOUNT_TYPE_IDL" already exists; SQL statement:
CREATE TABLE CMPG323.ACCOUNT_TX_DETAILS ( ACCOUNT_TX_DETAILS_ID BIGINT NOT NULL, TX_ID BIGINT NOT NULL, PARTNER_NAME VARCHAR(255) NOT NULL, NUMBER_OF_ITEMS BIGINT NOT NULL, PRIMARY KEY (ACCOUNT_TX_DETAILS_ID), CONSTRAINT FK_ACCOUNT_TYPE_IDL FOREIGN KEY (ACCOUNT_TYPE_ID) REFERENCES CMPG323.DEMO_ACCOUNT_TYPE (ACCOUNT_TYPE_ID), ) [90045-199]
	at org.springframework.beans.factory.support.AbstractAutowireCapableBeanFactory.initializeBean(AbstractAutowireCapableBeanFactory.java:1778) ~[spring-beans-5.1.8.RELEASE.jar:5.1.8.RELEASE]
	at org.springframework.beans.factory.support.AbstractAutowireCapableBeanFactory.doCreateBean(AbstractAutowireCapableBeanFactory.java:593) ~[spring-beans-5.1.8.RELEASE.jar:5.1.8.RELEASE]
	at org.springframework.beans.factory.support.AbstractAutowireCapableBeanFactory.createBean(AbstractAutowireCapableBeanFactory.java:515) ~[spring-beans-5.1.8.RELEASE.jar:5.1.8.RELEASE]
	at org.springframework.beans.factory.support.AbstractBeanFactory.lambda$doGetBean$0(AbstractBeanFactory.java:320) ~[spring-beans-5.1.8.RELEASE.jar:5.1.8.RELEASE]
	at org.springframework.beans.factory.support.DefaultSingletonBeanRegistry.getSingleton(DefaultSingletonBeanRegistry.java:222) ~[spring-beans-5.1.8.RELEASE.jar:5.1.8.RELEASE]
	at org.springframework.beans.factory.support.AbstractBeanFactory.doGetBean(AbstractBeanFactory.java:318) ~[spring-beans-5.1.8.RELEASE.jar:5.1.8.RELEASE]
	at org.springframework.beans.factory.support.AbstractBeanFactory.getBean(AbstractBeanFactory.java:224) ~[spring-beans-5.1.8.RELEASE.jar:5.1.8.RELEASE]
	at org.springframework.beans.factory.support.DefaultListableBeanFactory.resolveNamedBean(DefaultListableBeanFactory.java:1119) ~[spring-beans-5.1.8.RELEASE.jar:5.1.8.RELEASE]
	at org.springframework.beans.factory.support.DefaultListableBeanFactory.resolveBean(DefaultListableBeanFactory.java:411) ~[spring-beans-5.1.8.RELEASE.jar:5.1.8.RELEASE]
	at org.springframework.beans.factory.support.DefaultListableBeanFactory.getBean(DefaultListableBeanFactory.java:344) ~[spring-beans-5.1.8.RELEASE.jar:5.1.8.RELEASE]
	at org.springframework.beans.factory.support.DefaultListableBeanFactory.getBean(DefaultListableBeanFactory.java:337) ~[spring-beans-5.1.8.RELEASE.jar:5.1.8.RELEASE]
	at org.springframework.boot.autoconfigure.jdbc.DataSourceInitializerPostProcessor.postProcessAfterInitialization(DataSourceInitializerPostProcessor.java:53) ~[spring-boot-autoconfigure-2.1.6.RELEASE.jar:2.1.6.RELEASE]
	at org.springframework.beans.factory.support.AbstractAutowireCapableBeanFactory.applyBeanPostProcessorsAfterInitialization(AbstractAutowireCapableBeanFactory.java:429) ~[spring-beans-5.1.8.RELEASE.jar:5.1.8.RELEASE]
	at org.springframework.beans.factory.support.AbstractAutowireCapableBeanFactory.postProcessObjectFromFactoryBean(AbstractAutowireCapableBeanFactory.java:1921) ~[spring-beans-5.1.8.RELEASE.jar:5.1.8.RELEASE]
	at org.springframework.beans.factory.support.FactoryBeanRegistrySupport.getObjectFromFactoryBean(FactoryBeanRegistrySupport.java:116) ~[spring-beans-5.1.8.RELEASE.jar:5.1.8.RELEASE]
	... 64 common frames omitted
Caused by: org.springframework.jdbc.datasource.init.ScriptStatementFailedException: Failed to execute SQL script statement #5 of URL [file:/D:/Documents/BscIT/ThirdYear/Semester%202/CMPG323/Project%201/Software/AccountSystemRepository/target/test-classes/schema.sql]: CREATE TABLE CMPG323.ACCOUNT_TX_DETAILS ( ACCOUNT_TX_DETAILS_ID BIGINT NOT NULL, TX_ID BIGINT NOT NULL, PARTNER_NAME VARCHAR(255) NOT NULL, NUMBER_OF_ITEMS BIGINT NOT NULL, PRIMARY KEY (ACCOUNT_TX_DETAILS_ID), CONSTRAINT FK_ACCOUNT_TYPE_IDL FOREIGN KEY (ACCOUNT_TYPE_ID) REFERENCES CMPG323.DEMO_ACCOUNT_TYPE (ACCOUNT_TYPE_ID), ); nested exception is org.h2.jdbc.JdbcSQLSyntaxErrorException: Constraint "FK_ACCOUNT_TYPE_IDL" already exists; SQL statement:
CREATE TABLE CMPG323.ACCOUNT_TX_DETAILS ( ACCOUNT_TX_DETAILS_ID BIGINT NOT NULL, TX_ID BIGINT NOT NULL, PARTNER_NAME VARCHAR(255) NOT NULL, NUMBER_OF_ITEMS BIGINT NOT NULL, PRIMARY KEY (ACCOUNT_TX_DETAILS_ID), CONSTRAINT FK_ACCOUNT_TYPE_IDL FOREIGN KEY (ACCOUNT_TYPE_ID) REFERENCES CMPG323.DEMO_ACCOUNT_TYPE (ACCOUNT_TYPE_ID), ) [90045-199]
	at org.springframework.jdbc.datasource.init.ScriptUtils.executeSqlScript(ScriptUtils.java:509) ~[spring-jdbc-5.1.8.RELEASE.jar:5.1.8.RELEASE]
	at org.springframework.jdbc.datasource.init.ResourceDatabasePopulator.populate(ResourceDatabasePopulator.java:238) ~[spring-jdbc-5.1.8.RELEASE.jar:5.1.8.RELEASE]
	at org.springframework.jdbc.datasource.init.DatabasePopulatorUtils.execute(DatabasePopulatorUtils.java:48) ~[spring-jdbc-5.1.8.RELEASE.jar:5.1.8.RELEASE]
	at org.springframework.boot.autoconfigure.jdbc.DataSourceInitializer.runScripts(DataSourceInitializer.java:202) ~[spring-boot-autoconfigure-2.1.6.RELEASE.jar:2.1.6.RELEASE]
	at org.springframework.boot.autoconfigure.jdbc.DataSourceInitializer.createSchema(DataSourceInitializer.java:101) ~[spring-boot-autoconfigure-2.1.6.RELEASE.jar:2.1.6.RELEASE]
	at org.springframework.boot.autoconfigure.jdbc.DataSourceInitializerInvoker.afterPropertiesSet(DataSourceInitializerInvoker.java:62) ~[spring-boot-autoconfigure-2.1.6.RELEASE.jar:2.1.6.RELEASE]
	at org.springframework.beans.factory.support.AbstractAutowireCapableBeanFactory.invokeInitMethods(AbstractAutowireCapableBeanFactory.java:1837) ~[spring-beans-5.1.8.RELEASE.jar:5.1.8.RELEASE]
	at org.springframework.beans.factory.support.AbstractAutowireCapableBeanFactory.initializeBean(AbstractAutowireCapableBeanFactory.java:1774) ~[spring-beans-5.1.8.RELEASE.jar:5.1.8.RELEASE]
	... 78 common frames omitted
Caused by: org.h2.jdbc.JdbcSQLSyntaxErrorException: Constraint "FK_ACCOUNT_TYPE_IDL" already exists; SQL statement:
CREATE TABLE CMPG323.ACCOUNT_TX_DETAILS ( ACCOUNT_TX_DETAILS_ID BIGINT NOT NULL, TX_ID BIGINT NOT NULL, PARTNER_NAME VARCHAR(255) NOT NULL, NUMBER_OF_ITEMS BIGINT NOT NULL, PRIMARY KEY (ACCOUNT_TX_DETAILS_ID), CONSTRAINT FK_ACCOUNT_TYPE_IDL FOREIGN KEY (ACCOUNT_TYPE_ID) REFERENCES CMPG323.DEMO_ACCOUNT_TYPE (ACCOUNT_TYPE_ID), ) [90045-199]
	at org.h2.message.DbException.getJdbcSQLException(DbException.java:573) ~[h2-1.4.199.jar:1.4.199]
	at org.h2.message.DbException.getJdbcSQLException(DbException.java:427) ~[h2-1.4.199.jar:1.4.199]
	at org.h2.message.DbException.get(DbException.java:205) ~[h2-1.4.199.jar:1.4.199]
	at org.h2.message.DbException.get(DbException.java:181) ~[h2-1.4.199.jar:1.4.199]
	at org.h2.command.ddl.AlterTableAddConstraint.tryUpdate(AlterTableAddConstraint.java:114) ~[h2-1.4.199.jar:1.4.199]
	at org.h2.command.ddl.AlterTableAddConstraint.update(AlterTableAddConstraint.java:78) ~[h2-1.4.199.jar:1.4.199]
	at org.h2.command.ddl.CommandWithColumns.createConstraints(CommandWithColumns.java:83) ~[h2-1.4.199.jar:1.4.199]
	at org.h2.command.ddl.CreateTable.update(CreateTable.java:129) ~[h2-1.4.199.jar:1.4.199]
	at org.h2.command.CommandContainer.update(CommandContainer.java:133) ~[h2-1.4.199.jar:1.4.199]
	at org.h2.command.Command.executeUpdate(Command.java:267) ~[h2-1.4.199.jar:1.4.199]
	at org.h2.jdbc.JdbcStatement.executeInternal(JdbcStatement.java:233) ~[h2-1.4.199.jar:1.4.199]
	at org.h2.jdbc.JdbcStatement.execute(JdbcStatement.java:205) ~[h2-1.4.199.jar:1.4.199]
	at org.springframework.jdbc.datasource.init.ScriptUtils.executeSqlScript(ScriptUtils.java:488) ~[spring-jdbc-5.1.8.RELEASE.jar:5.1.8.RELEASE]
	... 85 common frames omitted

]]></system-out>
  </testcase>
</testsuite>